0xFA00 0x0FA0
0xFA01 0xFA40
0xFA02 0x0FA4
0xFA03 0xFAA5
0xFA04 0xFF90
0xFA05 0x0008
0xFA06 0xFF90
0xFA07 0x0002
0xFA08 0xFF90
0xFA09 0x0018
0xFA0A 0x0825
0xFA0B 0x0F80
0xFA0C 0xFF39
0xFA0D 0x0F81
0xFA0E 0x0020
0xFA0F 0x0F80
0xFA10 0xFF44
0xFA11 0x0F81
0xFA12 0xFABF
0xFA13 0x0F80
0xFA14 0xFF43
0xFA15 0x0F81
0xFA16 0x0000
0xFA17 0x0F80
0xFA18 0xFF2A
0xFA19 0x0F81
0xFA1A 0xFAA6
0xFA1B 0x0F80
0xFA1C 0xFF28
0xFA1D 0x0F82
0xFA1E 0x0064
0xFA1F 0x0F82
0xFA20 0x00C8
0xFA21 0x0FA0
0xFA22 0xFA80
0xFA23 0xFF90
0xFA24 0x0008
0xFA25 0xFF90
0xFA26 0x0016
0xFA30 0x0F80
0xFA31 0xFF28
0xFA32 0x0F82
0xFA33 0x0000
0xFA34 0x0F81
0xFA35 0x0000
0xFA36 0x0F80
0xFA37 0xFF43
0xFA38 0x0F81
0xFA39 0xFFFF
0xFA3A 0x0F80
0xFA3B 0xFF39
0xFA3C 0x0F81
0xFA3D 0x0000
0xFA3E 0xFF90
0xFA3F 0x0016
0xFA40 0x0050
0xFA41 0x0072
0xFA42 0x0065
0xFA43 0x0073
0xFA44 0x0073
0xFA45 0x0020
0xFA46 0x0046
0xFA47 0x0020
0xFA48 0x0066
0xFA49 0x006F
0xFA4A 0x0072
0xFA4B 0x0020
0xFA4C 0x0061
0xFA4D 0x0020
0xFA4E 0x0066
0xFA4F 0x0061
0xFA50 0x006E
0xFA51 0x0063
0xFA52 0x0079
0xFA53 0x0020
0xFA54 0x0066
0xFA55 0x006F
0xFA56 0x006E
0xFA57 0x0074
0xFA58 0x0020
0xFA59 0x006F
0xFA5A 0x0072
0xFA5B 0x0020
0xFA5C 0x0070
0xFA5D 0x0072
0xFA5E 0x0065
0xFA5F 0x0073
0xFA60 0x0073
0xFA61 0x0020
0xFA62 0x0042
0xFA63 0x0020
0xFA64 0x0066
0xFA65 0x006F
0xFA66 0x0072
0xFA67 0x0020
0xFA68 0x0061
0xFA69 0x0020
0xFA6A 0x0066
0xFA6B 0x0061
0xFA6C 0x006E
0xFA6D 0x0063
0xFA6E 0x0079
0xFA6F 0x0020
0xFA70 0x0062
0xFA71 0x0061
0xFA72 0x0063
0xFA73 0x006B
0xFA74 0x0067
0xFA75 0x0072
0xFA76 0x006F
0xFA77 0x0075
0xFA78 0x006E
0xFA79 0x0064
0xFA7A 0x002E
0xFA7B 0x000D
0xFA7C 0x000A
0xFA7D 0x000D
0xFA7E 0x000A
0xFA7F 0x0000
0xFA80 0x0052
0xFA81 0x0075
0xFA82 0x006E
0xFA83 0x0020
0xFA84 0x0046
0xFA85 0x0041
0xFA86 0x0033
0xFA87 0x0030
0xFA88 0x0020
0xFA89 0x0074
0xFA8A 0x006F
0xFA8B 0x0020
0xFA8C 0x0075
0xFA8D 0x006E
0xFA8E 0x0069
0xFA8F 0x006E
0xFA90 0x0073
0xFA91 0x0074
0xFA92 0x0061
0xFA93 0x006C
0xFA94 0x006C
0xFA95 0x0020
0xFA96 0x0074
0xFA97 0x0068
0xFA98 0x0065
0xFA99 0x0020
0xFA9A 0x0066
0xFA9B 0x0061
0xFA9C 0x006E
0xFA9D 0x0063
0xFA9E 0x0069
0xFA9F 0x006E
0xFAA0 0x0065
0xFAA1 0x0073
0xFAA2 0x0073
0xFAA3 0x002E
0xFAA4 0x0000
0xFAA5 0x0000
0xFAA6 0x0FB8
0xFAA7 0xF000
0xFAA8 0x0F80
0xFAA9 0xFF3A
0xFAAA 0x0F84
0xFAAB 0xFAA5
0xFAAC 0xCF85
0xFAAD 0x0046
0xFAAE 0xFFA3
0xFAAF 0x0006
0xFAB0 0x0F82
0xFAB1 0x0020
0xFAB2 0x0F81
0xFAB3 0x7FFF
0xFAB4 0xFFA0
0xFAB5 0x0004
0xFAB6 0x0F82
0xFAB7 0x0030
0xFAB8 0x0F81
0xFAB9 0x7FFF
0xFABA 0xE040
0xFABB 0x0000
0xFABC 0x0000
0xFABD 0x0000
0xFABE 0x0062
0xFABF 0x0FB8
0xFAC0 0xF000
0xFAC1 0x0800
0xFAC2 0x0904
0xFAC3 0x0A08
0xFAC4 0x0B0C
0xFAC5 0xE0C0
0xFAC6 0x0F80
0xFAC7 0xFABB
0xFAC8 0x0F84
0xFAC9 0xFF3A
0xFACA 0x0154
0xFACB 0x0F88
0xFACC 0xFAA5
0xFACD 0x0F8C
0xFACE 0xFABC
0xFACF 0x0F90
0xFAD0 0xFABD
0xFAD1 0x0360
0xFAD2 0x1060
0xFAD3 0x0828
0xFAD4 0x9FB8
0xFAD5 0xFFFD
0xFAD6 0x5FA8
0xFAD7 0x0005
0xFAD8 0x3828
0xFAD9 0x9FB8
0xFADA 0xFFFD
0xFADB 0x5FA8
0xFADC 0x0001
0xFADD 0xCF89
0xFADE 0x0046
0xFADF 0xFFA3
0xFAE0 0x0004
0xFAE1 0x0F86
0xFAE2 0x0030
0xFAE3 0xFFA0
0xFAE4 0x0002
0xFAE5 0x0F86
0xFAE6 0x0020
0xFAE7 0x0A05
0xFAE8 0x0F84
0xFAE9 0xFF3A
0xFAEA 0x0505
0xFAEB 0x1F91
0xFAEC 0x0001
0xFAED 0xCF91
0xFAEE 0x0258
0xFAEF 0xFFAB
0xFAF0 0x0004
0xFAF1 0x0F91
0xFAF2 0x0000
0xFAF3 0x1F8D
0xFAF4 0x0001
0xFAF5 0x1F81
0xFAF6 0x0001
0xFAF7 0x0048
0xFAF8 0xCF88
0xFAF9 0x01E0
0xFAFA 0xFFAB
0xFAFB 0x0002
0xFAFC 0xB208
0xFAFD 0x0201
0xFAFE 0x0F84
0xFAFF 0xFF43
0xFB00 0x0205
0xFB01 0xE100
0xFB02 0x0020
0xFB03 0x0124
0xFB04 0x0228
0xFB05 0x032C
0xFB06 0xE040
