0x8000 0xFF90
0x8001 0x8065
0x8002 0xFF80
0x8003 0x0016
0x8004 0xE000
0x8005 0x1FB8
0x8006 0x0100
0x8007 0x080C
0x8008 0x0F88
0x8009 0x9A00
0x800A 0xFFA3
0x800B 0x0031
0x800C 0x0F84
0x800D 0x0001
0x800E 0x0FAC
0x800F 0x9A02
0x8010 0xCBBE
0x8011 0x0000
0x8012 0xFFAB
0x8013 0x0004
0x8014 0xCBBE
0x8015 0x0000
0x8016 0xFFA3
0x8017 0x000E
0x8018 0x1F84
0x8019 0x0001
0x801A 0x0120
0x801B 0x1120
0x801C 0x1220
0x801D 0x082C
0x801E 0xCBBE
0x801F 0x0000
0x8020 0xFFAB
0x8021 0xFFF6
0x8022 0xCBBE
0x8023 0x0000
0x8024 0xFFAB
0x8025 0xFFF2
0x8026 0x3F84
0x8027 0x0001
0x8028 0xFFA3
0x8029 0x0013
0x802A 0x0128
0x802B 0x1128
0x802C 0x1228
0x802D 0x0AA0
0x802E 0x0AA4
0x802F 0x6FA0
0x8030 0x0001
0x8031 0x9FA4
0x8032 0x0001
0x8033 0xFFA3
0x8034 0x0001
0x8035 0xAFA0
0x8036 0x8000
0x8037 0x0800
0x8038 0xF010
0x8039 0x3F84
0x803A 0x0001
0x803B 0xFFAB
0x803C 0xFFED
0x803D 0x0320
0x803E 0xFF90
0x803F 0x8002
0x8040 0x3FB8
0x8041 0x0100
0x8042 0x0DBC
0x8043 0x1FB8
0x8044 0x0100
0x8045 0x0808
0x8046 0x0FAC
0x8047 0x9A12
0x8048 0xCFAD
0x8049 0x0000
0x804A 0xFFAB
0x804B 0x0016
0x804C 0x0FAC
0x804D 0x9A29
0x804E 0x0B44
0x804F 0x0FB0
0x8050 0x9A12
0x8051 0x0FB1
0x8052 0x0001
0x8053 0xCF84
0x8054 0x0000
0x8055 0xFFA3
0x8056 0x0008
0x8057 0x0100
0x8058 0x1F80
0x8059 0x0001
0x805A 0x0040
0x805B 0xF010
0x805C 0x0144
0x805D 0xFFAB
0x805E 0xFFF8
0x805F 0x0220
0x8060 0xFF90
0x8061 0x8005
0x8062 0x3FB8
0x8063 0x0100
0x8064 0x0DBC
0x8065 0x1FB8
0x8066 0x0100
0x8067 0x080C
0x8068 0x0908
0x8069 0x0F84
0x806A 0x9A0E
0x806B 0xCFBE
0x806C 0x9A0C
0x806D 0x0000
0x806E 0xFFA3
0x806F 0x0023
0x8070 0x0FAC
0x8071 0x9A0E
0x8072 0xCBBE
0x8073 0x0000
0x8074 0xFFAB
0x8075 0x0004
0x8076 0xCBBE
0x8077 0x0000
0x8078 0xFFA3
0x8079 0x0019
0x807A 0x01A0
0x807B 0x01A4
0x807C 0x3F84
0x807D 0x0002
0x807E 0x6FA0
0x807F 0x0001
0x8080 0x9FA4
0x8081 0x0001
0x8082 0xFFA3
0x8083 0x0001
0x8084 0xAFA0
0x8085 0x8000
0x8086 0x0800
0x8087 0xF010
0x8088 0x1F84
0x8089 0x0002
0x808A 0x012C
0x808B 0xCBBE
0x808C 0x0000
0x808D 0xFFAB
0x808E 0xFFEB
0x808F 0xCBBE
0x8090 0x0000
0x8091 0xFFAB
0x8092 0xFFE7
0x8093 0x0320
0x8094 0x0224
0x8095 0xFF90
0x8096 0x809C
0x8097 0xFF90
0x8098 0x8043
0x8099 0x3FB8
0x809A 0x0100
0x809B 0x0DBC
0x809C 0x1FB8
0x809D 0x0100
0x809E 0x3FB4
0x809F 0x0011
0x80A0 0x0FA4
0x80A1 0x8187
0x80A2 0x0FA0
0x80A3 0x8189
0x80A4 0xFF90
0x80A5 0x9937
0x80A6 0x0800
0x80A7 0x0014
0x80A8 0x0FA4
0x80A9 0x81B4
0x80AA 0x0FA0
0x80AB 0x81B6
0x80AC 0xFF90
0x80AD 0x9937
0x80AE 0x0800
0x80AF 0x0018
0x80B0 0x0FA4
0x80B1 0x81E1
0x80B2 0x0FA0
0x80B3 0x81E3
0x80B4 0xFF90
0x80B5 0x9937
0x80B6 0x0800
0x80B7 0x001C
0x80B8 0x0D30
0x80B9 0x1FB0
0x80BA 0x0003
0x80BB 0x0FB1
0x80BC 0x0014
0x80BD 0xB104
0x80BE 0xFFA0
0x80BF 0x006D
0x80C0 0x0D30
0x80C1 0x1FB0
0x80C2 0x000D
0x80C3 0x0FB1
0x80C4 0x0000
0x80C5 0x0D2C
0x80C6 0x1FAC
0x80C7 0x000D
0x80C8 0x0D30
0x80C9 0x1FB0
0x80CA 0x000A
0x80CB 0x0B71
0x80CC 0x0D2C
0x80CD 0x1FAC
0x80CE 0x000A
0x80CF 0x0D30
0x80D0 0x1FB0
0x80D1 0x0007
0x80D2 0x0B71
0x80D3 0x0537
0x80D4 0x0FA8
0x80D5 0x0001
0x80D6 0x0FA4
0x80D7 0x0002
0x80D8 0x0D20
0x80D9 0x1FA0
0x80DA 0x0006
0x80DB 0xFF90
0x80DC 0x9464
0x80DD 0x0800
0x80DE 0x0008
0x80DF 0x0637
0x80E0 0x0FA8
0x80E1 0x0001
0x80E2 0x0FA4
0x80E3 0x0002
0x80E4 0x0D20
0x80E5 0x1FA0
0x80E6 0x000A
0x80E7 0xFF90
0x80E8 0x9464
0x80E9 0x0800
0x80EA 0x000C
0x80EB 0x0737
0x80EC 0x0FA8
0x80ED 0x0001
0x80EE 0x0FA4
0x80EF 0x0002
0x80F0 0x0D20
0x80F1 0x1FA0
0x80F2 0x000E
0x80F3 0xFF90
0x80F4 0x9464
0x80F5 0x0800
0x80F6 0x0010
0x80F7 0x1FB4
0x80F8 0x0003
0x80F9 0xC308
0x80FA 0xFFA3
0x80FB 0x0003
0x80FC 0xB820
0x80FD 0xFFA0
0x80FE 0x0002
0x80FF 0x0FA0
0x8100 0x0001
0x8101 0xC420
0x8102 0xFFA3
0x8103 0x0003
0x8104 0xB820
0x8105 0xFFA0
0x8106 0x0002
0x8107 0x0FA0
0x8108 0x0001
0x8109 0xCFA0
0x810A 0x0001
0x810B 0xFFAB
0x810C 0x0015
0x810D 0x0D20
0x810E 0x1FA0
0x810F 0x000B
0x8110 0x0837
0x8111 0x0D20
0x8112 0x1FA0
0x8113 0x0009
0x8114 0x0837
0x8115 0x0D20
0x8116 0x1FA0
0x8117 0x0007
0x8118 0x0837
0x8119 0x0FA0
0x811A 0x8171
0x811B 0xFF90
0x811C 0x880B
0x811D 0x0800
0x811E 0x1FB4
0x811F 0x0003
0x8120 0xFFA0
0x8121 0x0009
0x8122 0x0FA0
0x8123 0x8145
0x8124 0xFF90
0x8125 0x85B4
0x8126 0x0800
0x8127 0x0FA0
0x8128 0xFFFF
0x8129 0xFFA0
0x812A 0x0015
0x812B 0x1F84
0x812C 0x0001
0x812D 0x0D30
0x812E 0x1FB0
0x812F 0x0003
0x8130 0xCC44
0x8131 0xFFA5
0x8132 0xFF8D
0x8133 0x0520
0x8134 0xFF90
0x8135 0x820E
0x8136 0x0800
0x8137 0x0620
0x8138 0xFF90
0x8139 0x820E
0x813A 0x0800
0x813B 0x0720
0x813C 0xFF90
0x813D 0x820E
0x813E 0x0800
0x813F 0xB820
0x8140 0x1FB4
0x8141 0x0011
0x8142 0x3FB8
0x8143 0x0100
0x8144 0x0DBC
0x8145 0x0045
0x8146 0x0072
0x8147 0x0072
0x8148 0x006F
0x8149 0x0072
0x814A 0x0020
0x814B 0x0072
0x814C 0x0065
0x814D 0x0061
0x814E 0x0064
0x814F 0x0069
0x8150 0x006E
0x8151 0x0067
0x8152 0x0020
0x8153 0x006F
0x8154 0x006E
0x8155 0x0065
0x8156 0x0020
0x8157 0x006F
0x8158 0x0066
0x8159 0x0020
0x815A 0x0074
0x815B 0x0068
0x815C 0x0065
0x815D 0x0020
0x815E 0x0066
0x815F 0x0069
0x8160 0x006C
0x8161 0x0065
0x8162 0x0073
0x8163 0x002E
0x8164 0x0020
0x8165 0x0054
0x8166 0x0065
0x8167 0x0072
0x8168 0x006D
0x8169 0x0069
0x816A 0x006E
0x816B 0x0061
0x816C 0x0074
0x816D 0x0065
0x816E 0x0064
0x816F 0x002E
0x8170 0x0000
0x8171 0x0031
0x8172 0x003A
0x8173 0x0025
0x8174 0x0073
0x8175 0x0020
0x8176 0x0020
0x8177 0x0020
0x8178 0x0020
0x8179 0x0032
0x817A 0x003A
0x817B 0x0025
0x817C 0x0073
0x817D 0x0020
0x817E 0x0020
0x817F 0x0020
0x8180 0x0020
0x8181 0x0033
0x8182 0x003A
0x8183 0x0025
0x8184 0x0073
0x8185 0x000A
0x8186 0x0000
0x8187 0x0072
0x8188 0x0000
0x8189 0x002F
0x818A 0x0063
0x818B 0x002F
0x818C 0x0074
0x818D 0x0065
0x818E 0x0073
0x818F 0x0074
0x8190 0x005F
0x8191 0x0070
0x8192 0x0072
0x8193 0x006F
0x8194 0x0067
0x8195 0x0072
0x8196 0x0061
0x8197 0x006D
0x8198 0x0073
0x8199 0x002F
0x819A 0x0066
0x819B 0x0072
0x819C 0x0065
0x819D 0x0061
0x819E 0x0064
0x819F 0x005F
0x81A0 0x006D
0x81A1 0x0075
0x81A2 0x006C
0x81A3 0x0074
0x81A4 0x0069
0x81A5 0x005F
0x81A6 0x0074
0x81A7 0x0065
0x81A8 0x0073
0x81A9 0x0074
0x81AA 0x0066
0x81AB 0x0069
0x81AC 0x006C
0x81AD 0x0065
0x81AE 0x0031
0x81AF 0x002E
0x81B0 0x0074
0x81B1 0x0078
0x81B2 0x0074
0x81B3 0x0000
0x81B4 0x0072
0x81B5 0x0000
0x81B6 0x002F
0x81B7 0x0063
0x81B8 0x002F
0x81B9 0x0074
0x81BA 0x0065
0x81BB 0x0073
0x81BC 0x0074
0x81BD 0x005F
0x81BE 0x0070
0x81BF 0x0072
0x81C0 0x006F
0x81C1 0x0067
0x81C2 0x0072
0x81C3 0x0061
0x81C4 0x006D
0x81C5 0x0073
0x81C6 0x002F
0x81C7 0x0066
0x81C8 0x0072
0x81C9 0x0065
0x81CA 0x0061
0x81CB 0x0064
0x81CC 0x005F
0x81CD 0x006D
0x81CE 0x0075
0x81CF 0x006C
0x81D0 0x0074
0x81D1 0x0069
0x81D2 0x005F
0x81D3 0x0074
0x81D4 0x0065
0x81D5 0x0073
0x81D6 0x0074
0x81D7 0x0066
0x81D8 0x0069
0x81D9 0x006C
0x81DA 0x0065
0x81DB 0x0032
0x81DC 0x002E
0x81DD 0x0074
0x81DE 0x0078
0x81DF 0x0074
0x81E0 0x0000
0x81E1 0x0072
0x81E2 0x0000
0x81E3 0x002F
0x81E4 0x0063
0x81E5 0x002F
0x81E6 0x0074
0x81E7 0x0065
0x81E8 0x0073
0x81E9 0x0074
0x81EA 0x005F
0x81EB 0x0070
0x81EC 0x0072
0x81ED 0x006F
0x81EE 0x0067
0x81EF 0x0072
0x81F0 0x0061
0x81F1 0x006D
0x81F2 0x0073
0x81F3 0x002F
0x81F4 0x0066
0x81F5 0x0072
0x81F6 0x0065
0x81F7 0x0061
0x81F8 0x0064
0x81F9 0x005F
0x81FA 0x006D
0x81FB 0x0075
0x81FC 0x006C
0x81FD 0x0074
0x81FE 0x0069
0x81FF 0x005F
0x8200 0x0074
0x8201 0x0065
0x8202 0x0073
0x8203 0x0074
0x8204 0x0066
0x8205 0x0069
0x8206 0x006C
0x8207 0x0065
0x8208 0x0033
0x8209 0x002E
0x820A 0x0074
0x820B 0x0078
0x820C 0x0074
0x820D 0x0000
0x820E 0x1FB8
0x820F 0x0100
0x8210 0x0804
0x8211 0xFFAB
0x8212 0x0004
0x8213 0x0FA0
0x8214 0xFFFF
0x8215 0xFFA0
0x8216 0x004A
0x8217 0xCF85
0x8218 0xFFFF
0x8219 0xFFAB
0x821A 0x0004
0x821B 0x0FA0
0x821C 0xFFFF
0x821D 0xFFA0
0x821E 0x0042
0x821F 0x0120
0x8220 0xFF90
0x8221 0x8510
0x8222 0xC17E
0x8223 0x0002
0x8224 0xFFAD
0x8225 0x0003
0x8226 0x0160
0x8227 0xFF90
0x8228 0x850D
0x8229 0x0128
0x822A 0x1FA8
0x822B 0x0004
0x822C 0x0124
0x822D 0x1FA4
0x822E 0x0003
0x822F 0xCFA9
0x8230 0x0000
0x8231 0xFFA3
0x8232 0x0006
0x8233 0x0A60
0x8234 0x1FA0
0x8235 0x0003
0x8236 0x0961
0x8237 0xFFA0
0x8238 0x0003
0x8239 0x0FB0
0x823A 0x9A2F
0x823B 0x0971
0x823C 0xCFA5
0x823D 0x0000
0x823E 0xFFA3
0x823F 0x0006
0x8240 0x0960
0x8241 0x1FA0
0x8242 0x0004
0x8243 0x0A61
0x8244 0xFFA0
0x8245 0x0003
0x8246 0x0FB0
0x8247 0x9A30
0x8248 0x0A71
0x8249 0x0108
0x824A 0x1F88
0x824B 0x0002
0x824C 0xCF89
0x824D 0x0000
0x824E 0xFFA3
0x824F 0x000D
0x8250 0x0100
0x8251 0x1F80
0x8252 0x0006
0x8253 0x0060
0x8254 0x9FA0
0x8255 0x0100
0x8256 0xFFAB
0x8257 0x0005
0x8258 0x0260
0x8259 0x3FA0
0x825A 0x0001
0x825B 0xFF90
0x825C 0x8386
0x825D 0x0120
0x825E 0xFF90
0x825F 0x8386
0x8260 0xB820
0x8261 0x3FB8
0x8262 0x0100
0x8263 0x0DBC
0x8264 0x1FB8
0x8265 0x0100
0x8266 0x0FAC
0x8267 0x9A2D
0x8268 0x0B48
0x8269 0xFFA3
0x826A 0x0016
0x826B 0x0200
0x826C 0x1F80
0x826D 0x0002
0x826E 0x0040
0x826F 0x0204
0x8270 0x1F84
0x8271 0x0001
0x8272 0x0168
0x8273 0x1FA8
0x8274 0x0002
0x8275 0xCD34
0x8276 0x5FA8
0x8277 0x0002
0x8278 0x0220
0x8279 0x0A24
0x827A 0xFF90
0x827B 0x850C
0x827C 0x0008
0x827D 0xCF80
0x827E 0x0000
0x827F 0xFFAB
0x8280 0xFFEA
0x8281 0x3FB8
0x8282 0x0100
0x8283 0x0DBC
0x8284 0x0037
0x8285 0x0137
0x8286 0x0800
0x8287 0xB104
0x8288 0x0024
0x8289 0x1FA4
0x828A 0x0002
0x828B 0x0920
0x828C 0xCD34
0x828D 0x5FA0
0x828E 0x0002
0x828F 0xFF90
0x8290 0x84F7
0x8291 0x0828
0x8292 0xFFAB
0x8293 0x0003
0x8294 0x0120
0x8295 0xFFA0
0x8296 0x004B
0x8297 0x0A20
0x8298 0x1FA0
0x8299 0x0002
0x829A 0x0121
0x829B 0x0FAC
0x829C 0x9A2D
0x829D 0xCFAD
0x829E 0x0000
0x829F 0xFFAB
0x82A0 0x0005
0x82A1 0x0FB0
0x82A2 0x9A2D
0x82A3 0x0A31
0x82A4 0xFFA0
0x82A5 0x0006
0x82A6 0x0FAC
0x82A7 0x9A2E
0x82A8 0x0B60
0x82A9 0x1FA0
0x82AA 0x0002
0x82AB 0x0A21
0x82AC 0x0A20
0x82AD 0x1FA0
0x82AE 0x0003
0x82AF 0x0FAC
0x82B0 0x9A2E
0x82B1 0x0B61
0x82B2 0x0FB0
0x82B3 0x9A2E
0x82B4 0x0A31
0x82B5 0x0A20
0x82B6 0x1FA0
0x82B7 0x0001
0x82B8 0x0021
0x82B9 0x1FA8
0x82BA 0x0004
0x82BB 0x0A20
0x82BC 0x1FA0
0x82BD 0x0001
0x82BE 0x0021
0x82BF 0xCF80
0x82C0 0x03FE
0x82C1 0xFFAB
0x82C2 0x001E
0x82C3 0x0A20
0x82C4 0x1FA0
0x82C5 0x0002
0x82C6 0x0121
0x82C7 0x0FAC
0x82C8 0x9A2A
0x82C9 0xCFAD
0x82CA 0x0000
0x82CB 0xFFAB
0x82CC 0x0005
0x82CD 0x0FB0
0x82CE 0x9A2A
0x82CF 0x0A31
0x82D0 0xFFA0
0x82D1 0x0006
0x82D2 0x0FAC
0x82D3 0x9A2B
0x82D4 0x0B60
0x82D5 0x1FA0
0x82D6 0x0002
0x82D7 0x0A21
0x82D8 0x0A20
0x82D9 0x1FA0
0x82DA 0x0003
0x82DB 0x0FAC
0x82DC 0x9A2B
0x82DD 0x0B61
0x82DE 0x0FB0
0x82DF 0x9A2B
0x82E0 0x0A31
0x82E1 0x0A20
0x82E2 0x0D84
0x82E3 0x0D80
0x82E4 0x0DBC
0x82E5 0x1FB8
0x82E6 0x0100
0x82E7 0x0804
0x82E8 0x0F94
0x82E9 0x0001
0x82EA 0x0120
0x82EB 0x1FA0
0x82EC 0x0003
0x82ED 0x0804
0x82EE 0xAD34
0x82EF 0x6F84
0x82F0 0x0002
0x82F1 0xC13E
0x82F2 0x03FE
0x82F3 0xFFAC
0x82F4 0x000F
0x82F5 0x0120
0x82F6 0xFF90
0x82F7 0x8284
0x82F8 0x0828
0x82F9 0xFFAB
0x82FA 0x0003
0x82FB 0xB820
0x82FC 0xFFA0
0x82FD 0x0085
0x82FE 0x0529
0x82FF 0x0A20
0x8300 0x1FA0
0x8301 0x0004
0x8302 0xFFA0
0x8303 0x007F
0x8304 0x0FAC
0x8305 0x9A2C
0x8306 0x0B64
0x8307 0x0928
0x8308 0xCFA4
0x8309 0x0000
0x830A 0xFFAB
0x830B 0x000A
0x830C 0x0FA0
0x830D 0x03FE
0x830E 0xFF90
0x830F 0x8284
0x8310 0x0828
0x8311 0xFFAB
0x8312 0x0032
0x8313 0xB820
0x8314 0xFFA0
0x8315 0x006D
0x8316 0x0FAC
0x8317 0x9A2C
0x8318 0x0B6C
0x8319 0xCFAD
0x831A 0x0000
0x831B 0xFFAB
0x831C 0x0005
0x831D 0x0900
0x831E 0x1500
0x831F 0xC101
0x8320 0xFFAC
0x8321 0x0023
0x8322 0x0A20
0x8323 0x1FA0
0x8324 0x0002
0x8325 0x0868
0x8326 0xFFAB
0x8327 0x0003
0x8328 0x0FAC
0x8329 0x9A2A
0x832A 0x0B68
0x832B 0xCFA8
0x832C 0x0000
0x832D 0xFFA3
0x832E 0x0003
0x832F 0xC928
0x8330 0xFFAB
0x8331 0x000A
0x8332 0x0FA0
0x8333 0x03FE
0x8334 0xFF90
0x8335 0x8284
0x8336 0x0828
0x8337 0xFFAB
0x8338 0x000C
0x8339 0xB820
0x833A 0xFFA0
0x833B 0x0047
0x833C 0xCFA9
0x833D 0x0000
0x833E 0xFFAB
0x833F 0xFFE2
0x8340 0x0A00
0x8341 0x1500
0x8342 0xC101
0x8343 0xFFA4
0x8344 0xFFDD
0x8345 0x0FB0
0x8346 0x9A2C
0x8347 0x0A31
0x8348 0x0A08
0x8349 0x1508
0x834A 0x0260
0x834B 0x3120
0x834C 0xCFA0
0x834D 0x0002
0x834E 0xFFAC
0x834F 0x0003
0x8350 0x0529
0x8351 0xFFA0
0x8352 0x002D
0x8353 0x0A24
0x8354 0x1FA4
0x8355 0x0004
0x8356 0x0120
0x8357 0xCD34
0x8358 0x5FA0
0x8359 0x0002
0x835A 0x0900
0x835B 0x1800
0x835C 0x0F81
0x835D 0x0000
0x835E 0x0264
0x835F 0x3524
0x8360 0x3124
0x8361 0x0020
0x8362 0x1520
0x8363 0x0921
0x8364 0x0020
0x8365 0x1FA0
0x8366 0x0003
0x8367 0x0A21
0x8368 0x0A10
0x8369 0x1F90
0x836A 0x0002
0x836B 0x000C
0x836C 0x1F8C
0x836D 0x0002
0x836E 0x044D
0x836F 0xFFA3
0x8370 0x0004
0x8371 0x0360
0x8372 0x1FA0
0x8373 0x0003
0x8374 0x0021
0x8375 0x0011
0x8376 0x0109
0x8377 0x0529
0x8378 0x0FAC
0x8379 0x9A2B
0x837A 0xCA2D
0x837B 0xFFAB
0x837C 0x0003
0x837D 0x0FB0
0x837E 0x9A2B
0x837F 0x0031
0x8380 0x0A20
0x8381 0x1FA0
0x8382 0x0004
0x8383 0x3FB8
0x8384 0x0100
0x8385 0x0DBC
0x8386 0x1FB8
0x8387 0x0100
0x8388 0x081C
0x8389 0xFFA3
0x838A 0x00B1
0x838B 0x0704
0x838C 0x3F84
0x838D 0x0004
0x838E 0xCF85
0x838F 0x0001
0x8390 0xFFA3
0x8391 0x0004
0x8392 0x0FA0
0x8393 0x0001
0x8394 0xFF90
0x8395 0x8043
0x8396 0x0108
0x8397 0x1F88
0x8398 0x0001
0x8399 0xC27E
0x839A 0x03FE
0x839B 0xFFAC
0x839C 0x0031
0x839D 0x3F84
0x839E 0x0004
0x839F 0x0110
0x83A0 0x1F90
0x83A1 0x0003
0x83A2 0x0100
0x83A3 0x1F80
0x83A4 0x0002
0x83A5 0xCF91
0x83A6 0x0000
0x83A7 0xFFA3
0x83A8 0x0006
0x83A9 0x0460
0x83AA 0x1FA0
0x83AB 0x0002
0x83AC 0x0061
0x83AD 0xFFA0
0x83AE 0x0003
0x83AF 0x0FB0
0x83B0 0x9A2D
0x83B1 0x0071
0x83B2 0xCF81
0x83B3 0x0000
0x83B4 0xFFA3
0x83B5 0x0006
0x83B6 0x0060
0x83B7 0x1FA0
0x83B8 0x0003
0x83B9 0x0461
0x83BA 0xFFA0
0x83BB 0x0003
0x83BC 0x0FB0
0x83BD 0x9A2E
0x83BE 0x0471
0x83BF 0x0100
0x83C0 0x1F80
0x83C1 0x0001
0x83C2 0x0068
0x83C3 0x1FA8
0x83C4 0x0002
0x83C5 0xCD34
0x83C6 0x5FA8
0x83C7 0x0002
0x83C8 0x0120
0x83C9 0x0A24
0x83CA 0xFF90
0x83CB 0x850C
0x83CC 0xFFA0
0x83CD 0x006E
0x83CE 0x010C
0x83CF 0x1F8C
0x83D0 0x0002
0x83D1 0x0368
0x83D2 0xFFA3
0x83D3 0x002F
0x83D4 0x0124
0x83D5 0x1FA4
0x83D6 0x0004
0x83D7 0x0260
0x83D8 0xCD34
0x83D9 0x5FA0
0x83DA 0x0002
0x83DB 0x1920
0x83DC 0xC828
0x83DD 0xFFAB
0x83DE 0x0024
0x83DF 0xCFA9
0x83E0 0x0000
0x83E1 0xFFAB
0x83E2 0x0020
0x83E3 0x0A00
0x83E4 0x1F80
0x83E5 0x0001
0x83E6 0x0060
0x83E7 0x1FA0
0x83E8 0x0001
0x83E9 0x1809
0x83EA 0x0A18
0x83EB 0x1F98
0x83EC 0x0002
0x83ED 0xCF99
0x83EE 0x0000
0x83EF 0xFFA3
0x83F0 0x0006
0x83F1 0x0660
0x83F2 0x1FA0
0x83F3 0x0003
0x83F4 0x0121
0x83F5 0xFFA0
0x83F6 0x0003
0x83F7 0x0FB0
0x83F8 0x9A2B
0x83F9 0x0131
0x83FA 0x064D
0x83FB 0x0FAC
0x83FC 0x9A2C
0x83FD 0xCA2D
0x83FE 0xFFAB
0x83FF 0x0003
0x8400 0x0FB0
0x8401 0x9A2C
0x8402 0x0131
0x8403 0x0120
0x8404 0x1FA0
0x8405 0x0003
0x8406 0x0868
0x8407 0xFFA3
0x8408 0x0031
0x8409 0x0A24
0x840A 0x1FA4
0x840B 0x0004
0x840C 0x0A14
0x840D 0x1F94
0x840E 0x0001
0x840F 0x0560
0x8410 0xCD34
0x8411 0x5FA0
0x8412 0x0002
0x8413 0x1920
0x8414 0xC804
0x8415 0xFFAB
0x8416 0x0023
0x8417 0xCFA9
0x8418 0x0000
0x8419 0xFFAB
0x841A 0x001F
0x841B 0x0260
0x841C 0x1FA0
0x841D 0x0001
0x841E 0x1815
0x841F 0xCF8D
0x8420 0x0000
0x8421 0xFFA3
0x8422 0x0006
0x8423 0x0360
0x8424 0x1FA0
0x8425 0x0003
0x8426 0x0A21
0x8427 0xFFA0
0x8428 0x0003
0x8429 0x0FB0
0x842A 0x9A2B
0x842B 0x0A31
0x842C 0x0A20
0x842D 0x1FA0
0x842E 0x0002
0x842F 0x0361
0x8430 0x0FAC
0x8431 0x9A2C
0x8432 0xC12D
0x8433 0xFFAB
0x8434 0x0007
0x8435 0x0FB0
0x8436 0x9A2C
0x8437 0x0A31
0x8438 0xFFA0
0x8439 0x0002
0x843A 0x0F85
0x843B 0x0000
0x843C 0x3FB8
0x843D 0x0100
0x843E 0x0DBC
0x843F 0x1FB8
0x8440 0x0100
0x8441 0x3FB4
0x8442 0x0003
0x8443 0x0810
0x8444 0x0904
0x8445 0xCF90
0x8446 0x0000
0x8447 0xFFAB
0x8448 0x0005
0x8449 0x0120
0x844A 0xFF90
0x844B 0x82E5
0x844C 0xFFA0
0x844D 0x008F
0x844E 0x0120
0x844F 0x1FA0
0x8450 0x0003
0x8451 0x0804
0x8452 0xAD34
0x8453 0x6F84
0x8454 0x0002
0x8455 0x040C
0x8456 0x3F8C
0x8457 0x0004
0x8458 0x0400
0x8459 0x3F80
0x845A 0x0003
0x845B 0xC101
0x845C 0xFFA4
0x845D 0x0003
0x845E 0x0420
0x845F 0xFFA0
0x8460 0x007C
0x8461 0x031C
0x8462 0x1F9C
0x8463 0x0002
0x8464 0x0748
0x8465 0x0300
0x8466 0x1F80
0x8467 0x0001
0x8468 0xC07E
0x8469 0x03FE
0x846A 0xFFA4
0x846B 0x003D
0x846C 0xCF88
0x846D 0x0000
0x846E 0xFFA3
0x846F 0x0039
0x8470 0x0060
0x8471 0x1FA0
0x8472 0x0001
0x8473 0x0218
0x8474 0x1F98
0x8475 0x0001
0x8476 0x1660
0x8477 0xC120
0x8478 0xFFA4
0x8479 0x002F
0x847A 0x0324
0x847B 0x1FA4
0x847C 0x0004
0x847D 0x0060
0x847E 0xCD34
0x847F 0x5FA0
0x8480 0x0002
0x8481 0x1920
0x8482 0xC808
0x8483 0xFFAB
0x8484 0x0024
0x8485 0xCF89
0x8486 0x0000
0x8487 0xFFAB
0x8488 0x0020
0x8489 0x0660
0x848A 0x1FA0
0x848B 0x0001
0x848C 0x1801
0x848D 0x0214
0x848E 0x1F94
0x848F 0x0002
0x8490 0xCF95
0x8491 0x0000
0x8492 0xFFA3
0x8493 0x0006
0x8494 0x0560
0x8495 0x1FA0
0x8496 0x0003
0x8497 0x0321
0x8498 0xFFA0
0x8499 0x0003
0x849A 0x0FB0
0x849B 0x9A2B
0x849C 0x0331
0x849D 0x055D
0x849E 0x0FAC
0x849F 0x9A2C
0x84A0 0xC22D
0x84A1 0xFFAB
0x84A2 0x0003
0x84A3 0x0FB0
0x84A4 0x9A2C
0x84A5 0x0331
0x84A6 0x0420
0x84A7 0xFFA0
0x84A8 0x0034
0x84A9 0xCD34
0x84AA 0x5F84
0x84AB 0x0002
0x84AC 0x0075
0x84AD 0xCD34
0x84AE 0x5FB5
0x84AF 0x0002
0x84B0 0x0120
0x84B1 0xFF90
0x84B2 0x82E5
0x84B3 0x0D30
0x84B4 0x1FB0
0x84B5 0x0001
0x84B6 0x0831
0x84B7 0x0D2C
0x84B8 0x1FAC
0x84B9 0x0001
0x84BA 0xCFAD
0x84BB 0x0000
0x84BC 0xFFA3
0x84BD 0x001B
0x84BE 0xCD44
0x84BF 0xFFAC
0x84C0 0x0006
0x84C1 0x0D30
0x84C2 0x1FB0
0x84C3 0x0002
0x84C4 0x0131
0x84C5 0xFFA0
0x84C6 0x0004
0x84C7 0x0D30
0x84C8 0x1FB0
0x84C9 0x0002
0x84CA 0x0D71
0x84CB 0x0D2C
0x84CC 0x1FAC
0x84CD 0x0001
0x84CE 0x0B60
0x84CF 0x0424
0x84D0 0x0D2C
0x84D1 0x1FAC
0x84D2 0x0002
0x84D3 0x0B68
0x84D4 0xFF90
0x84D5 0x84E2
0x84D6 0x0420
0x84D7 0xFF90
0x84D8 0x8386
0x84D9 0x0D20
0x84DA 0x1FA0
0x84DB 0x0001
0x84DC 0x0860
0x84DD 0x1FB4
0x84DE 0x0003
0x84DF 0x3FB8
0x84E0 0x0100
0x84E1 0x0DBC
0x84E2 0x0037
0x84E3 0x0137
0x84E4 0x0800
0x84E5 0x0904
0x84E6 0x0020
0x84E7 0x0124
0x84E8 0xCFA8
0x84E9 0x0000
0x84EA 0xFFA3
0x84EB 0x0007
0x84EC 0x3FA8
0x84ED 0x0001
0x84EE 0x09A2
0x84EF 0xCFA8
0x84F0 0x0000
0x84F1 0xFFAB
0x84F2 0xFFF9
0x84F3 0x0020
0x84F4 0x0D84
0x84F5 0x0D80
0x84F6 0x0DBC
0x84F7 0x0824
0x84F8 0x0FAC
0x84F9 0x9A14
0x84FA 0x0B68
0x84FB 0xC928
0x84FC 0xFFAC
0x84FD 0x0002
0x84FE 0xB820
0x84FF 0x0DBC
0x8500 0x0FAC
0x8501 0x9A13
0x8502 0x0B60
0x8503 0x0FB0
0x8504 0x9A13
0x8505 0x0831
0x8506 0x1931
0x8507 0x0FB0
0x8508 0x9A14
0x8509 0x0A31
0x850A 0x3931
0x850B 0x0DBC
0x850C 0x0DBC
0x850D 0x0824
0x850E 0xFF80
0x850F 0x8386
0x8510 0x0037
0x8511 0x0137
0x8512 0x0804
0x8513 0xFFA3
0x8514 0x0005
0x8515 0x0120
0x8516 0xFF90
0x8517 0x8534
0x8518 0xFFA0
0x8519 0x0016
0x851A 0x0FAC
0x851B 0x9A2F
0x851C 0x0B44
0x851D 0xFFA3
0x851E 0x0011
0x851F 0x0100
0x8520 0x1F80
0x8521 0x0006
0x8522 0x0060
0x8523 0x9FA0
0x8524 0x0002
0x8525 0xFFA3
0x8526 0x0003
0x8527 0x0120
0x8528 0xFF90
0x8529 0x8534
0x852A 0x0120
0x852B 0x1FA0
0x852C 0x0003
0x852D 0x0844
0x852E 0xFFAB
0x852F 0xFFEF
0x8530 0xB820
0x8531 0x0D84
0x8532 0x0D80
0x8533 0x0DBC
0x8534 0x1FB8
0x8535 0x0100
0x8536 0x0808
0x8537 0xFF90
0x8538 0x85B3
0x8539 0xCF88
0x853A 0x0000
0x853B 0xFFAB
0x853C 0x0004
0x853D 0x0FA0
0x853E 0xFFFF
0x853F 0xFFA0
0x8540 0x004A
0x8541 0x0210
0x8542 0x1F90
0x8543 0x0007
0x8544 0xCF91
0x8545 0x0000
0x8546 0xFFAB
0x8547 0x000E
0x8548 0x0200
0x8549 0x1F80
0x854A 0x0006
0x854B 0x0060
0x854C 0x9FA0
0x854D 0x0004
0x854E 0xFFA3
0x854F 0x0004
0x8550 0x0F91
0x8551 0x0001
0x8552 0xFFA0
0x8553 0x0002
0x8554 0x0F91
0x8555 0x0040
0x8556 0x020C
0x8557 0x1F8C
0x8558 0x0002
0x8559 0xCF8D
0x855A 0x0000
0x855B 0xFFAB
0x855C 0x0003
0x855D 0xB820
0x855E 0xFFA0
0x855F 0x002B
0x8560 0x0204
0x8561 0x1F84
0x8562 0x0006
0x8563 0x0160
0x8564 0x9FA0
0x8565 0x0002
0x8566 0xFFA3
0x8567 0x0020
0x8568 0xCF89
0x8569 0x0000
0x856A 0xFFA3
0x856B 0x0014
0x856C 0x0214
0x856D 0x1F94
0x856E 0x0001
0x856F 0x0540
0x8570 0x3340
0x8571 0x0368
0x8572 0x0260
0x8573 0x0A24
0x8574 0x0028
0x8575 0xFF90
0x8576 0x858E
0x8577 0xC020
0x8578 0xFFA3
0x8579 0x0009
0x857A 0xAF85
0x857B 0x0010
0x857C 0x0FA0
0x857D 0xFFFF
0x857E 0xFFA0
0x857F 0x000B
0x8580 0xB820
0x8581 0xFFA0
0x8582 0x0008
0x8583 0x0355
0x8584 0x0220
0x8585 0x1FA0
0x8586 0x0005
0x8587 0x0461
0x8588 0x9F85
0x8589 0xFFFC
0x858A 0xB820
0x858B 0x3FB8
0x858C 0x0100
0x858D 0x0DBC
0x858E 0x1FB8
0x858F 0x0100
0x8590 0x0900
0x8591 0x0A08
0x8592 0x0824
0x8593 0xCFA4
0x8594 0x0001
0x8595 0xFFA3
0x8596 0x0004
0x8597 0xCFA4
0x8598 0x0002
0x8599 0xFFAB
0x859A 0x0010
0x859B 0x0204
0x859C 0xCF88
0x859D 0x0000
0x859E 0xFFA3
0x859F 0x0008
0x85A0 0x00A4
0x85A1 0x0920
0x85A2 0xFF90
0x85A3 0x0004
0x85A4 0x3F84
0x85A5 0x0001
0x85A6 0xFFAB
0x85A7 0xFFF8
0x85A8 0x0220
0x85A9 0xFFA0
0x85AA 0x0005
0x85AB 0xCFA4
0x85AC 0x0000
0x85AD 0xFFAB
0x85AE 0x0001
0x85AF 0xB820
0x85B0 0x3FB8
0x85B1 0x0100
0x85B2 0x0DBC
0x85B3 0x0DBC
0x85B4 0x0037
0x85B5 0x0800
0x85B6 0x0FAC
0x85B7 0x9A32
0x85B8 0x0B68
0x85B9 0x0020
0x85BA 0x0A24
0x85BB 0xFF90
0x85BC 0x86CA
0x85BD 0xCFA0
0x85BE 0xFFFF
0x85BF 0xFFAB
0x85C0 0x0004
0x85C1 0x0FA0
0x85C2 0xFFFF
0x85C3 0xFFA0
0x85C4 0x0012
0x85C5 0x0FAC
0x85C6 0x9A32
0x85C7 0x0B68
0x85C8 0x0FA0
0x85C9 0x000A
0x85CA 0x0A24
0x85CB 0xFF90
0x85CC 0x85D9
0x85CD 0xCFA0
0x85CE 0xFFFF
0x85CF 0xFFAB
0x85D0 0x0004
0x85D1 0x0FA0
0x85D2 0xFFFF
0x85D3 0xFFA0
0x85D4 0x0002
0x85D5 0x0FA0
0x85D6 0x0001
0x85D7 0x0D80
0x85D8 0x0DBC
0x85D9 0x0037
0x85DA 0x0828
0x85DB 0x0900
0x85DC 0x0A20
0x85DD 0x0024
0x85DE 0xFF90
0x85DF 0x85E2
0x85E0 0x0D80
0x85E1 0x0DBC
0x85E2 0x1FB8
0x85E3 0x0100
0x85E4 0x0810
0x85E5 0x0908
0x85E6 0xCF90
0x85E7 0x000A
0x85E8 0xFFAB
0x85E9 0x0020
0x85EA 0x0204
0x85EB 0x1F84
0x85EC 0x0006
0x85ED 0x0160
0x85EE 0x9FA0
0x85EF 0x4000
0x85F0 0xFFA3
0x85F1 0x0018
0x85F2 0xAF85
0x85F3 0x0002
0x85F4 0x0200
0x85F5 0x1F80
0x85F6 0x0005
0x85F7 0x3F81
0x85F8 0x0001
0x85F9 0xFFA4
0x85FA 0x000A
0x85FB 0x0200
0x85FC 0x1F80
0x85FD 0x0001
0x85FE 0x0060
0x85FF 0x1F81
0x8600 0x0001
0x8601 0x0FA1
0x8602 0x000D
0x8603 0xFFA0
0x8604 0x0005
0x8605 0x0FA0
0x8606 0x000D
0x8607 0x0224
0x8608 0xFF90
0x8609 0x8633
0x860A 0x020C
0x860B 0x1F8C
0x860C 0x0006
0x860D 0xAF8D
0x860E 0x0002
0x860F 0x0200
0x8610 0x1F80
0x8611 0x0005
0x8612 0x3F81
0x8613 0x0001
0x8614 0xFFA4
0x8615 0x0014
0x8616 0xCF90
0x8617 0x000A
0x8618 0xFFAB
0x8619 0x0005
0x861A 0x0360
0x861B 0x9FA0
0x861C 0x0080
0x861D 0xFFAB
0x861E 0x000B
0x861F 0x0200
0x8620 0x1F80
0x8621 0x0001
0x8622 0x0060
0x8623 0x1F81
0x8624 0x0001
0x8625 0x0421
0x8626 0x0860
0x8627 0x0828
0x8628 0xFFA0
0x8629 0x0005
0x862A 0x0420
0x862B 0x0224
0x862C 0xFF90
0x862D 0x8633
0x862E 0x0828
0x862F 0x0A20
0x8630 0x3FB8
0x8631 0x0100
0x8632 0x0DBC
0x8633 0x1FB8
0x8634 0x0100
0x8635 0x0814
0x8636 0x090C
0x8637 0xFF90
0x8638 0x85B3
0x8639 0xCF8C
0x863A 0x0000
0x863B 0xFFAB
0x863C 0x0004
0x863D 0x0FA0
0x863E 0xFFFF
0x863F 0xFFA0
0x8640 0x0086
0x8641 0x0304
0x8642 0x1F84
0x8643 0x0006
0x8644 0x0160
0x8645 0x9FA0
0x8646 0x0049
0x8647 0xCFA0
0x8648 0x0040
0x8649 0xFFA3
0x864A 0x0004
0x864B 0x0FA0
0x864C 0xFFFF
0x864D 0xFFA0
0x864E 0x0078
0x864F 0x0310
0x8650 0x1F90
0x8651 0x0007
0x8652 0xCF91
0x8653 0x0000
0x8654 0xFFAB
0x8655 0x000B
0x8656 0x0160
0x8657 0x9FA0
0x8658 0x0004
0x8659 0xFFA3
0x865A 0x0004
0x865B 0x0F91
0x865C 0x0001
0x865D 0xFFA0
0x865E 0x0002
0x865F 0x0F91
0x8660 0x0040
0x8661 0x0308
0x8662 0x1F88
0x8663 0x0002
0x8664 0xCF89
0x8665 0x0000
0x8666 0xFFAB
0x8667 0x001C
0x8668 0x0160
0x8669 0x9FA0
0x866A 0x0080
0x866B 0xFFA3
0x866C 0x0004
0x866D 0x0F80
0x866E 0x0002
0x866F 0xFFA0
0x8670 0x0002
0x8671 0x0F80
0x8672 0x0001
0x8673 0x0464
0x8674 0x1024
0x8675 0x0920
0x8676 0xFF90
0x8677 0x82E5
0x8678 0x0818
0x8679 0xFFAB
0x867A 0x0004
0x867B 0x0FA0
0x867C 0xFFFF
0x867D 0xFFA0
0x867E 0x0048
0x867F 0x0609
0x8680 0x1F89
0x8681 0x0001
0x8682 0xFFA0
0x8683 0x0030
0x8684 0xCF8D
0x8685 0x0000
0x8686 0xFFA3
0x8687 0x0029
0x8688 0x0160
0x8689 0x9FA0
0x868A 0x0080
0x868B 0xFFA3
0x868C 0x0010
0x868D 0xCF94
0x868E 0x000A
0x868F 0xFFAB
0x8690 0x000C
0x8691 0x0300
0x8692 0x1F80
0x8693 0x0001
0x8694 0x0060
0x8695 0x1F81
0x8696 0x0001
0x8697 0x0521
0x8698 0x0320
0x8699 0xFF90
0x869A 0x8534
0x869B 0xFFA0
0x869C 0x002A
0x869D 0x0300
0x869E 0x1F80
0x869F 0x0001
0x86A0 0x0040
0x86A1 0x3240
0x86A2 0x0268
0x86A3 0x0360
0x86A4 0x0A24
0x86A5 0x0028
0x86A6 0xFF90
0x86A7 0x858E
0x86A8 0xC020
0x86A9 0xFFA3
0x86AA 0x0009
0x86AB 0xAF85
0x86AC 0x0010
0x86AD 0x0FA0
0x86AE 0xFFFF
0x86AF 0xFFA0
0x86B0 0x0016
0x86B1 0xB820
0x86B2 0xFFA0
0x86B3 0x0013
0x86B4 0xAF85
0x86B5 0x0002
0x86B6 0x0260
0x86B7 0x0521
0x86B8 0x0264
0x86B9 0x1FA4
0x86BA 0x0001
0x86BB 0x0320
0x86BC 0x1FA0
0x86BD 0x0001
0x86BE 0x0921
0x86BF 0x0464
0x86C0 0x3FA4
0x86C1 0x0001
0x86C2 0x0320
0x86C3 0x1FA0
0x86C4 0x0005
0x86C5 0x0921
0x86C6 0xB820
0x86C7 0x3FB8
0x86C8 0x0100
0x86C9 0x0DBC
0x86CA 0x0037
0x86CB 0x0137
0x86CC 0x0800
0x86CD 0x0904
0x86CE 0xCF81
0x86CF 0x0000
0x86D0 0xFFA3
0x86D1 0x0012
0x86D2 0x0060
0x86D3 0x0124
0x86D4 0xFF90
0x86D5 0x85E2
0x86D6 0xCFA0
0x86D7 0xFFFF
0x86D8 0xFFAB
0x86D9 0x0004
0x86DA 0x0FA0
0x86DB 0xFFFF
0x86DC 0xFFA0
0x86DD 0x0008
0x86DE 0x1F80
0x86DF 0x0001
0x86E0 0xCF81
0x86E1 0x0000
0x86E2 0xFFAB
0x86E3 0xFFEE
0x86E4 0x0FA0
0x86E5 0x0001
0x86E6 0x0D84
0x86E7 0x0D80
0x86E8 0x0DBC
0x86E9 0x1FB8
0x86EA 0x0100
0x86EB 0x0F94
0x86EC 0x4040
0x86ED 0x0F90
0x86EE 0xFFFF
0x86EF 0xB30C
0x86F0 0xB208
0x86F1 0x0FA0
0x86F2 0x0009
0x86F3 0xFF90
0x86F4 0x82E5
0x86F5 0x0FB0
0x86F6 0x9A31
0x86F7 0x0831
0x86F8 0x0FA0
0x86F9 0x0009
0x86FA 0xFF90
0x86FB 0x82E5
0x86FC 0x0FB0
0x86FD 0x9A32
0x86FE 0x0831
0x86FF 0x0FA0
0x8700 0x0009
0x8701 0xFF90
0x8702 0x82E5
0x8703 0x0FB0
0x8704 0x9A33
0x8705 0x0831
0x8706 0x0FAC
0x8707 0x9A31
0x8708 0xCFAD
0x8709 0x0000
0x870A 0xFFA3
0x870B 0x000C
0x870C 0x0FAC
0x870D 0x9A32
0x870E 0xCFAD
0x870F 0x0000
0x8710 0xFFA3
0x8711 0x0006
0x8712 0x0FAC
0x8713 0x9A33
0x8714 0xCFAD
0x8715 0x0000
0x8716 0xFFAB
0x8717 0x0004
0x8718 0x0FA0
0x8719 0x0001
0x871A 0xFF90
0x871B 0x8043
0x871C 0x0FB0
0x871D 0x9A31
0x871E 0x0C70
0x871F 0x0331
0x8720 0x0FB0
0x8721 0x9A32
0x8722 0x0C70
0x8723 0x0FB1
0x8724 0x0001
0x8725 0x0FB0
0x8726 0x9A33
0x8727 0x0C70
0x8728 0x0FB1
0x8729 0x0002
0x872A 0x0FAC
0x872B 0x9A31
0x872C 0x0B68
0x872D 0x0A20
0x872E 0x1FA0
0x872F 0x0006
0x8730 0x0FA1
0x8731 0x4020
0x8732 0x0FAC
0x8733 0x9A32
0x8734 0x0B64
0x8735 0x0920
0x8736 0x1FA0
0x8737 0x0006
0x8738 0x0521
0x8739 0x0FAC
0x873A 0x9A33
0x873B 0x0B60
0x873C 0x0800
0x873D 0x1F80
0x873E 0x0006
0x873F 0x0501
0x8740 0x1FA8
0x8741 0x0008
0x8742 0x0429
0x8743 0x1FA4
0x8744 0x0008
0x8745 0x0425
0x8746 0x1FA0
0x8747 0x0008
0x8748 0x0421
0x8749 0x0FAC
0x874A 0x9A31
0x874B 0x0B6C
0x874C 0x0B60
0x874D 0xFF90
0x874E 0x87F8
0x874F 0xCFA0
0x8750 0x0000
0x8751 0xFFA3
0x8752 0x0007
0x8753 0x0FAC
0x8754 0x9A31
0x8755 0x0B40
0x8756 0x1F80
0x8757 0x0006
0x8758 0xAF81
0x8759 0x0204
0x875A 0x0FAC
0x875B 0x9A32
0x875C 0x0B6C
0x875D 0x0B60
0x875E 0xFF90
0x875F 0x87F8
0x8760 0xCFA0
0x8761 0x0000
0x8762 0xFFA3
0x8763 0x0007
0x8764 0x0FAC
0x8765 0x9A32
0x8766 0x0B40
0x8767 0x1F80
0x8768 0x0006
0x8769 0xAF81
0x876A 0x0280
0x876B 0x0FAC
0x876C 0x9A33
0x876D 0x0B6C
0x876E 0x0B60
0x876F 0xFF90
0x8770 0x87F8
0x8771 0xCFA0
0x8772 0x0000
0x8773 0xFFA3
0x8774 0x0007
0x8775 0x0FAC
0x8776 0x9A33
0x8777 0x0B40
0x8778 0x1F80
0x8779 0x0006
0x877A 0xAF81
0x877B 0x0280
0x877C 0x0FAC
0x877D 0x9A33
0x877E 0x0B60
0x877F 0x1FA0
0x8780 0x0001
0x8781 0x0221
0x8782 0x0FAC
0x8783 0x9A32
0x8784 0x0B64
0x8785 0x1FA4
0x8786 0x0001
0x8787 0x0865
0x8788 0x0FAC
0x8789 0x9A31
0x878A 0x0B60
0x878B 0x1FA0
0x878C 0x0001
0x878D 0x0961
0x878E 0x0FAC
0x878F 0x9A33
0x8790 0x0B60
0x8791 0x1FA0
0x8792 0x0002
0x8793 0x0221
0x8794 0x0FAC
0x8795 0x9A32
0x8796 0x0B64
0x8797 0x1FA4
0x8798 0x0002
0x8799 0x0865
0x879A 0x0FAC
0x879B 0x9A31
0x879C 0x0B60
0x879D 0x1FA0
0x879E 0x0002
0x879F 0x0961
0x87A0 0x0FAC
0x87A1 0x9A33
0x87A2 0x0B64
0x87A3 0x0920
0x87A4 0x1FA0
0x87A5 0x0005
0x87A6 0x0321
0x87A7 0x0FAC
0x87A8 0x9A32
0x87A9 0x0B68
0x87AA 0x0A04
0x87AB 0x1F84
0x87AC 0x0005
0x87AD 0x0845
0x87AE 0x0FAC
0x87AF 0x9A31
0x87B0 0x0B60
0x87B1 0x0800
0x87B2 0x1F80
0x87B3 0x0005
0x87B4 0x0141
0x87B5 0x1FA4
0x87B6 0x0007
0x87B7 0x0325
0x87B8 0x1FA8
0x87B9 0x0007
0x87BA 0x0969
0x87BB 0x0824
0x87BC 0x1FA4
0x87BD 0x0007
0x87BE 0x0A65
0x87BF 0x1FA0
0x87C0 0x0004
0x87C1 0x0221
0x87C2 0x0FAC
0x87C3 0x9A31
0x87C4 0x0B60
0x87C5 0x1FA0
0x87C6 0x0003
0x87C7 0x0FAC
0x87C8 0x9A32
0x87C9 0x0B61
0x87CA 0x0FAC
0x87CB 0x9A32
0x87CC 0x0B60
0x87CD 0x1FA0
0x87CE 0x0004
0x87CF 0x0FAC
0x87D0 0x9A31
0x87D1 0x0B61
0x87D2 0x0FAC
0x87D3 0x9A32
0x87D4 0x0B60
0x87D5 0x1FA0
0x87D6 0x0003
0x87D7 0x0FAC
0x87D8 0x9A33
0x87D9 0x0B61
0x87DA 0x0FAC
0x87DB 0x9A33
0x87DC 0x0B60
0x87DD 0x1FA0
0x87DE 0x0004
0x87DF 0x0FAC
0x87E0 0x9A32
0x87E1 0x0B61
0x87E2 0x0FAC
0x87E3 0x9A33
0x87E4 0x0B60
0x87E5 0x1FA0
0x87E6 0x0003
0x87E7 0x0221
0x87E8 0x0FAC
0x87E9 0x9A31
0x87EA 0x0FB0
0x87EB 0x9A2F
0x87EC 0x0B71
0x87ED 0x0FAC
0x87EE 0x9A33
0x87EF 0x0FB0
0x87F0 0x9A30
0x87F1 0x0B71
0x87F2 0x3FB8
0x87F3 0x0100
0x87F4 0x0DBC
0x87F5 0xB820
0x87F6 0xFF80
0x87F7 0x8510
0x87F8 0xCFA0
0x87F9 0x0001
0x87FA 0xFFA3
0x87FB 0x0008
0x87FC 0xCFA0
0x87FD 0x0000
0x87FE 0xFFA3
0x87FF 0x0004
0x8800 0xCFA0
0x8801 0x0002
0x8802 0xFFAB
0x8803 0x0004
0x8804 0x0FA4
0x8805 0x0001
0x8806 0xFFA0
0x8807 0x0001
0x8808 0xB924
0x8809 0x0920
0x880A 0x0DBC
0x880B 0x0037
0x880C 0x0137
0x880D 0x0804
0x880E 0x0D20
0x880F 0x1FA0
0x8810 0x0003
0x8811 0x0800
0x8812 0x0FAC
0x8813 0x9A32
0x8814 0x0B60
0x8815 0x0124
0x8816 0x0028
0x8817 0xFF90
0x8818 0x881C
0x8819 0x0D84
0x881A 0x0D80
0x881B 0x0DBC
0x881C 0x1FB8
0x881D 0x0100
0x881E 0x3FB4
0x881F 0x0024
0x8820 0x0D30
0x8821 0x1FB0
0x8822 0x0023
0x8823 0x0831
0x8824 0x0935
0x8825 0x0A10
0x8826 0xB514
0x8827 0x0D6C
0x8828 0xCFAD
0x8829 0x0000
0x882A 0xFFA3
0x882B 0x0536
0x882C 0x0D30
0x882D 0x1FB0
0x882E 0x0006
0x882F 0x0D2C
0x8830 0x1FAC
0x8831 0x000B
0x8832 0x0B31
0x8833 0x0D30
0x8834 0x1FB0
0x8835 0x0007
0x8836 0x0D2C
0x8837 0x1FAC
0x8838 0x001A
0x8839 0x0B31
0x883A 0x0D30
0x883B 0x1FB0
0x883C 0x0008
0x883D 0x0D2C
0x883E 0x1FAC
0x883F 0x001A
0x8840 0x0B31
0x8841 0x0D6C
0x8842 0xCFAD
0x8843 0x0025
0x8844 0xFFAB
0x8845 0x0503
0x8846 0x0D30
0x8847 0x1FB0
0x8848 0x001C
0x8849 0x0FB1
0x884A 0x0000
0x884B 0x0F98
0x884C 0xFFFF
0x884D 0x0D30
0x884E 0x1FB0
0x884F 0x001E
0x8850 0x0FB1
0x8851 0x0000
0x8852 0x0F88
0x8853 0x0069
0x8854 0x0D2C
0x8855 0x1FAC
0x8856 0x0006
0x8857 0x0D30
0x8858 0x1FB0
0x8859 0x0005
0x885A 0x0B71
0x885B 0xB30C
0x885C 0xB71C
0x885D 0x0D44
0x885E 0x1F84
0x885F 0x0001
0x8860 0xFF90
0x8861 0x9444
0x8862 0x0D30
0x8863 0x1FB0
0x8864 0x0004
0x8865 0x0831
0x8866 0x0D30
0x8867 0x1FB0
0x8868 0x0002
0x8869 0x0231
0x886A 0x0F88
0x886B 0x8D6A
0x886C 0xBA28
0x886D 0x0200
0x886E 0x0D2C
0x886F 0x1FAC
0x8870 0x001E
0x8871 0x0B48
0x8872 0xC141
0x8873 0xFFAB
0x8874 0x000B
0x8875 0x0A20
0x8876 0x0837
0x8877 0x0FA0
0x8878 0x0001
0x8879 0xCD34
0x887A 0x5DA0
0x887B 0xA808
0x887C 0x1F84
0x887D 0x0001
0x887E 0xFFA0
0x887F 0x0008
0x8880 0x1FA8
0x8881 0x0001
0x8882 0x1F80
0x8883 0x0001
0x8884 0xCFA8
0x8885 0x0005
0x8886 0xFFA4
0x8887 0xFFEA
0x8888 0x0D30
0x8889 0x1FB0
0x888A 0x001E
0x888B 0x0231
0x888C 0x0F88
0x888D 0x8D6A
0x888E 0xCFA8
0x888F 0x0005
0x8890 0xFFA4
0x8891 0xFFDA
0x8892 0x0D2C
0x8893 0x1FAC
0x8894 0x0002
0x8895 0x0B48
0x8896 0xCF85
0x8897 0x002A
0x8898 0xFFAB
0x8899 0x002B
0x889A 0x1F84
0x889B 0x0001
0x889C 0x1F90
0x889D 0x0001
0x889E 0x0420
0x889F 0x3FA0
0x88A0 0x0001
0x88A1 0x0D30
0x88A2 0x1FB0
0x88A3 0x0002
0x88A4 0x0871
0x88A5 0x0D2C
0x88A6 0x1FAC
0x88A7 0x0002
0x88A8 0xCFAD
0x88A9 0x0000
0x88AA 0xFFAD
0x88AB 0x0010
0x88AC 0x0D30
0x88AD 0x1FB0
0x88AE 0x001E
0x88AF 0xAFB1
0x88B0 0x0004
0x88B1 0xB820
0x88B2 0x0D2C
0x88B3 0x1FAC
0x88B4 0x0002
0x88B5 0x3B60
0x88B6 0x0D30
0x88B7 0x1FB0
0x88B8 0x001C
0x88B9 0x0831
0x88BA 0xFFA0
0x88BB 0x0031
0x88BC 0x0D2C
0x88BD 0x1FAC
0x88BE 0x0002
0x88BF 0x0D30
0x88C0 0x1FB0
0x88C1 0x001C
0x88C2 0x0B71
0x88C3 0xFFA0
0x88C4 0x0028
0x88C5 0x0160
0x88C6 0x1FA0
0x88C7 0x9341
0x88C8 0x0860
0x88C9 0x9FA0
0x88CA 0x0004
0x88CB 0xFFA3
0x88CC 0x0020
0x88CD 0x0FA8
0x88CE 0x9341
0x88CF 0x0D2C
0x88D0 0x1FAC
0x88D1 0x001C
0x88D2 0x0B40
0x88D3 0x0FB0
0x88D4 0xFF1B
0x88D5 0x0032
0x88D6 0x0FB2
0x88D7 0x000A
0x88D8 0x0FAC
0x88D9 0xFF1F
0x88DA 0x0FAD
0x88DB 0x0000
0x88DC 0x0C60
0x88DD 0x01A4
0x88DE 0x3FA4
0x88DF 0x0030
0x88E0 0x0900
0x88E1 0x1800
0x88E2 0x0160
0x88E3 0x1A20
0x88E4 0x0860
0x88E5 0x9FA0
0x88E6 0x0004
0x88E7 0xFFAB
0x88E8 0xFFEA
0x88E9 0x0D30
0x88EA 0x1FB0
0x88EB 0x001C
0x88EC 0x0031
0x88ED 0x0D2C
0x88EE 0x1FAC
0x88EF 0x0004
0x88F0 0x0B6C
0x88F1 0x0B40
0x88F2 0xC045
0x88F3 0xFFAB
0x88F4 0x003F
0x88F5 0x1F84
0x88F6 0x0001
0x88F7 0xCF85
0x88F8 0x002A
0x88F9 0xFFAB
0x88FA 0x0018
0x88FB 0x1F84
0x88FC 0x0001
0x88FD 0x1F90
0x88FE 0x0001
0x88FF 0x0420
0x8900 0x3FA0
0x8901 0x0001
0x8902 0x0D30
0x8903 0x1FB0
0x8904 0x0002
0x8905 0x0871
0x8906 0x0D2C
0x8907 0x1FAC
0x8908 0x0002
0x8909 0xCFAD
0x890A 0x0000
0x890B 0xFFA5
0x890C 0x0027
0x890D 0x0D2C
0x890E 0x1FAC
0x890F 0x0002
0x8910 0x0B58
0x8911 0xFFA0
0x8912 0x0021
0x8913 0xB618
0x8914 0x0160
0x8915 0x1FA0
0x8916 0x9341
0x8917 0x0860
0x8918 0x9FA0
0x8919 0x0004
0x891A 0xFFA3
0x891B 0x0018
0x891C 0x0FA8
0x891D 0x9341
0x891E 0x0FB0
0x891F 0xFF1B
0x8920 0x0632
0x8921 0x0FB2
0x8922 0x000A
0x8923 0x0FAC
0x8924 0xFF1F
0x8925 0x0FAD
0x8926 0x0000
0x8927 0x0C60
0x8928 0x01A4
0x8929 0x3FA4
0x892A 0x0030
0x892B 0x0918
0x892C 0x1818
0x892D 0x0160
0x892E 0x1A20
0x892F 0x0860
0x8930 0x9FA0
0x8931 0x0004
0x8932 0xFFAB
0x8933 0xFFEA
0x8934 0xCF85
0x8935 0x0068
0x8936 0xFFA3
0x8937 0x0014
0x8938 0xCF85
0x8939 0x006C
0x893A 0xFFA3
0x893B 0x0010
0x893C 0xCF85
0x893D 0x004C
0x893E 0xFFA3
0x893F 0x000C
0x8940 0xCF85
0x8941 0x006A
0x8942 0xFFA3
0x8943 0x0008
0x8944 0xCF85
0x8945 0x007A
0x8946 0xFFA3
0x8947 0x0004
0x8948 0xCF85
0x8949 0x0074
0x894A 0xFFAB
0x894B 0x0001
0x894C 0x0188
0x894D 0xCF88
0x894E 0x0068
0x894F 0xFFAB
0x8950 0x0008
0x8951 0xCF85
0x8952 0x0068
0x8953 0xFFAB
0x8954 0x0004
0x8955 0x0F88
0x8956 0x0002
0x8957 0x1F84
0x8958 0x0001
0x8959 0xCF88
0x895A 0x006C
0x895B 0xFFAB
0x895C 0x0008
0x895D 0xCF85
0x895E 0x006C
0x895F 0xFFAB
0x8960 0x0004
0x8961 0x0F88
0x8962 0x0001
0x8963 0x1F84
0x8964 0x0001
0x8965 0xCF88
0x8966 0x006A
0x8967 0xFFAB
0x8968 0x0002
0x8969 0x0F88
0x896A 0x0001
0x896B 0xCF88
0x896C 0x007A
0x896D 0xFFAB
0x896E 0x0002
0x896F 0x0F88
0x8970 0x006C
0x8971 0xCF88
0x8972 0x0074
0x8973 0xFFAB
0x8974 0x0002
0x8975 0x0F88
0x8976 0x0069
0x8977 0x01A8
0x8978 0xCFA8
0x8979 0x0025
0x897A 0xFFA3
0x897B 0x024D
0x897C 0xCFA8
0x897D 0x0058
0x897E 0xFFA3
0x897F 0x0023
0x8980 0xCFA8
0x8981 0x0063
0x8982 0xFFA3
0x8983 0x01FF
0x8984 0xCFA8
0x8985 0x0064
0x8986 0xFFA3
0x8987 0x001B
0x8988 0xCFA8
0x8989 0x0069
0x898A 0xFFA3
0x898B 0x0017
0x898C 0xCFA8
0x898D 0x006E
0x898E 0xFFA3
0x898F 0x0243
0x8990 0x0A20
0x8991 0x3FA0
0x8992 0x006F
0x8993 0xC83E
0x8994 0x0001
0x8995 0xFFAC
0x8996 0x000C
0x8997 0xCFA8
0x8998 0x0073
0x8999 0xFFA3
0x899A 0x0205
0x899B 0xCFA8
0x899C 0x0075
0x899D 0xFFA3
0x899E 0x0004
0x899F 0xCFA8
0x89A0 0x0078
0x89A1 0xFFAB
0x89A2 0x026F
0x89A3 0xCFA8
0x89A4 0x0070
0x89A5 0xFFAB
0x89A6 0x0009
0x89A7 0x0F88
0x89A8 0x006C
0x89A9 0x0FA8
0x89AA 0x0078
0x89AB 0x0D30
0x89AC 0x1FB0
0x89AD 0x001E
0x89AE 0xAFB1
0x89AF 0x0001
0x89B0 0xCFA8
0x89B1 0x0064
0x89B2 0xFFA3
0x89B3 0x0004
0x89B4 0xCFA8
0x89B5 0x0069
0x89B6 0xFFAB
0x89B7 0x0095
0x89B8 0xCF88
0x89B9 0x0001
0x89BA 0xFFAB
0x89BB 0x000A
0x89BC 0x1F90
0x89BD 0x0002
0x89BE 0x0420
0x89BF 0x3FA0
0x89C0 0x0002
0x89C1 0x0D30
0x89C2 0x08B2
0x89C3 0x08B2
0x89C4 0xFFA0
0x89C5 0x003B
0x89C6 0xCF88
0x89C7 0x006C
0x89C8 0xFFAB
0x89C9 0x000A
0x89CA 0x1F90
0x89CB 0x0002
0x89CC 0x0420
0x89CD 0x3FA0
0x89CE 0x0002
0x89CF 0x0D30
0x89D0 0x08B2
0x89D1 0x08B2
0x89D2 0xFFA0
0x89D3 0x002D
0x89D4 0x1F90
0x89D5 0x0001
0x89D6 0x0420
0x89D7 0x3FA0
0x89D8 0x0001
0x89D9 0x0D30
0x89DA 0x086C
0x89DB 0x0B32
0x89DC 0x0FB1
0x89DD 0x0000
0x89DE 0x0B2C
0x89DF 0xFFAC
0x89E0 0x0002
0x89E1 0x3FB1
0x89E2 0x0001
0x89E3 0xCF88
0x89E4 0x0068
0x89E5 0xFFAB
0x89E6 0x000B
0x89E7 0x0D2C
0x89E8 0x0B60
0x89E9 0x0D30
0x89EA 0x0832
0x89EB 0x0FB1
0x89EC 0x0000
0x89ED 0x0820
0x89EE 0xFFAC
0x89EF 0x0002
0x89F0 0x3FB1
0x89F1 0x0001
0x89F2 0xCF88
0x89F3 0x0002
0x89F4 0xFFAB
0x89F5 0x000B
0x89F6 0x0D2C
0x89F7 0x0B60
0x89F8 0x0D30
0x89F9 0x0832
0x89FA 0x0FB1
0x89FB 0x0000
0x89FC 0x0820
0x89FD 0xFFAC
0x89FE 0x0002
0x89FF 0x3FB1
0x8A00 0x0001
0x8A01 0x0D2C
0x8A02 0x1FAC
0x8A03 0x0001
0x8A04 0xCFAD
0x8A05 0x0000
0x8A06 0xFFA5
0x8A07 0x000A
0x8A08 0xCFAD
0x8A09 0x0000
0x8A0A 0xFFAB
0x8A0B 0x0019
0x8A0C 0x3FAC
0x8A0D 0x0001
0x8A0E 0xCFAD
0x8A0F 0x0000
0x8A10 0xFFAC
0x8A11 0x0013
0x8A12 0x0F8C
0x8A13 0x0001
0x8A14 0x0D30
0x8A15 0x1FB0
0x8A16 0x001A
0x8A17 0x0FB1
0x8A18 0x002D
0x8A19 0xB820
0x8A1A 0xB924
0x8A1B 0x0D2C
0x8A1C 0x3BA0
0x8A1D 0x4BA4
0x8A1E 0x0D30
0x8A1F 0x1FB0
0x8A20 0x0002
0x8A21 0x0832
0x8A22 0x0932
0x8A23 0xFFA0
0x8A24 0x00B5
0x8A25 0x0D2C
0x8A26 0x1FAC
0x8A27 0x001E
0x8A28 0x0B60
0x8A29 0x9FA0
0x8A2A 0x0010
0x8A2B 0xFFA3
0x8A2C 0x0009
0x8A2D 0x0F8C
0x8A2E 0x0001
0x8A2F 0x0D30
0x8A30 0x1FB0
0x8A31 0x001A
0x8A32 0x0FB1
0x8A33 0x002B
0x8A34 0xFFA0
0x8A35 0x000F
0x8A36 0x0D2C
0x8A37 0x1FAC
0x8A38 0x001E
0x8A39 0x0B60
0x8A3A 0x9FA0
0x8A3B 0x0008
0x8A3C 0xFFA3
0x8A3D 0x0007
0x8A3E 0x0F8C
0x8A3F 0x0001
0x8A40 0x0D30
0x8A41 0x1FB0
0x8A42 0x001A
0x8A43 0x0FB1
0x8A44 0x0020
0x8A45 0x0D2C
0x8A46 0x0D30
0x8A47 0x1FB0
0x8A48 0x0002
0x8A49 0x0BB2
0x8A4A 0x0BB2
0x8A4B 0xFFA0
0x8A4C 0x008D
0x8A4D 0xCF88
0x8A4E 0x0001
0x8A4F 0xFFAB
0x8A50 0x000C
0x8A51 0x1F90
0x8A52 0x0002
0x8A53 0x0420
0x8A54 0x3FA0
0x8A55 0x0002
0x8A56 0x0D30
0x8A57 0x1FB0
0x8A58 0x0002
0x8A59 0x08B2
0x8A5A 0x08B2
0x8A5B 0xFFA0
0x8A5C 0x001B
0x8A5D 0xCF88
0x8A5E 0x006C
0x8A5F 0xFFAB
0x8A60 0x000C
0x8A61 0x1F90
0x8A62 0x0002
0x8A63 0x0420
0x8A64 0x3FA0
0x8A65 0x0002
0x8A66 0x0D30
0x8A67 0x1FB0
0x8A68 0x0002
0x8A69 0x08B2
0x8A6A 0x08B2
0x8A6B 0xFFA0
0x8A6C 0x000B
0x8A6D 0x1F90
0x8A6E 0x0001
0x8A6F 0x0420
0x8A70 0x3FA0
0x8A71 0x0001
0x8A72 0x0D30
0x8A73 0x1FB0
0x8A74 0x0002
0x8A75 0x0872
0x8A76 0x0FB1
0x8A77 0x0000
0x8A78 0xCF88
0x8A79 0x0068
0x8A7A 0xFFAB
0x8A7B 0x000A
0x8A7C 0x0D2C
0x8A7D 0x1FAC
0x8A7E 0x0002
0x8A7F 0x0B60
0x8A80 0x0D30
0x8A81 0x1FB0
0x8A82 0x0002
0x8A83 0x0832
0x8A84 0x0FB1
0x8A85 0x0000
0x8A86 0xCF88
0x8A87 0x0002
0x8A88 0xFFAB
0x8A89 0x000A
0x8A8A 0x0D2C
0x8A8B 0x1FAC
0x8A8C 0x0002
0x8A8D 0x0B60
0x8A8E 0x0D30
0x8A8F 0x1FB0
0x8A90 0x0002
0x8A91 0x0832
0x8A92 0x0FB1
0x8A93 0x0000
0x8A94 0x0D2C
0x8A95 0x1FAC
0x8A96 0x001E
0x8A97 0x0B60
0x8A98 0x9FA0
0x8A99 0x0001
0x8A9A 0xFFA3
0x8A9B 0x003E
0x8A9C 0xCFA8
0x8A9D 0x006F
0x8A9E 0xFFAB
0x8A9F 0x0016
0x8AA0 0xCF98
0x8AA1 0x0000
0x8AA2 0xFFAB
0x8AA3 0x000B
0x8AA4 0x0D2C
0x8AA5 0x1FAC
0x8AA6 0x0002
0x8AA7 0xCBBE
0x8AA8 0x0000
0x8AA9 0xFFAB
0x8AAA 0x0004
0x8AAB 0xCBBE
0x8AAC 0x0000
0x8AAD 0xFFA3
0x8AAE 0x0007
0x8AAF 0x0F8C
0x8AB0 0x0001
0x8AB1 0x0D30
0x8AB2 0x1FB0
0x8AB3 0x001A
0x8AB4 0x0FB1
0x8AB5 0x0030
0x8AB6 0xCFA8
0x8AB7 0x0078
0x8AB8 0xFFA3
0x8AB9 0x0004
0x8ABA 0xCFA8
0x8ABB 0x0058
0x8ABC 0xFFAB
0x8ABD 0x001C
0x8ABE 0x0D2C
0x8ABF 0x1FAC
0x8AC0 0x0002
0x8AC1 0xCBBE
0x8AC2 0x0000
0x8AC3 0xFFAB
0x8AC4 0x0004
0x8AC5 0xCBBE
0x8AC6 0x0000
0x8AC7 0xFFA3
0x8AC8 0x0011
0x8AC9 0x0D2C
0x8ACA 0x1FAC
0x8ACB 0x0007
0x8ACC 0x0B60
0x8ACD 0x1320
0x8ACE 0x1F8C
0x8ACF 0x0001
0x8AD0 0x0FA1
0x8AD1 0x0030
0x8AD2 0x0D2C
0x8AD3 0x1FAC
0x8AD4 0x0007
0x8AD5 0x0B60
0x8AD6 0x1320
0x8AD7 0x1F8C
0x8AD8 0x0001
0x8AD9 0x0A21
0x8ADA 0x0D2C
0x8ADB 0x1FAC
0x8ADC 0x0008
0x8ADD 0x0D30
0x8ADE 0x1FB0
0x8ADF 0x0005
0x8AE0 0x0B71
0x8AE1 0xCFA8
0x8AE2 0x0078
0x8AE3 0xFFA3
0x8AE4 0x0004
0x8AE5 0xCFA8
0x8AE6 0x0058
0x8AE7 0xFFAB
0x8AE8 0x0007
0x8AE9 0x0D30
0x8AEA 0x1FB0
0x8AEB 0x0020
0x8AEC 0x0FB1
0x8AED 0x0010
0x8AEE 0xFFA0
0x8AEF 0x000E
0x8AF0 0xCFA8
0x8AF1 0x006F
0x8AF2 0xFFAB
0x8AF3 0x0004
0x8AF4 0x0FB5
0x8AF5 0x0008
0x8AF6 0xFFA0
0x8AF7 0x0002
0x8AF8 0x0FB5
0x8AF9 0x000A
0x8AFA 0x0D30
0x8AFB 0x1FB0
0x8AFC 0x0020
0x8AFD 0x0D71
0x8AFE 0xCFA8
0x8AFF 0x0058
0x8B00 0xFFA3
0x8B01 0x0007
0x8B02 0x0D30
0x8B03 0x1FB0
0x8B04 0x0009
0x8B05 0x0FB1
0x8B06 0x8D6F
0x8B07 0xFFA0
0x8B08 0x0005
0x8B09 0x0D30
0x8B0A 0x1FB0
0x8B0B 0x0009
0x8B0C 0x0FB1
0x8B0D 0x8D7F
0x8B0E 0x0D2C
0x8B0F 0x1FAC
0x8B10 0x0020
0x8B11 0xB924
0x8B12 0x0B60
0x8B13 0xFFAC
0x8B14 0x0002
0x8B15 0x3FA4
0x8B16 0x0001
0x8B17 0x0D30
0x8B18 0x1FB0
0x8B19 0x0021
0x8B1A 0x0832
0x8B1B 0x0932
0x8B1C 0x0135
0x8B1D 0x0D30
0x8B1E 0x1FB0
0x8B1F 0x001F
0x8B20 0x0331
0x8B21 0x0D30
0x8B22 0x1FB0
0x8B23 0x0004
0x8B24 0x0431
0x8B25 0x0D30
0x8B26 0x1FB0
0x8B27 0x000A
0x8B28 0x0531
0x8B29 0x0D30
0x8B2A 0x1FB0
0x8B2B 0x001D
0x8B2C 0x0631
0x8B2D 0x0D2C
0x8B2E 0x1FAC
0x8B2F 0x0002
0x8B30 0x0B90
0x8B31 0x0B94
0x8B32 0x0D2C
0x8B33 0x1FAC
0x8B34 0x0005
0x8B35 0x0B58
0x8B36 0x0D2C
0x8B37 0x1FAC
0x8B38 0x0023
0x8B39 0x0BF7
0x8B3A 0x0BF7
0x8B3B 0x0400
0x8B3C 0x0504
0x8B3D 0x0020
0x8B3E 0x0124
0x8B3F 0xFF90
0x8B40 0x92D2
0x8B41 0x0808
0x8B42 0x090C
0x8B43 0x0D2C
0x8B44 0x1FAC
0x8B45 0x000B
0x8B46 0x0B60
0x8B47 0x1220
0x8B48 0x085B
0x8B49 0x0D2C
0x8B4A 0x1FAC
0x8B4B 0x0025
0x8B4C 0x0BF7
0x8B4D 0x0BF7
0x8B4E 0x0020
0x8B4F 0x0124
0x8B50 0xFF90
0x8B51 0x926A
0x8B52 0x0810
0x8B53 0x0914
0x8B54 0x1F9C
0x8B55 0x0001
0x8B56 0x1FB4
0x8B57 0x0004
0x8B58 0xC43E
0x8B59 0x0000
0x8B5A 0xFFAB
0x8B5B 0xFFDA
0x8B5C 0xC53E
0x8B5D 0x0000
0x8B5E 0xFFAB
0x8B5F 0xFFD6
0x8B60 0x0D30
0x8B61 0x1FB0
0x8B62 0x0005
0x8B63 0x0631
0x8B64 0x0D2C
0x8B65 0x1FAC
0x8B66 0x001D
0x8B67 0x0B58
0x8B68 0x0D2C
0x8B69 0x1FAC
0x8B6A 0x000A
0x8B6B 0x0B54
0x8B6C 0x0D2C
0x8B6D 0x1FAC
0x8B6E 0x0004
0x8B6F 0x0B50
0x8B70 0x0D2C
0x8B71 0x1FAC
0x8B72 0x001F
0x8B73 0x0B4C
0x8B74 0x0D44
0x8B75 0xCF98
0x8B76 0xFFFF
0x8B77 0xFFAB
0x8B78 0x0003
0x8B79 0xB618
0x8B7A 0xFFA0
0x8B7B 0x00A9
0x8B7C 0x0D30
0x8B7D 0x1FB0
0x8B7E 0x001E
0x8B7F 0x9FB1
0x8B80 0xFFFD
0x8B81 0xFFA0
0x8B82 0x00A2
0x8B83 0xCF88
0x8B84 0x006C
0x8B85 0xFFAB
0x8B86 0x000B
0x8B87 0x1F90
0x8B88 0x0002
0x8B89 0x0420
0x8B8A 0x3FA0
0x8B8B 0x0002
0x8B8C 0x0D30
0x8B8D 0x1FB0
0x8B8E 0x000B
0x8B8F 0x0871
0x8B90 0xFFA0
0x8B91 0x0009
0x8B92 0x1F90
0x8B93 0x0001
0x8B94 0x0420
0x8B95 0x3FA0
0x8B96 0x0001
0x8B97 0x0D30
0x8B98 0x1FB0
0x8B99 0x000B
0x8B9A 0x0871
0x8B9B 0x0F9C
0x8B9C 0x0001
0x8B9D 0xB618
0x8B9E 0xFFA0
0x8B9F 0x0085
0x8BA0 0x1F90
0x8BA1 0x0001
0x8BA2 0x0420
0x8BA3 0x3FA0
0x8BA4 0x0001
0x8BA5 0x0D30
0x8BA6 0x1FB0
0x8BA7 0x0005
0x8BA8 0x0871
0x8BA9 0x0D2C
0x8BAA 0x1FAC
0x8BAB 0x0005
0x8BAC 0x0B75
0x8BAD 0xB71C
0x8BAE 0x0D2C
0x8BAF 0x1FAC
0x8BB0 0x0005
0x8BB1 0x0B6C
0x8BB2 0xCFAD
0x8BB3 0x0000
0x8BB4 0xFFA3
0x8BB5 0x0010
0x8BB6 0x0D68
0x8BB7 0x1F9C
0x8BB8 0x0001
0x8BB9 0x1FA8
0x8BBA 0x0001
0x8BBB 0xC63E
0x8BBC 0x0000
0x8BBD 0xFFAC
0x8BBE 0x0003
0x8BBF 0xC61C
0x8BC0 0xFFAC
0x8BC1 0x0004
0x8BC2 0xCFA9
0x8BC3 0x0000
0x8BC4 0xFFAB
0x8BC5 0xFFF1
0x8BC6 0xB618
0x8BC7 0xFFA0
0x8BC8 0x005C
0x8BC9 0x0D30
0x8BCA 0x1FB0
0x8BCB 0x0005
0x8BCC 0x0FB1
0x8BCD 0x8D68
0x8BCE 0x0F9C
0x8BCF 0x0001
0x8BD0 0xB618
0x8BD1 0xFFA0
0x8BD2 0x0052
0x8BD3 0x1F90
0x8BD4 0x0001
0x8BD5 0xCF88
0x8BD6 0x0001
0x8BD7 0xFFAB
0x8BD8 0x0009
0x8BD9 0x0420
0x8BDA 0x3FA0
0x8BDB 0x0001
0x8BDC 0x0860
0x8BDD 0x0522
0x8BDE 0x0FA1
0x8BDF 0x0000
0x8BE0 0xFFA0
0x8BE1 0x0028
0x8BE2 0xCF88
0x8BE3 0x006C
0x8BE4 0xFFAB
0x8BE5 0x0009
0x8BE6 0x0420
0x8BE7 0x3FA0
0x8BE8 0x0001
0x8BE9 0x0860
0x8BEA 0x0522
0x8BEB 0x0FA1
0x8BEC 0x0000
0x8BED 0xFFA0
0x8BEE 0x001B
0x8BEF 0xCF88
0x8BF0 0x0068
0x8BF1 0xFFAB
0x8BF2 0x0007
0x8BF3 0x0420
0x8BF4 0x3FA0
0x8BF5 0x0001
0x8BF6 0x0860
0x8BF7 0x0521
0x8BF8 0xFFA0
0x8BF9 0x0010
0x8BFA 0xCF88
0x8BFB 0x0002
0x8BFC 0xFFAB
0x8BFD 0x0007
0x8BFE 0x0420
0x8BFF 0x3FA0
0x8C00 0x0001
0x8C01 0x0860
0x8C02 0x0521
0x8C03 0xFFA0
0x8C04 0x0005
0x8C05 0x0420
0x8C06 0x3FA0
0x8C07 0x0001
0x8C08 0x0860
0x8C09 0x0521
0x8C0A 0xB618
0x8C0B 0x0D30
0x8C0C 0x1FB0
0x8C0D 0x001C
0x8C0E 0x0FB1
0x8C0F 0x0000
0x8C10 0xFFA0
0x8C11 0x0013
0x8C12 0xCFA8
0x8C13 0x0000
0x8C14 0xFFAB
0x8C15 0x0002
0x8C16 0x3F84
0x8C17 0x0001
0x8C18 0x0D30
0x8C19 0x1FB0
0x8C1A 0x0005
0x8C1B 0x0D71
0x8C1C 0x0120
0x8C1D 0x3D60
0x8C1E 0x081C
0x8C1F 0xB618
0x8C20 0x0D30
0x8C21 0x1FB0
0x8C22 0x001C
0x8C23 0x0FB1
0x8C24 0x0000
0x8C25 0xC61C
0x8C26 0xFFA4
0x8C27 0x0003
0x8C28 0x0735
0x8C29 0xFFA0
0x8C2A 0x0001
0x8C2B 0x0635
0x8C2C 0x0D30
0x8C2D 0x1FB0
0x8C2E 0x0002
0x8C2F 0x0D71
0x8C30 0x1331
0x8C31 0x0D2C
0x8C32 0x1FAC
0x8C33 0x0002
0x8C34 0x0D30
0x8C35 0x1FB0
0x8C36 0x001C
0x8C37 0xCC6D
0x8C38 0xFFA4
0x8C39 0x0007
0x8C3A 0x0D30
0x8C3B 0x1FB0
0x8C3C 0x0004
0x8C3D 0x0FB1
0x8C3E 0x0000
0x8C3F 0xFFA0
0x8C40 0x000B
0x8C41 0x0D2C
0x8C42 0x1FAC
0x8C43 0x001C
0x8C44 0x0D30
0x8C45 0x1FB0
0x8C46 0x0004
0x8C47 0x0B71
0x8C48 0x0D2C
0x8C49 0x1FAC
0x8C4A 0x0002
0x8C4B 0x3B71
0x8C4C 0x0D2C
0x8C4D 0x1FAC
0x8C4E 0x001E
0x8C4F 0x0D30
0x8C50 0x1FB0
0x8C51 0x0002
0x8C52 0x0B71
0x8C53 0x9FB1
0x8C54 0x0002
0x8C55 0x0D2C
0x8C56 0x1FAC
0x8C57 0x0002
0x8C58 0xCFAD
0x8C59 0x0000
0x8C5A 0xFFA3
0x8C5B 0x0021
0x8C5C 0xB000
0x8C5D 0xC33E
0x8C5E 0x0000
0x8C5F 0xFFAC
0x8C60 0x001C
0x8C61 0x0D2C
0x8C62 0x1FAC
0x8C63 0x0007
0x8C64 0x0B75
0x8C65 0x0D48
0x8C66 0x0260
0x8C67 0x0D2C
0x8C68 0x1FAC
0x8C69 0x0023
0x8C6A 0x0B64
0x8C6B 0xFF90
0x8C6C 0x85D9
0x8C6D 0xCFA0
0x8C6E 0xFFFF
0x8C6F 0xFFAB
0x8C70 0x0003
0x8C71 0x0520
0x8C72 0xFFA0
0x8C73 0x00EF
0x8C74 0x1F94
0x8C75 0x0001
0x8C76 0x1F80
0x8C77 0x0001
0x8C78 0x1F88
0x8C79 0x0001
0x8C7A 0xC300
0x8C7B 0xFFA4
0x8C7C 0xFFE9
0x8C7D 0x0D2C
0x8C7E 0x1FAC
0x8C7F 0x001E
0x8C80 0x0D30
0x8C81 0x1FB0
0x8C82 0x0009
0x8C83 0x0B71
0x8C84 0x9FB1
0x8C85 0x0004
0x8C86 0x0D2C
0x8C87 0x1FAC
0x8C88 0x0009
0x8C89 0xCFAD
0x8C8A 0x0000
0x8C8B 0xFFAB
0x8C8C 0x002D
0x8C8D 0xB000
0x8C8E 0x0D30
0x8C8F 0x1FB0
0x8C90 0x0004
0x8C91 0xCC7E
0x8C92 0x0000
0x8C93 0xFFAC
0x8C94 0x0025
0x8C95 0x0D2C
0x8C96 0x1FAC
0x8C97 0x0002
0x8C98 0xCFAD
0x8C99 0x0000
0x8C9A 0xFFA3
0x8C9B 0x0004
0x8C9C 0x0FA8
0x8C9D 0x0030
0x8C9E 0xFFA0
0x8C9F 0x0002
0x8CA0 0x0FA8
0x8CA1 0x0020
0x8CA2 0x0A20
0x8CA3 0x0D2C
0x8CA4 0x1FAC
0x8CA5 0x0023
0x8CA6 0x0B64
0x8CA7 0xFF90
0x8CA8 0x85D9
0x8CA9 0xCFA0
0x8CAA 0xFFFF
0x8CAB 0xFFAB
0x8CAC 0x0003
0x8CAD 0x0520
0x8CAE 0xFFA0
0x8CAF 0x00B3
0x8CB0 0x1F94
0x8CB1 0x0001
0x8CB2 0x1F80
0x8CB3 0x0001
0x8CB4 0x0D30
0x8CB5 0x1FB0
0x8CB6 0x0004
0x8CB7 0xCC40
0x8CB8 0xFFA4
0x8CB9 0xFFDB
0x8CBA 0x0D2C
0x8CBB 0x1FAC
0x8CBC 0x0002
0x8CBD 0xCFAD
0x8CBE 0x0000
0x8CBF 0xFFAB
0x8CC0 0x0021
0x8CC1 0xB000
0x8CC2 0xC33E
0x8CC3 0x0000
0x8CC4 0xFFAC
0x8CC5 0x001C
0x8CC6 0x0D2C
0x8CC7 0x1FAC
0x8CC8 0x0007
0x8CC9 0x0B75
0x8CCA 0x0D48
0x8CCB 0x0260
0x8CCC 0x0D2C
0x8CCD 0x1FAC
0x8CCE 0x0023
0x8CCF 0x0B64
0x8CD0 0xFF90
0x8CD1 0x85D9
0x8CD2 0xCFA0
0x8CD3 0xFFFF
0x8CD4 0xFFAB
0x8CD5 0x0003
0x8CD6 0x0520
0x8CD7 0xFFA0
0x8CD8 0x008A
0x8CD9 0x1F94
0x8CDA 0x0001
0x8CDB 0x1F80
0x8CDC 0x0001
0x8CDD 0x1F88
0x8CDE 0x0001
0x8CDF 0xC300
0x8CE0 0xFFA4
0x8CE1 0xFFE9
0x8CE2 0x0700
0x8CE3 0xC61C
0x8CE4 0xFFAC
0x8CE5 0x0016
0x8CE6 0x0FA0
0x8CE7 0x0030
0x8CE8 0x0D2C
0x8CE9 0x1FAC
0x8CEA 0x0023
0x8CEB 0x0B64
0x8CEC 0xFF90
0x8CED 0x85D9
0x8CEE 0xCFA0
0x8CEF 0xFFFF
0x8CF0 0xFFAB
0x8CF1 0x0003
0x8CF2 0x0520
0x8CF3 0xFFA0
0x8CF4 0x006E
0x8CF5 0x1F94
0x8CF6 0x0001
0x8CF7 0x1F80
0x8CF8 0x0001
0x8CF9 0xC600
0x8CFA 0xFFA4
0x8CFB 0xFFEA
0x8CFC 0xB000
0x8CFD 0xC73E
0x8CFE 0x0000
0x8CFF 0xFFAC
0x8D00 0x001C
0x8D01 0x0D2C
0x8D02 0x1FAC
0x8D03 0x0005
0x8D04 0x0B75
0x8D05 0x0D48
0x8D06 0x0260
0x8D07 0x0D2C
0x8D08 0x1FAC
0x8D09 0x0023
0x8D0A 0x0B64
0x8D0B 0xFF90
0x8D0C 0x85D9
0x8D0D 0xCFA0
0x8D0E 0xFFFF
0x8D0F 0xFFAB
0x8D10 0x0003
0x8D11 0x0520
0x8D12 0xFFA0
0x8D13 0x004F
0x8D14 0x1F94
0x8D15 0x0001
0x8D16 0x1F80
0x8D17 0x0001
0x8D18 0x1F88
0x8D19 0x0001
0x8D1A 0xC700
0x8D1B 0xFFA4
0x8D1C 0xFFE9
0x8D1D 0x0D2C
0x8D1E 0x1FAC
0x8D1F 0x0009
0x8D20 0xCFAD
0x8D21 0x0000
0x8D22 0xFFA3
0x8D23 0x0022
0x8D24 0xB000
0x8D25 0x0D30
0x8D26 0x1FB0
0x8D27 0x0004
0x8D28 0xCC7E
0x8D29 0x0000
0x8D2A 0xFFAC
0x8D2B 0x001A
0x8D2C 0x0D2C
0x8D2D 0x1FAC
0x8D2E 0x0004
0x8D2F 0x0B48
0x8D30 0x0FA0
0x8D31 0x0020
0x8D32 0x0D2C
0x8D33 0x1FAC
0x8D34 0x0023
0x8D35 0x0B64
0x8D36 0xFF90
0x8D37 0x85D9
0x8D38 0xCFA0
0x8D39 0xFFFF
0x8D3A 0xFFAB
0x8D3B 0x0003
0x8D3C 0x0520
0x8D3D 0xFFA0
0x8D3E 0x0024
0x8D3F 0x1F94
0x8D40 0x0001
0x8D41 0x1F80
0x8D42 0x0001
0x8D43 0xC200
0x8D44 0xFFA4
0x8D45 0xFFEA
0x8D46 0x0135
0x8D47 0xFFA0
0x8D48 0x0014
0x8D49 0x0D6C
0x8D4A 0x0B64
0x8D4B 0x1FB5
0x8D4C 0x0001
0x8D4D 0x0920
0x8D4E 0x0D2C
0x8D4F 0x1FAC
0x8D50 0x0023
0x8D51 0x0B64
0x8D52 0xFF90
0x8D53 0x85D9
0x8D54 0xCFA0
0x8D55 0xFFFF
0x8D56 0xFFAB
0x8D57 0x0003
0x8D58 0x0520
0x8D59 0xFFA0
0x8D5A 0x0008
0x8D5B 0x1F94
0x8D5C 0x0001
0x8D5D 0x0D6C
0x8D5E 0xCFAD
0x8D5F 0x0000
0x8D60 0xFFAB
0x8D61 0xFADF
0x8D62 0x0520
0x8D63 0x1FB4
0x8D64 0x0024
0x8D65 0x3FB8
0x8D66 0x0100
0x8D67 0x0DBC
0x8D68 0x0025
0x8D69 0x0000
0x8D6A 0x0023
0x8D6B 0x0030
0x8D6C 0x002D
0x8D6D 0x0020
0x8D6E 0x002B
0x8D6F 0x0030
0x8D70 0x0031
0x8D71 0x0032
0x8D72 0x0033
0x8D73 0x0034
0x8D74 0x0035
0x8D75 0x0036
0x8D76 0x0037
0x8D77 0x0038
0x8D78 0x0039
0x8D79 0x0061
0x8D7A 0x0062
0x8D7B 0x0063
0x8D7C 0x0064
0x8D7D 0x0065
0x8D7E 0x0066
0x8D7F 0x0030
0x8D80 0x0031
0x8D81 0x0032
0x8D82 0x0033
0x8D83 0x0034
0x8D84 0x0035
0x8D85 0x0036
0x8D86 0x0037
0x8D87 0x0038
0x8D88 0x0039
0x8D89 0x0041
0x8D8A 0x0042
0x8D8B 0x0043
0x8D8C 0x0044
0x8D8D 0x0045
0x8D8E 0x0046
0x8D8F 0x1FB8
0x8D90 0x0100
0x8D91 0x0814
0x8D92 0x090C
0x8D93 0x0A08
0x8D94 0xBA28
0x8D95 0xC33E
0x8D96 0x0000
0x8D97 0xFFAD
0x8D98 0x001B
0x8D99 0x0520
0x8D9A 0x1FA0
0x8D9B 0x0001
0x8D9C 0x0224
0x8D9D 0x8924
0x8D9E 0x1FA4
0x8D9F 0x0009
0x8DA0 0x0910
0x8DA1 0x0500
0x8DA2 0x0804
0x8DA3 0x0060
0x8DA4 0xCD34
0x8DA5 0x5220
0x8DA6 0x9FA0
0x8DA7 0x00FF
0x8DA8 0x01A4
0x8DA9 0xAD34
0x8DAA 0x6424
0x8DAB 0x0901
0x8DAC 0xA801
0x8DAD 0x1FA8
0x8DAE 0x0001
0x8DAF 0x1F80
0x8DB0 0x0001
0x8DB1 0xC328
0x8DB2 0xFFA5
0x8DB3 0xFFEF
0x8DB4 0x0500
0x8DB5 0x1A00
0x8DB6 0x0060
0x8DB7 0xCD34
0x8DB8 0x5220
0x8DB9 0x0801
0x8DBA 0x9F81
0x8DBB 0x00FF
0x8DBC 0x3FB8
0x8DBD 0x0100
0x8DBE 0x0DBC
0x8DBF 0x1FB8
0x8DC0 0x0100
0x8DC1 0x3FB4
0x8DC2 0x0020
0x8DC3 0x0D30
0x8DC4 0x1FB0
0x8DC5 0x0002
0x8DC6 0x0831
0x8DC7 0x0D30
0x8DC8 0x1FB0
0x8DC9 0x0003
0x8DCA 0x0931
0x8DCB 0x0D30
0x8DCC 0x1FB0
0x8DCD 0x000A
0x8DCE 0x0A31
0x8DCF 0x0D30
0x8DD0 0x1FB0
0x8DD1 0x0009
0x8DD2 0x0D2C
0x8DD3 0x1FAC
0x8DD4 0x000D
0x8DD5 0x0B31
0x8DD6 0x0D30
0x8DD7 0x1FB0
0x8DD8 0x0008
0x8DD9 0x0D2C
0x8DDA 0x1FAC
0x8DDB 0x0012
0x8DDC 0x0B31
0x8DDD 0x0D30
0x8DDE 0x1FB0
0x8DDF 0x000C
0x8DE0 0x0D2C
0x8DE1 0x1FAC
0x8DE2 0x0017
0x8DE3 0x0B31
0x8DE4 0x0D2C
0x8DE5 0x1FAC
0x8DE6 0x000A
0x8DE7 0xCFAD
0x8DE8 0x0000
0x8DE9 0xFFAB
0x8DEA 0x0035
0x8DEB 0x0D2C
0x8DEC 0x1FAC
0x8DED 0x0021
0x8DEE 0xCFAD
0x8DEF 0x0000
0x8DF0 0xFFAB
0x8DF1 0x002E
0x8DF2 0x0D2C
0x8DF3 0x1FAC
0x8DF4 0x0022
0x8DF5 0xCFAD
0x8DF6 0x0000
0x8DF7 0xFFA3
0x8DF8 0x0012
0x8DF9 0x0D2C
0x8DFA 0x1FAC
0x8DFB 0x0002
0x8DFC 0x0B75
0x8DFD 0x0D2C
0x8DFE 0x1FAC
0x8DFF 0x0003
0x8E00 0x0D30
0x8E01 0x1FB0
0x8E02 0x0001
0x8E03 0x0B71
0x8E04 0x0D2C
0x8E05 0x0D30
0x8E06 0x1FB0
0x8E07 0x0022
0x8E08 0x0C70
0x8E09 0x0BB2
0x8E0A 0x0BB2
0x8E0B 0x0FB0
0x8E0C 0xFF1B
0x8E0D 0x0FB2
0x8E0E 0x0001
0x8E0F 0x0FAC
0x8E10 0x9269
0x8E11 0x0B72
0x8E12 0x0FAC
0x8E13 0xFF1F
0x8E14 0x0FAD
0x8E15 0x0002
0x8E16 0x0C75
0x8E17 0x0D30
0x8E18 0x1FB0
0x8E19 0x0001
0x8E1A 0x0D71
0x8E1B 0x0D2C
0x8E1C 0x0BA0
0x8E1D 0x0BA4
0x8E1E 0xFFA0
0x8E1F 0x0444
0x8E20 0x0D2C
0x8E21 0x1FAC
0x8E22 0x0003
0x8E23 0x0D30
0x8E24 0x1FB0
0x8E25 0x0021
0x8E26 0xCC6D
0x8E27 0xFFA4
0x8E28 0x0012
0x8E29 0x0D2C
0x8E2A 0x1FAC
0x8E2B 0x0003
0x8E2C 0x0D30
0x8E2D 0x1FB0
0x8E2E 0x0021
0x8E2F 0xCC6D
0x8E30 0xFFAB
0x8E31 0x0026
0x8E32 0x0D2C
0x8E33 0x1FAC
0x8E34 0x0002
0x8E35 0x0D30
0x8E36 0x1FB0
0x8E37 0x000A
0x8E38 0xCC6D
0x8E39 0xFFAC
0x8E3A 0x001D
0x8E3B 0x0D2C
0x8E3C 0x1FAC
0x8E3D 0x0022
0x8E3E 0xCFAD
0x8E3F 0x0000
0x8E40 0xFFA3
0x8E41 0x0012
0x8E42 0x0D2C
0x8E43 0x1FAC
0x8E44 0x0002
0x8E45 0x0B75
0x8E46 0x0D2C
0x8E47 0x1FAC
0x8E48 0x0003
0x8E49 0x0D30
0x8E4A 0x1FB0
0x8E4B 0x0001
0x8E4C 0x0B71
0x8E4D 0x0D2C
0x8E4E 0x0D30
0x8E4F 0x1FB0
0x8E50 0x0022
0x8E51 0x0C70
0x8E52 0x0BB2
0x8E53 0x0BB2
0x8E54 0xB820
0x8E55 0xB924
0x8E56 0xFFA0
0x8E57 0x040C
0x8E58 0x0D30
0x8E59 0x1FB0
0x8E5A 0x000D
0x8E5B 0x0FB1
0x8E5C 0x0000
0x8E5D 0x0D2C
0x8E5E 0x1FAC
0x8E5F 0x0003
0x8E60 0x0B60
0x8E61 0xAD34
0x8E62 0x6FA0
0x8E63 0x0008
0x8E64 0x0D2C
0x8E65 0x1FAC
0x8E66 0x0009
0x8E67 0x0B75
0x8E68 0x1FB5
0x8E69 0x0001
0x8E6A 0x0D70
0x8E6B 0x0831
0x8E6C 0x0D2C
0x8E6D 0x1FAC
0x8E6E 0x0003
0x8E6F 0x0B60
0x8E70 0x9FA0
0x8E71 0x00FF
0x8E72 0x0D2C
0x8E73 0x1FAC
0x8E74 0x0009
0x8E75 0x0D30
0x8E76 0x1FB0
0x8E77 0x0004
0x8E78 0x0B71
0x8E79 0x1FB1
0x8E7A 0x0002
0x8E7B 0x0D30
0x8E7C 0x1FB0
0x8E7D 0x0004
0x8E7E 0x0C70
0x8E7F 0x0831
0x8E80 0x0D2C
0x8E81 0x1FAC
0x8E82 0x0002
0x8E83 0x0B60
0x8E84 0xAD34
0x8E85 0x6FA0
0x8E86 0x0008
0x8E87 0x0D2C
0x8E88 0x1FAC
0x8E89 0x0009
0x8E8A 0x0D30
0x8E8B 0x1FB0
0x8E8C 0x0005
0x8E8D 0x0B71
0x8E8E 0x1FB1
0x8E8F 0x0003
0x8E90 0x0D30
0x8E91 0x1FB0
0x8E92 0x0005
0x8E93 0x0C70
0x8E94 0x0831
0x8E95 0x0D2C
0x8E96 0x1FAC
0x8E97 0x0002
0x8E98 0x0B60
0x8E99 0x9FA0
0x8E9A 0x00FF
0x8E9B 0x0D2C
0x8E9C 0x1FAC
0x8E9D 0x0009
0x8E9E 0x0D30
0x8E9F 0x1FB0
0x8EA0 0x0006
0x8EA1 0x0B71
0x8EA2 0x1FB1
0x8EA3 0x0004
0x8EA4 0x0D30
0x8EA5 0x1FB0
0x8EA6 0x0006
0x8EA7 0x0C70
0x8EA8 0x0831
0x8EA9 0x0D2C
0x8EAA 0x1FAC
0x8EAB 0x0021
0x8EAC 0x0B60
0x8EAD 0xAD34
0x8EAE 0x6FA0
0x8EAF 0x0008
0x8EB0 0x0D2C
0x8EB1 0x1FAC
0x8EB2 0x0008
0x8EB3 0x0D30
0x8EB4 0x1FB0
0x8EB5 0x0007
0x8EB6 0x0B71
0x8EB7 0x1FB1
0x8EB8 0x0001
0x8EB9 0x0D30
0x8EBA 0x1FB0
0x8EBB 0x0007
0x8EBC 0x0C70
0x8EBD 0x0831
0x8EBE 0x0D2C
0x8EBF 0x1FAC
0x8EC0 0x0021
0x8EC1 0x0B64
0x8EC2 0x9FA4
0x8EC3 0x00FF
0x8EC4 0x0D2C
0x8EC5 0x1FAC
0x8EC6 0x0008
0x8EC7 0x0B60
0x8EC8 0x1FA0
0x8EC9 0x0002
0x8ECA 0x0921
0x8ECB 0x0D2C
0x8ECC 0x1FAC
0x8ECD 0x000A
0x8ECE 0x0B64
0x8ECF 0xAD34
0x8ED0 0x6FA4
0x8ED1 0x0008
0x8ED2 0x0D2C
0x8ED3 0x1FAC
0x8ED4 0x0008
0x8ED5 0x0B60
0x8ED6 0x1FA0
0x8ED7 0x0003
0x8ED8 0x0921
0x8ED9 0x0D2C
0x8EDA 0x1FAC
0x8EDB 0x000A
0x8EDC 0x0B64
0x8EDD 0x9FA4
0x8EDE 0x00FF
0x8EDF 0x0D2C
0x8EE0 0x1FAC
0x8EE1 0x0008
0x8EE2 0x0B60
0x8EE3 0x1FA0
0x8EE4 0x0004
0x8EE5 0x0921
0x8EE6 0x0F98
0x8EE7 0x0004
0x8EE8 0x0D2C
0x8EE9 0x1FAC
0x8EEA 0x0007
0x8EEB 0x0B6C
0x8EEC 0xCFAD
0x8EED 0x0000
0x8EEE 0xFFAB
0x8EEF 0x00BA
0x8EF0 0x0D2C
0x8EF1 0x1FAC
0x8EF2 0x0005
0x8EF3 0x0B5C
0x8EF4 0x0D2C
0x8EF5 0x1FAC
0x8EF6 0x0004
0x8EF7 0x0B54
0x8EF8 0x0D2C
0x8EF9 0x1FAC
0x8EFA 0x0006
0x8EFB 0x0B50
0x8EFC 0x0D2C
0x8EFD 0x1FAC
0x8EFE 0x0007
0x8EFF 0x0B4C
0x8F00 0x0D48
0x8F01 0x3F98
0x8F02 0x0001
0x8F03 0xCF98
0x8F04 0x0001
0x8F05 0xFFAB
0x8F06 0x0094
0x8F07 0x0D2C
0x8F08 0x1FAC
0x8F09 0x0008
0x8F0A 0x0B60
0x8F0B 0x1FA0
0x8F0C 0x0002
0x8F0D 0x0840
0x8F0E 0x0FB0
0x8F0F 0xFF1B
0x8F10 0x0272
0x8F11 0x0032
0x8F12 0x0FAC
0x8F13 0xFF1F
0x8F14 0x0FAD
0x8F15 0x0002
0x8F16 0x0C75
0x8F17 0x0FB0
0x8F18 0xFF1B
0x8F19 0x0272
0x8F1A 0x0032
0x8F1B 0x0FAC
0x8F1C 0xFF1F
0x8F1D 0x0FAD
0x8F1E 0x0002
0x8F1F 0x0FB0
0x8F20 0xFF1E
0x8F21 0x0C60
0x8F22 0xCD34
0x8F23 0x5FA0
0x8F24 0x0008
0x8F25 0x0544
0x8F26 0xA804
0x8F27 0x0FB0
0x8F28 0xFF1B
0x8F29 0x0132
0x8F2A 0x0032
0x8F2B 0x0FAC
0x8F2C 0xFF1F
0x8F2D 0x0FAD
0x8F2E 0x0002
0x8F2F 0x0D2C
0x8F30 0x1FAC
0x8F31 0x0002
0x8F32 0x0C6D
0x8F33 0x0FB0
0x8F34 0xFF1B
0x8F35 0x0132
0x8F36 0x0032
0x8F37 0x0FAC
0x8F38 0xFF1F
0x8F39 0x0FAD
0x8F3A 0x0002
0x8F3B 0x0FB0
0x8F3C 0xFF1E
0x8F3D 0x0C60
0x8F3E 0xCD34
0x8F3F 0x5FA0
0x8F40 0x0008
0x8F41 0x0744
0x8F42 0xA804
0x8F43 0x0FB0
0x8F44 0xFF1B
0x8F45 0x0132
0x8F46 0x0032
0x8F47 0x0FAC
0x8F48 0xFF1F
0x8F49 0x0FAD
0x8F4A 0x0002
0x8F4B 0x0D2C
0x8F4C 0x1FAC
0x8F4D 0x0003
0x8F4E 0x0C6D
0x8F4F 0x0FB0
0x8F50 0xFF1B
0x8F51 0x0132
0x8F52 0x0032
0x8F53 0x0FAC
0x8F54 0xFF1F
0x8F55 0x0FAD
0x8F56 0x0002
0x8F57 0x0FB0
0x8F58 0xFF1E
0x8F59 0x0C60
0x8F5A 0xCD34
0x8F5B 0x5FA0
0x8F5C 0x0008
0x8F5D 0x0444
0x8F5E 0xA804
0x8F5F 0x0FB0
0x8F60 0xFF1B
0x8F61 0x0132
0x8F62 0x0032
0x8F63 0x0FAC
0x8F64 0xFF1F
0x8F65 0x0FAD
0x8F66 0x0002
0x8F67 0x0D2C
0x8F68 0x1FAC
0x8F69 0x0004
0x8F6A 0x0C6D
0x8F6B 0x0D2C
0x8F6C 0x1FAC
0x8F6D 0x0022
0x8F6E 0xCFAD
0x8F6F 0x0000
0x8F70 0xFFA3
0x8F71 0x0012
0x8F72 0x0FB0
0x8F73 0xFF1B
0x8F74 0x0132
0x8F75 0x0032
0x8F76 0x0FAC
0x8F77 0xFF1F
0x8F78 0x0FAD
0x8F79 0x0002
0x8F7A 0x0FB0
0x8F7B 0xFF1E
0x8F7C 0x0C60
0x8F7D 0x0D30
0x8F7E 0x1FB0
0x8F7F 0x0022
0x8F80 0x0C70
0x8F81 0x0832
0x8F82 0x0FB1
0x8F83 0x0000
0x8F84 0x0D68
0x8F85 0xCD34
0x8F86 0x5FA8
0x8F87 0x0008
0x8F88 0x0D2C
0x8F89 0x1FAC
0x8F8A 0x0002
0x8F8B 0xAB68
0x8F8C 0x0D2C
0x8F8D 0x1FAC
0x8F8E 0x0003
0x8F8F 0x0B64
0x8F90 0xCD34
0x8F91 0x5FA4
0x8F92 0x0008
0x8F93 0x0920
0x8F94 0x0D2C
0x8F95 0x1FAC
0x8F96 0x0004
0x8F97 0xAB60
0x8F98 0x0A24
0x8F99 0xFFA0
0x8F9A 0x02C9
0x8F9B 0x0D30
0x8F9C 0x1FB0
0x8F9D 0x0008
0x8F9E 0x0331
0x8F9F 0x1F8C
0x8FA0 0x0001
0x8FA1 0xCF8D
0x8FA2 0x0000
0x8FA3 0xFFA3
0x8FA4 0xFF5C
0x8FA5 0x0235
0x8FA6 0x0D30
0x8FA7 0x1FB0
0x8FA8 0x0007
0x8FA9 0x0331
0x8FAA 0x0D30
0x8FAB 0x1FB0
0x8FAC 0x001D
0x8FAD 0x0FB1
0x8FAE 0x0004
0x8FAF 0x3631
0x8FB0 0x0D30
0x8FB1 0x1FB0
0x8FB2 0x0002
0x8FB3 0x0D71
0x8FB4 0x0D30
0x8FB5 0x1FB0
0x8FB6 0x0003
0x8FB7 0x0D71
0x8FB8 0x0D6C
0x8FB9 0xCFAD
0x8FBA 0x0000
0x8FBB 0xFFAB
0x8FBC 0x001F
0x8FBD 0x0D2C
0x8FBE 0x1FAC
0x8FBF 0x001D
0x8FC0 0x0B48
0x8FC1 0x0D2C
0x8FC2 0x1FAC
0x8FC3 0x0003
0x8FC4 0x0B44
0x8FC5 0x3F88
0x8FC6 0x0001
0x8FC7 0x010C
0x8FC8 0x0100
0x8FC9 0x1F80
0x8FCA 0x0001
0x8FCB 0x0004
0x8FCC 0xCF81
0x8FCD 0x0000
0x8FCE 0xFFA3
0x8FCF 0xFFF5
0x8FD0 0x0D30
0x8FD1 0x1FB0
0x8FD2 0x0002
0x8FD3 0x0031
0x8FD4 0x0D30
0x8FD5 0x1FB0
0x8FD6 0x001D
0x8FD7 0x0231
0x8FD8 0x0D30
0x8FD9 0x1FB0
0x8FDA 0x0009
0x8FDB 0x0331
0x8FDC 0x0F84
0x8FDD 0x0004
0x8FDE 0x0D2C
0x8FDF 0x1FAC
0x8FE0 0x001D
0x8FE1 0x3B44
0x8FE2 0x3F84
0x8FE3 0x0001
0x8FE4 0xFFA4
0x8FE5 0x000F
0x8FE6 0x0D2C
0x8FE7 0x1FAC
0x8FE8 0x000C
0x8FE9 0x0B75
0x8FEA 0x1135
0x8FEB 0xB208
0x8FEC 0x0D40
0x8FED 0x0201
0x8FEE 0x3F84
0x8FEF 0x0001
0x8FF0 0x3F80
0x8FF1 0x0001
0x8FF2 0xC204
0x8FF3 0xFFAD
0x8FF4 0xFFF8
0x8FF5 0x0D30
0x8FF6 0x1FB0
0x8FF7 0x000C
0x8FF8 0x0D2C
0x8FF9 0x1FAC
0x8FFA 0x001D
0x8FFB 0x3B71
0x8FFC 0x0D30
0x8FFD 0x1FB0
0x8FFE 0x000C
0x8FFF 0x1FB1
0x9000 0x0004
0x9001 0x0D30
0x9002 0x1FB0
0x9003 0x001E
0x9004 0x0FB1
0x9005 0x0000
0x9006 0x0D2C
0x9007 0x1FAC
0x9008 0x0007
0x9009 0x0B6C
0x900A 0x0B40
0x900B 0xCF80
0x900C 0x0080
0x900D 0xFFAC
0x900E 0x000F
0x900F 0x0D2C
0x9010 0x1FAC
0x9011 0x001E
0x9012 0x0B44
0x9013 0x1F84
0x9014 0x0001
0x9015 0x1000
0x9016 0xCF80
0x9017 0x0080
0x9018 0xFFA4
0x9019 0xFFF9
0x901A 0x0D30
0x901B 0x1FB0
0x901C 0x001E
0x901D 0x0131
0x901E 0x0D30
0x901F 0x1FB0
0x9020 0x001E
0x9021 0xCC7E
0x9022 0x0000
0x9023 0xFFAD
0x9024 0x001E
0x9025 0x0D2C
0x9026 0x1FAC
0x9027 0x001D
0x9028 0x0B68
0x9029 0x1628
0x902A 0x0D2C
0x902B 0x1FAC
0x902C 0x0009
0x902D 0x0B60
0x902E 0x0A24
0x902F 0x0D2C
0x9030 0x1FAC
0x9031 0x001E
0x9032 0x0B68
0x9033 0xFF90
0x9034 0x8D8F
0x9035 0x0628
0x9036 0x3FA8
0x9037 0x0001
0x9038 0x0D2C
0x9039 0x1FAC
0x903A 0x0007
0x903B 0x0B60
0x903C 0x0A24
0x903D 0x0D2C
0x903E 0x1FAC
0x903F 0x001E
0x9040 0x0B68
0x9041 0xFF90
0x9042 0x8D8F
0x9043 0x0D30
0x9044 0x1FB0
0x9045 0x001F
0x9046 0x0FB1
0x9047 0x0000
0x9048 0x0D2C
0x9049 0x1FAC
0x904A 0x0007
0x904B 0x0B6C
0x904C 0x0B75
0x904D 0x0D2C
0x904E 0x1FAC
0x904F 0x0008
0x9050 0x0B60
0x9051 0x1FA0
0x9052 0x0002
0x9053 0x0D30
0x9054 0x1FB0
0x9055 0x0003
0x9056 0x0871
0x9057 0x0D2C
0x9058 0x1FAC
0x9059 0x0009
0x905A 0x0B60
0x905B 0x1FA0
0x905C 0x0002
0x905D 0x0D2C
0x905E 0x1FAC
0x905F 0x000C
0x9060 0x0D30
0x9061 0x1FB0
0x9062 0x000B
0x9063 0x0B71
0x9064 0x0D2C
0x9065 0x1FAC
0x9066 0x0009
0x9067 0x0B48
0x9068 0x0D2C
0x9069 0x1FAC
0x906A 0x0008
0x906B 0x0D30
0x906C 0x1FB0
0x906D 0x0004
0x906E 0x0B71
0x906F 0x1631
0x9070 0x0D30
0x9071 0x1FB0
0x9072 0x0005
0x9073 0x0831
0x9074 0x0D2C
0x9075 0x1FAC
0x9076 0x0002
0x9077 0x0D30
0x9078 0x1FB0
0x9079 0x0006
0x907A 0x0B71
0x907B 0x0D2C
0x907C 0x1FAC
0x907D 0x0009
0x907E 0x0D30
0x907F 0x1FB0
0x9080 0x000A
0x9081 0x0B71
0x9082 0x1631
0x9083 0x0D30
0x9084 0x1FB0
0x9085 0x001C
0x9086 0x0631
0x9087 0x0D30
0x9088 0x1FB0
0x9089 0x0002
0x908A 0x0271
0x908B 0x0D2C
0x908C 0x1FAC
0x908D 0x0006
0x908E 0x0B6C
0x908F 0x0D30
0x9090 0x1FB0
0x9091 0x0007
0x9092 0x0B71
0x9093 0x0D2C
0x9094 0x1FAC
0x9095 0x0005
0x9096 0x0B6C
0x9097 0x0D30
0x9098 0x1FB0
0x9099 0x0008
0x909A 0x0B71
0x909B 0x0D2C
0x909C 0x1FAC
0x909D 0x0002
0x909E 0xCD6D
0x909F 0xFFAB
0x90A0 0x0008
0x90A1 0x0F84
0x90A2 0x0100
0x90A3 0x0D2C
0x90A4 0x1FAC
0x90A5 0x0007
0x90A6 0x0B5C
0x90A7 0xFFA0
0x90A8 0x0036
0x90A9 0x0D2C
0x90AA 0x1FAC
0x90AB 0x0002
0x90AC 0x0B60
0x90AD 0xCD34
0x90AE 0x5FA0
0x90AF 0x0008
0x90B0 0x0D2C
0x90B1 0x1FAC
0x90B2 0x0007
0x90B3 0xAB60
0x90B4 0x0FB0
0x90B5 0xFF1B
0x90B6 0x0832
0x90B7 0x0D72
0x90B8 0x0FAC
0x90B9 0xFF1F
0x90BA 0x0FAD
0x90BB 0x0002
0x90BC 0x0C44
0x90BD 0x0FB0
0x90BE 0xFF1B
0x90BF 0x0832
0x90C0 0x0D72
0x90C1 0x0FAC
0x90C2 0xFF1F
0x90C3 0x0FAD
0x90C4 0x0002
0x90C5 0x0FB0
0x90C6 0xFF1E
0x90C7 0x0C5C
0x90C8 0x0FB0
0x90C9 0xFF1B
0x90CA 0x0132
0x90CB 0x0D2C
0x90CC 0x1FAC
0x90CD 0x0003
0x90CE 0x0B72
0x90CF 0x0FAC
0x90D0 0xFF1F
0x90D1 0x0FAD
0x90D2 0x0000
0x90D3 0x0C64
0x90D4 0x0720
0x90D5 0xCD34
0x90D6 0x5FA0
0x90D7 0x0008
0x90D8 0x0D2C
0x90D9 0x1FAC
0x90DA 0x0008
0x90DB 0xAB60
0x90DC 0xC920
0x90DD 0xFFAC
0x90DE 0x002A
0x90DF 0x0FB0
0x90E0 0xFF1B
0x90E1 0x0132
0x90E2 0x0D2C
0x90E3 0x1FAC
0x90E4 0x0003
0x90E5 0x0B72
0x90E6 0x0FAC
0x90E7 0xFF1F
0x90E8 0x0FAD
0x90E9 0x0000
0x90EA 0x0D2C
0x90EB 0x1FAC
0x90EC 0x0002
0x90ED 0x0C6D
0x90EE 0x0D2C
0x90EF 0x1FAC
0x90F0 0x0008
0x90F1 0x0B4C
0x90F2 0x0D2C
0x90F3 0x1FAC
0x90F4 0x0002
0x90F5 0x0B40
0x90F6 0x3F84
0x90F7 0x0001
0x90F8 0x0D2C
0x90F9 0x1FAC
0x90FA 0x0003
0x90FB 0x3B40
0x90FC 0x1D5C
0x90FD 0xCF9C
0x90FE 0x0100
0x90FF 0xFFAC
0x9100 0x0008
0x9101 0x0720
0x9102 0xCD34
0x9103 0x5FA0
0x9104 0x0008
0x9105 0xA320
0x9106 0xC020
0x9107 0xFFA4
0x9108 0xFFED
0x9109 0xB000
0x910A 0x0D2C
0x910B 0x1FAC
0x910C 0x001C
0x910D 0x0B50
0x910E 0x0D30
0x910F 0x1FB0
0x9110 0x0007
0x9111 0x0131
0x9112 0x0D30
0x9113 0x1FB0
0x9114 0x001C
0x9115 0xCC7E
0x9116 0x0000
0x9117 0xFFAD
0x9118 0x003E
0x9119 0x0D2C
0x911A 0x1FAC
0x911B 0x0004
0x911C 0x0D30
0x911D 0x1FB0
0x911E 0x0002
0x911F 0x0B71
0x9120 0x0D2C
0x9121 0x1FAC
0x9122 0x000A
0x9123 0x0B4C
0x9124 0x0D30
0x9125 0x1FB0
0x9126 0x0007
0x9127 0x0131
0x9128 0x0D2C
0x9129 0x1FAC
0x912A 0x0002
0x912B 0x0B44
0x912C 0x0FB0
0x912D 0xFF1B
0x912E 0x0172
0x912F 0x0D2C
0x9130 0x1FAC
0x9131 0x0007
0x9132 0x0B72
0x9133 0x0FAC
0x9134 0xFF1F
0x9135 0x0FAD
0x9136 0x0000
0x9137 0x0C60
0x9138 0x8820
0x9139 0x1FA0
0x913A 0x0001
0x913B 0x1360
0x913C 0x8000
0x913D 0x1F80
0x913E 0x0001
0x913F 0x1800
0x9140 0x000D
0x9141 0x9F8D
0x9142 0x00FF
0x9143 0x0020
0x9144 0xAD34
0x9145 0x6FA0
0x9146 0x0008
0x9147 0x8820
0x9148 0x1FA0
0x9149 0x0101
0x914A 0x0800
0x914B 0x9F80
0x914C 0x00FF
0x914D 0x3F90
0x914E 0x0001
0x914F 0x3F8C
0x9150 0x0001
0x9151 0x3F84
0x9152 0x0001
0x9153 0xC43E
0x9154 0x0000
0x9155 0xFFA5
0x9156 0xFFD5
0x9157 0x0D2C
0x9158 0x1FAC
0x9159 0x0007
0x915A 0x0B44
0x915B 0x8000
0x915C 0x1F80
0x915D 0x0001
0x915E 0x1240
0x915F 0x0009
0x9160 0x9F89
0x9161 0x00FF
0x9162 0x0020
0x9163 0xAD34
0x9164 0x6FA0
0x9165 0x0008
0x9166 0xFFA3
0x9167 0x0036
0x9168 0x3F84
0x9169 0x0001
0x916A 0xB000
0x916B 0x0D2C
0x916C 0x1FAC
0x916D 0x001C
0x916E 0x0B50
0x916F 0x0D30
0x9170 0x1FB0
0x9171 0x001C
0x9172 0xCC7E
0x9173 0x0000
0x9174 0xFFAD
0x9175 0x0023
0x9176 0x0D2C
0x9177 0x1FAC
0x9178 0x0004
0x9179 0x0B58
0x917A 0x0D2C
0x917B 0x1FAC
0x917C 0x000A
0x917D 0x0B54
0x917E 0x0D30
0x917F 0x1FB0
0x9180 0x0002
0x9181 0x0531
0x9182 0x0D2C
0x9183 0x1FAC
0x9184 0x0002
0x9185 0x0B4C
0x9186 0x0360
0x9187 0x1660
0x9188 0x1800
0x9189 0x000D
0x918A 0x9F8D
0x918B 0x00FF
0x918C 0xAD34
0x918D 0x6F80
0x918E 0x0008
0x918F 0x3F90
0x9190 0x0001
0x9191 0x3F8C
0x9192 0x0001
0x9193 0x3F98
0x9194 0x0001
0x9195 0xC43E
0x9196 0x0000
0x9197 0xFFA5
0x9198 0xFFED
0x9199 0x0260
0x919A 0x1020
0x919B 0x0809
0x919C 0x9F89
0x919D 0x00FF
0x919E 0x0D30
0x919F 0x1FB0
0x91A0 0x000B
0x91A1 0x0C70
0x91A2 0x0131
0x91A3 0x0D30
0x91A4 0x1FB0
0x91A5 0x001F
0x91A6 0x1FB1
0x91A7 0x0001
0x91A8 0x0D30
0x91A9 0x1FB0
0x91AA 0x0006
0x91AB 0x1FB1
0x91AC 0x0001
0x91AD 0x0D30
0x91AE 0x1FB0
0x91AF 0x0005
0x91B0 0x1FB1
0x91B1 0x0001
0x91B2 0x1F88
0x91B3 0x0001
0x91B4 0x0D30
0x91B5 0x1FB0
0x91B6 0x000A
0x91B7 0x1FB1
0x91B8 0x0001
0x91B9 0x0D30
0x91BA 0x1FB0
0x91BB 0x000B
0x91BC 0x1FB1
0x91BD 0x0001
0x91BE 0x0D2C
0x91BF 0x1FAC
0x91C0 0x001D
0x91C1 0x0D30
0x91C2 0x1FB0
0x91C3 0x001F
0x91C4 0xCC6D
0x91C5 0xFFAD
0x91C6 0xFEC0
0x91C7 0x0D2C
0x91C8 0x1FAC
0x91C9 0x001C
0x91CA 0x0B58
0x91CB 0x0D2C
0x91CC 0x1FAC
0x91CD 0x0022
0x91CE 0xCFAD
0x91CF 0x0000
0x91D0 0xFFA3
0x91D1 0x007A
0x91D2 0x0D2C
0x91D3 0x1FAC
0x91D4 0x001E
0x91D5 0xCFAD
0x91D6 0x0000
0x91D7 0xFFA3
0x91D8 0x0051
0x91D9 0x0D2C
0x91DA 0x1FAC
0x91DB 0x001D
0x91DC 0x0B44
0x91DD 0x1604
0x91DE 0x0D2C
0x91DF 0x1FAC
0x91E0 0x001D
0x91E1 0xC12D
0x91E2 0xFFAD
0x91E3 0x003F
0x91E4 0x0D2C
0x91E5 0x1FAC
0x91E6 0x0009
0x91E7 0x0B60
0x91E8 0x3FA0
0x91E9 0x0001
0x91EA 0x0D2C
0x91EB 0x1FAC
0x91EC 0x001E
0x91ED 0x0B64
0x91EE 0x8924
0x91EF 0x1FA4
0x91F0 0x0009
0x91F1 0x0D30
0x91F2 0x1FB0
0x91F3 0x0003
0x91F4 0x0931
0x91F5 0x0D2C
0x91F6 0x1FAC
0x91F7 0x0009
0x91F8 0x0B75
0x91F9 0x1135
0x91FA 0x0D30
0x91FB 0x1FB0
0x91FC 0x0002
0x91FD 0x0831
0x91FE 0x1131
0x91FF 0x0D2C
0x9200 0x1FAC
0x9201 0x001E
0x9202 0x0B54
0x9203 0x0D2C
0x9204 0x1FAC
0x9205 0x001D
0x9206 0x0B50
0x9207 0x0D2C
0x9208 0x1FAC
0x9209 0x0003
0x920A 0x0B4C
0x920B 0x0D2C
0x920C 0x1FAC
0x920D 0x0002
0x920E 0x0B48
0x920F 0x0D40
0x9210 0x0060
0x9211 0xAD34
0x9212 0x6520
0x9213 0x0264
0x9214 0xCD34
0x9215 0x5324
0x9216 0x9FA4
0x9217 0x00FF
0x9218 0x0901
0x9219 0xA801
0x921A 0x3F84
0x921B 0x0001
0x921C 0x3F88
0x921D 0x0001
0x921E 0x3F80
0x921F 0x0001
0x9220 0xC110
0x9221 0xFFA5
0x9222 0xFFED
0x9223 0x0D2C
0x9224 0x1FAC
0x9225 0x0009
0x9226 0x0B60
0x9227 0x1120
0x9228 0x0FA1
0x9229 0x0000
0x922A 0x0D2C
0x922B 0x1FAC
0x922C 0x000E
0x922D 0x0B60
0x922E 0xCD34
0x922F 0x5FA0
0x9230 0x0008
0x9231 0x0D30
0x9232 0x1FB0
0x9233 0x0001
0x9234 0x0831
0x9235 0x0D2C
0x9236 0x1FAC
0x9237 0x000F
0x9238 0xAB71
0x9239 0x0D2C
0x923A 0x1FAC
0x923B 0x0010
0x923C 0x0B60
0x923D 0xCD34
0x923E 0x5FA0
0x923F 0x0008
0x9240 0x0835
0x9241 0x0D2C
0x9242 0x1FAC
0x9243 0x0011
0x9244 0xAB75
0x9245 0x0D2C
0x9246 0x0D30
0x9247 0x1FB0
0x9248 0x0022
0x9249 0x0C70
0x924A 0x0BB2
0x924B 0x0BB2
0x924C 0x0D2C
0x924D 0x1FAC
0x924E 0x0018
0x924F 0x0B68
0x9250 0xCD34
0x9251 0x5FA8
0x9252 0x0008
0x9253 0x0D2C
0x9254 0x1FAC
0x9255 0x0019
0x9256 0xAB68
0x9257 0x0D2C
0x9258 0x1FAC
0x9259 0x001A
0x925A 0x0B64
0x925B 0xCD34
0x925C 0x5FA4
0x925D 0x0008
0x925E 0x0920
0x925F 0x0D2C
0x9260 0x1FAC
0x9261 0x001B
0x9262 0xAB60
0x9263 0x0A24
0x9264 0x1FB4
0x9265 0x0020
0x9266 0x3FB8
0x9267 0x0100
0x9268 0x0DBC
0x9269 0x0000
0x926A 0x0037
0x926B 0x0137
0x926C 0x0800
0x926D 0x0904
0x926E 0x0FB7
0x926F 0x0000
0x9270 0x0D2C
0x9271 0x1FAC
0x9272 0x0005
0x9273 0x0B77
0x9274 0x0020
0x9275 0x0124
0x9276 0x0D2C
0x9277 0x1FAC
0x9278 0x0005
0x9279 0x0B68
0x927A 0xFF90
0x927B 0x8DBF
0x927C 0x1FB4
0x927D 0x0002
0x927E 0x0D84
0x927F 0x0D80
0x9280 0x0DBC
0x9281 0x1FB8
0x9282 0x0100
0x9283 0x0804
0x9284 0x0900
0x9285 0x0D2C
0x9286 0x1FAC
0x9287 0x0002
0x9288 0x0B54
0x9289 0xB410
0x928A 0x0020
0x928B 0xFFAC
0x928C 0x000E
0x928D 0x0F90
0x928E 0x0001
0x928F 0x8104
0x9290 0x1F84
0x9291 0x0001
0x9292 0x8000
0x9293 0x1F80
0x9294 0x0001
0x9295 0xC13E
0x9296 0x0000
0x9297 0xFFAC
0x9298 0x0002
0x9299 0x3F80
0x929A 0x0001
0x929B 0x0520
0x929C 0xFFAC
0x929D 0x0014
0x929E 0xBF90
0x929F 0x0001
0x92A0 0x0D2C
0x92A1 0x1FAC
0x92A2 0x0001
0x92A3 0x8B6D
0x92A4 0x1FAD
0x92A5 0x0001
0x92A6 0x8514
0x92A7 0x1F94
0x92A8 0x0001
0x92A9 0x0D30
0x92AA 0x1FB0
0x92AB 0x0001
0x92AC 0xCC7E
0x92AD 0x0000
0x92AE 0xFFAC
0x92AF 0x0002
0x92B0 0x3F94
0x92B1 0x0001
0x92B2 0x0FB7
0x92B3 0x0000
0x92B4 0x0537
0x92B5 0x0120
0x92B6 0x0024
0x92B7 0x0D2C
0x92B8 0x1FAC
0x92B9 0x0003
0x92BA 0x0B68
0x92BB 0xFF90
0x92BC 0x8DBF
0x92BD 0x0818
0x92BE 0x091C
0x92BF 0x1FB4
0x92C0 0x0002
0x92C1 0xCF90
0x92C2 0x0000
0x92C3 0xFFA3
0x92C4 0x0006
0x92C5 0xB208
0x92C6 0xB30C
0x92C7 0x3608
0x92C8 0x470C
0x92C9 0xFFA0
0x92CA 0x0002
0x92CB 0x0608
0x92CC 0x070C
0x92CD 0x0220
0x92CE 0x0324
0x92CF 0x3FB8
0x92D0 0x0100
0x92D1 0x0DBC
0x92D2 0x0037
0x92D3 0x0137
0x92D4 0x3FB4
0x92D5 0x0002
0x92D6 0x0800
0x92D7 0x0904
0x92D8 0x0D20
0x92D9 0x0837
0x92DA 0x0D2C
0x92DB 0x1FAC
0x92DC 0x0007
0x92DD 0x0B77
0x92DE 0x0020
0x92DF 0x0124
0x92E0 0x0D2C
0x92E1 0x1FAC
0x92E2 0x0007
0x92E3 0x0B68
0x92E4 0xFF90
0x92E5 0x8DBF
0x92E6 0x0D2C
0x92E7 0x1FAC
0x92E8 0x0002
0x92E9 0x0BA0
0x92EA 0x0BA4
0x92EB 0x1FB4
0x92EC 0x0004
0x92ED 0x0D84
0x92EE 0x0D80
0x92EF 0x0DBC
0x92F0 0x1FB8
0x92F1 0x0100
0x92F2 0x3FB4
0x92F3 0x0002
0x92F4 0x0804
0x92F5 0x0900
0x92F6 0x0D2C
0x92F7 0x1FAC
0x92F8 0x0003
0x92F9 0x0B58
0x92FA 0x0D2C
0x92FB 0x1FAC
0x92FC 0x0004
0x92FD 0x0B50
0x92FE 0x0020
0x92FF 0xFFAC
0x9300 0x0010
0x9301 0x0F94
0x9302 0x0001
0x9303 0x8104
0x9304 0x1F84
0x9305 0x0001
0x9306 0x8000
0x9307 0x1F80
0x9308 0x0001
0x9309 0xC13E
0x930A 0x0000
0x930B 0xFFAC
0x930C 0x0005
0x930D 0x3F80
0x930E 0x0001
0x930F 0xFFA0
0x9310 0x0001
0x9311 0xB514
0x9312 0x0420
0x9313 0xFFAC
0x9314 0x000C
0x9315 0x8618
0x9316 0x1F98
0x9317 0x0001
0x9318 0x8410
0x9319 0x1F90
0x931A 0x0001
0x931B 0xC63E
0x931C 0x0000
0x931D 0xFFAC
0x931E 0x0002
0x931F 0x3F90
0x9320 0x0001
0x9321 0x0D20
0x9322 0x0837
0x9323 0x0437
0x9324 0x0120
0x9325 0x0024
0x9326 0x0628
0x9327 0xFF90
0x9328 0x8DBF
0x9329 0x1FB4
0x932A 0x0002
0x932B 0xCF94
0x932C 0x0000
0x932D 0xFFA3
0x932E 0x0007
0x932F 0xB208
0x9330 0xB30C
0x9331 0x0D2C
0x9332 0x3B88
0x9333 0x4B8C
0x9334 0xFFA0
0x9335 0x0003
0x9336 0x0D2C
0x9337 0x0B88
0x9338 0x0B8C
0x9339 0x0220
0x933A 0x0324
0x933B 0x1FB4
0x933C 0x0002
0x933D 0x3FB8
0x933E 0x0100
0x933F 0x0DBC
0x9340 0x0000
0x9341 0x0020
0x9342 0x0020
0x9343 0x0020
0x9344 0x0020
0x9345 0x0020
0x9346 0x0020
0x9347 0x0020
0x9348 0x0020
0x9349 0x0020
0x934A 0x0028
0x934B 0x0028
0x934C 0x0028
0x934D 0x0028
0x934E 0x0028
0x934F 0x0020
0x9350 0x0020
0x9351 0x0020
0x9352 0x0020
0x9353 0x0020
0x9354 0x0020
0x9355 0x0020
0x9356 0x0020
0x9357 0x0020
0x9358 0x0020
0x9359 0x0020
0x935A 0x0020
0x935B 0x0020
0x935C 0x0020
0x935D 0x0020
0x935E 0x0020
0x935F 0x0020
0x9360 0x0020
0x9361 0x0088
0x9362 0x0010
0x9363 0x0010
0x9364 0x0010
0x9365 0x0010
0x9366 0x0010
0x9367 0x0010
0x9368 0x0010
0x9369 0x0010
0x936A 0x0010
0x936B 0x0010
0x936C 0x0010
0x936D 0x0010
0x936E 0x0010
0x936F 0x0010
0x9370 0x0010
0x9371 0x0004
0x9372 0x0004
0x9373 0x0004
0x9374 0x0004
0x9375 0x0004
0x9376 0x0004
0x9377 0x0004
0x9378 0x0004
0x9379 0x0004
0x937A 0x0004
0x937B 0x0010
0x937C 0x0010
0x937D 0x0010
0x937E 0x0010
0x937F 0x0010
0x9380 0x0010
0x9381 0x0010
0x9382 0x0041
0x9383 0x0041
0x9384 0x0041
0x9385 0x0041
0x9386 0x0041
0x9387 0x0041
0x9388 0x0001
0x9389 0x0001
0x938A 0x0001
0x938B 0x0001
0x938C 0x0001
0x938D 0x0001
0x938E 0x0001
0x938F 0x0001
0x9390 0x0001
0x9391 0x0001
0x9392 0x0001
0x9393 0x0001
0x9394 0x0001
0x9395 0x0001
0x9396 0x0001
0x9397 0x0001
0x9398 0x0001
0x9399 0x0001
0x939A 0x0001
0x939B 0x0001
0x939C 0x0010
0x939D 0x0010
0x939E 0x0010
0x939F 0x0010
0x93A0 0x0010
0x93A1 0x0010
0x93A2 0x0042
0x93A3 0x0042
0x93A4 0x0042
0x93A5 0x0042
0x93A6 0x0042
0x93A7 0x0042
0x93A8 0x0002
0x93A9 0x0002
0x93AA 0x0002
0x93AB 0x0002
0x93AC 0x0002
0x93AD 0x0002
0x93AE 0x0002
0x93AF 0x0002
0x93B0 0x0002
0x93B1 0x0002
0x93B2 0x0002
0x93B3 0x0002
0x93B4 0x0002
0x93B5 0x0002
0x93B6 0x0002
0x93B7 0x0002
0x93B8 0x0002
0x93B9 0x0002
0x93BA 0x0002
0x93BB 0x0002
0x93BC 0x0010
0x93BD 0x0010
0x93BE 0x0010
0x93BF 0x0010
0x93C0 0x0020
0x93C1 0x0000
0x93C2 0x0000
0x93C3 0x0000
0x93C4 0x0000
0x93C5 0x0000
0x93C6 0x0000
0x93C7 0x0000
0x93C8 0x0000
0x93C9 0x0000
0x93CA 0x0000
0x93CB 0x0000
0x93CC 0x0000
0x93CD 0x0000
0x93CE 0x0000
0x93CF 0x0000
0x93D0 0x0000
0x93D1 0x0000
0x93D2 0x0000
0x93D3 0x0000
0x93D4 0x0000
0x93D5 0x0000
0x93D6 0x0000
0x93D7 0x0000
0x93D8 0x0000
0x93D9 0x0000
0x93DA 0x0000
0x93DB 0x0000
0x93DC 0x0000
0x93DD 0x0000
0x93DE 0x0000
0x93DF 0x0000
0x93E0 0x0000
0x93E1 0x0000
0x93E2 0x0000
0x93E3 0x0000
0x93E4 0x0000
0x93E5 0x0000
0x93E6 0x0000
0x93E7 0x0000
0x93E8 0x0000
0x93E9 0x0000
0x93EA 0x0000
0x93EB 0x0000
0x93EC 0x0000
0x93ED 0x0000
0x93EE 0x0000
0x93EF 0x0000
0x93F0 0x0000
0x93F1 0x0000
0x93F2 0x0000
0x93F3 0x0000
0x93F4 0x0000
0x93F5 0x0000
0x93F6 0x0000
0x93F7 0x0000
0x93F8 0x0000
0x93F9 0x0000
0x93FA 0x0000
0x93FB 0x0000
0x93FC 0x0000
0x93FD 0x0000
0x93FE 0x0000
0x93FF 0x0000
0x9400 0x0000
0x9401 0x0000
0x9402 0x0000
0x9403 0x0000
0x9404 0x0000
0x9405 0x0000
0x9406 0x0000
0x9407 0x0000
0x9408 0x0000
0x9409 0x0000
0x940A 0x0000
0x940B 0x0000
0x940C 0x0000
0x940D 0x0000
0x940E 0x0000
0x940F 0x0000
0x9410 0x0000
0x9411 0x0000
0x9412 0x0000
0x9413 0x0000
0x9414 0x0000
0x9415 0x0000
0x9416 0x0000
0x9417 0x0000
0x9418 0x0000
0x9419 0x0000
0x941A 0x0000
0x941B 0x0000
0x941C 0x0000
0x941D 0x0000
0x941E 0x0000
0x941F 0x0000
0x9420 0x0000
0x9421 0x0000
0x9422 0x0000
0x9423 0x0000
0x9424 0x0000
0x9425 0x0000
0x9426 0x0000
0x9427 0x0000
0x9428 0x0000
0x9429 0x0000
0x942A 0x0000
0x942B 0x0000
0x942C 0x0000
0x942D 0x0000
0x942E 0x0000
0x942F 0x0000
0x9430 0x0000
0x9431 0x0000
0x9432 0x0000
0x9433 0x0000
0x9434 0x0000
0x9435 0x0000
0x9436 0x0000
0x9437 0x0000
0x9438 0x0000
0x9439 0x0000
0x943A 0x0000
0x943B 0x0000
0x943C 0x0000
0x943D 0x0000
0x943E 0x0000
0x943F 0x0000
0x9440 0x0000
0x9441 0x0000
0x9442 0x0000
0x9443 0x0000
0x9444 0x0FA0
0x9445 0x9447
0x9446 0x0DBC
0x9447 0x9459
0x9448 0x945B
0x9449 0x945C
0x944A 0x945D
0x944B 0x945E
0x944C 0x945F
0x944D 0x9460
0x944E 0x9461
0x944F 0x9462
0x9450 0x9463
0x9451 0x7FFF
0x9452 0x7FFF
0x9453 0x7FFF
0x9454 0x7FFF
0x9455 0x7FFF
0x9456 0x7FFF
0x9457 0x7FFF
0x9458 0x7FFF
0x9459 0x002E
0x945A 0x0000
0x945B 0x0000
0x945C 0x0000
0x945D 0x0000
0x945E 0x0000
0x945F 0x0000
0x9460 0x0000
0x9461 0x0000
0x9462 0x0000
0x9463 0x0000
0x9464 0x1FB8
0x9465 0x0100
0x9466 0x3FB4
0x9467 0x0007
0x9468 0x0D30
0x9469 0x1FB0
0x946A 0x0002
0x946B 0x0831
0x946C 0x0D30
0x946D 0x1FB0
0x946E 0x0005
0x946F 0x0931
0x9470 0x0D30
0x9471 0x1FB0
0x9472 0x0004
0x9473 0x0A31
0x9474 0x0D2C
0x9475 0x1FAC
0x9476 0x0008
0x9477 0x0B58
0x9478 0x0D2C
0x9479 0x1FAC
0x947A 0x0005
0x947B 0x0FB0
0x947C 0xFF1B
0x947D 0x0B72
0x947E 0x0D2C
0x947F 0x1FAC
0x9480 0x0004
0x9481 0x0B72
0x9482 0x0FAC
0x9483 0xFF1F
0x9484 0x0FAD
0x9485 0x0000
0x9486 0x0C50
0x9487 0x0D2C
0x9488 0x1FAC
0x9489 0x0002
0x948A 0x0B44
0x948B 0xCF98
0x948C 0x0000
0x948D 0xFFA3
0x948E 0x0004
0x948F 0xCF90
0x9490 0x0000
0x9491 0xFFAB
0x9492 0x0003
0x9493 0xB820
0x9494 0xFFA0
0x9495 0x0168
0x9496 0x060C
0x9497 0x1F8C
0x9498 0x0006
0x9499 0x0360
0x949A 0x9FA0
0x949B 0x002A
0x949C 0xCFA0
0x949D 0x0020
0x949E 0xFFA3
0x949F 0x0003
0x94A0 0xB820
0x94A1 0xFFA0
0x94A2 0x015B
0x94A3 0x0360
0x94A4 0x9FA0
0x94A5 0x4000
0x94A6 0xFFA3
0x94A7 0x0028
0x94A8 0xB208
0x94A9 0xC43E
0x94AA 0x0000
0x94AB 0xFFAC
0x94AC 0x001D
0x94AD 0x0D2C
0x94AE 0x1FAC
0x94AF 0x0005
0x94B0 0x0B4C
0x94B1 0x0620
0x94B2 0xFF90
0x94B3 0x984A
0x94B4 0x0800
0x94B5 0xCF80
0x94B6 0xFFFF
0x94B7 0xFFAB
0x94B8 0x000B
0x94B9 0x0FB0
0x94BA 0xFF1B
0x94BB 0x0232
0x94BC 0x0332
0x94BD 0x0FAC
0x94BE 0xFF1F
0x94BF 0x0FAD
0x94C0 0x0002
0x94C1 0x0C60
0x94C2 0xFFA0
0x94C3 0x013A
0x94C4 0x0006
0x94C5 0x1F88
0x94C6 0x0001
0x94C7 0xC408
0x94C8 0xFFA4
0x94C9 0xFFE7
0x94CA 0x0D20
0x94CB 0x1FA0
0x94CC 0x0004
0x94CD 0x0860
0x94CE 0xFFA0
0x94CF 0x012E
0x94D0 0xAF8D
0x94D1 0x0001
0x94D2 0x061C
0x94D3 0x1F9C
0x94D4 0x0007
0x94D5 0xCF9D
0x94D6 0x0000
0x94D7 0xFFAB
0x94D8 0x000B
0x94D9 0x0360
0x94DA 0x9FA0
0x94DB 0x0004
0x94DC 0xFFA3
0x94DD 0x0004
0x94DE 0x0F9D
0x94DF 0x0001
0x94E0 0xFFA0
0x94E1 0x0002
0x94E2 0x0F9D
0x94E3 0x0040
0x94E4 0x0635
0x94E5 0x1FB5
0x94E6 0x0002
0x94E7 0x0D6C
0x94E8 0xCFAD
0x94E9 0x0000
0x94EA 0xFFAB
0x94EB 0x0038
0x94EC 0x0360
0x94ED 0x9FA0
0x94EE 0x0080
0x94EF 0xFFA3
0x94F0 0x0007
0x94F1 0x0D30
0x94F2 0x1FB0
0x94F3 0x0006
0x94F4 0x0FB1
0x94F5 0x0002
0x94F6 0xFFA0
0x94F7 0x0005
0x94F8 0x0D30
0x94F9 0x1FB0
0x94FA 0x0006
0x94FB 0x0FB1
0x94FC 0x0001
0x94FD 0x0764
0x94FE 0x0D2C
0x94FF 0x1FAC
0x9500 0x0006
0x9501 0x1B64
0x9502 0x0920
0x9503 0xFF90
0x9504 0x82E5
0x9505 0x0D30
0x9506 0x1FB0
0x9507 0x0003
0x9508 0x0831
0x9509 0x0D2C
0x950A 0x1FAC
0x950B 0x0003
0x950C 0xCFAD
0x950D 0x0000
0x950E 0xFFAB
0x950F 0x0003
0x9510 0xB820
0x9511 0xFFA0
0x9512 0x00EB
0x9513 0x0D2C
0x9514 0x1FAC
0x9515 0x0003
0x9516 0x0B64
0x9517 0x1FA4
0x9518 0x0001
0x9519 0x0D70
0x951A 0x0931
0x951B 0x0620
0x951C 0x1FA0
0x951D 0x0001
0x951E 0x0921
0x951F 0x0620
0x9520 0x1FA0
0x9521 0x0005
0x9522 0x0FA1
0x9523 0x0000
0x9524 0x0614
0x9525 0x1F94
0x9526 0x0005
0x9527 0x0548
0x9528 0xFFA3
0x9529 0x002F
0x952A 0xC408
0x952B 0xFFA4
0x952C 0x0016
0x952D 0x0600
0x952E 0x1F80
0x952F 0x0001
0x9530 0x0068
0x9531 0x0D2C
0x9532 0x1FAC
0x9533 0x0002
0x9534 0x0B60
0x9535 0x0A24
0x9536 0x0428
0x9537 0xFF90
0x9538 0x84E2
0x9539 0x1401
0x953A 0x0560
0x953B 0x3420
0x953C 0x0815
0x953D 0x0D20
0x953E 0x1FA0
0x953F 0x0004
0x9540 0x0860
0x9541 0xFFA0
0x9542 0x00BB
0x9543 0x0600
0x9544 0x1F80
0x9545 0x0001
0x9546 0x0068
0x9547 0x0D2C
0x9548 0x1FAC
0x9549 0x0002
0x954A 0x0B60
0x954B 0x0A24
0x954C 0x0228
0x954D 0xFF90
0x954E 0x84E2
0x954F 0x3210
0x9550 0x0D2C
0x9551 0x1FAC
0x9552 0x0002
0x9553 0x0B44
0x9554 0x1204
0x9555 0x0F95
0x9556 0x0000
0x9557 0x0D6C
0x9558 0x0B41
0x9559 0x0760
0x955A 0xC810
0x955B 0xFFAC
0x955C 0x004D
0x955D 0x0620
0x955E 0xFF90
0x955F 0x97A7
0x9560 0x0806
0x9561 0x0360
0x9562 0x9FA0
0x9563 0x0008
0x9564 0xFFA3
0x9565 0x000E
0x9566 0x0FB0
0x9567 0xFF1B
0x9568 0x0232
0x9569 0x0D2C
0x956A 0x1FAC
0x956B 0x0005
0x956C 0x0B72
0x956D 0x0FAC
0x956E 0xFF1F
0x956F 0x0FAD
0x9570 0x0002
0x9571 0x0C60
0x9572 0xFFA0
0x9573 0x008A
0x9574 0x3F90
0x9575 0x0001
0x9576 0x1F88
0x9577 0x0001
0x9578 0x0575
0x9579 0xC435
0x957A 0xFFA4
0x957B 0x0013
0x957C 0x0600
0x957D 0x1F80
0x957E 0x0001
0x957F 0x0068
0x9580 0x0120
0x9581 0x0A24
0x9582 0x0428
0x9583 0xFF90
0x9584 0x84E2
0x9585 0x1401
0x9586 0x0560
0x9587 0x3420
0x9588 0x0815
0x9589 0x0D20
0x958A 0x1FA0
0x958B 0x0004
0x958C 0x0860
0x958D 0xFFA0
0x958E 0x006F
0x958F 0x0628
0x9590 0x1FA8
0x9591 0x0001
0x9592 0x0A68
0x9593 0x0120
0x9594 0x0A24
0x9595 0x0D68
0x9596 0xFF90
0x9597 0x84E2
0x9598 0x0560
0x9599 0x1808
0x959A 0x0F95
0x959B 0x0000
0x959C 0x0FB0
0x959D 0xFF1B
0x959E 0x0232
0x959F 0x0D2C
0x95A0 0x1FAC
0x95A1 0x0005
0x95A2 0x0B72
0x95A3 0x0FAC
0x95A4 0xFF1F
0x95A5 0x0FAD
0x95A6 0x0002
0x95A7 0x0C60
0x95A8 0xFFA0
0x95A9 0x0054
0x95AA 0x0660
0x95AB 0x0124
0x95AC 0x0428
0x95AD 0xFF90
0x95AE 0x9603
0x95AF 0x0D30
0x95B0 0x0832
0x95B1 0x0FB1
0x95B2 0x0000
0x95B3 0x0820
0x95B4 0xFFAC
0x95B5 0x0002
0x95B6 0x3FB1
0x95B7 0x0001
0x95B8 0x0D2C
0x95B9 0xCBBE
0x95BA 0xFFFF
0x95BB 0xFFAB
0x95BC 0x0014
0x95BD 0xCBBE
0x95BE 0xFFFF
0x95BF 0xFFAB
0x95C0 0x0010
0x95C1 0xAF8D
0x95C2 0x0010
0x95C3 0x0FB0
0x95C4 0xFF1B
0x95C5 0x0232
0x95C6 0x0D2C
0x95C7 0x1FAC
0x95C8 0x0005
0x95C9 0x0B72
0x95CA 0x0FAC
0x95CB 0xFF1F
0x95CC 0x0FAD
0x95CD 0x0002
0x95CE 0x0C60
0x95CF 0xFFA0
0x95D0 0x002D
0x95D1 0xB924
0x95D2 0x0420
0x95D3 0x0D2C
0x95D4 0x1FAC
0x95D5 0x0001
0x95D6 0xC92D
0x95D7 0xFFA5
0x95D8 0x0008
0x95D9 0xC92D
0x95DA 0xFFAB
0x95DB 0x001E
0x95DC 0x3FAC
0x95DD 0x0001
0x95DE 0xC82D
0x95DF 0xFFAC
0x95E0 0x0019
0x95E1 0xAF8D
0x95E2 0x0008
0x95E3 0xB104
0x95E4 0x0200
0x95E5 0x0D2C
0x95E6 0x1B80
0x95E7 0x2B84
0x95E8 0x0D2C
0x95E9 0x1FAC
0x95EA 0x0005
0x95EB 0xB924
0x95EC 0x0B60
0x95ED 0x0937
0x95EE 0x0837
0x95EF 0x0020
0x95F0 0x0124
0x95F1 0xFF90
0x95F2 0x9281
0x95F3 0x0800
0x95F4 0x0904
0x95F5 0x0020
0x95F6 0x1FB4
0x95F7 0x0002
0x95F8 0xFFA0
0x95F9 0x0004
0x95FA 0x0D20
0x95FB 0x1FA0
0x95FC 0x0004
0x95FD 0x0860
0x95FE 0x1FB4
0x95FF 0x0007
0x9600 0x3FB8
0x9601 0x0100
0x9602 0x0DBC
0x9603 0x1FB8
0x9604 0x0100
0x9605 0x3FB4
0x9606 0x0002
0x9607 0x0814
0x9608 0x0904
0x9609 0x0A10
0x960A 0xCF94
0x960B 0x0000
0x960C 0xFFAB
0x960D 0x0081
0x960E 0x0FAC
0x960F 0x9A15
0x9610 0xCFAD
0x9611 0x0000
0x9612 0xFFA3
0x9613 0x0007
0x9614 0x0FAC
0x9615 0x9A16
0x9616 0x0B6C
0x9617 0xCFAD
0x9618 0x0000
0x9619 0xFFAB
0x961A 0x0048
0x961B 0x0FAC
0x961C 0x9A15
0x961D 0xCFAD
0x961E 0x0000
0x961F 0xFFA3
0x9620 0x0005
0x9621 0x0FAC
0x9622 0x9A15
0x9623 0x0B60
0x9624 0xFF90
0x9625 0x8386
0x9626 0x0FA0
0x9627 0x00A0
0x9628 0xFF90
0x9629 0x82E5
0x962A 0x0FB0
0x962B 0x9A15
0x962C 0x0831
0x962D 0x0FAC
0x962E 0x9A15
0x962F 0xCFAD
0x9630 0x0000
0x9631 0xFFA3
0x9632 0x002A
0x9633 0x0FAC
0x9634 0x9A15
0x9635 0x0B64
0x9636 0x0FB0
0x9637 0x9A16
0x9638 0x0931
0x9639 0x0920
0x963A 0x0FA4
0x963B 0x00A0
0x963C 0xFF90
0x963D 0x0058
0x963E 0x0FAC
0x963F 0x9A15
0x9640 0x0B75
0x9641 0x0D68
0x9642 0x0FAC
0x9643 0x9A15
0x9644 0x0B6C
0x9645 0xCFAD
0x9646 0x0000
0x9647 0xFFA3
0x9648 0x0006
0x9649 0x1FA8
0x964A 0x0001
0x964B 0xCFA9
0x964C 0x0000
0x964D 0xFFAB
0x964E 0xFFFA
0x964F 0xCD68
0x9650 0xFFA3
0x9651 0x0011
0x9652 0x0A00
0x9653 0x3F80
0x9654 0x0001
0x9655 0xCF81
0x9656 0x000A
0x9657 0xFFAB
0x9658 0x000A
0x9659 0xFF90
0x965A 0x000A
0x965B 0xFFA0
0x965C 0x0006
0x965D 0x0FA0
0x965E 0x96C5
0x965F 0xFF90
0x9660 0x0008
0x9661 0xFF90
0x9662 0x0016
0x9663 0xB000
0x9664 0xC43E
0x9665 0x0000
0x9666 0xFFAC
0x9667 0x0024
0x9668 0x0FAC
0x9669 0x9A16
0x966A 0x0B6C
0x966B 0x0B60
0x966C 0x0805
0x966D 0x1F80
0x966E 0x0001
0x966F 0xCFA0
0x9670 0x000A
0x9671 0xFFAB
0x9672 0x0010
0x9673 0x0FAC
0x9674 0x9A15
0x9675 0x0B60
0x9676 0xFF90
0x9677 0x8386
0x9678 0x0FB0
0x9679 0x9A16
0x967A 0x0FB1
0x967B 0x0000
0x967C 0x0FAC
0x967D 0x9A16
0x967E 0x0FB0
0x967F 0x9A15
0x9680 0x0B71
0x9681 0xFFA0
0x9682 0x0009
0x9683 0x1F84
0x9684 0x0001
0x9685 0x0FB0
0x9686 0x9A16
0x9687 0x1FB1
0x9688 0x0001
0x9689 0xC400
0x968A 0xFFA4
0x968B 0xFFDC
0x968C 0x0020
0x968D 0xFFA0
0x968E 0x0031
0x968F 0xCF94
0x9690 0x0001
0x9691 0xFFA3
0x9692 0x0004
0x9693 0xCF94
0x9694 0x0002
0x9695 0xFFAB
0x9696 0x0004
0x9697 0x0FA0
0x9698 0xFFFF
0x9699 0xFFA0
0x969A 0x0025
0x969B 0xB208
0x969C 0x0518
0x969D 0xC43E
0x969E 0x0000
0x969F 0xFFAC
0x96A0 0x001E
0x96A1 0x0D1C
0x96A2 0x1F9C
0x96A3 0x0001
0x96A4 0x0620
0x96A5 0x0724
0x96A6 0xFF90
0x96A7 0x978B
0x96A8 0x0828
0x96A9 0xFFAB
0x96AA 0x0008
0x96AB 0x0D2C
0x96AC 0x1FAC
0x96AD 0x0001
0x96AE 0x0B46
0x96AF 0x1F88
0x96B0 0x0001
0x96B1 0xFFA0
0x96B2 0x0009
0x96B3 0x0A20
0x96B4 0xCFA0
0x96B5 0xEEEE
0x96B6 0xFFA3
0x96B7 0x0007
0x96B8 0x0FA0
0x96B9 0xFFFF
0x96BA 0xFFA0
0x96BB 0x0004
0x96BC 0xC408
0x96BD 0xFFA4
0x96BE 0xFFE5
0x96BF 0x0220
0x96C0 0x1FB4
0x96C1 0x0002
0x96C2 0x3FB8
0x96C3 0x0100
0x96C4 0x0DBC
0x96C5 0x0052
0x96C6 0x0075
0x96C7 0x006E
0x96C8 0x0074
0x96C9 0x0069
0x96CA 0x006D
0x96CB 0x0065
0x96CC 0x0020
0x96CD 0x0065
0x96CE 0x0072
0x96CF 0x0072
0x96D0 0x006F
0x96D1 0x0072
0x96D2 0x0020
0x96D3 0x0069
0x96D4 0x006E
0x96D5 0x0020
0x96D6 0x005F
0x96D7 0x005F
0x96D8 0x0072
0x96D9 0x0065
0x96DA 0x0061
0x96DB 0x0064
0x96DC 0x002E
0x96DD 0x0063
0x96DE 0x003A
0x96DF 0x0020
0x96E0 0x0045
0x96E1 0x0072
0x96E2 0x0072
0x96E3 0x006F
0x96E4 0x0072
0x96E5 0x0020
0x96E6 0x0061
0x96E7 0x006C
0x96E8 0x006C
0x96E9 0x006F
0x96EA 0x0063
0x96EB 0x0061
0x96EC 0x0074
0x96ED 0x0069
0x96EE 0x006E
0x96EF 0x0067
0x96F0 0x0020
0x96F1 0x006C
0x96F2 0x0069
0x96F3 0x006E
0x96F4 0x0065
0x96F5 0x0020
0x96F6 0x0062
0x96F7 0x0075
0x96F8 0x0066
0x96F9 0x0066
0x96FA 0x0065
0x96FB 0x0072
0x96FC 0x002E
0x96FD 0x000D
0x96FE 0x000A
0x96FF 0x0000
0x9700 0x0FAC
0x9701 0x9A15
0x9702 0xCFAD
0x9703 0x0000
0x9704 0xFD83
0x9705 0x0FAC
0x9706 0x9A15
0x9707 0x0B60
0x9708 0xFF90
0x9709 0x8386
0x970A 0x0FB0
0x970B 0x9A16
0x970C 0x0FB1
0x970D 0x0000
0x970E 0x0FAC
0x970F 0x9A16
0x9710 0x0FB0
0x9711 0x9A15
0x9712 0x0B71
0x9713 0x0DBC
0x9714 0x1FB8
0x9715 0x0100
0x9716 0x0808
0x9717 0x0900
0x9718 0x0A04
0x9719 0x0028
0x971A 0x0220
0x971B 0x0A24
0x971C 0x0128
0x971D 0xFF90
0x971E 0x0036
0x971F 0x0D00
0x9720 0x0904
0x9721 0x0808
0x9722 0x0A0C
0x9723 0xC23E
0x9724 0x0000
0x9725 0xFFAB
0x9726 0x0004
0x9727 0x0F8D
0x9728 0x0000
0x9729 0xFFA0
0x972A 0x000E
0x972B 0x0920
0x972C 0xFF90
0x972D 0x82E5
0x972E 0x080D
0x972F 0xC83E
0x9730 0x0000
0x9731 0xFFA3
0x9732 0x0006
0x9733 0x0110
0x9734 0x00A2
0x9735 0x3F90
0x9736 0x0001
0x9737 0xFFAB
0x9738 0xFFFB
0x9739 0x0220
0x973A 0x1134
0x973B 0x3FB8
0x973C 0x0100
0x973D 0x0DBC
0x973E 0x0037
0x973F 0x0800
0x9740 0x0928
0x9741 0x0020
0x9742 0x0A24
0x9743 0xFF90
0x9744 0x0044
0x9745 0x0920
0x9746 0x0D80
0x9747 0x0DBC
0x9748 0x0037
0x9749 0x0800
0x974A 0x0928
0x974B 0x0020
0x974C 0x0A24
0x974D 0xFF90
0x974E 0x0048
0x974F 0x0920
0x9750 0x0D80
0x9751 0x0DBC
0x9752 0x0037
0x9753 0x0800
0x9754 0x0928
0x9755 0x0020
0x9756 0x0A24
0x9757 0xBA28
0x9758 0xFF90
0x9759 0x004C
0x975A 0x0920
0x975B 0x0D80
0x975C 0x0DBC
0x975D 0x1FB8
0x975E 0x0100
0x975F 0x0800
0x9760 0x0908
0x9761 0x0A04
0x9762 0x0D2C
0x9763 0x1FAC
0x9764 0x0001
0x9765 0x0B77
0x9766 0x0020
0x9767 0x0224
0x9768 0x0128
0x9769 0xFF90
0x976A 0x004A
0x976B 0x0B20
0x976C 0x0D64
0x976D 0x0A25
0x976E 0x1FB4
0x976F 0x0001
0x9770 0x3FB8
0x9771 0x0100
0x9772 0x0DBC
0x9773 0x0037
0x9774 0x0800
0x9775 0x0928
0x9776 0x0020
0x9777 0x0A24
0x9778 0xFF90
0x9779 0x004E
0x977A 0x0D80
0x977B 0x0DBC
0x977C 0x1FB8
0x977D 0x0100
0x977E 0x0804
0x977F 0x0908
0x9780 0x0A00
0x9781 0x0120
0x9782 0x0224
0x9783 0x0028
0x9784 0xBB2C
0x9785 0xFF90
0x9786 0x0050
0x9787 0x0A20
0x9788 0x3FB8
0x9789 0x0100
0x978A 0x0DBC
0x978B 0x0037
0x978C 0x0800
0x978D 0x0928
0x978E 0x0020
0x978F 0x0A24
0x9790 0x0900
0x9791 0xFF90
0x9792 0x0052
0x9793 0x0901
0x9794 0x0A20
0x9795 0x0D80
0x9796 0x0DBC
0x9797 0x0824
0x9798 0x0D2C
0x9799 0x1FAC
0x979A 0x0003
0x979B 0x0BF7
0x979C 0x0BF7
0x979D 0x0920
0x979E 0x0D2C
0x979F 0x0BA4
0x97A0 0x0BA8
0x97A1 0xFF90
0x97A2 0x0054
0x97A3 0x0920
0x97A4 0x1FB4
0x97A5 0x0002
0x97A6 0x0DBC
0x97A7 0x1FB8
0x97A8 0x0100
0x97A9 0x0814
0x97AA 0xFF90
0x97AB 0x85B3
0x97AC 0xCF94
0x97AD 0x0000
0x97AE 0xFFAB
0x97AF 0x0004
0x97B0 0x0FA0
0x97B1 0xFFFF
0x97B2 0xFFA0
0x97B3 0x0072
0x97B4 0x0504
0x97B5 0x1F84
0x97B6 0x0006
0x97B7 0x0160
0x97B8 0x9FA0
0x97B9 0x002A
0x97BA 0xCFA0
0x97BB 0x0020
0x97BC 0xFFA3
0x97BD 0x0004
0x97BE 0x0FA0
0x97BF 0xFFFF
0x97C0 0xFFA0
0x97C1 0x0064
0x97C2 0xAF85
0x97C3 0x0001
0x97C4 0x0160
0x97C5 0x9FA0
0x97C6 0x0200
0x97C7 0xFFA3
0x97C8 0x0002
0x97C9 0xFF90
0x97CA 0x9829
0x97CB 0x0510
0x97CC 0x1F90
0x97CD 0x0007
0x97CE 0xCF91
0x97CF 0x0000
0x97D0 0xFFAB
0x97D1 0x000B
0x97D2 0x0160
0x97D3 0x9FA0
0x97D4 0x0004
0x97D5 0xFFA3
0x97D6 0x0004
0x97D7 0x0F91
0x97D8 0x0001
0x97D9 0xFFA0
0x97DA 0x0002
0x97DB 0x0F91
0x97DC 0x0040
0x97DD 0x0518
0x97DE 0x1F98
0x97DF 0x0002
0x97E0 0xCF99
0x97E1 0x0000
0x97E2 0xFFAB
0x97E3 0x001A
0x97E4 0x0160
0x97E5 0x9FA0
0x97E6 0x0080
0x97E7 0xFFA3
0x97E8 0x0004
0x97E9 0x0F9C
0x97EA 0x0002
0x97EB 0xFFA0
0x97EC 0x0002
0x97ED 0x0F9C
0x97EE 0x0001
0x97EF 0x0464
0x97F0 0x1724
0x97F1 0x0920
0x97F2 0xFF90
0x97F3 0x82E5
0x97F4 0x0800
0x97F5 0xFFAB
0x97F6 0x0004
0x97F7 0x0FA0
0x97F8 0xFFFF
0x97F9 0xFFA0
0x97FA 0x002B
0x97FB 0x0019
0x97FC 0x1F99
0x97FD 0x0001
0x97FE 0x050C
0x97FF 0x1F8C
0x9800 0x0001
0x9801 0x064D
0x9802 0x0440
0x9803 0x0368
0x9804 0x0560
0x9805 0x0A24
0x9806 0x0028
0x9807 0xFF90
0x9808 0x9603
0x9809 0x0508
0x980A 0x1F88
0x980B 0x0005
0x980C 0x0809
0x980D 0x0809
0x980E 0x3F89
0x980F 0x0001
0x9810 0xFFAC
0x9811 0x0010
0x9812 0xCF89
0x9813 0xFFFF
0x9814 0xFFAB
0x9815 0x0004
0x9816 0xAF85
0x9817 0x0008
0x9818 0xFFA0
0x9819 0x0002
0x981A 0xAF85
0x981B 0x0010
0x981C 0x0F89
0x981D 0x0000
0x981E 0x0FA0
0x981F 0xFFFF
0x9820 0xFFA0
0x9821 0x0004
0x9822 0x0360
0x9823 0x1F8D
0x9824 0x0001
0x9825 0x0860
0x9826 0x3FB8
0x9827 0x0100
0x9828 0x0DBC
0x9829 0x0037
0x982A 0x0137
0x982B 0x0FAC
0x982C 0x9A2F
0x982D 0x0B44
0x982E 0xFFA3
0x982F 0x0017
0x9830 0x0100
0x9831 0x1F80
0x9832 0x0006
0x9833 0x0060
0x9834 0x9FA0
0x9835 0x0202
0x9836 0xCFA0
0x9837 0x0202
0x9838 0xFFAB
0x9839 0x0007
0x983A 0xCF85
0x983B 0x0000
0x983C 0xFFA3
0x983D 0x0003
0x983E 0x0120
0x983F 0xFF90
0x9840 0x8534
0x9841 0x0120
0x9842 0x1FA0
0x9843 0x0003
0x9844 0x0844
0x9845 0xFFAB
0x9846 0xFFE9
0x9847 0x0D84
0x9848 0x0D80
0x9849 0x0DBC
0x984A 0x1FB8
0x984B 0x0100
0x984C 0x0808
0x984D 0x0204
0x984E 0x1F84
0x984F 0x0006
0x9850 0x0160
0x9851 0x9FA0
0x9852 0x4000
0x9853 0xFFA3
0x9854 0x000C
0x9855 0x0224
0x9856 0x1FA4
0x9857 0x0008
0x9858 0xCFA5
0x9859 0xFFFF
0x985A 0xFFA3
0x985B 0x0005
0x985C 0x094C
0x985D 0x0FA5
0x985E 0xFFFF
0x985F 0xFFA0
0x9860 0x0018
0x9861 0xAF85
0x9862 0x0001
0x9863 0x0200
0x9864 0x1F80
0x9865 0x0005
0x9866 0x3F81
0x9867 0x0001
0x9868 0xFFA4
0x9869 0x000A
0x986A 0x0200
0x986B 0x1F80
0x986C 0x0001
0x986D 0x0060
0x986E 0x1F81
0x986F 0x0001
0x9870 0x0860
0x9871 0x0810
0x9872 0xFFA0
0x9873 0x0004
0x9874 0x0220
0x9875 0xFF90
0x9876 0x97A7
0x9877 0x0810
0x9878 0x040C
0x9879 0xCF8C
0x987A 0x000D
0x987B 0xFFAB
0x987C 0x0028
0x987D 0x0160
0x987E 0x9FA0
0x987F 0x4000
0x9880 0xFFA3
0x9881 0x0023
0x9882 0xAF85
0x9883 0x0001
0x9884 0x0200
0x9885 0x1F80
0x9886 0x0005
0x9887 0x3F81
0x9888 0x0001
0x9889 0xFFA4
0x988A 0x000A
0x988B 0x0200
0x988C 0x1F80
0x988D 0x0001
0x988E 0x0060
0x988F 0x1F81
0x9890 0x0001
0x9891 0x0860
0x9892 0x0814
0x9893 0xFFA0
0x9894 0x0004
0x9895 0x0220
0x9896 0xFF90
0x9897 0x97A7
0x9898 0x0814
0x9899 0x0528
0x989A 0xCFA8
0x989B 0x000A
0x989C 0xFFAB
0x989D 0x0003
0x989E 0x0A0C
0x989F 0xFFA0
0x98A0 0x0004
0x98A1 0x0220
0x98A2 0x1FA0
0x98A3 0x0008
0x98A4 0x0A21
0x98A5 0x0320
0x98A6 0x3FB8
0x98A7 0x0100
0x98A8 0x0DBC
0x98A9 0x1FB8
0x98AA 0x0100
0x98AB 0x0908
0x98AC 0x0A00
0x98AD 0x0828
0x98AE 0xB71C
0x98AF 0xB410
0x98B0 0x0218
0x98B1 0xCF89
0x98B2 0x0061
0x98B3 0xFFAB
0x98B4 0x0004
0x98B5 0x0F94
0x98B6 0x0001
0x98B7 0xFFA0
0x98B8 0x0001
0x98B9 0x0714
0x98BA 0x0020
0x98BB 0x1FA0
0x98BC 0x0005
0x98BD 0x0721
0x98BE 0x0020
0x98BF 0x1FA0
0x98C0 0x0002
0x98C1 0x0421
0x98C2 0x0020
0x98C3 0x1FA0
0x98C4 0x0007
0x98C5 0x0721
0x98C6 0x000C
0x98C7 0x1F8C
0x98C8 0x0004
0x98C9 0x040D
0x98CA 0x0020
0x98CB 0x1FA0
0x98CC 0x0003
0x98CD 0x0421
0x98CE 0x0004
0x98CF 0x1F84
0x98D0 0x0006
0x98D1 0xCF89
0x98D2 0x0072
0x98D3 0xFFAB
0x98D4 0x0004
0x98D5 0x0F85
0x98D6 0x0020
0x98D7 0xFFA0
0x98D8 0x0002
0x98D9 0x0F85
0x98DA 0x0040
0x98DB 0x1F88
0x98DC 0x0001
0x98DD 0xCF89
0x98DE 0x0062
0x98DF 0xFFAB
0x98E0 0x0004
0x98E1 0x1F88
0x98E2 0x0001
0x98E3 0xFFA0
0x98E4 0x0002
0x98E5 0xAF85
0x98E6 0x4000
0x98E7 0x0020
0x98E8 0x1FA0
0x98E9 0x0008
0x98EA 0x0FA1
0x98EB 0xFFFF
0x98EC 0xCF89
0x98ED 0x002B
0x98EE 0xFFAB
0x98EF 0x0002
0x98F0 0xAF85
0x98F1 0x0060
0x98F2 0x0A20
0x98F3 0x0624
0x98F4 0xFF90
0x98F5 0x99AB
0x98F6 0x0801
0x98F7 0xCF81
0x98F8 0xFFFF
0x98F9 0xFFAB
0x98FA 0x0006
0x98FB 0x0020
0x98FC 0xFF90
0x98FD 0x8386
0x98FE 0x0420
0x98FF 0xFFA0
0x9900 0x0033
0x9901 0x0060
0x9902 0xFF90
0x9903 0x87F8
0x9904 0xCFA0
0x9905 0x0000
0x9906 0xFFA3
0x9907 0x0002
0x9908 0xAF85
0x9909 0x0280
0x990A 0x0FAC
0x990B 0x9A30
0x990C 0xCFAD
0x990D 0x0000
0x990E 0xFFA3
0x990F 0x000E
0x9910 0x0FAC
0x9911 0x9A30
0x9912 0x0B60
0x9913 0x1FA0
0x9914 0x0003
0x9915 0x0021
0x9916 0x0FAC
0x9917 0x9A30
0x9918 0x0B4D
0x9919 0x0FB0
0x991A 0x9A30
0x991B 0x0031
0x991C 0xFFA0
0x991D 0x0006
0x991E 0x0FB0
0x991F 0x9A30
0x9920 0x0031
0x9921 0x0FB0
0x9922 0x9A2F
0x9923 0x0031
0x9924 0xCF94
0x9925 0x0000
0x9926 0xFFA3
0x9927 0x000B
0x9928 0x0FB7
0x9929 0x0000
0x992A 0x0FB7
0x992B 0x0000
0x992C 0x0020
0x992D 0x0FA4
0x992E 0x0002
0x992F 0xFF90
0x9930 0x994E
0x9931 0x1FB4
0x9932 0x0002
0x9933 0x0020
0x9934 0x3FB8
0x9935 0x0100
0x9936 0x0DBC
0x9937 0x1FB8
0x9938 0x0100
0x9939 0x0804
0x993A 0x0908
0x993B 0x0FA0
0x993C 0x0009
0x993D 0xFF90
0x993E 0x82E5
0x993F 0x0800
0x9940 0xFFAB
0x9941 0x0003
0x9942 0xB820
0x9943 0xFFA0
0x9944 0x0005
0x9945 0x0120
0x9946 0x0224
0x9947 0x0028
0x9948 0xFF90
0x9949 0x98A9
0x994A 0x3FB8
0x994B 0x0100
0x994C 0x0DBC
0x994D 0x0DBC
0x994E 0x1FB8
0x994F 0x0100
0x9950 0x0804
0x9951 0x0908
0x9952 0xCF84
0x9953 0x0000
0x9954 0xFFAB
0x9955 0x0004
0x9956 0x0FA0
0x9957 0xFFFF
0x9958 0xFFA0
0x9959 0x0049
0x995A 0xCF88
0x995B 0x0001
0x995C 0xFFAB
0x995D 0x0016
0x995E 0x0100
0x995F 0x1F80
0x9960 0x0006
0x9961 0x0060
0x9962 0x9FA0
0x9963 0x0001
0x9964 0xFFA3
0x9965 0x000E
0x9966 0x0128
0x9967 0x1FA8
0x9968 0x0005
0x9969 0xB924
0x996A 0x0A60
0x996B 0xFFAC
0x996C 0x0002
0x996D 0x3FA4
0x996E 0x0001
0x996F 0x0D30
0x9970 0x1FB0
0x9971 0x0001
0x9972 0x3832
0x9973 0x4932
0x9974 0x0100
0x9975 0x1F80
0x9976 0x0006
0x9977 0x0060
0x9978 0x9FA0
0x9979 0x0002
0x997A 0xFFA3
0x997B 0x0003
0x997C 0x0120
0x997D 0xFF90
0x997E 0x8534
0x997F 0x9F81
0x9980 0xFFF4
0x9981 0x0120
0x9982 0x1FA0
0x9983 0x0005
0x9984 0x0FA1
0x9985 0x0000
0x9986 0x0124
0x9987 0x1FA4
0x9988 0x0002
0x9989 0x0120
0x998A 0x1FA0
0x998B 0x0001
0x998C 0x0961
0x998D 0x0D2C
0x998E 0x1FAC
0x998F 0x0003
0x9990 0x0BF7
0x9991 0x0BF7
0x9992 0x0160
0x9993 0x0224
0x9994 0xFF90
0x9995 0x99A6
0x9996 0x1FB4
0x9997 0x0002
0x9998 0xCFA0
0x9999 0xFFFF
0x999A 0xFFAB
0x999B 0x0006
0x999C 0xAF81
0x999D 0x0010
0x999E 0x0FA0
0x999F 0xFFFF
0x99A0 0xFFA0
0x99A1 0x0001
0x99A2 0xB820
0x99A3 0x3FB8
0x99A4 0x0100
0x99A5 0x0DBC
0x99A6 0x0FA0
0x99A7 0xFFFF
0x99A8 0x0FA4
0x99A9 0xFFFF
0x99AA 0x0DBC
0x99AB 0x1FB8
0x99AC 0x0100
0x99AD 0x080C
0x99AE 0x0900
0x99AF 0x0F88
0x99B0 0x9A17
0x99B1 0xCF81
0x99B2 0x0072
0x99B3 0xFFAB
0x99B4 0x0045
0x99B5 0x1F80
0x99B6 0x0001
0x99B7 0xCF81
0x99B8 0x0000
0x99B9 0xFFAB
0x99BA 0x003F
0x99BB 0x0FAC
0x99BC 0x9A17
0x99BD 0xCFAD
0x99BE 0x0000
0x99BF 0xFFAB
0x99C0 0x001B
0x99C1 0x0FAC
0x99C2 0x9A18
0x99C3 0xCFAD
0x99C4 0x0000
0x99C5 0xFFAB
0x99C6 0x0015
0x99C7 0x0220
0x99C8 0x0FA4
0x99C9 0x0001
0x99CA 0xFF90
0x99CB 0x973E
0x99CC 0xCFA0
0x99CD 0x0000
0x99CE 0xFFA3
0x99CF 0x000C
0x99D0 0x0FB0
0x99D1 0x9A17
0x99D2 0x0FB1
0x99D3 0x0000
0x99D4 0x0FB0
0x99D5 0x9A18
0x99D6 0x0FB1
0x99D7 0x0000
0x99D8 0x0FA0
0x99D9 0xFFFF
0x99DA 0xFFA0
0x99DB 0x0020
0x99DC 0x0FA0
0x99DD 0x0009
0x99DE 0xFF90
0x99DF 0x82E5
0x99E0 0x0804
0x99E1 0xFFAB
0x99E2 0x0004
0x99E3 0x0FA0
0x99E4 0xFFFF
0x99E5 0xFFA0
0x99E6 0x0015
0x99E7 0x0220
0x99E8 0x0124
0x99E9 0x0328
0x99EA 0xFF90
0x99EB 0x977C
0x99EC 0xCFA0
0x99ED 0x0000
0x99EE 0xFFA3
0x99EF 0x0007
0x99F0 0x0120
0x99F1 0xFF90
0x99F2 0x8386
0x99F3 0x0FA0
0x99F4 0xFFFF
0x99F5 0xFFA0
0x99F6 0x0005
0x99F7 0x0120
0x99F8 0xFFA0
0x99F9 0x0002
0x99FA 0x0FA0
0x99FB 0xFFFF
0x99FC 0x3FB8
0x99FD 0x0100
0x99FE 0x0DBC
0x99FF 0x0000
0x9A00 0x0004
0x9A01 0x0000
0x9A02 0x04C8
0x9A03 0x0001
0x9A04 0x329A
0x9A05 0x0001
0x9A06 0x2E00
0x9A07 0x0001
0x9A08 0x0FEA
0x9A09 0x0001
0x9A0A 0x0000
0x9A0B 0x0000
0x9A0C 0x0001
0x9A0D 0x0000
0x9A0E 0x0DD2
0x9A0F 0x0001
0x9A10 0x0000
0x9A11 0x0000
0x9A12 0x0000
0x9A13 0x9A35
0x9A14 0x1000
0x9A15 0x0000
0x9A16 0x0000
0x9A17 0x0000
0x9A18 0x0000
0x9A19 0x0000
0x9A1A 0x0000
0x9A1B 0x0000
0x9A1C 0x0000
0x9A1D 0x0000
0x9A1E 0x0000
0x9A1F 0x0000
0x9A20 0x0000
0x9A21 0x0000
0x9A22 0x0000
0x9A23 0x0000
0x9A24 0x0000
0x9A25 0x0000
0x9A26 0x0000
0x9A27 0x0000
0x9A28 0x0000
0x9A29 0x0000
0x9A2A 0x0000
0x9A2B 0x0000
0x9A2C 0x0000
0x9A2D 0x0000
0x9A2E 0x0000
0x9A2F 0x0000
0x9A30 0x0000
0x9A31 0x0000
0x9A32 0x0000
0x9A33 0x0000
0x9A34 0xFFFF
