0x8000 0x0FA0
0x8001 0x812D
0x8002 0xFF90
0x8003 0x0008
0x8004 0xFF90
0x8005 0x0002
0x8006 0x0F9C
0x8007 0x8129
0x8008 0x0740
0x8009 0x0F9C
0x800A 0x8127
0x800B 0x0744
0x800C 0x0F9C
0x800D 0x8128
0x800E 0x0748
0x800F 0x0F9C
0x8010 0x812C
0x8011 0x074C
0x8012 0x0F9C
0x8013 0x812A
0x8014 0x0750
0x8015 0x0F9C
0x8016 0x812B
0x8017 0x0754
0x8018 0xFF90
0x8019 0x002A
0x801A 0xFFB0
0x801B 0x0080
0x801C 0x9FB8
0x801D 0xFFFD
0x801E 0x0024
0x801F 0x5FA4
0x8020 0x0003
0x8021 0x0328
0x8022 0x5FA8
0x8023 0x0003
0x8024 0xFF90
0x8025 0x0002
0x8026 0xCFA0
0x8027 0x006C
0x8028 0xFFAB
0x8029 0x0004
0x802A 0x3904
0x802B 0x3908
0x802C 0xFFA0
0x802D 0x005A
0x802E 0xCFA0
0x802F 0x0072
0x8030 0xFFAB
0x8031 0x0004
0x8032 0x1904
0x8033 0x1908
0x8034 0xFFA0
0x8035 0x0052
0x8036 0xCFA0
0x8037 0x0075
0x8038 0xFFAB
0x8039 0x0004
0x803A 0x3A10
0x803B 0x3A14
0x803C 0xFFA0
0x803D 0x004A
0x803E 0xCFA0
0x803F 0x0064
0x8040 0xFFAB
0x8041 0x0004
0x8042 0x1A10
0x8043 0x1A14
0x8044 0xFFA0
0x8045 0x0042
0x8046 0xCFA0
0x8047 0x0069
0x8048 0xFFAB
0x8049 0x0016
0x804A 0x022C
0x804B 0x312C
0x804C 0x9FB8
0x804D 0xFF00
0x804E 0x6FAC
0x804F 0x0002
0x8050 0x1B04
0x8051 0x3B08
0x8052 0x052C
0x8053 0x342C
0x8054 0x9FB8
0x8055 0xFF00
0x8056 0x6FAC
0x8057 0x0002
0x8058 0x1B10
0x8059 0x3B14
0x805A 0x6F80
0x805B 0x0001
0x805C 0x6F8C
0x805D 0x0001
0x805E 0xFFA0
0x805F 0x0028
0x8060 0xCFA0
0x8061 0x006F
0x8062 0xFFAB
0x8063 0x0018
0x8064 0x022C
0x8065 0x312C
0x8066 0x9FB8
0x8067 0xFF00
0x8068 0x6FAC
0x8069 0x0001
0x806A 0x3B04
0x806B 0x1B08
0x806C 0x052C
0x806D 0x342C
0x806E 0x9FB8
0x806F 0xFF00
0x8070 0x6FAC
0x8071 0x0001
0x8072 0x3B10
0x8073 0x1B14
0x8074 0x9FB8
0x8075 0xFFFD
0x8076 0x5F80
0x8077 0x0001
0x8078 0x5F8C
0x8079 0x0001
0x807A 0xFFA0
0x807B 0x000C
0x807C 0xCFA0
0x807D 0x0078
0x807E 0xFFAB
0x807F 0x0002
0x8080 0xFF90
0x8081 0x0016
0x8082 0x0FA0
0x8083 0x0007
0x8084 0xFF90
0x8085 0x0004
0x8086 0xFFA0
0x8087 0xFF9C
0x8088 0x0F9C
0x8089 0x8129
0x808A 0x001D
0x808B 0x0F9C
0x808C 0x8127
0x808D 0x011D
0x808E 0x0F9C
0x808F 0x8128
0x8090 0x021D
0x8091 0x0F9C
0x8092 0x812C
0x8093 0x031D
0x8094 0x0F9C
0x8095 0x812A
0x8096 0x041D
0x8097 0x0F9C
0x8098 0x812B
0x8099 0x051D
0x809A 0xFFA0
0x809B 0xFF7C
0x809C 0xE0C0
0x809D 0x0FA0
0x809E 0x812A
0x809F 0x0840
0x80A0 0x0FA0
0x80A1 0x812B
0x80A2 0xC840
0x80A3 0xFFAD
0x80A4 0x0072
0x80A5 0x0FA0
0x80A6 0x8127
0x80A7 0x0844
0x80A8 0x0FA0
0x80A9 0x8128
0x80AA 0xC844
0x80AB 0xFFAD
0x80AC 0x0063
0x80AD 0xB208
0x80AE 0xB30C
0x80AF 0x0F98
0x80B0 0x001A
0x80B1 0x0320
0x80B2 0x0324
0x80B3 0xFF90
0x80B4 0x000E
0x80B5 0x0FB0
0x80B6 0x8125
0x80B7 0x0A31
0x80B8 0x0FB0
0x80B9 0x8126
0x80BA 0x0B31
0x80BB 0x0220
0x80BC 0x0224
0x80BD 0xFF90
0x80BE 0x000E
0x80BF 0x0FB0
0x80C0 0x8123
0x80C1 0x0A31
0x80C2 0x0FB0
0x80C3 0x8124
0x80C4 0x0B31
0x80C5 0x0FB0
0x80C6 0x8125
0x80C7 0x0C60
0x80C8 0x0FB0
0x80C9 0x8126
0x80CA 0x0C64
0x80CB 0x3828
0x80CC 0x492C
0x80CD 0x7A28
0x80CE 0x9FA8
0x80CF 0x00FF
0x80D0 0x7B2C
0x80D1 0x9FAC
0x80D2 0xFF00
0x80D3 0xAB28
0x80D4 0x0A10
0x80D5 0x0220
0x80D6 0x1220
0x80D7 0x0324
0x80D8 0xFF90
0x80D9 0x000E
0x80DA 0x7A28
0x80DB 0x9FA8
0x80DC 0x00FF
0x80DD 0x7B2C
0x80DE 0x9FAC
0x80DF 0xFF00
0x80E0 0xAB28
0x80E1 0x0A14
0x80E2 0x050C
0x80E3 0x100C
0x80E4 0x0408
0x80E5 0x1108
0x80E6 0x0FB0
0x80E7 0x8123
0x80E8 0x0C60
0x80E9 0x0FB0
0x80EA 0x8124
0x80EB 0x0C64
0x80EC 0x0FB0
0x80ED 0x8125
0x80EE 0x0C68
0x80EF 0x0FB0
0x80F0 0x8126
0x80F1 0x0C6C
0x80F2 0x1A20
0x80F3 0x2B24
0x80F4 0x7820
0x80F5 0x9FA0
0x80F6 0x00FF
0x80F7 0x7924
0x80F8 0x9FA4
0x80F9 0xFF00
0x80FA 0xA920
0x80FB 0xCFA0
0x80FC 0x0400
0x80FD 0xFFAD
0x80FE 0x0004
0x80FF 0x3F98
0x8100 0x0001
0x8101 0xFFAB
0x8102 0xFFAE
0x8103 0x0F9C
0x8104 0x811B
0x8105 0x9F98
0x8106 0x0007
0x8107 0x161C
0x8108 0x0760
0x8109 0xFF90
0x810A 0x0004
0x810B 0x0FA0
0x810C 0x8129
0x810D 0x1844
0x810E 0xFFA0
0x810F 0xFF98
0x8110 0xFF90
0x8111 0x000A
0x8112 0x0FA0
0x8113 0x812C
0x8114 0x1840
0x8115 0xFFA0
0x8116 0xFF89
0x8117 0xFF90
0x8118 0x000A
0x8119 0xE100
0x811A 0x0DBC
0x811B 0x0020
0x811C 0x002E
0x811D 0x002D
0x811E 0x002B
0x811F 0x002A
0x8120 0x003D
0x8121 0x0023
0x8122 0x002A
0x8123 0x0000
0x8124 0x0000
0x8125 0x0000
0x8126 0x0000
0x8127 0xFE00
0x8128 0x0100
0x8129 0x000B
0x812A 0xFE80
0x812B 0x0180
0x812C 0x0013
0x812D 0x0020
0x812E 0x0054
0x812F 0x0068
0x8130 0x0069
0x8131 0x0073
0x8132 0x0020
0x8133 0x0070
0x8134 0x0072
0x8135 0x006F
0x8136 0x0067
0x8137 0x0072
0x8138 0x0061
0x8139 0x006D
0x813A 0x0020
0x813B 0x0063
0x813C 0x006F
0x813D 0x006D
0x813E 0x0070
0x813F 0x0075
0x8140 0x0074
0x8141 0x0065
0x8142 0x0073
0x8143 0x0020
0x8144 0x0061
0x8145 0x006E
0x8146 0x0064
0x8147 0x0020
0x8148 0x0064
0x8149 0x0069
0x814A 0x0073
0x814B 0x0070
0x814C 0x006C
0x814D 0x0061
0x814E 0x0079
0x814F 0x0073
0x8150 0x0020
0x8151 0x0061
0x8152 0x0020
0x8153 0x004D
0x8154 0x0061
0x8155 0x006E
0x8156 0x0064
0x8157 0x0065
0x8158 0x006C
0x8159 0x0062
0x815A 0x0072
0x815B 0x006F
0x815C 0x0074
0x815D 0x002D
0x815E 0x0073
0x815F 0x0065
0x8160 0x0074
0x8161 0x0020
0x8162 0x006F
0x8163 0x006E
0x8164 0x0020
0x8165 0x0051
0x8166 0x004E
0x8167 0x0049
0x8168 0x0043
0x8169 0x0045
0x816A 0x002E
0x816B 0x000D
0x816C 0x000A
0x816D 0x0055
0x816E 0x0073
0x816F 0x0069
0x8170 0x006E
0x8171 0x0067
0x8172 0x0020
0x8173 0x0074
0x8174 0x0068
0x8175 0x0065
0x8176 0x0020
0x8177 0x0066
0x8178 0x006F
0x8179 0x006C
0x817A 0x006C
0x817B 0x006F
0x817C 0x0077
0x817D 0x0069
0x817E 0x006E
0x817F 0x0067
0x8180 0x0020
0x8181 0x006B
0x8182 0x0065
0x8183 0x0079
0x8184 0x0073
0x8185 0x0020
0x8186 0x0069
0x8187 0x0074
0x8188 0x0020
0x8189 0x0069
0x818A 0x0073
0x818B 0x0020
0x818C 0x0070
0x818D 0x006F
0x818E 0x0073
0x818F 0x0073
0x8190 0x0069
0x8191 0x0062
0x8192 0x006C
0x8193 0x0065
0x8194 0x0020
0x8195 0x0074
0x8196 0x006F
0x8197 0x0020
0x8198 0x0070
0x8199 0x0065
0x819A 0x0072
0x819B 0x0066
0x819C 0x006F
0x819D 0x0072
0x819E 0x006D
0x819F 0x0020
0x81A0 0x0074
0x81A1 0x0072
0x81A2 0x0061
0x81A3 0x006E
0x81A4 0x0073
0x81A5 0x006C
0x81A6 0x0061
0x81A7 0x0074
0x81A8 0x0069
0x81A9 0x006F
0x81AA 0x006E
0x81AB 0x0020
0x81AC 0x0061
0x81AD 0x006E
0x81AE 0x0064
0x81AF 0x000D
0x81B0 0x000A
0x81B1 0x007A
0x81B2 0x006F
0x81B3 0x006F
0x81B4 0x006D
0x81B5 0x0020
0x81B6 0x006F
0x81B7 0x0070
0x81B8 0x0065
0x81B9 0x0072
0x81BA 0x0061
0x81BB 0x0074
0x81BC 0x0069
0x81BD 0x006F
0x81BE 0x006E
0x81BF 0x0073
0x81C0 0x003A
0x81C1 0x000D
0x81C2 0x000A
0x81C3 0x000D
0x81C4 0x000A
0x81C5 0x0020
0x81C6 0x0020
0x81C7 0x0020
0x81C8 0x006C
0x81C9 0x003A
0x81CA 0x0020
0x81CB 0x0053
0x81CC 0x0068
0x81CD 0x0069
0x81CE 0x0066
0x81CF 0x0074
0x81D0 0x0020
0x81D1 0x0074
0x81D2 0x006F
0x81D3 0x0020
0x81D4 0x0074
0x81D5 0x0068
0x81D6 0x0065
0x81D7 0x0020
0x81D8 0x006C
0x81D9 0x0065
0x81DA 0x0066
0x81DB 0x0074
0x81DC 0x002E
0x81DD 0x000D
0x81DE 0x000A
0x81DF 0x0020
0x81E0 0x0020
0x81E1 0x0020
0x81E2 0x0072
0x81E3 0x003A
0x81E4 0x0020
0x81E5 0x0053
0x81E6 0x0068
0x81E7 0x0069
0x81E8 0x0066
0x81E9 0x0074
0x81EA 0x0020
0x81EB 0x0074
0x81EC 0x006F
0x81ED 0x0020
0x81EE 0x0074
0x81EF 0x0068
0x81F0 0x0065
0x81F1 0x0020
0x81F2 0x0072
0x81F3 0x0069
0x81F4 0x0067
0x81F5 0x0068
0x81F6 0x0074
0x81F7 0x002E
0x81F8 0x000D
0x81F9 0x000A
0x81FA 0x0020
0x81FB 0x0020
0x81FC 0x0020
0x81FD 0x0075
0x81FE 0x003A
0x81FF 0x0020
0x8200 0x0053
0x8201 0x0068
0x8202 0x0069
0x8203 0x0066
0x8204 0x0074
0x8205 0x0020
0x8206 0x0075
0x8207 0x0070
0x8208 0x002E
0x8209 0x000D
0x820A 0x000A
0x820B 0x0020
0x820C 0x0020
0x820D 0x0020
0x820E 0x0064
0x820F 0x003A
0x8210 0x0020
0x8211 0x0053
0x8212 0x0068
0x8213 0x0069
0x8214 0x0066
0x8215 0x0074
0x8216 0x0020
0x8217 0x0064
0x8218 0x006F
0x8219 0x0077
0x821A 0x006E
0x821B 0x002E
0x821C 0x000D
0x821D 0x000A
0x821E 0x0020
0x821F 0x0020
0x8220 0x0020
0x8221 0x0069
0x8222 0x003A
0x8223 0x0020
0x8224 0x005A
0x8225 0x006F
0x8226 0x006F
0x8227 0x006D
0x8228 0x0020
0x8229 0x0069
0x822A 0x006E
0x822B 0x002E
0x822C 0x000D
0x822D 0x000A
0x822E 0x0020
0x822F 0x0020
0x8230 0x0020
0x8231 0x006F
0x8232 0x003A
0x8233 0x0020
0x8234 0x005A
0x8235 0x006F
0x8236 0x006F
0x8237 0x006D
0x8238 0x0020
0x8239 0x006F
0x823A 0x0075
0x823B 0x0074
0x823C 0x002E
0x823D 0x000D
0x823E 0x000A
0x823F 0x0020
0x8240 0x0020
0x8241 0x0020
0x8242 0x0078
0x8243 0x003A
0x8244 0x0020
0x8245 0x0045
0x8246 0x0078
0x8247 0x0069
0x8248 0x0074
0x8249 0x002E
0x824A 0x000D
0x824B 0x000A
0x824C 0x000D
0x824D 0x000A
0x824E 0x004E
0x824F 0x006F
0x8250 0x0077
0x8251 0x002C
0x8252 0x0020
0x8253 0x0070
0x8254 0x0072
0x8255 0x0065
0x8256 0x0073
0x8257 0x0073
0x8258 0x0020
0x8259 0x0061
0x825A 0x006E
0x825B 0x0079
0x825C 0x0020
0x825D 0x006B
0x825E 0x0065
0x825F 0x0079
0x8260 0x0020
0x8261 0x0074
0x8262 0x006F
0x8263 0x0020
0x8264 0x0063
0x8265 0x006F
0x8266 0x006E
0x8267 0x0074
0x8268 0x0069
0x8269 0x006E
0x826A 0x0075
0x826B 0x0065
0x826C 0x002E
0x826D 0x002E
0x826E 0x002E
0x826F 0x000D
0x8270 0x000A
0x8271 0x0000
