0xFB00 0x0FA0
0xFB01 0xFC30
0xFB02 0xFF90
0xFB03 0x0008
0xFB04 0x3FB4
0xFB05 0x00F1
0xFB06 0x0D10
0xFB07 0x0FA0
0xFB08 0xFD6F
0xFB09 0xFFB0
0xFB0A 0x00E6
0xFB0B 0x0FA4
0xFB0C 0xFD44
0xFB0D 0xFF90
0xFB0E 0x0020
0xFB0F 0xCFA8
0xFB10 0x0000
0xFB11 0xFFA3
0xFB12 0x0006
0xFB13 0x0FA0
0xFB14 0xFCF0
0xFB15 0xFF90
0xFB16 0x0008
0xFB17 0xFFA0
0xFB18 0x009B
0xFB19 0x0FA0
0xFB1A 0xFC5F
0xFB1B 0xFF90
0xFB1C 0x0008
0xFB1D 0x0FA0
0xFB1E 0xFD4E
0xFB1F 0xFFB0
0xFB20 0x00E5
0xFB21 0x0FA0
0xFB22 0xFC65
0xFB23 0xFF90
0xFB24 0x0008
0xFB25 0x0FA0
0xFB26 0xFD6F
0xFB27 0xFFB0
0xFB28 0x00C8
0xFB29 0x0FA0
0xFB2A 0xFD6F
0xFB2B 0x0FA4
0xFB2C 0xFD4A
0xFB2D 0xFF90
0xFB2E 0x0020
0xFB2F 0xCFA8
0xFB30 0x0000
0xFB31 0xFFA3
0xFB32 0x0045
0xFB33 0xFFB0
0xFB34 0x009A
0xFB35 0x0900
0xFB36 0x0008
0xFB37 0x0404
0xFB38 0x0120
0xFB39 0xFFB0
0xFB3A 0x00B6
0xFB3B 0x3F80
0xFB3C 0x0001
0xFB3D 0xFFA3
0xFB3E 0x0004
0xFB3F 0x1F84
0xFB40 0x0008
0xFB41 0xFFA0
0xFB42 0xFFF5
0xFB43 0x0FA0
0xFB44 0xFD6A
0xFB45 0xFFB0
0xFB46 0x00AA
0xFB47 0xFFB0
0xFB48 0x0086
0xFB49 0x090C
0xFB4A 0x0220
0xFB4B 0x0FA4
0xFB4C 0x0008
0xFB4D 0xFF90
0xFB4E 0x0028
0xFB4F 0x0A24
0xFB50 0x0420
0xFB51 0xFFB0
0xFB52 0x0065
0xFB53 0xCA0C
0xFB54 0xFFA3
0xFB55 0x000A
0xFB56 0x0FA0
0xFB57 0xFD52
0xFB58 0xFFB0
0xFB59 0x00AC
0xFB5A 0x0FA0
0xFB5B 0xFD37
0xFB5C 0xFF90
0xFB5D 0x0008
0xFB5E 0xFFA0
0xFB5F 0x0054
0xFB60 0x0FA0
0xFB61 0xFD4E
0xFB62 0xFFB0
0xFB63 0x00A2
0xFB64 0x0200
0xFB65 0x0404
0xFB66 0x0120
0xFB67 0xFFB0
0xFB68 0x0066
0xFB69 0x0914
0xFB6A 0x1F84
0xFB6B 0x0004
0xFB6C 0x0120
0xFB6D 0xFFB0
0xFB6E 0x0060
0xFB6F 0x1F84
0xFB70 0x0004
0xFB71 0x0915
0xFB72 0x3F80
0xFB73 0x0001
0xFB74 0xFFAB
0xFB75 0xFFF0
0xFB76 0xFFA0
0xFB77 0xFFAD
0xFB78 0x0FA0
0xFB79 0xFC88
0xFB7A 0xFF90
0xFB7B 0x0008
0xFB7C 0x0FA0
0xFB7D 0xFC90
0xFB7E 0xFF90
0xFB7F 0x0008
0xFB80 0x0FA0
0xFB81 0xFCB6
0xFB82 0xFF90
0xFB83 0x0008
0xFB84 0x0FA0
0xFB85 0xFD6F
0xFB86 0xFFB0
0xFB87 0x0069
0xFB88 0xFFB0
0xFB89 0x0045
0xFB8A 0x0920
0xFB8B 0x0818
0xFB8C 0xFF90
0xFB8D 0x0026
0xFB8E 0xFF90
0xFB8F 0x000A
0xFB90 0x0FA0
0xFB91 0xFCA3
0xFB92 0xFF90
0xFB93 0x0008
0xFB94 0x0FA0
0xFB95 0xFCB6
0xFB96 0xFF90
0xFB97 0x0008
0xFB98 0x0FA0
0xFB99 0xFD6F
0xFB9A 0xFFB0
0xFB9B 0x0055
0xFB9C 0xFFB0
0xFB9D 0x0031
0xFB9E 0x0920
0xFB9F 0xFF90
0xFBA0 0x0026
0xFBA1 0xFF90
0xFBA2 0x000A
0xFBA3 0x0FA0
0xFBA4 0xFCC7
0xFBA5 0xFF90
0xFBA6 0x0008
0xFBA7 0xFF90
0xFBA8 0x0002
0xFBA9 0xCFA0
0xFBAA 0x0072
0xFBAB 0xFFAB
0xFBAC 0x0007
0xFBAD 0xFF90
0xFBAE 0x000A
0xFBAF 0xFF90
0xFBB0 0x000A
0xFBB1 0x1FB4
0xFBB2 0x00F1
0xFBB3 0xF600
0xFBB4 0x1FB4
0xFBB5 0x00F1
0xFBB6 0xFF90
0xFBB7 0x0016
0xFBB8 0xE0C0
0xFBB9 0x0F80
0xFBBA 0xFFFF
0xFBBB 0x0F84
0xFBBC 0xA001
0xFBBD 0x0808
0xFBBE 0xB30C
0xFBBF 0xB280
0xFBC0 0x9FB8
0xFBC1 0xFFFB
0xFBC2 0x6F80
0xFBC3 0x0001
0xFBC4 0xFFA9
0xFBC5 0x0001
0xFBC6 0xB100
0xFBC7 0x1F8C
0xFBC8 0x0001
0xFBC9 0xC324
0xFBCA 0xFFAB
0xFBCB 0xFFF3
0xFBCC 0x0028
0xFBCD 0xE100
0xFBCE 0x0DBC
0xFBCF 0xE0C0
0xFBD0 0x0800
0xFBD1 0x0A14
0xFBD2 0x0004
0xFBD3 0x0F88
0xFBD4 0x0004
0xFBD5 0xB30C
0xFBD6 0x01A0
0xFBD7 0x0FA4
0xFBD8 0xFD59
0xFBD9 0xFF90
0xFBDA 0x0022
0xFBDB 0xCFA8
0xFBDC 0x0000
0xFBDD 0xFFA3
0xFBDE 0x000B
0xFBDF 0x3928
0xFBE0 0x5F8C
0xFBE1 0x0004
0xFBE2 0x1A0C
0xFBE3 0x3F88
0xFBE4 0x0001
0xFBE5 0xFFAB
0xFBE6 0xFFEF
0xFBE7 0x0324
0xFBE8 0xFFA0
0xFBE9 0x0003
0xFBEA 0xB924
0xFBEB 0xFFA0
0xFBEC 0x0000
0xFBED 0x0020
0xFBEE 0x0528
0xFBEF 0xE100
0xFBF0 0x0DBC
0xFBF1 0xE0C0
0xFBF2 0x080C
0xFBF3 0xB104
0xFBF4 0x0800
0xFBF5 0xFFB0
0xFBF6 0x002C
0xFBF7 0xCFA0
0xFBF8 0x000A
0xFBF9 0xFFA3
0xFBFA 0x0005
0xFBFB 0x0802
0xFBFC 0x1F84
0xFBFD 0x0001
0xFBFE 0xFFA0
0xFBFF 0xFFF5
0xFC00 0x0F81
0xFC01 0x0000
0xFC02 0x0320
0xFC03 0x0124
0xFC04 0xE100
0xFC05 0x0DBC
0xFC06 0xE0C0
0xFC07 0x0804
0xFC08 0x0100
0xFC09 0x00A0
0xFC0A 0xFFB0
0xFC0B 0x000A
0xFC0C 0xCF81
0xFC0D 0x0000
0xFC0E 0xFFAB
0xFC0F 0xFFF9
0xFC10 0xB820
0xFC11 0xFFB0
0xFC12 0x0003
0xFC13 0x0120
0xFC14 0xE100
0xFC15 0x0DBC
0xFC16 0xE0C0
0xFC17 0x0F80
0xFC18 0xFF11
0xFC19 0x0F84
0xFC1A 0xFF13
0xFC1B 0x0048
0xFC1C 0x9F88
0xFC1D 0x0002
0xFC1E 0xFFA3
0xFC1F 0xFFFB
0xFC20 0x0805
0xFC21 0xE100
0xFC22 0x0DBC
0xFC23 0xE0C0
0xFC24 0x0F80
0xFC25 0xFF11
0xFC26 0x0F84
0xFC27 0xFF12
0xFC28 0x0048
0xFC29 0x9F88
0xFC2A 0x0001
0xFC2B 0xFFA3
0xFC2C 0xFFFB
0xFC2D 0x0160
0xFC2E 0xE100
0xFC2F 0x0DBC
0xFC30 0x0051
0xFC31 0x0054
0xFC32 0x0072
0xFC33 0x0061
0xFC34 0x006E
0xFC35 0x0073
0xFC36 0x0066
0xFC37 0x0065
0xFC38 0x0072
0xFC39 0x003A
0xFC3A 0x000D
0xFC3B 0x000A
0xFC3C 0x0020
0xFC3D 0x0020
0xFC3E 0x0057
0xFC3F 0x0061
0xFC40 0x0069
0xFC41 0x0074
0xFC42 0x0069
0xFC43 0x006E
0xFC44 0x0067
0xFC45 0x0020
0xFC46 0x0066
0xFC47 0x006F
0xFC48 0x0072
0xFC49 0x0020
0xFC4A 0x0073
0xFC4B 0x0065
0xFC4C 0x0072
0xFC4D 0x0069
0xFC4E 0x0061
0xFC4F 0x006C
0xFC50 0x0020
0xFC51 0x0063
0xFC52 0x006F
0xFC53 0x006E
0xFC54 0x006E
0xFC55 0x0065
0xFC56 0x0063
0xFC57 0x0074
0xFC58 0x0069
0xFC59 0x006F
0xFC5A 0x006E
0xFC5B 0x0020
0xFC5C 0x0020
0xFC5D 0x0020
0xFC5E 0x0000
0xFC5F 0x004F
0xFC60 0x004B
0xFC61 0x0021
0xFC62 0x000D
0xFC63 0x000A
0xFC64 0x0000
0xFC65 0x0020
0xFC66 0x0020
0xFC67 0x0044
0xFC68 0x0061
0xFC69 0x0074
0xFC6A 0x0061
0xFC6B 0x0020
0xFC6C 0x0074
0xFC6D 0x0072
0xFC6E 0x0061
0xFC6F 0x006E
0xFC70 0x0073
0xFC71 0x0066
0xFC72 0x0065
0xFC73 0x0072
0xFC74 0x0020
0xFC75 0x0069
0xFC76 0x006E
0xFC77 0x0020
0xFC78 0x0070
0xFC79 0x0072
0xFC7A 0x006F
0xFC7B 0x0067
0xFC7C 0x0072
0xFC7D 0x0065
0xFC7E 0x0073
0xFC7F 0x0073
0xFC80 0x002E
0xFC81 0x002E
0xFC82 0x002E
0xFC83 0x0020
0xFC84 0x0020
0xFC85 0x0020
0xFC86 0x0020
0xFC87 0x0000
0xFC88 0x0044
0xFC89 0x006F
0xFC8A 0x006E
0xFC8B 0x0065
0xFC8C 0x0021
0xFC8D 0x000D
0xFC8E 0x000A
0xFC8F 0x0000
0xFC90 0x0020
0xFC91 0x0020
0xFC92 0x0053
0xFC93 0x0074
0xFC94 0x0061
0xFC95 0x0072
0xFC96 0x0074
0xFC97 0x0020
0xFC98 0x0061
0xFC99 0x0064
0xFC9A 0x0064
0xFC9B 0x0072
0xFC9C 0x0065
0xFC9D 0x0073
0xFC9E 0x0073
0xFC9F 0x003A
0xFCA0 0x0020
0xFCA1 0x0020
0xFCA2 0x0000
0xFCA3 0x0020
0xFCA4 0x0020
0xFCA5 0x004C
0xFCA6 0x0065
0xFCA7 0x006E
0xFCA8 0x0067
0xFCA9 0x0074
0xFCAA 0x0068
0xFCAB 0x0020
0xFCAC 0x0069
0xFCAD 0x006E
0xFCAE 0x0020
0xFCAF 0x0077
0xFCB0 0x006F
0xFCB1 0x0072
0xFCB2 0x0064
0xFCB3 0x0073
0xFCB4 0x003A
0xFCB5 0x0000
0xFCB6 0x0020
0xFCB7 0x0020
0xFCB8 0x0020
0xFCB9 0x0020
0xFCBA 0x0020
0xFCBB 0x0020
0xFCBC 0x0020
0xFCBD 0x0020
0xFCBE 0x0020
0xFCBF 0x0020
0xFCC0 0x0020
0xFCC1 0x0020
0xFCC2 0x0020
0xFCC3 0x0020
0xFCC4 0x0020
0xFCC5 0x0020
0xFCC6 0x0000
0xFCC7 0x0050
0xFCC8 0x0072
0xFCC9 0x0065
0xFCCA 0x0073
0xFCCB 0x0073
0xFCCC 0x0020
0xFCCD 0x0072
0xFCCE 0x0020
0xFCCF 0x0074
0xFCD0 0x006F
0xFCD1 0x0020
0xFCD2 0x0072
0xFCD3 0x0075
0xFCD4 0x006E
0xFCD5 0x0020
0xFCD6 0x0061
0xFCD7 0x006E
0xFCD8 0x0064
0xFCD9 0x0020
0xFCDA 0x0061
0xFCDB 0x006E
0xFCDC 0x0079
0xFCDD 0x0020
0xFCDE 0x006F
0xFCDF 0x0074
0xFCE0 0x0068
0xFCE1 0x0065
0xFCE2 0x0072
0xFCE3 0x0020
0xFCE4 0x006B
0xFCE5 0x0065
0xFCE6 0x0079
0xFCE7 0x0020
0xFCE8 0x0074
0xFCE9 0x006F
0xFCEA 0x0020
0xFCEB 0x0065
0xFCEC 0x0078
0xFCED 0x0069
0xFCEE 0x0074
0xFCEF 0x0000
0xFCF0 0x000D
0xFCF1 0x000A
0xFCF2 0x0045
0xFCF3 0x0072
0xFCF4 0x0072
0xFCF5 0x006F
0xFCF6 0x0072
0xFCF7 0x003A
0xFCF8 0x0020
0xFCF9 0x0057
0xFCFA 0x0072
0xFCFB 0x006F
0xFCFC 0x006E
0xFCFD 0x0067
0xFCFE 0x0020
0xFCFF 0x0070
0xFD00 0x0072
0xFD01 0x006F
0xFD02 0x0074
0xFD03 0x006F
0xFD04 0x0063
0xFD05 0x006F
0xFD06 0x006C
0xFD07 0x002E
0xFD08 0x0020
0xFD09 0x0028
0xFD0A 0x0041
0xFD0B 0x0072
0xFD0C 0x0065
0xFD0D 0x0020
0xFD0E 0x0079
0xFD0F 0x006F
0xFD10 0x0075
0xFD11 0x0020
0xFD12 0x0072
0xFD13 0x0075
0xFD14 0x006E
0xFD15 0x006E
0xFD16 0x0069
0xFD17 0x006E
0xFD18 0x0067
0xFD19 0x0020
0xFD1A 0x0071
0xFD1B 0x0074
0xFD1C 0x0072
0xFD1D 0x0061
0xFD1E 0x006E
0xFD1F 0x0073
0xFD20 0x0066
0xFD21 0x0065
0xFD22 0x0072
0xFD23 0x002E
0xFD24 0x0063
0xFD25 0x0020
0xFD26 0x006F
0xFD27 0x006E
0xFD28 0x0020
0xFD29 0x0079
0xFD2A 0x006F
0xFD2B 0x0075
0xFD2C 0x0072
0xFD2D 0x0020
0xFD2E 0x0068
0xFD2F 0x006F
0xFD30 0x0073
0xFD31 0x0074
0xFD32 0x003F
0xFD33 0x0029
0xFD34 0x000D
0xFD35 0x000A
0xFD36 0x0000
0xFD37 0x0043
0xFD38 0x0052
0xFD39 0x0043
0xFD3A 0x0020
0xFD3B 0x0045
0xFD3C 0x0072
0xFD3D 0x0072
0xFD3E 0x006F
0xFD3F 0x0072
0xFD40 0x0021
0xFD41 0x000D
0xFD42 0x000A
0xFD43 0x0000
0xFD44 0x0053
0xFD45 0x0054
0xFD46 0x0041
0xFD47 0x0052
0xFD48 0x0054
0xFD49 0x0000
0xFD4A 0x0045
0xFD4B 0x004E
0xFD4C 0x0044
0xFD4D 0x0000
0xFD4E 0x0041
0xFD4F 0x0043
0xFD50 0x004B
0xFD51 0x0000
0xFD52 0x0043
0xFD53 0x0052
0xFD54 0x0043
0xFD55 0x0045
0xFD56 0x0052
0xFD57 0x0052
0xFD58 0x0000
0xFD59 0x0030
0xFD5A 0x0031
0xFD5B 0x0032
0xFD5C 0x0033
0xFD5D 0x0034
0xFD5E 0x0035
0xFD5F 0x0036
0xFD60 0x0037
0xFD61 0x0038
0xFD62 0x0039
0xFD63 0x0041
0xFD64 0x0042
0xFD65 0x0043
0xFD66 0x0044
0xFD67 0x0045
0xFD68 0x0046
0xFD69 0x0000
0xFD6A 0x0000
0xFD6B 0x0000
0xFD6C 0x0000
0xFD6D 0x0000
0xFD6E 0x0000
0xFD6F 0x0000
0xFD70 0x0000
0xFD71 0x0000
0xFD72 0x0000
0xFD73 0x0000
0xFD74 0x0000
0xFD75 0x0000
0xFD76 0x0000
0xFD77 0x0000
