0x8000 0xFF90
0x8001 0x8061
0x8002 0xFF80
0x8003 0x0016
0x8004 0xE000
0x8005 0xE0C0
0x8006 0x080C
0x8007 0x0F88
0x8008 0x9A4C
0x8009 0xFFA3
0x800A 0x0031
0x800B 0x0F84
0x800C 0x0001
0x800D 0x0FAC
0x800E 0x9A4E
0x800F 0xCBBE
0x8010 0x0000
0x8011 0xFFAB
0x8012 0x0004
0x8013 0xCBBE
0x8014 0x0000
0x8015 0xFFA3
0x8016 0x000E
0x8017 0x1F84
0x8018 0x0001
0x8019 0x0124
0x801A 0x1124
0x801B 0x1224
0x801C 0x092C
0x801D 0xCBBE
0x801E 0x0000
0x801F 0xFFAB
0x8020 0xFFF6
0x8021 0xCBBE
0x8022 0x0000
0x8023 0xFFAB
0x8024 0xFFF2
0x8025 0x3F84
0x8026 0x0001
0x8027 0xFFA3
0x8028 0x0013
0x8029 0x0128
0x802A 0x1128
0x802B 0x1228
0x802C 0x0AA0
0x802D 0x0AA4
0x802E 0x6FA0
0x802F 0x0001
0x8030 0x9FA4
0x8031 0x0001
0x8032 0xFFA3
0x8033 0x0001
0x8034 0xAFA0
0x8035 0x8000
0x8036 0x0800
0x8037 0xF010
0x8038 0x3F84
0x8039 0x0001
0x803A 0xFFAB
0x803B 0xFFED
0x803C 0x0320
0x803D 0xFF90
0x803E 0x8002
0x803F 0xE100
0x8040 0x0DBC
0x8041 0xE0C0
0x8042 0x0808
0x8043 0x0FAC
0x8044 0x9A5A
0x8045 0xCFAD
0x8046 0x0000
0x8047 0xFFAB
0x8048 0x0016
0x8049 0x0FAC
0x804A 0x9A5F
0x804B 0x0B44
0x804C 0x0FB0
0x804D 0x9A5A
0x804E 0x0FB1
0x804F 0x0001
0x8050 0xCF84
0x8051 0x0000
0x8052 0xFFA3
0x8053 0x0008
0x8054 0x0100
0x8055 0x1F80
0x8056 0x0001
0x8057 0x0040
0x8058 0xF010
0x8059 0x0144
0x805A 0xFFAB
0x805B 0xFFF8
0x805C 0x0220
0x805D 0xFF90
0x805E 0x8005
0x805F 0xE100
0x8060 0x0DBC
0x8061 0xE0C0
0x8062 0x080C
0x8063 0x0908
0x8064 0x0F84
0x8065 0x9A56
0x8066 0xCFBE
0x8067 0x9A54
0x8068 0x0000
0x8069 0xFFA3
0x806A 0x0023
0x806B 0x0FAC
0x806C 0x9A56
0x806D 0xCBBE
0x806E 0x0000
0x806F 0xFFAB
0x8070 0x0004
0x8071 0xCBBE
0x8072 0x0000
0x8073 0xFFA3
0x8074 0x0019
0x8075 0x01A0
0x8076 0x01A4
0x8077 0x3F84
0x8078 0x0002
0x8079 0x6FA0
0x807A 0x0001
0x807B 0x9FA4
0x807C 0x0001
0x807D 0xFFA3
0x807E 0x0001
0x807F 0xAFA0
0x8080 0x8000
0x8081 0x0800
0x8082 0xF010
0x8083 0x1F84
0x8084 0x0002
0x8085 0x012C
0x8086 0xCBBE
0x8087 0x0000
0x8088 0xFFAB
0x8089 0xFFEB
0x808A 0xCBBE
0x808B 0x0000
0x808C 0xFFAB
0x808D 0xFFE7
0x808E 0x0320
0x808F 0x0224
0x8090 0xFF90
0x8091 0x8488
0x8092 0xFF90
0x8093 0x8041
0x8094 0xE100
0x8095 0x0DBC
0x8096 0x0FA0
0x8097 0x80B2
0x8098 0xFF90
0x8099 0x9A10
0x809A 0x0FA0
0x809B 0x80EE
0x809C 0xFF90
0x809D 0x9A10
0x809E 0x0FA0
0x809F 0x8133
0x80A0 0xFF90
0x80A1 0x9A10
0x80A2 0x0FA0
0x80A3 0x8160
0x80A4 0xFF90
0x80A5 0x9A10
0x80A6 0x0FA0
0x80A7 0x81AC
0x80A8 0xFF90
0x80A9 0x9A10
0x80AA 0x0FA0
0x80AB 0x81EE
0x80AC 0xFF90
0x80AD 0x9A10
0x80AE 0x0FA0
0x80AF 0x8208
0x80B0 0xFF80
0x80B1 0x9A10
0x80B2 0x0020
0x80B3 0x0020
0x80B4 0x0020
0x80B5 0x0020
0x80B6 0x006E
0x80B7 0x0061
0x80B8 0x0076
0x80B9 0x0069
0x80BA 0x0067
0x80BB 0x0061
0x80BC 0x0074
0x80BD 0x0065
0x80BE 0x003A
0x80BF 0x0020
0x80C0 0x0064
0x80C1 0x0069
0x80C2 0x0072
0x80C3 0x0020
0x80C4 0x0061
0x80C5 0x006E
0x80C6 0x0064
0x80C7 0x0020
0x80C8 0x0063
0x80C9 0x0064
0x80CA 0x0020
0x80CB 0x003C
0x80CC 0x0070
0x80CD 0x0061
0x80CE 0x0074
0x80CF 0x0068
0x80D0 0x003E
0x80D1 0x0020
0x80D2 0x0028
0x80D3 0x0075
0x80D4 0x0073
0x80D5 0x0065
0x80D6 0x0020
0x80D7 0x002F
0x80D8 0x0020
0x80D9 0x0061
0x80DA 0x0073
0x80DB 0x0020
0x80DC 0x0061
0x80DD 0x0020
0x80DE 0x0070
0x80DF 0x0061
0x80E0 0x0074
0x80E1 0x0068
0x80E2 0x0020
0x80E3 0x0073
0x80E4 0x0065
0x80E5 0x0070
0x80E6 0x0061
0x80E7 0x0072
0x80E8 0x0061
0x80E9 0x0074
0x80EA 0x006F
0x80EB 0x0072
0x80EC 0x0029
0x80ED 0x0000
0x80EE 0x0020
0x80EF 0x0020
0x80F0 0x0020
0x80F1 0x0020
0x80F2 0x006C
0x80F3 0x0069
0x80F4 0x0073
0x80F5 0x0074
0x80F6 0x0020
0x80F7 0x0066
0x80F8 0x0069
0x80F9 0x006C
0x80FA 0x0065
0x80FB 0x0073
0x80FC 0x0020
0x80FD 0x0028
0x80FE 0x0063
0x80FF 0x006F
0x8100 0x006D
0x8101 0x0070
0x8102 0x006C
0x8103 0x0065
0x8104 0x0078
0x8105 0x0020
0x8106 0x006E
0x8107 0x0061
0x8108 0x006D
0x8109 0x0065
0x810A 0x0073
0x810B 0x0020
0x810C 0x0061
0x810D 0x0072
0x810E 0x0065
0x810F 0x0020
0x8110 0x0061
0x8111 0x006C
0x8112 0x006C
0x8113 0x006F
0x8114 0x0077
0x8115 0x0065
0x8116 0x0064
0x8117 0x002C
0x8118 0x0020
0x8119 0x0075
0x811A 0x0073
0x811B 0x0065
0x811C 0x0020
0x811D 0x002F
0x811E 0x0020
0x811F 0x0061
0x8120 0x0073
0x8121 0x0020
0x8122 0x0070
0x8123 0x0061
0x8124 0x0074
0x8125 0x0068
0x8126 0x0020
0x8127 0x0073
0x8128 0x0065
0x8129 0x0070
0x812A 0x0061
0x812B 0x0072
0x812C 0x0061
0x812D 0x0074
0x812E 0x006F
0x812F 0x0072
0x8130 0x0029
0x8131 0x003A
0x8132 0x0000
0x8133 0x0020
0x8134 0x0020
0x8135 0x0020
0x8136 0x0020
0x8137 0x0020
0x8138 0x0020
0x8139 0x0020
0x813A 0x0020
0x813B 0x0063
0x813C 0x0061
0x813D 0x0074
0x813E 0x0020
0x813F 0x003C
0x8140 0x0066
0x8141 0x0069
0x8142 0x006C
0x8143 0x0065
0x8144 0x006E
0x8145 0x0061
0x8146 0x006D
0x8147 0x0065
0x8148 0x003E
0x8149 0x0020
0x814A 0x0061
0x814B 0x006E
0x814C 0x0064
0x814D 0x0020
0x814E 0x0063
0x814F 0x0061
0x8150 0x0074
0x8151 0x0068
0x8152 0x0065
0x8153 0x0078
0x8154 0x0020
0x8155 0x003C
0x8156 0x0066
0x8157 0x0069
0x8158 0x006C
0x8159 0x0065
0x815A 0x006E
0x815B 0x0061
0x815C 0x006D
0x815D 0x0065
0x815E 0x003E
0x815F 0x0000
0x8160 0x0020
0x8161 0x0020
0x8162 0x0020
0x8163 0x0020
0x8164 0x0020
0x8165 0x0020
0x8166 0x0020
0x8167 0x0020
0x8168 0x0066
0x8169 0x006F
0x816A 0x0072
0x816B 0x0020
0x816C 0x0073
0x816D 0x0065
0x816E 0x0065
0x816F 0x006B
0x8170 0x0069
0x8171 0x006E
0x8172 0x0067
0x8173 0x0020
0x8174 0x0077
0x8175 0x0069
0x8176 0x0074
0x8177 0x0068
0x8178 0x0069
0x8179 0x006E
0x817A 0x0020
0x817B 0x0074
0x817C 0x0068
0x817D 0x0065
0x817E 0x0020
0x817F 0x0066
0x8180 0x0069
0x8181 0x006C
0x8182 0x0065
0x8183 0x002C
0x8184 0x0020
0x8185 0x0061
0x8186 0x0064
0x8187 0x0064
0x8188 0x0020
0x8189 0x0061
0x818A 0x0020
0x818B 0x006E
0x818C 0x0075
0x818D 0x006D
0x818E 0x0062
0x818F 0x0065
0x8190 0x0072
0x8191 0x0020
0x8192 0x0028
0x8193 0x0064
0x8194 0x0065
0x8195 0x0063
0x8196 0x0069
0x8197 0x006D
0x8198 0x0061
0x8199 0x006C
0x819A 0x0020
0x819B 0x006F
0x819C 0x0072
0x819D 0x0020
0x819E 0x0068
0x819F 0x0065
0x81A0 0x0078
0x81A1 0x0020
0x81A2 0x0061
0x81A3 0x0073
0x81A4 0x0020
0x81A5 0x0030
0x81A6 0x0078
0x81A7 0x002E
0x81A8 0x002E
0x81A9 0x002E
0x81AA 0x0029
0x81AB 0x0000
0x81AC 0x0020
0x81AD 0x0020
0x81AE 0x0020
0x81AF 0x0020
0x81B0 0x0020
0x81B1 0x0020
0x81B2 0x0020
0x81B3 0x0020
0x81B4 0x0073
0x81B5 0x0065
0x81B6 0x0070
0x81B7 0x0061
0x81B8 0x0072
0x81B9 0x0061
0x81BA 0x0074
0x81BB 0x0065
0x81BC 0x0064
0x81BD 0x0020
0x81BE 0x0062
0x81BF 0x0079
0x81C0 0x0020
0x81C1 0x0061
0x81C2 0x0020
0x81C3 0x003A
0x81C4 0x0020
0x81C5 0x0061
0x81C6 0x0066
0x81C7 0x0074
0x81C8 0x0065
0x81C9 0x0072
0x81CA 0x0020
0x81CB 0x0074
0x81CC 0x0068
0x81CD 0x0065
0x81CE 0x0020
0x81CF 0x0066
0x81D0 0x0069
0x81D1 0x006C
0x81D2 0x0065
0x81D3 0x006E
0x81D4 0x0061
0x81D5 0x006D
0x81D6 0x0065
0x81D7 0x002C
0x81D8 0x0020
0x81D9 0x0065
0x81DA 0x002E
0x81DB 0x0067
0x81DC 0x002E
0x81DD 0x0020
0x81DE 0x003C
0x81DF 0x0066
0x81E0 0x0069
0x81E1 0x006C
0x81E2 0x0065
0x81E3 0x006E
0x81E4 0x0061
0x81E5 0x006D
0x81E6 0x0065
0x81E7 0x003E
0x81E8 0x003A
0x81E9 0x0031
0x81EA 0x0032
0x81EB 0x0033
0x81EC 0x0034
0x81ED 0x0000
0x81EE 0x0020
0x81EF 0x0020
0x81F0 0x0020
0x81F1 0x0020
0x81F2 0x0070
0x81F3 0x0072
0x81F4 0x0069
0x81F5 0x006E
0x81F6 0x0074
0x81F7 0x0020
0x81F8 0x0074
0x81F9 0x0068
0x81FA 0x0069
0x81FB 0x0073
0x81FC 0x0020
0x81FD 0x0069
0x81FE 0x006E
0x81FF 0x0066
0x8200 0x006F
0x8201 0x003A
0x8202 0x0020
0x8203 0x0068
0x8204 0x0065
0x8205 0x006C
0x8206 0x0070
0x8207 0x0000
0x8208 0x0020
0x8209 0x0020
0x820A 0x0020
0x820B 0x0020
0x820C 0x0065
0x820D 0x006E
0x820E 0x0064
0x820F 0x0020
0x8210 0x0070
0x8211 0x0072
0x8212 0x006F
0x8213 0x0067
0x8214 0x0072
0x8215 0x0061
0x8216 0x006D
0x8217 0x003A
0x8218 0x0020
0x8219 0x0065
0x821A 0x0078
0x821B 0x0069
0x821C 0x0074
0x821D 0x000A
0x821E 0x0000
0x821F 0xE0C0
0x8220 0x0800
0x8221 0xFFA3
0x8222 0x0013
0x8223 0x0024
0x8224 0x9FA4
0x8225 0xFF00
0x8226 0xCFA4
0x8227 0xEE00
0x8228 0xFFA3
0x8229 0x0002
0x822A 0x9F80
0x822B 0x00FF
0x822C 0x0037
0x822D 0x0FA0
0x822E 0x8238
0x822F 0xFF90
0x8230 0x940D
0x8231 0x0020
0x8232 0xFF90
0x8233 0x8041
0x8234 0x1FB4
0x8235 0x0001
0x8236 0xE100
0x8237 0x0DBC
0x8238 0x0066
0x8239 0x0061
0x823A 0x0074
0x823B 0x0061
0x823C 0x006C
0x823D 0x0020
0x823E 0x0065
0x823F 0x0072
0x8240 0x0072
0x8241 0x006F
0x8242 0x0072
0x8243 0x003A
0x8244 0x0020
0x8245 0x0030
0x8246 0x0078
0x8247 0x0025
0x8248 0x0030
0x8249 0x0034
0x824A 0x0058
0x824B 0x000A
0x824C 0x0000
0x824D 0x0828
0x824E 0xFD8B
0x824F 0x0937
0x8250 0x0FA0
0x8251 0x825B
0x8252 0xFF90
0x8253 0x940D
0x8254 0x0FA0
0x8255 0xFFFF
0x8256 0xFF90
0x8257 0x8041
0x8258 0x1FB4
0x8259 0x0001
0x825A 0x0DBC
0x825B 0x0066
0x825C 0x0061
0x825D 0x0074
0x825E 0x0061
0x825F 0x006C
0x8260 0x0020
0x8261 0x0065
0x8262 0x0072
0x8263 0x0072
0x8264 0x006F
0x8265 0x0072
0x8266 0x003A
0x8267 0x0020
0x8268 0x006E
0x8269 0x006F
0x826A 0x0074
0x826B 0x0020
0x826C 0x0065
0x826D 0x006E
0x826E 0x006F
0x826F 0x0075
0x8270 0x0067
0x8271 0x0068
0x8272 0x0020
0x8273 0x0068
0x8274 0x0065
0x8275 0x0061
0x8276 0x0070
0x8277 0x0020
0x8278 0x0066
0x8279 0x006F
0x827A 0x0072
0x827B 0x0020
0x827C 0x0025
0x827D 0x0073
0x827E 0x002E
0x827F 0x000A
0x8280 0x0000
0x8281 0xE0C0
0x8282 0x3FB4
0x8283 0x0019
0x8284 0x0D30
0x8285 0x1FB0
0x8286 0x0002
0x8287 0x0831
0x8288 0x0D30
0x8289 0x1FB0
0x828A 0x0007
0x828B 0x0931
0x828C 0x0F9C
0x828D 0x8417
0x828E 0x0F94
0x828F 0x9A72
0x8290 0x0D30
0x8291 0x1FB0
0x8292 0x0003
0x8293 0x0FB2
0x8294 0x0000
0x8295 0x0FB2
0x8296 0x0000
0x8297 0x0D28
0x8298 0x0D2C
0x8299 0x1FAC
0x829A 0x0002
0x829B 0x0B60
0x829C 0x0FA4
0x829D 0x003A
0x829E 0xFF90
0x829F 0x9381
0x82A0 0x0800
0x82A1 0x0D60
0x82A2 0x0FA4
0x82A3 0x8468
0x82A4 0xFF90
0x82A5 0x824D
0x82A6 0xCF80
0x82A7 0x0002
0x82A8 0xFFAB
0x82A9 0x0019
0x82AA 0x0D30
0x82AB 0x1FB0
0x82AC 0x0001
0x82AD 0x0D71
0x82AE 0x1FB1
0x82AF 0x0001
0x82B0 0x0D24
0x82B1 0x1FA4
0x82B2 0x0005
0x82B3 0x0D6C
0x82B4 0x0B68
0x82B5 0x1D68
0x82B6 0x0A20
0x82B7 0x1FA0
0x82B8 0x0002
0x82B9 0xBA28
0x82BA 0xFF90
0x82BB 0x8CBE
0x82BC 0x0D30
0x82BD 0x1FB0
0x82BE 0x0003
0x82BF 0x0832
0x82C0 0x0932
0x82C1 0xFFA0
0x82C2 0x0007
0x82C3 0x0D2C
0x82C4 0x1FAC
0x82C5 0x0002
0x82C6 0x0D30
0x82C7 0x1FB0
0x82C8 0x0001
0x82C9 0x0B71
0x82CA 0x0FA0
0x82CB 0x9A60
0x82CC 0x0524
0x82CD 0x0D2C
0x82CE 0x1FAC
0x82CF 0x0001
0x82D0 0x0B68
0x82D1 0xFF90
0x82D2 0x93E4
0x82D3 0x0D30
0x82D4 0x1FB0
0x82D5 0x0002
0x82D6 0x0831
0x82D7 0x0D2C
0x82D8 0x1FAC
0x82D9 0x0002
0x82DA 0xCFAD
0x82DB 0x0000
0x82DC 0xFFAB
0x82DD 0x0118
0x82DE 0x0D30
0x82DF 0x1FB0
0x82E0 0x0001
0x82E1 0x0FB1
0x82E2 0x0000
0x82E3 0x0D2C
0x82E4 0x1FAC
0x82E5 0x0003
0x82E6 0xCBBE
0x82E7 0x0000
0x82E8 0xFFAB
0x82E9 0x0004
0x82EA 0xCBBE
0x82EB 0x0000
0x82EC 0xFFA3
0x82ED 0x000E
0x82EE 0x0D2C
0x82EF 0x1FAC
0x82F0 0x0005
0x82F1 0x0BF7
0x82F2 0x0BF7
0x82F3 0x0520
0x82F4 0xFF90
0x82F5 0x93FD
0x82F6 0x0D30
0x82F7 0x1FB0
0x82F8 0x0003
0x82F9 0x0831
0x82FA 0x1FB4
0x82FB 0x0002
0x82FC 0x0D2C
0x82FD 0x1FAC
0x82FE 0x0001
0x82FF 0xCFAD
0x8300 0x0000
0x8301 0xFFAB
0x8302 0x00D6
0x8303 0xB618
0x8304 0xB000
0x8305 0x0D30
0x8306 0x1FB0
0x8307 0x0018
0x8308 0x0FB1
0x8309 0x0000
0x830A 0x0D24
0x830B 0x1FA4
0x830C 0x0006
0x830D 0x0520
0x830E 0xFF90
0x830F 0x93F1
0x8310 0x0810
0x8311 0xFFAB
0x8312 0x0080
0x8313 0x0F8C
0x8314 0x8423
0x8315 0x0D2C
0x8316 0x1FAC
0x8317 0x0007
0x8318 0xCFAD
0x8319 0x0000
0x831A 0xFFAB
0x831B 0x003A
0x831C 0x0D2C
0x831D 0x1FAC
0x831E 0x0006
0x831F 0xCFAD
0x8320 0x000D
0x8321 0xFFA3
0x8322 0x0007
0x8323 0x0D2C
0x8324 0x1FAC
0x8325 0x0006
0x8326 0xCFAD
0x8327 0x000A
0x8328 0xFFAB
0x8329 0x0014
0x832A 0xCF98
0x832B 0x0000
0x832C 0xFFA3
0x832D 0x0007
0x832E 0x0D2C
0x832F 0x1FAC
0x8330 0x0006
0x8331 0xCFAD
0x8332 0x000A
0x8333 0xFFA3
0x8334 0x0012
0x8335 0x0FAC
0x8336 0x9B90
0x8337 0x0B64
0x8338 0x0FA0
0x8339 0x000A
0x833A 0xFF90
0x833B 0x8ABA
0x833C 0xFFA0
0x833D 0x0009
0x833E 0x0FAC
0x833F 0x9B90
0x8340 0x0B64
0x8341 0x0D2C
0x8342 0x1FAC
0x8343 0x0006
0x8344 0x0B60
0x8345 0xFF90
0x8346 0x8ABA
0x8347 0x0D2C
0x8348 0x1FAC
0x8349 0x0006
0x834A 0xCFAD
0x834B 0x000D
0x834C 0xFFA3
0x834D 0x0003
0x834E 0xB208
0x834F 0xFFA0
0x8350 0x0002
0x8351 0x0F88
0x8352 0x0001
0x8353 0x0218
0x8354 0xFFA0
0x8355 0x0034
0x8356 0x0D2C
0x8357 0x1FAC
0x8358 0x0006
0x8359 0x0B60
0x835A 0x0837
0x835B 0x0320
0x835C 0xFF90
0x835D 0x940D
0x835E 0x0FA0
0x835F 0x89B7
0x8360 0x0D2C
0x8361 0x1FAC
0x8362 0x0007
0x8363 0x1B60
0x8364 0x0860
0x8365 0x9FA0
0x8366 0x0020
0x8367 0x1FB4
0x8368 0x0001
0x8369 0xCFA0
0x836A 0x0000
0x836B 0xFFA3
0x836C 0x0004
0x836D 0x0F84
0x836E 0x002E
0x836F 0xFFA0
0x8370 0x0004
0x8371 0x0D2C
0x8372 0x1FAC
0x8373 0x0006
0x8374 0x0B44
0x8375 0x0D20
0x8376 0x1FA0
0x8377 0x0008
0x8378 0x1020
0x8379 0x0121
0x837A 0x1F80
0x837B 0x0001
0x837C 0xCF80
0x837D 0x0010
0x837E 0xFFAB
0x837F 0x000A
0x8380 0x0D20
0x8381 0x1FA0
0x8382 0x0008
0x8383 0x0837
0x8384 0x0720
0x8385 0xFF90
0x8386 0x940D
0x8387 0xB000
0x8388 0x1FB4
0x8389 0x0001
0x838A 0x0D24
0x838B 0x1FA4
0x838C 0x0006
0x838D 0x0520
0x838E 0xFF90
0x838F 0x93F1
0x8390 0x0810
0x8391 0xFFA3
0x8392 0xFF82
0x8393 0x0420
0x8394 0xCFA0
0x8395 0xEEEE
0x8396 0xFFA3
0x8397 0x0008
0x8398 0x0D2C
0x8399 0x1FAC
0x839A 0x0002
0x839B 0x0B60
0x839C 0xFF90
0x839D 0x821F
0x839E 0xFFA0
0x839F 0x0030
0x83A0 0x0D2C
0x83A1 0x1FAC
0x83A2 0x0007
0x83A3 0xCFAD
0x83A4 0x0000
0x83A5 0xFFA3
0x83A6 0x0029
0x83A7 0xCF80
0x83A8 0x0000
0x83A9 0xFFA3
0x83AA 0x0025
0x83AB 0x0D20
0x83AC 0x1FA0
0x83AD 0x0008
0x83AE 0x1020
0x83AF 0x0FA1
0x83B0 0x0000
0x83B1 0xB30C
0x83B2 0x0FA0
0x83B3 0x0010
0x83B4 0x3020
0x83B5 0xC83E
0x83B6 0x0000
0x83B7 0xFFAD
0x83B8 0x000D
0x83B9 0x0F84
0x83BA 0x8429
0x83BB 0x0120
0x83BC 0xFF90
0x83BD 0x8996
0x83BE 0x1F8C
0x83BF 0x0001
0x83C0 0x0FA0
0x83C1 0x0010
0x83C2 0x3020
0x83C3 0xC80C
0x83C4 0xFFA5
0x83C5 0xFFF5
0x83C6 0x0D20
0x83C7 0x1FA0
0x83C8 0x0008
0x83C9 0x0837
0x83CA 0x0FA0
0x83CB 0x842D
0x83CC 0xFF90
0x83CD 0x940D
0x83CE 0x1FB4
0x83CF 0x0001
0x83D0 0x0FAC
0x83D1 0x9B90
0x83D2 0x0B64
0x83D3 0x0FA0
0x83D4 0x000A
0x83D5 0xFF90
0x83D6 0x8ABA
0x83D7 0xFFA0
0x83D8 0x0037
0x83D9 0x0D2C
0x83DA 0x1FAC
0x83DB 0x0001
0x83DC 0x0B60
0x83DD 0xCFA0
0x83DE 0xEE21
0x83DF 0xFFAB
0x83E0 0x000D
0x83E1 0x0D2C
0x83E2 0x1FAC
0x83E3 0x0005
0x83E4 0x0BF7
0x83E5 0x0BF7
0x83E6 0x0FA0
0x83E7 0x8439
0x83E8 0xFF90
0x83E9 0x940D
0x83EA 0x1FB4
0x83EB 0x0002
0x83EC 0xFFA0
0x83ED 0x0022
0x83EE 0x0D2C
0x83EF 0x1FAC
0x83F0 0x0001
0x83F1 0x0B60
0x83F2 0xFF90
0x83F3 0x821F
0x83F4 0xFFA0
0x83F5 0x001A
0x83F6 0x0D2C
0x83F7 0x1FAC
0x83F8 0x0002
0x83F9 0x0B60
0x83FA 0xCFA0
0x83FB 0xEE20
0x83FC 0xFFAB
0x83FD 0x000C
0x83FE 0x0D2C
0x83FF 0x1FAC
0x8400 0x0001
0x8401 0x0B77
0x8402 0x0FA0
0x8403 0x846D
0x8404 0xFF90
0x8405 0x940D
0x8406 0x1FB4
0x8407 0x0001
0x8408 0xFFA0
0x8409 0x0006
0x840A 0x0D2C
0x840B 0x1FAC
0x840C 0x0002
0x840D 0x0B60
0x840E 0xFF90
0x840F 0x821F
0x8410 0x0D60
0x8411 0xFF90
0x8412 0x880F
0x8413 0x1FB4
0x8414 0x0019
0x8415 0xE100
0x8416 0x0DBC
0x8417 0x0020
0x8418 0x0020
0x8419 0x0020
0x841A 0x0020
0x841B 0x0020
0x841C 0x0020
0x841D 0x0020
0x841E 0x0020
0x841F 0x0025
0x8420 0x0073
0x8421 0x000A
0x8422 0x0000
0x8423 0x0025
0x8424 0x0030
0x8425 0x0032
0x8426 0x0058
0x8427 0x0020
0x8428 0x0000
0x8429 0x0020
0x842A 0x0020
0x842B 0x0020
0x842C 0x0000
0x842D 0x0020
0x842E 0x0020
0x842F 0x0020
0x8430 0x0020
0x8431 0x0020
0x8432 0x0020
0x8433 0x0020
0x8434 0x0020
0x8435 0x0025
0x8436 0x0073
0x8437 0x000A
0x8438 0x0000
0x8439 0x0065
0x843A 0x0072
0x843B 0x0072
0x843C 0x006F
0x843D 0x0072
0x843E 0x003A
0x843F 0x0020
0x8440 0x0073
0x8441 0x0065
0x8442 0x0065
0x8443 0x006B
0x8444 0x0020
0x8445 0x0070
0x8446 0x006F
0x8447 0x0073
0x8448 0x0069
0x8449 0x0074
0x844A 0x0069
0x844B 0x006F
0x844C 0x006E
0x844D 0x0020
0x844E 0x0069
0x844F 0x0073
0x8450 0x0020
0x8451 0x006C
0x8452 0x0061
0x8453 0x0072
0x8454 0x0067
0x8455 0x0065
0x8456 0x0072
0x8457 0x0020
0x8458 0x0074
0x8459 0x0068
0x845A 0x0061
0x845B 0x006E
0x845C 0x0020
0x845D 0x0066
0x845E 0x0069
0x845F 0x006C
0x8460 0x0065
0x8461 0x003A
0x8462 0x0020
0x8463 0x0025
0x8464 0x006C
0x8465 0x0075
0x8466 0x000A
0x8467 0x0000
0x8468 0x0061
0x8469 0x0072
0x846A 0x0067
0x846B 0x0076
0x846C 0x0000
0x846D 0x0065
0x846E 0x0072
0x846F 0x0072
0x8470 0x006F
0x8471 0x0072
0x8472 0x003A
0x8473 0x0020
0x8474 0x0066
0x8475 0x0069
0x8476 0x006C
0x8477 0x0065
0x8478 0x0020
0x8479 0x006E
0x847A 0x006F
0x847B 0x0074
0x847C 0x0020
0x847D 0x0066
0x847E 0x006F
0x847F 0x0075
0x8480 0x006E
0x8481 0x0064
0x8482 0x003A
0x8483 0x0020
0x8484 0x0025
0x8485 0x0073
0x8486 0x000A
0x8487 0x0000
0x8488 0xE0C0
0x8489 0x3FB4
0x848A 0x0001
0x848B 0x0F94
0x848C 0x9A72
0x848D 0x0F90
0x848E 0x9A7B
0x848F 0x0F88
0x8490 0x9A60
0x8491 0x0FA0
0x8492 0x85F9
0x8493 0xFF90
0x8494 0x9A10
0x8495 0xFF90
0x8496 0x8096
0x8497 0x0220
0x8498 0x0FA4
0x8499 0x0001
0x849A 0xFF90
0x849B 0x93A8
0x849C 0xFF90
0x849D 0x821F
0x849E 0x0FA0
0x849F 0x0400
0x84A0 0xFF90
0x84A1 0x876E
0x84A2 0x0FB0
0x84A3 0x9B87
0x84A4 0x0831
0x84A5 0x0FAC
0x84A6 0x9B87
0x84A7 0x0B60
0x84A8 0x0FA4
0x84A9 0x862E
0x84AA 0xFF90
0x84AB 0x824D
0x84AC 0x0FAC
0x84AD 0x9A5B
0x84AE 0xCFAD
0x84AF 0x0000
0x84B0 0xFFA3
0x84B1 0x0005
0x84B2 0x0FAC
0x84B3 0x9A5B
0x84B4 0x0B60
0x84B5 0xFF90
0x84B6 0x880F
0x84B7 0x0FA0
0x84B8 0x85B9
0x84B9 0xFF90
0x84BA 0x8996
0x84BB 0x0FAC
0x84BC 0x9B90
0x84BD 0x0B60
0x84BE 0xFF90
0x84BF 0x8654
0x84C0 0x0FAC
0x84C1 0x9B87
0x84C2 0x0B60
0x84C3 0xFF90
0x84C4 0x0006
0x84C5 0x0FA0
0x84C6 0x85C2
0x84C7 0xFF90
0x84C8 0x9A10
0x84C9 0x0FAC
0x84CA 0x9B87
0x84CB 0x0B60
0x84CC 0x0FA4
0x84CD 0x0020
0x84CE 0x0FA8
0x84CF 0x9A5B
0x84D0 0xFF90
0x84D1 0x9381
0x84D2 0x0804
0x84D3 0xFFA3
0x84D4 0xFFD7
0x84D5 0x0FAC
0x84D6 0x9A5B
0x84D7 0x0B60
0x84D8 0x0FA4
0x84D9 0x85C3
0x84DA 0xFF90
0x84DB 0x824D
0x84DC 0x0FAC
0x84DD 0x9A5B
0x84DE 0x0B64
0x84DF 0x0900
0x84E0 0x1F80
0x84E1 0x0001
0x84E2 0x0FAC
0x84E3 0x9A5B
0x84E4 0x0B6C
0x84E5 0x0B60
0x84E6 0x1920
0x84E7 0x0818
0x84E8 0x1F98
0x84E9 0x0002
0x84EA 0x0020
0x84EB 0xFF90
0x84EC 0x001A
0x84ED 0x0020
0x84EE 0x0FA4
0x84EF 0x85CD
0x84F0 0xFF90
0x84F1 0x8638
0x84F2 0xCFA0
0x84F3 0x0000
0x84F4 0xFFAB
0x84F5 0x000D
0x84F6 0x0FAC
0x84F7 0x9B87
0x84F8 0x0B60
0x84F9 0xFF90
0x84FA 0x880F
0x84FB 0x0FAC
0x84FC 0x9A5B
0x84FD 0x0B60
0x84FE 0xFF90
0x84FF 0x880F
0x8500 0xB820
0x8501 0xFFA0
0x8502 0x0092
0x8503 0x0020
0x8504 0x0FA4
0x8505 0x85D2
0x8506 0xFF90
0x8507 0x8638
0x8508 0xCFA0
0x8509 0x0000
0x850A 0xFFAB
0x850B 0x0004
0x850C 0xFF90
0x850D 0x8096
0x850E 0xFFA0
0x850F 0xFF9C
0x8510 0x0020
0x8511 0x0FA4
0x8512 0x85D7
0x8513 0xFF90
0x8514 0x8638
0x8515 0xCFA0
0x8516 0x0000
0x8517 0xFFAB
0x8518 0x0027
0x8519 0x0220
0x851A 0x0524
0x851B 0xFF90
0x851C 0x93B2
0x851D 0xFF90
0x851E 0x821F
0x851F 0x0FB5
0x8520 0x0001
0x8521 0xCFB5
0x8522 0x0000
0x8523 0xFFA3
0x8524 0xFF87
0x8525 0x0D20
0x8526 0x0837
0x8527 0x0520
0x8528 0x0424
0x8529 0x0FA8
0x852A 0x0035
0x852B 0xFF90
0x852C 0x93C7
0x852D 0xFF90
0x852E 0x821F
0x852F 0x1FB4
0x8530 0x0001
0x8531 0xCFB5
0x8532 0x0000
0x8533 0xFFA3
0x8534 0x0005
0x8535 0x0420
0x8536 0x0FA4
0x8537 0x001D
0x8538 0xFF90
0x8539 0x93DB
0x853A 0xCFB5
0x853B 0x0000
0x853C 0xFFAB
0x853D 0xFFE7
0x853E 0xFFA0
0x853F 0xFF6C
0x8540 0x0020
0x8541 0x0FA4
0x8542 0x85DB
0x8543 0xFF90
0x8544 0x8638
0x8545 0xCFA0
0x8546 0x0000
0x8547 0xFFAB
0x8548 0x001F
0x8549 0x0FAC
0x854A 0x9B87
0x854B 0x0B5C
0x854C 0x1F9C
0x854D 0x0003
0x854E 0x0220
0x854F 0x0724
0x8550 0xFF90
0x8551 0x93BC
0x8552 0x080C
0x8553 0xFFA3
0x8554 0xFF57
0x8555 0x0320
0x8556 0xCFA0
0x8557 0xEE19
0x8558 0xFFAB
0x8559 0x0009
0x855A 0x0737
0x855B 0x0FA0
0x855C 0x8599
0x855D 0xFF90
0x855E 0x940D
0x855F 0x1FB4
0x8560 0x0001
0x8561 0xFFA0
0x8562 0xFF49
0x8563 0x0320
0x8564 0xFF90
0x8565 0x821F
0x8566 0xFFA0
0x8567 0xFF44
0x8568 0x0020
0x8569 0x0FA4
0x856A 0x85DE
0x856B 0xFF90
0x856C 0x8638
0x856D 0xCFA0
0x856E 0x0000
0x856F 0xFFAB
0x8570 0x000A
0x8571 0xCF84
0x8572 0x0002
0x8573 0xFFAB
0x8574 0x0006
0x8575 0x0620
0x8576 0xB924
0x8577 0xFF90
0x8578 0x8281
0x8579 0xFFA0
0x857A 0xFF31
0x857B 0x0020
0x857C 0x0FA4
0x857D 0x85E2
0x857E 0xFF90
0x857F 0x8638
0x8580 0xCFA0
0x8581 0x0000
0x8582 0xFFAB
0x8583 0x000B
0x8584 0xCF84
0x8585 0x0002
0x8586 0xFFAB
0x8587 0x0007
0x8588 0x0620
0x8589 0x0FA4
0x858A 0x0001
0x858B 0xFF90
0x858C 0x8281
0x858D 0xFFA0
0x858E 0xFF1D
0x858F 0x0FA0
0x8590 0x85E9
0x8591 0xFF90
0x8592 0x9A10
0x8593 0xFFA0
0x8594 0xFF17
0x8595 0x1FB4
0x8596 0x0001
0x8597 0xE100
0x8598 0x0DBC
0x8599 0x0065
0x859A 0x0072
0x859B 0x0072
0x859C 0x006F
0x859D 0x0072
0x859E 0x003A
0x859F 0x0020
0x85A0 0x0064
0x85A1 0x0069
0x85A2 0x0072
0x85A3 0x0065
0x85A4 0x0063
0x85A5 0x0074
0x85A6 0x006F
0x85A7 0x0072
0x85A8 0x0079
0x85A9 0x0020
0x85AA 0x006E
0x85AB 0x006F
0x85AC 0x0074
0x85AD 0x0020
0x85AE 0x0066
0x85AF 0x006F
0x85B0 0x0075
0x85B1 0x006E
0x85B2 0x0064
0x85B3 0x003A
0x85B4 0x0020
0x85B5 0x0025
0x85B6 0x0073
0x85B7 0x000A
0x85B8 0x0000
0x85B9 0x0053
0x85BA 0x0044
0x85BB 0x0043
0x85BC 0x0041
0x85BD 0x0052
0x85BE 0x0044
0x85BF 0x003E
0x85C0 0x0020
0x85C1 0x0000
0x85C2 0x0000
0x85C3 0x0073
0x85C4 0x0070
0x85C5 0x006C
0x85C6 0x0069
0x85C7 0x0074
0x85C8 0x005F
0x85C9 0x0073
0x85CA 0x0074
0x85CB 0x0072
0x85CC 0x0000
0x85CD 0x0045
0x85CE 0x0058
0x85CF 0x0049
0x85D0 0x0054
0x85D1 0x0000
0x85D2 0x0048
0x85D3 0x0045
0x85D4 0x004C
0x85D5 0x0050
0x85D6 0x0000
0x85D7 0x0044
0x85D8 0x0049
0x85D9 0x0052
0x85DA 0x0000
0x85DB 0x0043
0x85DC 0x0044
0x85DD 0x0000
0x85DE 0x0043
0x85DF 0x0041
0x85E0 0x0054
0x85E1 0x0000
0x85E2 0x0043
0x85E3 0x0041
0x85E4 0x0054
0x85E5 0x0048
0x85E6 0x0045
0x85E7 0x0058
0x85E8 0x0000
0x85E9 0x0069
0x85EA 0x006C
0x85EB 0x006C
0x85EC 0x0065
0x85ED 0x0067
0x85EE 0x0061
0x85EF 0x006C
0x85F0 0x0020
0x85F1 0x0063
0x85F2 0x006F
0x85F3 0x006D
0x85F4 0x006D
0x85F5 0x0061
0x85F6 0x006E
0x85F7 0x0064
0x85F8 0x0000
0x85F9 0x0053
0x85FA 0x0044
0x85FB 0x0020
0x85FC 0x0043
0x85FD 0x0061
0x85FE 0x0072
0x85FF 0x0064
0x8600 0x0020
0x8601 0x0053
0x8602 0x0068
0x8603 0x0065
0x8604 0x006C
0x8605 0x006C
0x8606 0x0020
0x8607 0x0044
0x8608 0x0065
0x8609 0x006D
0x860A 0x006F
0x860B 0x0020
0x860C 0x002D
0x860D 0x0020
0x860E 0x0064
0x860F 0x006F
0x8610 0x006E
0x8611 0x0065
0x8612 0x0020
0x8613 0x0062
0x8614 0x0079
0x8615 0x0020
0x8616 0x0073
0x8617 0x0079
0x8618 0x0032
0x8619 0x0030
0x861A 0x0030
0x861B 0x0032
0x861C 0x0020
0x861D 0x0069
0x861E 0x006E
0x861F 0x0020
0x8620 0x004F
0x8621 0x0063
0x8622 0x0074
0x8623 0x006F
0x8624 0x0062
0x8625 0x0065
0x8626 0x0072
0x8627 0x0020
0x8628 0x0032
0x8629 0x0030
0x862A 0x0031
0x862B 0x0036
0x862C 0x000A
0x862D 0x0000
0x862E 0x0069
0x862F 0x006E
0x8630 0x0070
0x8631 0x0075
0x8632 0x0074
0x8633 0x005F
0x8634 0x0073
0x8635 0x0074
0x8636 0x0072
0x8637 0x0000
0x8638 0xE0C0
0x8639 0x0800
0x863A 0x0904
0x863B 0xC141
0x863C 0xFFAB
0x863D 0x000E
0x863E 0xCF81
0x863F 0x0000
0x8640 0xFFAB
0x8641 0x0003
0x8642 0xB820
0x8643 0xFFA0
0x8644 0x000D
0x8645 0x1F80
0x8646 0x0001
0x8647 0x1F84
0x8648 0x0001
0x8649 0xC141
0x864A 0xFFA3
0x864B 0xFFF2
0x864C 0x0068
0x864D 0x0160
0x864E 0x8820
0x864F 0x1FA0
0x8650 0x0001
0x8651 0x1A20
0x8652 0xE100
0x8653 0x0DBC
0x8654 0xE0C0
0x8655 0x0800
0x8656 0xFFA3
0x8657 0x0005
0x8658 0x0020
0x8659 0xFF90
0x865A 0x8676
0x865B 0xFFA0
0x865C 0x0016
0x865D 0x0FAC
0x865E 0x9B88
0x865F 0x0B40
0x8660 0xFFA3
0x8661 0x0011
0x8662 0x0024
0x8663 0x1FA4
0x8664 0x0006
0x8665 0x0964
0x8666 0x9FA4
0x8667 0x0002
0x8668 0xFFA3
0x8669 0x0003
0x866A 0x0020
0x866B 0xFF90
0x866C 0x8676
0x866D 0x0024
0x866E 0x1FA4
0x866F 0x0003
0x8670 0x0940
0x8671 0xFFAB
0x8672 0xFFEF
0x8673 0xB820
0x8674 0xE100
0x8675 0x0DBC
0x8676 0xE0C0
0x8677 0x0808
0x8678 0xFF90
0x8679 0x86EF
0x867A 0xCF88
0x867B 0x0000
0x867C 0xFFAB
0x867D 0x0004
0x867E 0x0FA0
0x867F 0xFFFF
0x8680 0xFFA0
0x8681 0x0049
0x8682 0x0210
0x8683 0x1F90
0x8684 0x0007
0x8685 0xCF91
0x8686 0x0000
0x8687 0xFFAB
0x8688 0x000E
0x8689 0x0220
0x868A 0x1FA0
0x868B 0x0006
0x868C 0x0860
0x868D 0x9FA0
0x868E 0x0004
0x868F 0xFFA3
0x8690 0x0004
0x8691 0x0F91
0x8692 0x0001
0x8693 0xFFA0
0x8694 0x0002
0x8695 0x0F91
0x8696 0x0040
0x8697 0x020C
0x8698 0x1F8C
0x8699 0x0002
0x869A 0xCF8D
0x869B 0x0000
0x869C 0xFFAB
0x869D 0x0003
0x869E 0xB820
0x869F 0xFFA0
0x86A0 0x002A
0x86A1 0x0204
0x86A2 0x1F84
0x86A3 0x0006
0x86A4 0x0160
0x86A5 0x9FA0
0x86A6 0x0002
0x86A7 0xFFA3
0x86A8 0x001F
0x86A9 0xCF89
0x86AA 0x0000
0x86AB 0xFFA3
0x86AC 0x0013
0x86AD 0x0214
0x86AE 0x1F94
0x86AF 0x0001
0x86B0 0x0540
0x86B1 0x3340
0x86B2 0x0364
0x86B3 0x0260
0x86B4 0x0028
0x86B5 0xFF90
0x86B6 0x86CD
0x86B7 0xC020
0x86B8 0xFFA3
0x86B9 0x0009
0x86BA 0xAF85
0x86BB 0x0010
0x86BC 0x0FA0
0x86BD 0xFFFF
0x86BE 0xFFA0
0x86BF 0x000B
0x86C0 0xB820
0x86C1 0xFFA0
0x86C2 0x0008
0x86C3 0x0355
0x86C4 0x0220
0x86C5 0x1FA0
0x86C6 0x0005
0x86C7 0x0461
0x86C8 0x9F85
0x86C9 0xFFFC
0x86CA 0xB820
0x86CB 0xE100
0x86CC 0x0DBC
0x86CD 0xE0C0
0x86CE 0x0900
0x86CF 0x0A08
0x86D0 0x0824
0x86D1 0xCFA4
0x86D2 0x0001
0x86D3 0xFFA3
0x86D4 0x0004
0x86D5 0xCFA4
0x86D6 0x0002
0x86D7 0xFFAB
0x86D8 0x000F
0x86D9 0x0204
0x86DA 0xCF88
0x86DB 0x0000
0x86DC 0xFFA3
0x86DD 0x0007
0x86DE 0x00A0
0x86DF 0xFF90
0x86E0 0x0004
0x86E1 0x3F84
0x86E2 0x0001
0x86E3 0xFFAB
0x86E4 0xFFF9
0x86E5 0x0220
0x86E6 0xFFA0
0x86E7 0x0005
0x86E8 0xCFA4
0x86E9 0x0000
0x86EA 0xFFAB
0x86EB 0x0001
0x86EC 0xB820
0x86ED 0xE100
0x86EE 0x0DBC
0x86EF 0x0DBC
0x86F0 0xE0C0
0x86F1 0x0FAC
0x86F2 0x9B8D
0x86F3 0x0B68
0x86F4 0xFFA3
0x86F5 0x0016
0x86F6 0x0A00
0x86F7 0x1F80
0x86F8 0x0002
0x86F9 0x0040
0x86FA 0x0A04
0x86FB 0x1F84
0x86FC 0x0001
0x86FD 0x0164
0x86FE 0x1FA4
0x86FF 0x0002
0x8700 0x9FB8
0x8701 0xFFFD
0x8702 0x5FA4
0x8703 0x0002
0x8704 0x0A20
0x8705 0xFF90
0x8706 0x8995
0x8707 0x0028
0x8708 0xCF80
0x8709 0x0000
0x870A 0xFFAB
0x870B 0xFFEA
0x870C 0xE100
0x870D 0x0DBC
0x870E 0xE0C0
0x870F 0x0800
0x8710 0xB104
0x8711 0x0024
0x8712 0x1FA4
0x8713 0x0002
0x8714 0x0920
0x8715 0x9FB8
0x8716 0xFFFD
0x8717 0x5FA0
0x8718 0x0002
0x8719 0xFF90
0x871A 0x8980
0x871B 0x0828
0x871C 0xFFAB
0x871D 0x0003
0x871E 0x0120
0x871F 0xFFA0
0x8720 0x004B
0x8721 0x0A24
0x8722 0x1FA4
0x8723 0x0002
0x8724 0x0125
0x8725 0x0FAC
0x8726 0x9B8D
0x8727 0xCFAD
0x8728 0x0000
0x8729 0xFFAB
0x872A 0x0005
0x872B 0x0FB0
0x872C 0x9B8D
0x872D 0x0A31
0x872E 0xFFA0
0x872F 0x0006
0x8730 0x0FAC
0x8731 0x9B8E
0x8732 0x0B64
0x8733 0x1FA4
0x8734 0x0002
0x8735 0x0A25
0x8736 0x0A24
0x8737 0x1FA4
0x8738 0x0003
0x8739 0x0FAC
0x873A 0x9B8E
0x873B 0x0B65
0x873C 0x0FB0
0x873D 0x9B8E
0x873E 0x0A31
0x873F 0x0A24
0x8740 0x1FA4
0x8741 0x0001
0x8742 0x0025
0x8743 0x1FA8
0x8744 0x0004
0x8745 0x0A24
0x8746 0x1FA4
0x8747 0x0001
0x8748 0x0025
0x8749 0xCF80
0x874A 0x03FE
0x874B 0xFFAB
0x874C 0x001E
0x874D 0x0A24
0x874E 0x1FA4
0x874F 0x0002
0x8750 0x0125
0x8751 0x0FAC
0x8752 0x9B8A
0x8753 0xCFAD
0x8754 0x0000
0x8755 0xFFAB
0x8756 0x0005
0x8757 0x0FB0
0x8758 0x9B8A
0x8759 0x0A31
0x875A 0xFFA0
0x875B 0x0006
0x875C 0x0FAC
0x875D 0x9B8B
0x875E 0x0B64
0x875F 0x1FA4
0x8760 0x0002
0x8761 0x0A25
0x8762 0x0A24
0x8763 0x1FA4
0x8764 0x0003
0x8765 0x0FAC
0x8766 0x9B8B
0x8767 0x0B65
0x8768 0x0FB0
0x8769 0x9B8B
0x876A 0x0A31
0x876B 0x0A20
0x876C 0xE100
0x876D 0x0DBC
0x876E 0xE0C0
0x876F 0x0808
0x8770 0x0F98
0x8771 0x0001
0x8772 0x0224
0x8773 0x1FA4
0x8774 0x0003
0x8775 0x0908
0x8776 0x9FB8
0x8777 0xFFFB
0x8778 0x6F88
0x8779 0x0002
0x877A 0xC23E
0x877B 0x03FE
0x877C 0xFFAC
0x877D 0x000F
0x877E 0x0220
0x877F 0xFF90
0x8780 0x870E
0x8781 0x0804
0x8782 0xFFAB
0x8783 0x0003
0x8784 0xB820
0x8785 0xFFA0
0x8786 0x0086
0x8787 0x0605
0x8788 0x0120
0x8789 0x1FA0
0x878A 0x0004
0x878B 0xFFA0
0x878C 0x0080
0x878D 0x0FAC
0x878E 0x9B8C
0x878F 0x0B68
0x8790 0x0A04
0x8791 0xCFA8
0x8792 0x0000
0x8793 0xFFAB
0x8794 0x000A
0x8795 0x0FA0
0x8796 0x03FE
0x8797 0xFF90
0x8798 0x870E
0x8799 0x0804
0x879A 0xFFAB
0x879B 0x0032
0x879C 0xB820
0x879D 0xFFA0
0x879E 0x006E
0x879F 0x0FAC
0x87A0 0x9B8C
0x87A1 0x0B6C
0x87A2 0xCFAD
0x87A3 0x0000
0x87A4 0xFFAB
0x87A5 0x0005
0x87A6 0x0A00
0x87A7 0x1600
0x87A8 0xC201
0x87A9 0xFFAC
0x87AA 0x0023
0x87AB 0x0124
0x87AC 0x1FA4
0x87AD 0x0002
0x87AE 0x0944
0x87AF 0xFFAB
0x87B0 0x0003
0x87B1 0x0FAC
0x87B2 0x9B8A
0x87B3 0x0B44
0x87B4 0xCF84
0x87B5 0x0000
0x87B6 0xFFA3
0x87B7 0x0003
0x87B8 0xCA04
0x87B9 0xFFAB
0x87BA 0x000A
0x87BB 0x0FA0
0x87BC 0x03FE
0x87BD 0xFF90
0x87BE 0x870E
0x87BF 0x0804
0x87C0 0xFFAB
0x87C1 0x000C
0x87C2 0xB820
0x87C3 0xFFA0
0x87C4 0x0048
0x87C5 0xCF85
0x87C6 0x0000
0x87C7 0xFFAB
0x87C8 0xFFE2
0x87C9 0x0100
0x87CA 0x1600
0x87CB 0xC201
0x87CC 0xFFA4
0x87CD 0xFFDD
0x87CE 0x0FB0
0x87CF 0x9B8C
0x87D0 0x0131
0x87D1 0x010C
0x87D2 0x160C
0x87D3 0x0364
0x87D4 0x3224
0x87D5 0xCFA4
0x87D6 0x0002
0x87D7 0xFFAC
0x87D8 0x0003
0x87D9 0x0605
0x87DA 0xFFA0
0x87DB 0x002E
0x87DC 0x0128
0x87DD 0x1FA8
0x87DE 0x0004
0x87DF 0x0224
0x87E0 0x9FB8
0x87E1 0xFFFD
0x87E2 0x5FA4
0x87E3 0x0002
0x87E4 0x0A00
0x87E5 0x1900
0x87E6 0x0F81
0x87E7 0x0000
0x87E8 0x0368
0x87E9 0x3628
0x87EA 0x3228
0x87EB 0x0024
0x87EC 0x1624
0x87ED 0x0A25
0x87EE 0x0024
0x87EF 0x1FA4
0x87F0 0x0003
0x87F1 0x0125
0x87F2 0x0114
0x87F3 0x1F94
0x87F4 0x0002
0x87F5 0x0010
0x87F6 0x1F90
0x87F7 0x0002
0x87F8 0x0551
0x87F9 0xFFA3
0x87FA 0x0004
0x87FB 0x0464
0x87FC 0x1FA4
0x87FD 0x0003
0x87FE 0x0025
0x87FF 0x0015
0x8800 0x020D
0x8801 0x0605
0x8802 0x0FAC
0x8803 0x9B8B
0x8804 0xC12D
0x8805 0xFFAB
0x8806 0x0003
0x8807 0x0FB0
0x8808 0x9B8B
0x8809 0x0031
0x880A 0x0120
0x880B 0x1FA0
0x880C 0x0004
0x880D 0xE100
0x880E 0x0DBC
0x880F 0xE0C0
0x8810 0x0828
0x8811 0xFFA3
0x8812 0x00B3
0x8813 0x0A04
0x8814 0x3F84
0x8815 0x0004
0x8816 0xCF85
0x8817 0x0001
0x8818 0xFFA3
0x8819 0x0004
0x881A 0x0FA0
0x881B 0x0001
0x881C 0xFF90
0x881D 0x8041
0x881E 0x010C
0x881F 0x1F8C
0x8820 0x0001
0x8821 0xC37E
0x8822 0x03FE
0x8823 0xFFAC
0x8824 0x0031
0x8825 0x3F84
0x8826 0x0004
0x8827 0x0114
0x8828 0x1F94
0x8829 0x0003
0x882A 0x0100
0x882B 0x1F80
0x882C 0x0002
0x882D 0xCF95
0x882E 0x0000
0x882F 0xFFA3
0x8830 0x0006
0x8831 0x0568
0x8832 0x1FA8
0x8833 0x0002
0x8834 0x0069
0x8835 0xFFA0
0x8836 0x0003
0x8837 0x0FB0
0x8838 0x9B8D
0x8839 0x0071
0x883A 0xCF81
0x883B 0x0000
0x883C 0xFFA3
0x883D 0x0006
0x883E 0x0068
0x883F 0x1FA8
0x8840 0x0003
0x8841 0x0569
0x8842 0xFFA0
0x8843 0x0003
0x8844 0x0FB0
0x8845 0x9B8E
0x8846 0x0571
0x8847 0x0100
0x8848 0x1F80
0x8849 0x0001
0x884A 0x0064
0x884B 0x1FA4
0x884C 0x0002
0x884D 0x9FB8
0x884E 0xFFFD
0x884F 0x5FA4
0x8850 0x0002
0x8851 0x0120
0x8852 0xFF90
0x8853 0x8995
0x8854 0xFFA0
0x8855 0x0070
0x8856 0x0110
0x8857 0x1F90
0x8858 0x0002
0x8859 0x0448
0x885A 0xFFA3
0x885B 0x0030
0x885C 0x0120
0x885D 0x1FA0
0x885E 0x0004
0x885F 0x0368
0x8860 0x9FB8
0x8861 0xFFFD
0x8862 0x5FA8
0x8863 0x0002
0x8864 0x1828
0x8865 0xCA08
0x8866 0xFFAB
0x8867 0x0024
0x8868 0xCF89
0x8869 0x0000
0x886A 0xFFAB
0x886B 0x0020
0x886C 0x0200
0x886D 0x1F80
0x886E 0x0001
0x886F 0x0068
0x8870 0x1FA8
0x8871 0x0001
0x8872 0x1A0D
0x8873 0x021C
0x8874 0x1F9C
0x8875 0x0002
0x8876 0xCF9D
0x8877 0x0000
0x8878 0xFFA3
0x8879 0x0006
0x887A 0x0768
0x887B 0x1FA8
0x887C 0x0003
0x887D 0x0129
0x887E 0xFFA0
0x887F 0x0003
0x8880 0x0FB0
0x8881 0x9B8B
0x8882 0x0131
0x8883 0x0751
0x8884 0x0FAC
0x8885 0x9B8C
0x8886 0xC22D
0x8887 0xFFAB
0x8888 0x0003
0x8889 0x0FB0
0x888A 0x9B8C
0x888B 0x0131
0x888C 0x0128
0x888D 0x1FA8
0x888E 0x0003
0x888F 0x0A48
0x8890 0xFFA3
0x8891 0x0032
0x8892 0x0220
0x8893 0x1FA0
0x8894 0x0004
0x8895 0x0218
0x8896 0x1F98
0x8897 0x0001
0x8898 0x0668
0x8899 0x9FB8
0x889A 0xFFFD
0x889B 0x5FA8
0x889C 0x0002
0x889D 0x1828
0x889E 0xCA04
0x889F 0xFFAB
0x88A0 0x0023
0x88A1 0xCF89
0x88A2 0x0000
0x88A3 0xFFAB
0x88A4 0x001F
0x88A5 0x0368
0x88A6 0x1FA8
0x88A7 0x0001
0x88A8 0x1A19
0x88A9 0xCF91
0x88AA 0x0000
0x88AB 0xFFA3
0x88AC 0x0006
0x88AD 0x0468
0x88AE 0x1FA8
0x88AF 0x0003
0x88B0 0x0229
0x88B1 0xFFA0
0x88B2 0x0003
0x88B3 0x0FB0
0x88B4 0x9B8B
0x88B5 0x0231
0x88B6 0x0228
0x88B7 0x1FA8
0x88B8 0x0002
0x88B9 0x0469
0x88BA 0x0FAC
0x88BB 0x9B8C
0x88BC 0xC12D
0x88BD 0xFFAB
0x88BE 0x0007
0x88BF 0x0FB0
0x88C0 0x9B8C
0x88C1 0x0231
0x88C2 0xFFA0
0x88C3 0x0002
0x88C4 0x0F85
0x88C5 0x0000
0x88C6 0xE100
0x88C7 0x0DBC
0x88C8 0xE0C0
0x88C9 0x3FB4
0x88CA 0x0003
0x88CB 0x0810
0x88CC 0x0904
0x88CD 0xCF90
0x88CE 0x0000
0x88CF 0xFFAB
0x88D0 0x0005
0x88D1 0x0120
0x88D2 0xFF90
0x88D3 0x876E
0x88D4 0xFFA0
0x88D5 0x0093
0x88D6 0x0120
0x88D7 0x1FA0
0x88D8 0x0003
0x88D9 0x0804
0x88DA 0x9FB8
0x88DB 0xFFFB
0x88DC 0x6F84
0x88DD 0x0002
0x88DE 0x040C
0x88DF 0x3F8C
0x88E0 0x0004
0x88E1 0x0400
0x88E2 0x3F80
0x88E3 0x0003
0x88E4 0xC101
0x88E5 0xFFA4
0x88E6 0x0003
0x88E7 0x0420
0x88E8 0xFFA0
0x88E9 0x007F
0x88EA 0x031C
0x88EB 0x1F9C
0x88EC 0x0002
0x88ED 0x0748
0x88EE 0x0300
0x88EF 0x1F80
0x88F0 0x0001
0x88F1 0xC07E
0x88F2 0x03FE
0x88F3 0xFFA4
0x88F4 0x003E
0x88F5 0xCF88
0x88F6 0x0000
0x88F7 0xFFA3
0x88F8 0x003A
0x88F9 0x0060
0x88FA 0x1FA0
0x88FB 0x0001
0x88FC 0x0218
0x88FD 0x1F98
0x88FE 0x0001
0x88FF 0x1660
0x8900 0xC120
0x8901 0xFFA4
0x8902 0x0030
0x8903 0x0324
0x8904 0x1FA4
0x8905 0x0004
0x8906 0x0060
0x8907 0x9FB8
0x8908 0xFFFD
0x8909 0x5FA0
0x890A 0x0002
0x890B 0x1920
0x890C 0xC808
0x890D 0xFFAB
0x890E 0x0024
0x890F 0xCF89
0x8910 0x0000
0x8911 0xFFAB
0x8912 0x0020
0x8913 0x0660
0x8914 0x1FA0
0x8915 0x0001
0x8916 0x1801
0x8917 0x0214
0x8918 0x1F94
0x8919 0x0002
0x891A 0xCF95
0x891B 0x0000
0x891C 0xFFA3
0x891D 0x0006
0x891E 0x0560
0x891F 0x1FA0
0x8920 0x0003
0x8921 0x0321
0x8922 0xFFA0
0x8923 0x0003
0x8924 0x0FB0
0x8925 0x9B8B
0x8926 0x0331
0x8927 0x055D
0x8928 0x0FAC
0x8929 0x9B8C
0x892A 0xC22D
0x892B 0xFFAB
0x892C 0x0003
0x892D 0x0FB0
0x892E 0x9B8C
0x892F 0x0331
0x8930 0x0420
0x8931 0xFFA0
0x8932 0x0036
0x8933 0x9FB8
0x8934 0xFFFD
0x8935 0x5F84
0x8936 0x0002
0x8937 0x0075
0x8938 0x9FB8
0x8939 0xFFFD
0x893A 0x5FB5
0x893B 0x0002
0x893C 0x0120
0x893D 0xFF90
0x893E 0x876E
0x893F 0x0D30
0x8940 0x1FB0
0x8941 0x0001
0x8942 0x0831
0x8943 0x0D2C
0x8944 0x1FAC
0x8945 0x0001
0x8946 0xCFAD
0x8947 0x0000
0x8948 0xFFA3
0x8949 0x001B
0x894A 0xCD44
0x894B 0xFFAC
0x894C 0x0006
0x894D 0x0D30
0x894E 0x1FB0
0x894F 0x0002
0x8950 0x0131
0x8951 0xFFA0
0x8952 0x0004
0x8953 0x0D30
0x8954 0x1FB0
0x8955 0x0002
0x8956 0x0D71
0x8957 0x0D2C
0x8958 0x1FAC
0x8959 0x0001
0x895A 0x0B60
0x895B 0x0424
0x895C 0x0D2C
0x895D 0x1FAC
0x895E 0x0002
0x895F 0x0B68
0x8960 0xFF90
0x8961 0x896D
0x8962 0x0420
0x8963 0xFF90
0x8964 0x880F
0x8965 0x0D20
0x8966 0x1FA0
0x8967 0x0001
0x8968 0x0860
0x8969 0x1FB4
0x896A 0x0003
0x896B 0xE100
0x896C 0x0DBC
0x896D 0xE0C0
0x896E 0x0800
0x896F 0x0904
0x8970 0x0020
0x8971 0x0124
0x8972 0xCFA8
0x8973 0x0000
0x8974 0xFFA3
0x8975 0x0007
0x8976 0x3FA8
0x8977 0x0001
0x8978 0x09A2
0x8979 0xCFA8
0x897A 0x0000
0x897B 0xFFAB
0x897C 0xFFF9
0x897D 0x0020
0x897E 0xE100
0x897F 0x0DBC
0x8980 0x0824
0x8981 0x0FAC
0x8982 0x9A5D
0x8983 0x0B68
0x8984 0xC928
0x8985 0xFFAC
0x8986 0x0002
0x8987 0xB820
0x8988 0x0DBC
0x8989 0x0FAC
0x898A 0x9A5C
0x898B 0x0B60
0x898C 0x0FB0
0x898D 0x9A5C
0x898E 0x0831
0x898F 0x1931
0x8990 0x0FB0
0x8991 0x9A5D
0x8992 0x0A31
0x8993 0x3931
0x8994 0x0DBC
0x8995 0x0DBC
0x8996 0xE0C0
0x8997 0x0800
0x8998 0xB104
0x8999 0xCF81
0x899A 0x0000
0x899B 0xFFA3
0x899C 0x0016
0x899D 0x0FAC
0x899E 0x9B90
0x899F 0x0B64
0x89A0 0x0060
0x89A1 0xFF90
0x89A2 0x8ABA
0x89A3 0xCFA0
0x89A4 0xFFFF
0x89A5 0xFFAB
0x89A6 0x0004
0x89A7 0x0FA0
0x89A8 0xFFFF
0x89A9 0xFFA0
0x89AA 0x0009
0x89AB 0x1F80
0x89AC 0x0001
0x89AD 0x1F84
0x89AE 0x0001
0x89AF 0xCF81
0x89B0 0x0000
0x89B1 0xFFAB
0x89B2 0xFFEA
0x89B3 0x0120
0x89B4 0xE100
0x89B5 0x0DBC
0x89B6 0x0000
0x89B7 0x0020
0x89B8 0x0020
0x89B9 0x0020
0x89BA 0x0020
0x89BB 0x0020
0x89BC 0x0020
0x89BD 0x0020
0x89BE 0x0020
0x89BF 0x0020
0x89C0 0x0028
0x89C1 0x0028
0x89C2 0x0028
0x89C3 0x0028
0x89C4 0x0028
0x89C5 0x0020
0x89C6 0x0020
0x89C7 0x0020
0x89C8 0x0020
0x89C9 0x0020
0x89CA 0x0020
0x89CB 0x0020
0x89CC 0x0020
0x89CD 0x0020
0x89CE 0x0020
0x89CF 0x0020
0x89D0 0x0020
0x89D1 0x0020
0x89D2 0x0020
0x89D3 0x0020
0x89D4 0x0020
0x89D5 0x0020
0x89D6 0x0020
0x89D7 0x0088
0x89D8 0x0010
0x89D9 0x0010
0x89DA 0x0010
0x89DB 0x0010
0x89DC 0x0010
0x89DD 0x0010
0x89DE 0x0010
0x89DF 0x0010
0x89E0 0x0010
0x89E1 0x0010
0x89E2 0x0010
0x89E3 0x0010
0x89E4 0x0010
0x89E5 0x0010
0x89E6 0x0010
0x89E7 0x0004
0x89E8 0x0004
0x89E9 0x0004
0x89EA 0x0004
0x89EB 0x0004
0x89EC 0x0004
0x89ED 0x0004
0x89EE 0x0004
0x89EF 0x0004
0x89F0 0x0004
0x89F1 0x0010
0x89F2 0x0010
0x89F3 0x0010
0x89F4 0x0010
0x89F5 0x0010
0x89F6 0x0010
0x89F7 0x0010
0x89F8 0x0041
0x89F9 0x0041
0x89FA 0x0041
0x89FB 0x0041
0x89FC 0x0041
0x89FD 0x0041
0x89FE 0x0001
0x89FF 0x0001
0x8A00 0x0001
0x8A01 0x0001
0x8A02 0x0001
0x8A03 0x0001
0x8A04 0x0001
0x8A05 0x0001
0x8A06 0x0001
0x8A07 0x0001
0x8A08 0x0001
0x8A09 0x0001
0x8A0A 0x0001
0x8A0B 0x0001
0x8A0C 0x0001
0x8A0D 0x0001
0x8A0E 0x0001
0x8A0F 0x0001
0x8A10 0x0001
0x8A11 0x0001
0x8A12 0x0010
0x8A13 0x0010
0x8A14 0x0010
0x8A15 0x0010
0x8A16 0x0010
0x8A17 0x0010
0x8A18 0x0042
0x8A19 0x0042
0x8A1A 0x0042
0x8A1B 0x0042
0x8A1C 0x0042
0x8A1D 0x0042
0x8A1E 0x0002
0x8A1F 0x0002
0x8A20 0x0002
0x8A21 0x0002
0x8A22 0x0002
0x8A23 0x0002
0x8A24 0x0002
0x8A25 0x0002
0x8A26 0x0002
0x8A27 0x0002
0x8A28 0x0002
0x8A29 0x0002
0x8A2A 0x0002
0x8A2B 0x0002
0x8A2C 0x0002
0x8A2D 0x0002
0x8A2E 0x0002
0x8A2F 0x0002
0x8A30 0x0002
0x8A31 0x0002
0x8A32 0x0010
0x8A33 0x0010
0x8A34 0x0010
0x8A35 0x0010
0x8A36 0x0020
0x8A37 0x0000
0x8A38 0x0000
0x8A39 0x0000
0x8A3A 0x0000
0x8A3B 0x0000
0x8A3C 0x0000
0x8A3D 0x0000
0x8A3E 0x0000
0x8A3F 0x0000
0x8A40 0x0000
0x8A41 0x0000
0x8A42 0x0000
0x8A43 0x0000
0x8A44 0x0000
0x8A45 0x0000
0x8A46 0x0000
0x8A47 0x0000
0x8A48 0x0000
0x8A49 0x0000
0x8A4A 0x0000
0x8A4B 0x0000
0x8A4C 0x0000
0x8A4D 0x0000
0x8A4E 0x0000
0x8A4F 0x0000
0x8A50 0x0000
0x8A51 0x0000
0x8A52 0x0000
0x8A53 0x0000
0x8A54 0x0000
0x8A55 0x0000
0x8A56 0x0000
0x8A57 0x0000
0x8A58 0x0000
0x8A59 0x0000
0x8A5A 0x0000
0x8A5B 0x0000
0x8A5C 0x0000
0x8A5D 0x0000
0x8A5E 0x0000
0x8A5F 0x0000
0x8A60 0x0000
0x8A61 0x0000
0x8A62 0x0000
0x8A63 0x0000
0x8A64 0x0000
0x8A65 0x0000
0x8A66 0x0000
0x8A67 0x0000
0x8A68 0x0000
0x8A69 0x0000
0x8A6A 0x0000
0x8A6B 0x0000
0x8A6C 0x0000
0x8A6D 0x0000
0x8A6E 0x0000
0x8A6F 0x0000
0x8A70 0x0000
0x8A71 0x0000
0x8A72 0x0000
0x8A73 0x0000
0x8A74 0x0000
0x8A75 0x0000
0x8A76 0x0000
0x8A77 0x0000
0x8A78 0x0000
0x8A79 0x0000
0x8A7A 0x0000
0x8A7B 0x0000
0x8A7C 0x0000
0x8A7D 0x0000
0x8A7E 0x0000
0x8A7F 0x0000
0x8A80 0x0000
0x8A81 0x0000
0x8A82 0x0000
0x8A83 0x0000
0x8A84 0x0000
0x8A85 0x0000
0x8A86 0x0000
0x8A87 0x0000
0x8A88 0x0000
0x8A89 0x0000
0x8A8A 0x0000
0x8A8B 0x0000
0x8A8C 0x0000
0x8A8D 0x0000
0x8A8E 0x0000
0x8A8F 0x0000
0x8A90 0x0000
0x8A91 0x0000
0x8A92 0x0000
0x8A93 0x0000
0x8A94 0x0000
0x8A95 0x0000
0x8A96 0x0000
0x8A97 0x0000
0x8A98 0x0000
0x8A99 0x0000
0x8A9A 0x0000
0x8A9B 0x0000
0x8A9C 0x0000
0x8A9D 0x0000
0x8A9E 0x0000
0x8A9F 0x0000
0x8AA0 0x0000
0x8AA1 0x0000
0x8AA2 0x0000
0x8AA3 0x0000
0x8AA4 0x0000
0x8AA5 0x0000
0x8AA6 0x0000
0x8AA7 0x0000
0x8AA8 0x0000
0x8AA9 0x0000
0x8AAA 0x0000
0x8AAB 0x0000
0x8AAC 0x0000
0x8AAD 0x0000
0x8AAE 0x0000
0x8AAF 0x0000
0x8AB0 0x0000
0x8AB1 0x0000
0x8AB2 0x0000
0x8AB3 0x0000
0x8AB4 0x0000
0x8AB5 0x0000
0x8AB6 0x0000
0x8AB7 0x0000
0x8AB8 0x0000
0x8AB9 0x0000
0x8ABA 0xE0C0
0x8ABB 0x0810
0x8ABC 0x0904
0x8ABD 0xCF90
0x8ABE 0x000A
0x8ABF 0xFFAB
0x8AC0 0x0020
0x8AC1 0x010C
0x8AC2 0x1F8C
0x8AC3 0x0006
0x8AC4 0x0368
0x8AC5 0x9FA8
0x8AC6 0x4000
0x8AC7 0xFFA3
0x8AC8 0x0018
0x8AC9 0xAF8D
0x8ACA 0x0002
0x8ACB 0x0100
0x8ACC 0x1F80
0x8ACD 0x0005
0x8ACE 0x3F81
0x8ACF 0x0001
0x8AD0 0xFFA4
0x8AD1 0x000A
0x8AD2 0x0100
0x8AD3 0x1F80
0x8AD4 0x0001
0x8AD5 0x0068
0x8AD6 0x1F81
0x8AD7 0x0001
0x8AD8 0x0FA9
0x8AD9 0x000D
0x8ADA 0xFFA0
0x8ADB 0x0005
0x8ADC 0x0FA0
0x8ADD 0x000D
0x8ADE 0x0124
0x8ADF 0xFF90
0x8AE0 0x8B09
0x8AE1 0x0108
0x8AE2 0x1F88
0x8AE3 0x0006
0x8AE4 0xAF89
0x8AE5 0x0002
0x8AE6 0x0100
0x8AE7 0x1F80
0x8AE8 0x0005
0x8AE9 0x3F81
0x8AEA 0x0001
0x8AEB 0xFFA4
0x8AEC 0x0014
0x8AED 0xCF90
0x8AEE 0x000A
0x8AEF 0xFFAB
0x8AF0 0x0005
0x8AF1 0x0268
0x8AF2 0x9FA8
0x8AF3 0x0080
0x8AF4 0xFFAB
0x8AF5 0x000B
0x8AF6 0x0100
0x8AF7 0x1F80
0x8AF8 0x0001
0x8AF9 0x0068
0x8AFA 0x1F81
0x8AFB 0x0001
0x8AFC 0x0429
0x8AFD 0x0A68
0x8AFE 0x0A14
0x8AFF 0xFFA0
0x8B00 0x0005
0x8B01 0x0420
0x8B02 0x0124
0x8B03 0xFF90
0x8B04 0x8B09
0x8B05 0x0814
0x8B06 0x0520
0x8B07 0xE100
0x8B08 0x0DBC
0x8B09 0xE0C0
0x8B0A 0x0814
0x8B0B 0x090C
0x8B0C 0xFF90
0x8B0D 0x86EF
0x8B0E 0xCF8C
0x8B0F 0x0000
0x8B10 0xFFAB
0x8B11 0x0004
0x8B12 0x0FA0
0x8B13 0xFFFF
0x8B14 0xFFA0
0x8B15 0x0086
0x8B16 0x0304
0x8B17 0x1F84
0x8B18 0x0006
0x8B19 0x0140
0x8B1A 0x0020
0x8B1B 0x9FA0
0x8B1C 0x0049
0x8B1D 0xCFA0
0x8B1E 0x0040
0x8B1F 0xFFA3
0x8B20 0x0004
0x8B21 0x0FA0
0x8B22 0xFFFF
0x8B23 0xFFA0
0x8B24 0x0077
0x8B25 0x0310
0x8B26 0x1F90
0x8B27 0x0007
0x8B28 0xCF91
0x8B29 0x0000
0x8B2A 0xFFAB
0x8B2B 0x000B
0x8B2C 0x0020
0x8B2D 0x9FA0
0x8B2E 0x0004
0x8B2F 0xFFA3
0x8B30 0x0004
0x8B31 0x0F91
0x8B32 0x0001
0x8B33 0xFFA0
0x8B34 0x0002
0x8B35 0x0F91
0x8B36 0x0040
0x8B37 0x0308
0x8B38 0x1F88
0x8B39 0x0002
0x8B3A 0xCF89
0x8B3B 0x0000
0x8B3C 0xFFAB
0x8B3D 0x001C
0x8B3E 0x0160
0x8B3F 0x9FA0
0x8B40 0x0080
0x8B41 0xFFA3
0x8B42 0x0004
0x8B43 0x0F9C
0x8B44 0x0002
0x8B45 0xFFA0
0x8B46 0x0002
0x8B47 0x0F9C
0x8B48 0x0001
0x8B49 0x0464
0x8B4A 0x1724
0x8B4B 0x0920
0x8B4C 0xFF90
0x8B4D 0x876E
0x8B4E 0x0818
0x8B4F 0xFFAB
0x8B50 0x0004
0x8B51 0x0FA0
0x8B52 0xFFFF
0x8B53 0xFFA0
0x8B54 0x0047
0x8B55 0x0609
0x8B56 0x1F89
0x8B57 0x0001
0x8B58 0xFFA0
0x8B59 0x002F
0x8B5A 0xCF8D
0x8B5B 0x0000
0x8B5C 0xFFA3
0x8B5D 0x0028
0x8B5E 0x0160
0x8B5F 0x9FA0
0x8B60 0x0080
0x8B61 0xFFA3
0x8B62 0x0010
0x8B63 0xCF94
0x8B64 0x000A
0x8B65 0xFFAB
0x8B66 0x000C
0x8B67 0x0300
0x8B68 0x1F80
0x8B69 0x0001
0x8B6A 0x0060
0x8B6B 0x1F81
0x8B6C 0x0001
0x8B6D 0x0521
0x8B6E 0x0320
0x8B6F 0xFF90
0x8B70 0x8676
0x8B71 0xFFA0
0x8B72 0x0029
0x8B73 0x0300
0x8B74 0x1F80
0x8B75 0x0001
0x8B76 0x0040
0x8B77 0x3240
0x8B78 0x0264
0x8B79 0x0360
0x8B7A 0x0028
0x8B7B 0xFF90
0x8B7C 0x86CD
0x8B7D 0xC020
0x8B7E 0xFFA3
0x8B7F 0x0009
0x8B80 0xAF85
0x8B81 0x0010
0x8B82 0x0FA0
0x8B83 0xFFFF
0x8B84 0xFFA0
0x8B85 0x0016
0x8B86 0xB820
0x8B87 0xFFA0
0x8B88 0x0013
0x8B89 0xAF85
0x8B8A 0x0002
0x8B8B 0x0260
0x8B8C 0x0521
0x8B8D 0x0264
0x8B8E 0x1FA4
0x8B8F 0x0001
0x8B90 0x0320
0x8B91 0x1FA0
0x8B92 0x0001
0x8B93 0x0921
0x8B94 0x0464
0x8B95 0x3FA4
0x8B96 0x0001
0x8B97 0x0320
0x8B98 0x1FA0
0x8B99 0x0005
0x8B9A 0x0921
0x8B9B 0xB820
0x8B9C 0xE100
0x8B9D 0x0DBC
0x8B9E 0xE0C0
0x8B9F 0x0F94
0x8BA0 0x4040
0x8BA1 0x0F90
0x8BA2 0xFFFF
0x8BA3 0xB30C
0x8BA4 0xB208
0x8BA5 0x0FA0
0x8BA6 0x0009
0x8BA7 0xFF90
0x8BA8 0x876E
0x8BA9 0x0FB0
0x8BAA 0x9B8F
0x8BAB 0x0831
0x8BAC 0x0FA0
0x8BAD 0x0009
0x8BAE 0xFF90
0x8BAF 0x876E
0x8BB0 0x0FB0
0x8BB1 0x9B90
0x8BB2 0x0831
0x8BB3 0x0FA0
0x8BB4 0x0009
0x8BB5 0xFF90
0x8BB6 0x876E
0x8BB7 0x0FB0
0x8BB8 0x9B91
0x8BB9 0x0831
0x8BBA 0x0FAC
0x8BBB 0x9B8F
0x8BBC 0xCFAD
0x8BBD 0x0000
0x8BBE 0xFFA3
0x8BBF 0x000C
0x8BC0 0x0FAC
0x8BC1 0x9B90
0x8BC2 0xCFAD
0x8BC3 0x0000
0x8BC4 0xFFA3
0x8BC5 0x0006
0x8BC6 0x0FAC
0x8BC7 0x9B91
0x8BC8 0xCFAD
0x8BC9 0x0000
0x8BCA 0xFFAB
0x8BCB 0x0004
0x8BCC 0x0FA0
0x8BCD 0x0001
0x8BCE 0xFF90
0x8BCF 0x8041
0x8BD0 0x0FB0
0x8BD1 0x9B8F
0x8BD2 0x0C70
0x8BD3 0x0331
0x8BD4 0x0FB0
0x8BD5 0x9B90
0x8BD6 0x0C70
0x8BD7 0x0FB1
0x8BD8 0x0001
0x8BD9 0x0FB0
0x8BDA 0x9B91
0x8BDB 0x0C70
0x8BDC 0x0FB1
0x8BDD 0x0002
0x8BDE 0x0FAC
0x8BDF 0x9B8F
0x8BE0 0x0B60
0x8BE1 0x0824
0x8BE2 0x1FA4
0x8BE3 0x0006
0x8BE4 0x0FA5
0x8BE5 0x4020
0x8BE6 0x0FAC
0x8BE7 0x9B90
0x8BE8 0x0B68
0x8BE9 0x0A24
0x8BEA 0x1FA4
0x8BEB 0x0006
0x8BEC 0x0525
0x8BED 0x0FAC
0x8BEE 0x9B91
0x8BEF 0x0B64
0x8BF0 0x0900
0x8BF1 0x1F80
0x8BF2 0x0006
0x8BF3 0x0501
0x8BF4 0x1FA0
0x8BF5 0x0008
0x8BF6 0x0421
0x8BF7 0x1FA8
0x8BF8 0x0008
0x8BF9 0x0429
0x8BFA 0x1FA4
0x8BFB 0x0008
0x8BFC 0x0425
0x8BFD 0x0FAC
0x8BFE 0x9B8F
0x8BFF 0x0B6C
0x8C00 0x0B60
0x8C01 0xFF90
0x8C02 0x8CAB
0x8C03 0xCFA0
0x8C04 0x0000
0x8C05 0xFFA3
0x8C06 0x0007
0x8C07 0x0FAC
0x8C08 0x9B8F
0x8C09 0x0B40
0x8C0A 0x1F80
0x8C0B 0x0006
0x8C0C 0xAF81
0x8C0D 0x0204
0x8C0E 0x0FAC
0x8C0F 0x9B90
0x8C10 0x0B6C
0x8C11 0x0B60
0x8C12 0xFF90
0x8C13 0x8CAB
0x8C14 0xCFA0
0x8C15 0x0000
0x8C16 0xFFA3
0x8C17 0x0007
0x8C18 0x0FAC
0x8C19 0x9B90
0x8C1A 0x0B40
0x8C1B 0x1F80
0x8C1C 0x0006
0x8C1D 0xAF81
0x8C1E 0x0280
0x8C1F 0x0FAC
0x8C20 0x9B91
0x8C21 0x0B6C
0x8C22 0x0B60
0x8C23 0xFF90
0x8C24 0x8CAB
0x8C25 0xCFA0
0x8C26 0x0000
0x8C27 0xFFA3
0x8C28 0x0007
0x8C29 0x0FAC
0x8C2A 0x9B91
0x8C2B 0x0B40
0x8C2C 0x1F80
0x8C2D 0x0006
0x8C2E 0xAF81
0x8C2F 0x0280
0x8C30 0x0FAC
0x8C31 0x9B91
0x8C32 0x0B64
0x8C33 0x1FA4
0x8C34 0x0001
0x8C35 0x0225
0x8C36 0x0FAC
0x8C37 0x9B90
0x8C38 0x0B68
0x8C39 0x1FA8
0x8C3A 0x0001
0x8C3B 0x0969
0x8C3C 0x0FAC
0x8C3D 0x9B8F
0x8C3E 0x0B64
0x8C3F 0x1FA4
0x8C40 0x0001
0x8C41 0x0A65
0x8C42 0x0FAC
0x8C43 0x9B91
0x8C44 0x0B64
0x8C45 0x1FA4
0x8C46 0x0002
0x8C47 0x0225
0x8C48 0x0FAC
0x8C49 0x9B90
0x8C4A 0x0B68
0x8C4B 0x1FA8
0x8C4C 0x0002
0x8C4D 0x0969
0x8C4E 0x0FAC
0x8C4F 0x9B8F
0x8C50 0x0B64
0x8C51 0x1FA4
0x8C52 0x0002
0x8C53 0x0A65
0x8C54 0x0FAC
0x8C55 0x9B91
0x8C56 0x0B68
0x8C57 0x0A24
0x8C58 0x1FA4
0x8C59 0x0005
0x8C5A 0x0325
0x8C5B 0x0FAC
0x8C5C 0x9B90
0x8C5D 0x0B60
0x8C5E 0x0804
0x8C5F 0x1F84
0x8C60 0x0005
0x8C61 0x0945
0x8C62 0x0FAC
0x8C63 0x9B8F
0x8C64 0x0B64
0x8C65 0x0900
0x8C66 0x1F80
0x8C67 0x0005
0x8C68 0x0141
0x8C69 0x1FA8
0x8C6A 0x0007
0x8C6B 0x0329
0x8C6C 0x1FA0
0x8C6D 0x0007
0x8C6E 0x0A61
0x8C6F 0x0928
0x8C70 0x1FA8
0x8C71 0x0007
0x8C72 0x0869
0x8C73 0x1FA4
0x8C74 0x0004
0x8C75 0x0225
0x8C76 0x0FAC
0x8C77 0x9B8F
0x8C78 0x0B64
0x8C79 0x1FA4
0x8C7A 0x0003
0x8C7B 0x0FAC
0x8C7C 0x9B90
0x8C7D 0x0B65
0x8C7E 0x0FAC
0x8C7F 0x9B90
0x8C80 0x0B64
0x8C81 0x1FA4
0x8C82 0x0004
0x8C83 0x0FAC
0x8C84 0x9B8F
0x8C85 0x0B65
0x8C86 0x0FAC
0x8C87 0x9B90
0x8C88 0x0B64
0x8C89 0x1FA4
0x8C8A 0x0003
0x8C8B 0x0FAC
0x8C8C 0x9B91
0x8C8D 0x0B65
0x8C8E 0x0FAC
0x8C8F 0x9B91
0x8C90 0x0B64
0x8C91 0x1FA4
0x8C92 0x0004
0x8C93 0x0FAC
0x8C94 0x9B90
0x8C95 0x0B65
0x8C96 0x0FAC
0x8C97 0x9B91
0x8C98 0x0B64
0x8C99 0x1FA4
0x8C9A 0x0003
0x8C9B 0x0225
0x8C9C 0x0FAC
0x8C9D 0x9B8F
0x8C9E 0x0FB0
0x8C9F 0x9B88
0x8CA0 0x0B71
0x8CA1 0x0FAC
0x8CA2 0x9B91
0x8CA3 0x0FB0
0x8CA4 0x9B89
0x8CA5 0x0B71
0x8CA6 0xE100
0x8CA7 0x0DBC
0x8CA8 0xB820
0x8CA9 0xFF80
0x8CAA 0x8654
0x8CAB 0xCFA0
0x8CAC 0x0001
0x8CAD 0xFFA3
0x8CAE 0x0008
0x8CAF 0xCFA0
0x8CB0 0x0000
0x8CB1 0xFFA3
0x8CB2 0x0004
0x8CB3 0xCFA0
0x8CB4 0x0002
0x8CB5 0xFFAB
0x8CB6 0x0004
0x8CB7 0x0FA4
0x8CB8 0x0001
0x8CB9 0xFFA0
0x8CBA 0x0001
0x8CBB 0xB924
0x8CBC 0x0920
0x8CBD 0x0DBC
0x8CBE 0xE0C0
0x8CBF 0x3FB4
0x8CC0 0x000B
0x8CC1 0x0D30
0x8CC2 0x1FB0
0x8CC3 0x0001
0x8CC4 0x0831
0x8CC5 0x0935
0x8CC6 0x0A1C
0x8CC7 0x0F90
0x8CC8 0x89B7
0x8CC9 0x0D2C
0x8CCA 0x1FAC
0x8CCB 0x0001
0x8CCC 0x0B40
0x8CCD 0x0D30
0x8CCE 0x1FB0
0x8CCF 0x0003
0x8CD0 0x0FB1
0x8CD1 0x0000
0x8CD2 0xB208
0x8CD3 0xB30C
0x8CD4 0xCF9C
0x8CD5 0x0000
0x8CD6 0xFFA5
0x8CD7 0x0008
0x8CD8 0xCF9C
0x8CD9 0x0001
0x8CDA 0xFFA3
0x8CDB 0x0004
0x8CDC 0xC73E
0x8CDD 0x0024
0x8CDE 0xFFAD
0x8CDF 0x000D
0x8CE0 0xCFB5
0x8CE1 0x0000
0x8CE2 0xFFA3
0x8CE3 0x0005
0x8CE4 0x0D2C
0x8CE5 0x1FAC
0x8CE6 0x0001
0x8CE7 0x0D70
0x8CE8 0x0B71
0x8CE9 0xB820
0x8CEA 0xB924
0x8CEB 0xFFA0
0x8CEC 0x0137
0x8CED 0x0D2C
0x8CEE 0x1FAC
0x8CEF 0x0001
0x8CF0 0x0B6C
0x8CF1 0x0B60
0x8CF2 0x1420
0x8CF3 0x0860
0x8CF4 0x9FA0
0x8CF5 0x0008
0x8CF6 0xFFA3
0x8CF7 0x0009
0x8CF8 0x1F80
0x8CF9 0x0001
0x8CFA 0x0060
0x8CFB 0x1420
0x8CFC 0x0860
0x8CFD 0x9FA0
0x8CFE 0x0008
0x8CFF 0xFFAB
0x8D00 0xFFF7
0x8D01 0x0D30
0x8D02 0x1FB0
0x8D03 0x0002
0x8D04 0x0071
0x8D05 0x0D2C
0x8D06 0x1FAC
0x8D07 0x0002
0x8D08 0xCFAD
0x8D09 0x002D
0x8D0A 0xFFA3
0x8D0B 0x0007
0x8D0C 0x0D2C
0x8D0D 0x1FAC
0x8D0E 0x0002
0x8D0F 0xCFAD
0x8D10 0x002B
0x8D11 0xFFAB
0x8D12 0x0004
0x8D13 0x0D30
0x8D14 0x1FB0
0x8D15 0x0003
0x8D16 0x00B1
0x8D17 0xCF9C
0x8D18 0x0000
0x8D19 0xFFAB
0x8D1A 0x002F
0x8D1B 0x0060
0x8D1C 0xCFA0
0x8D1D 0x0030
0x8D1E 0xFFAB
0x8D1F 0x0028
0x8D20 0x0024
0x8D21 0x1FA4
0x8D22 0x0001
0x8D23 0x0964
0x8D24 0x0920
0x8D25 0xFF90
0x8D26 0x9371
0x8D27 0xCFA0
0x8D28 0x0078
0x8D29 0xFFAB
0x8D2A 0x0019
0x8D2B 0x0D30
0x8D2C 0x1FB0
0x8D2D 0x0002
0x8D2E 0x0031
0x8D2F 0x1FB1
0x8D30 0x0002
0x8D31 0x0D2C
0x8D32 0x1FAC
0x8D33 0x0002
0x8D34 0x0B6C
0x8D35 0x0B60
0x8D36 0x1420
0x8D37 0x0860
0x8D38 0x9FA0
0x8D39 0x0044
0x8D3A 0xFFA3
0x8D3B 0x0008
0x8D3C 0x0D2C
0x8D3D 0x1FAC
0x8D3E 0x0002
0x8D3F 0x0B40
0x8D40 0x0F9C
0x8D41 0x0010
0x8D42 0xFFA0
0x8D43 0x0006
0x8D44 0x0F9C
0x8D45 0x0008
0x8D46 0xFFA0
0x8D47 0x0002
0x8D48 0x0F9C
0x8D49 0x000A
0x8D4A 0x0004
0x8D4B 0xB924
0x8D4C 0x0720
0x8D4D 0xFFAC
0x8D4E 0x0002
0x8D4F 0x3FA4
0x8D50 0x0001
0x8D51 0x0D30
0x8D52 0x1FB0
0x8D53 0x0007
0x8D54 0x0832
0x8D55 0x0932
0x8D56 0x0D30
0x8D57 0x1FB0
0x8D58 0x0002
0x8D59 0x0031
0x8D5A 0x0D30
0x8D5B 0x1FB0
0x8D5C 0x0006
0x8D5D 0x0731
0x8D5E 0x0D30
0x8D5F 0x1FB0
0x8D60 0x0004
0x8D61 0x0232
0x8D62 0x0332
0x8D63 0x0D2C
0x8D64 0x1FAC
0x8D65 0x0004
0x8D66 0x0B90
0x8D67 0x0B94
0x8D68 0x0F80
0x8D69 0x89B7
0x8D6A 0x0168
0x8D6B 0x0A20
0x8D6C 0x1020
0x8D6D 0x084C
0x8D6E 0x0320
0x8D6F 0x9FA0
0x8D70 0x0007
0x8D71 0xFFA3
0x8D72 0x0077
0x8D73 0x0320
0x8D74 0x9FA0
0x8D75 0x0004
0x8D76 0xFFA3
0x8D77 0x0006
0x8D78 0x0160
0x8D79 0x0808
0x8D7A 0x3F88
0x8D7B 0x0030
0x8D7C 0xFFA0
0x8D7D 0x0006
0x8D7E 0x0A20
0x8D7F 0xFF90
0x8D80 0x9371
0x8D81 0x0808
0x8D82 0x3F88
0x8D83 0x0057
0x8D84 0x0D30
0x8D85 0x1FB0
0x8D86 0x0006
0x8D87 0xCC48
0x8D88 0xFFAD
0x8D89 0x0060
0x8D8A 0x0D30
0x8D8B 0x1FB0
0x8D8C 0x0004
0x8D8D 0x0232
0x8D8E 0x0FB1
0x8D8F 0x0000
0x8D90 0x0208
0x8D91 0xFFAC
0x8D92 0x0002
0x8D93 0x3FB1
0x8D94 0x0001
0x8D95 0x0F98
0x8D96 0xFFFF
0x8D97 0x0F9C
0x8D98 0xFFFF
0x8D99 0x0D2C
0x8D9A 0x1FAC
0x8D9B 0x0004
0x8D9C 0x3B98
0x8D9D 0x4B9C
0x8D9E 0x0D2C
0x8D9F 0x1FAC
0x8DA0 0x0009
0x8DA1 0x0BF7
0x8DA2 0x0BF7
0x8DA3 0x0620
0x8DA4 0x0724
0x8DA5 0xFF90
0x8DA6 0x92A3
0x8DA7 0x1FB4
0x8DA8 0x0002
0x8DA9 0xC524
0x8DAA 0xFFA4
0x8DAB 0x0026
0x8DAC 0xC524
0x8DAD 0xFFAB
0x8DAE 0x0003
0x8DAF 0xC420
0x8DB0 0xFFA4
0x8DB1 0x0020
0x8DB2 0x0420
0x8DB3 0x0524
0x8DB4 0x0937
0x8DB5 0x0837
0x8DB6 0x0D2C
0x8DB7 0x1FAC
0x8DB8 0x0009
0x8DB9 0x0BA0
0x8DBA 0x0BA4
0x8DBB 0xFF90
0x8DBC 0x8E28
0x8DBD 0x0D30
0x8DBE 0x1FB0
0x8DBF 0x000B
0x8DC0 0x0832
0x8DC1 0x0932
0x8DC2 0x1FB4
0x8DC3 0x0002
0x8DC4 0x0D30
0x8DC5 0x1FB0
0x8DC6 0x000A
0x8DC7 0xCC5C
0x8DC8 0xFFA4
0x8DC9 0x0008
0x8DCA 0xCC5C
0x8DCB 0xFFAB
0x8DCC 0x000F
0x8DCD 0x3FB0
0x8DCE 0x0001
0x8DCF 0xCC58
0x8DD0 0xFFAC
0x8DD1 0x000A
0x8DD2 0x0FB0
0x8DD3 0x9A5E
0x8DD4 0x0FB1
0x8DD5 0x0022
0x8DD6 0x0F90
0x8DD7 0xFFFF
0x8DD8 0x0F94
0x8DD9 0xFFFF
0x8DDA 0xFFA0
0x8DDB 0x000A
0x8DDC 0x0D2C
0x8DDD 0x1FAC
0x8DDE 0x0009
0x8DDF 0x0B90
0x8DE0 0x0B94
0x8DE1 0x0D2C
0x8DE2 0x1FAC
0x8DE3 0x0004
0x8DE4 0x1B90
0x8DE5 0x2B94
0x8DE6 0x1F84
0x8DE7 0x0001
0x8DE8 0xFFA0
0x8DE9 0xFF80
0x8DEA 0x0D30
0x8DEB 0x1FB0
0x8DEC 0x0004
0x8DED 0x0432
0x8DEE 0x0532
0x8DEF 0x0D2C
0x8DF0 0x1FAC
0x8DF1 0x0004
0x8DF2 0x0B88
0x8DF3 0x0B8C
0x8DF4 0x0F90
0x8DF5 0x89B7
0x8DF6 0x0D2C
0x8DF7 0x1FAC
0x8DF8 0x0002
0x8DF9 0x0B40
0x8DFA 0xC004
0x8DFB 0xFFAB
0x8DFC 0x000D
0x8DFD 0xCFB5
0x8DFE 0x0000
0x8DFF 0xFFA3
0x8E00 0x0005
0x8E01 0x0D2C
0x8E02 0x1FAC
0x8E03 0x0001
0x8E04 0x0D70
0x8E05 0x0B71
0x8E06 0xB820
0x8E07 0xB924
0x8E08 0xFFA0
0x8E09 0x001A
0x8E0A 0x0D2C
0x8E0B 0x1FAC
0x8E0C 0x0003
0x8E0D 0x0B60
0x8E0E 0xCFA0
0x8E0F 0x002D
0x8E10 0xFFAB
0x8E11 0x000A
0x8E12 0x8208
0x8E13 0x830C
0x8E14 0x1F88
0x8E15 0x0001
0x8E16 0x2F8C
0x8E17 0x0000
0x8E18 0x1F88
0x8E19 0x0000
0x8E1A 0x2F8C
0x8E1B 0x0000
0x8E1C 0xCFB5
0x8E1D 0x0000
0x8E1E 0xFFA3
0x8E1F 0x0002
0x8E20 0x0D70
0x8E21 0x0131
0x8E22 0x0220
0x8E23 0x0324
0x8E24 0x1FB4
0x8E25 0x000B
0x8E26 0xE100
0x8E27 0x0DBC
0x8E28 0xE0C0
0x8E29 0x0800
0x8E2A 0x0904
0x8E2B 0x0D0C
0x8E2C 0x1F8C
0x8E2D 0x0001
0x8E2E 0x0388
0x8E2F 0x034C
0x8E30 0x0F90
0x8E31 0xFF18
0x8E32 0x0F94
0x8E33 0xFF1C
0x8E34 0x0F98
0x8E35 0x0000
0x8E36 0x0FAC
0x8E37 0xFF1A
0x8E38 0x041C
0x8E39 0x001E
0x8E3A 0x021D
0x8E3B 0x0615
0x8E3C 0x0B1C
0x8E3D 0x07A0
0x8E3E 0x0764
0x8E3F 0x041C
0x8E40 0x011E
0x8E41 0x021D
0x8E42 0x0615
0x8E43 0x1B64
0x8E44 0x041C
0x8E45 0x001E
0x8E46 0x031D
0x8E47 0x0615
0x8E48 0x1B64
0x8E49 0xE100
0x8E4A 0x0DBC
0x8E4B 0xE0C0
0x8E4C 0x080C
0x8E4D 0x0910
0x8E4E 0x0A08
0x8E4F 0xBA28
0x8E50 0xC43E
0x8E51 0x0000
0x8E52 0xFFAD
0x8E53 0x001D
0x8E54 0x0318
0x8E55 0x1F98
0x8E56 0x0001
0x8E57 0x0220
0x8E58 0x8820
0x8E59 0x1FA0
0x8E5A 0x0009
0x8E5B 0x0814
0x8E5C 0x0300
0x8E5D 0x1A00
0x8E5E 0x0064
0x8E5F 0x9FB8
0x8E60 0xFFFD
0x8E61 0x5224
0x8E62 0x9FA4
0x8E63 0x00FF
0x8E64 0x0604
0x8E65 0x1A04
0x8E66 0x0160
0x8E67 0x9FB8
0x8E68 0xFFFB
0x8E69 0x6520
0x8E6A 0x0901
0x8E6B 0xA801
0x8E6C 0x1FA8
0x8E6D 0x0001
0x8E6E 0xC428
0x8E6F 0xFFA5
0x8E70 0xFFEB
0x8E71 0x0300
0x8E72 0x1A00
0x8E73 0x0060
0x8E74 0x9FB8
0x8E75 0xFFFD
0x8E76 0x5220
0x8E77 0x9FA0
0x8E78 0x00FF
0x8E79 0x0801
0x8E7A 0xE100
0x8E7B 0x0DBC
0x8E7C 0xE0C0
0x8E7D 0x3FB4
0x8E7E 0x001D
0x8E7F 0x0D30
0x8E80 0x1FB0
0x8E81 0x0002
0x8E82 0x0831
0x8E83 0x0D30
0x8E84 0x1FB0
0x8E85 0x0003
0x8E86 0x0931
0x8E87 0x0D30
0x8E88 0x1FB0
0x8E89 0x0009
0x8E8A 0x0A31
0x8E8B 0x0D30
0x8E8C 0x1FB0
0x8E8D 0x0004
0x8E8E 0x0D2C
0x8E8F 0x1FAC
0x8E90 0x000E
0x8E91 0x0B31
0x8E92 0x0D30
0x8E93 0x1FB0
0x8E94 0x0008
0x8E95 0x0D2C
0x8E96 0x1FAC
0x8E97 0x0013
0x8E98 0x0B31
0x8E99 0x0D30
0x8E9A 0x1FB0
0x8E9B 0x000A
0x8E9C 0x0D2C
0x8E9D 0x1FAC
0x8E9E 0x0018
0x8E9F 0x0B31
0x8EA0 0x0D2C
0x8EA1 0x1FAC
0x8EA2 0x0009
0x8EA3 0xCFAD
0x8EA4 0x0000
0x8EA5 0xFFAB
0x8EA6 0x0035
0x8EA7 0x0D2C
0x8EA8 0x1FAC
0x8EA9 0x001E
0x8EAA 0xCFAD
0x8EAB 0x0000
0x8EAC 0xFFAB
0x8EAD 0x002E
0x8EAE 0x0D2C
0x8EAF 0x1FAC
0x8EB0 0x001F
0x8EB1 0xCFAD
0x8EB2 0x0000
0x8EB3 0xFFA3
0x8EB4 0x0012
0x8EB5 0x0D2C
0x8EB6 0x1FAC
0x8EB7 0x0002
0x8EB8 0x0B75
0x8EB9 0x0D2C
0x8EBA 0x1FAC
0x8EBB 0x0003
0x8EBC 0x0D30
0x8EBD 0x1FB0
0x8EBE 0x0001
0x8EBF 0x0B71
0x8EC0 0x0D2C
0x8EC1 0x0D30
0x8EC2 0x1FB0
0x8EC3 0x001F
0x8EC4 0x0C70
0x8EC5 0x0BB2
0x8EC6 0x0BB2
0x8EC7 0x0FB0
0x8EC8 0xFF18
0x8EC9 0x0FB2
0x8ECA 0x0001
0x8ECB 0x0FAC
0x8ECC 0x92A2
0x8ECD 0x0B72
0x8ECE 0x0FAC
0x8ECF 0xFF1C
0x8ED0 0x0FAD
0x8ED1 0x0002
0x8ED2 0x0C75
0x8ED3 0x0D30
0x8ED4 0x1FB0
0x8ED5 0x0001
0x8ED6 0x0D71
0x8ED7 0x0D2C
0x8ED8 0x0BA0
0x8ED9 0x0BA4
0x8EDA 0xFFA0
0x8EDB 0x03C2
0x8EDC 0x0D2C
0x8EDD 0x1FAC
0x8EDE 0x0003
0x8EDF 0x0D30
0x8EE0 0x1FB0
0x8EE1 0x001E
0x8EE2 0xCC6D
0x8EE3 0xFFA4
0x8EE4 0x0012
0x8EE5 0x0D2C
0x8EE6 0x1FAC
0x8EE7 0x0003
0x8EE8 0x0D30
0x8EE9 0x1FB0
0x8EEA 0x001E
0x8EEB 0xCC6D
0x8EEC 0xFFAB
0x8EED 0x0026
0x8EEE 0x0D2C
0x8EEF 0x1FAC
0x8EF0 0x0002
0x8EF1 0x0D30
0x8EF2 0x1FB0
0x8EF3 0x0009
0x8EF4 0xCC6D
0x8EF5 0xFFAC
0x8EF6 0x001D
0x8EF7 0x0D2C
0x8EF8 0x1FAC
0x8EF9 0x001F
0x8EFA 0xCFAD
0x8EFB 0x0000
0x8EFC 0xFFA3
0x8EFD 0x0012
0x8EFE 0x0D2C
0x8EFF 0x1FAC
0x8F00 0x0002
0x8F01 0x0B75
0x8F02 0x0D2C
0x8F03 0x1FAC
0x8F04 0x0003
0x8F05 0x0D30
0x8F06 0x1FB0
0x8F07 0x0001
0x8F08 0x0B71
0x8F09 0x0D2C
0x8F0A 0x0D30
0x8F0B 0x1FB0
0x8F0C 0x001F
0x8F0D 0x0C70
0x8F0E 0x0BB2
0x8F0F 0x0BB2
0x8F10 0xB820
0x8F11 0xB924
0x8F12 0xFFA0
0x8F13 0x038A
0x8F14 0x0D30
0x8F15 0x1FB0
0x8F16 0x0004
0x8F17 0x0C70
0x8F18 0x0FB1
0x8F19 0x0000
0x8F1A 0x0D2C
0x8F1B 0x1FAC
0x8F1C 0x0003
0x8F1D 0x0B60
0x8F1E 0x9FB8
0x8F1F 0xFFFB
0x8F20 0x6FA0
0x8F21 0x0008
0x8F22 0x0D2C
0x8F23 0x1FAC
0x8F24 0x0004
0x8F25 0x0B40
0x8F26 0x1F80
0x8F27 0x0001
0x8F28 0x0801
0x8F29 0x0D2C
0x8F2A 0x1FAC
0x8F2B 0x0003
0x8F2C 0x0B60
0x8F2D 0x9FA0
0x8F2E 0x00FF
0x8F2F 0x0D2C
0x8F30 0x1FAC
0x8F31 0x0004
0x8F32 0x0B75
0x8F33 0x1FB5
0x8F34 0x0002
0x8F35 0x0D70
0x8F36 0x0831
0x8F37 0x0D2C
0x8F38 0x1FAC
0x8F39 0x0002
0x8F3A 0x0B60
0x8F3B 0x9FB8
0x8F3C 0xFFFB
0x8F3D 0x6FA0
0x8F3E 0x0008
0x8F3F 0x0D2C
0x8F40 0x1FAC
0x8F41 0x0004
0x8F42 0x0D30
0x8F43 0x1FB0
0x8F44 0x0005
0x8F45 0x0B71
0x8F46 0x1FB1
0x8F47 0x0003
0x8F48 0x0D30
0x8F49 0x1FB0
0x8F4A 0x0005
0x8F4B 0x0C70
0x8F4C 0x0831
0x8F4D 0x0D2C
0x8F4E 0x1FAC
0x8F4F 0x0002
0x8F50 0x0B60
0x8F51 0x9FA0
0x8F52 0x00FF
0x8F53 0x0D2C
0x8F54 0x1FAC
0x8F55 0x0004
0x8F56 0x0D30
0x8F57 0x1FB0
0x8F58 0x0006
0x8F59 0x0B71
0x8F5A 0x1FB1
0x8F5B 0x0004
0x8F5C 0x0D30
0x8F5D 0x1FB0
0x8F5E 0x0006
0x8F5F 0x0C70
0x8F60 0x0831
0x8F61 0x0D2C
0x8F62 0x1FAC
0x8F63 0x001E
0x8F64 0x0B60
0x8F65 0x9FB8
0x8F66 0xFFFB
0x8F67 0x6FA0
0x8F68 0x0008
0x8F69 0x0D2C
0x8F6A 0x1FAC
0x8F6B 0x0008
0x8F6C 0x0D30
0x8F6D 0x1FB0
0x8F6E 0x0007
0x8F6F 0x0B71
0x8F70 0x1FB1
0x8F71 0x0001
0x8F72 0x0D30
0x8F73 0x1FB0
0x8F74 0x0007
0x8F75 0x0C70
0x8F76 0x0831
0x8F77 0x0D2C
0x8F78 0x1FAC
0x8F79 0x001E
0x8F7A 0x0B64
0x8F7B 0x9FA4
0x8F7C 0x00FF
0x8F7D 0x0D2C
0x8F7E 0x1FAC
0x8F7F 0x0008
0x8F80 0x0B60
0x8F81 0x1FA0
0x8F82 0x0002
0x8F83 0x0921
0x8F84 0x0D2C
0x8F85 0x1FAC
0x8F86 0x0009
0x8F87 0x0B64
0x8F88 0x9FB8
0x8F89 0xFFFB
0x8F8A 0x6FA4
0x8F8B 0x0008
0x8F8C 0x0D2C
0x8F8D 0x1FAC
0x8F8E 0x0008
0x8F8F 0x0B60
0x8F90 0x1FA0
0x8F91 0x0003
0x8F92 0x0921
0x8F93 0x0D2C
0x8F94 0x1FAC
0x8F95 0x0009
0x8F96 0x0B64
0x8F97 0x9FA4
0x8F98 0x00FF
0x8F99 0x0D2C
0x8F9A 0x1FAC
0x8F9B 0x0008
0x8F9C 0x0B60
0x8F9D 0x1FA0
0x8F9E 0x0004
0x8F9F 0x0921
0x8FA0 0x0F9C
0x8FA1 0x0004
0x8FA2 0x0D2C
0x8FA3 0x1FAC
0x8FA4 0x0007
0x8FA5 0x0B6C
0x8FA6 0xCFAD
0x8FA7 0x0000
0x8FA8 0xFFAB
0x8FA9 0x00B5
0x8FAA 0x0D2C
0x8FAB 0x1FAC
0x8FAC 0x0006
0x8FAD 0x0B58
0x8FAE 0x0D54
0x8FAF 0x0D2C
0x8FB0 0x1FAC
0x8FB1 0x0005
0x8FB2 0x0B50
0x8FB3 0x0D2C
0x8FB4 0x1FAC
0x8FB5 0x0007
0x8FB6 0x0B4C
0x8FB7 0x3F9C
0x8FB8 0x0001
0x8FB9 0xCF9C
0x8FBA 0x0001
0x8FBB 0xFFAB
0x8FBC 0x0098
0x8FBD 0x0D2C
0x8FBE 0x1FAC
0x8FBF 0x0008
0x8FC0 0x0B60
0x8FC1 0x1FA0
0x8FC2 0x0002
0x8FC3 0x0844
0x8FC4 0x0FB0
0x8FC5 0xFF18
0x8FC6 0x0072
0x8FC7 0x0132
0x8FC8 0x0FAC
0x8FC9 0xFF1C
0x8FCA 0x0FAD
0x8FCB 0x0002
0x8FCC 0x0C75
0x8FCD 0x0FB0
0x8FCE 0xFF18
0x8FCF 0x0072
0x8FD0 0x0132
0x8FD1 0x0FAC
0x8FD2 0xFF1C
0x8FD3 0x0FAD
0x8FD4 0x0002
0x8FD5 0x0FB0
0x8FD6 0xFF1B
0x8FD7 0x0C60
0x8FD8 0x9FB8
0x8FD9 0xFFFD
0x8FDA 0x5FA0
0x8FDB 0x0008
0x8FDC 0x0548
0x8FDD 0xA808
0x8FDE 0x0FB0
0x8FDF 0xFF18
0x8FE0 0x0232
0x8FE1 0x0132
0x8FE2 0x0FAC
0x8FE3 0xFF1C
0x8FE4 0x0FAD
0x8FE5 0x0002
0x8FE6 0x0D2C
0x8FE7 0x1FAC
0x8FE8 0x0002
0x8FE9 0x0C6D
0x8FEA 0x0FB0
0x8FEB 0xFF18
0x8FEC 0x0232
0x8FED 0x0132
0x8FEE 0x0FAC
0x8FEF 0xFF1C
0x8FF0 0x0FAD
0x8FF1 0x0002
0x8FF2 0x0FB0
0x8FF3 0xFF1B
0x8FF4 0x0C60
0x8FF5 0x9FB8
0x8FF6 0xFFFD
0x8FF7 0x5FA0
0x8FF8 0x0008
0x8FF9 0x0448
0x8FFA 0xA808
0x8FFB 0x0FB0
0x8FFC 0xFF18
0x8FFD 0x0232
0x8FFE 0x0132
0x8FFF 0x0FAC
0x9000 0xFF1C
0x9001 0x0FAD
0x9002 0x0002
0x9003 0x0D2C
0x9004 0x1FAC
0x9005 0x0003
0x9006 0x0C6D
0x9007 0x0FB0
0x9008 0xFF18
0x9009 0x0232
0x900A 0x0132
0x900B 0x0FAC
0x900C 0xFF1C
0x900D 0x0FAD
0x900E 0x0002
0x900F 0x0FB0
0x9010 0xFF1B
0x9011 0x0C60
0x9012 0x9FB8
0x9013 0xFFFD
0x9014 0x5FA0
0x9015 0x0008
0x9016 0x0648
0x9017 0xA808
0x9018 0x0FB0
0x9019 0xFF18
0x901A 0x0232
0x901B 0x0132
0x901C 0x0FAC
0x901D 0xFF1C
0x901E 0x0FAD
0x901F 0x0002
0x9020 0x0D2C
0x9021 0x1FAC
0x9022 0x0004
0x9023 0x0C6D
0x9024 0x0D2C
0x9025 0x1FAC
0x9026 0x001F
0x9027 0xCFAD
0x9028 0x0000
0x9029 0xFFA3
0x902A 0x0012
0x902B 0x0FB0
0x902C 0xFF18
0x902D 0x0232
0x902E 0x0132
0x902F 0x0FAC
0x9030 0xFF1C
0x9031 0x0FAD
0x9032 0x0002
0x9033 0x0FB0
0x9034 0xFF1B
0x9035 0x0C60
0x9036 0x0D30
0x9037 0x1FB0
0x9038 0x001F
0x9039 0x0C70
0x903A 0x0832
0x903B 0x0FB1
0x903C 0x0000
0x903D 0x0D64
0x903E 0x9FB8
0x903F 0xFFFD
0x9040 0x5FA4
0x9041 0x0008
0x9042 0x0D2C
0x9043 0x1FAC
0x9044 0x0002
0x9045 0xAB64
0x9046 0x0D2C
0x9047 0x1FAC
0x9048 0x0003
0x9049 0x0B68
0x904A 0x9FB8
0x904B 0xFFFD
0x904C 0x5FA8
0x904D 0x0008
0x904E 0x0A20
0x904F 0x0D2C
0x9050 0x1FAC
0x9051 0x0004
0x9052 0xAB60
0x9053 0xFFA0
0x9054 0x0249
0x9055 0x0D30
0x9056 0x1FB0
0x9057 0x0008
0x9058 0x0331
0x9059 0x1F8C
0x905A 0x0001
0x905B 0xCF8D
0x905C 0x0000
0x905D 0xFFA3
0x905E 0xFF58
0x905F 0x0D30
0x9060 0x1FB0
0x9061 0x000B
0x9062 0x0FB1
0x9063 0x0004
0x9064 0x3731
0x9065 0xCF81
0x9066 0x0000
0x9067 0xFFAB
0x9068 0x0015
0x9069 0x0D2C
0x906A 0x1FAC
0x906B 0x000B
0x906C 0x0B44
0x906D 0x3F84
0x906E 0x0001
0x906F 0x0008
0x9070 0x1F80
0x9071 0x0001
0x9072 0xCF81
0x9073 0x0000
0x9074 0xFFA3
0x9075 0xFFF7
0x9076 0x0D30
0x9077 0x1FB0
0x9078 0x000B
0x9079 0x0131
0x907A 0x0D30
0x907B 0x1FB0
0x907C 0x0004
0x907D 0x0231
0x907E 0x0F8C
0x907F 0x0004
0x9080 0x0D2C
0x9081 0x1FAC
0x9082 0x000B
0x9083 0x3B4C
0x9084 0x3F8C
0x9085 0x0001
0x9086 0xFFA4
0x9087 0x000C
0x9088 0xB000
0x9089 0x0D2C
0x908A 0x1FAC
0x908B 0x000A
0x908C 0x0B60
0x908D 0x1320
0x908E 0x0021
0x908F 0x3F8C
0x9090 0x0001
0x9091 0xC00C
0x9092 0xFFAD
0x9093 0xFFF5
0x9094 0x0D30
0x9095 0x1FB0
0x9096 0x000A
0x9097 0x0D2C
0x9098 0x1FAC
0x9099 0x000B
0x909A 0x3B71
0x909B 0x0D30
0x909C 0x1FB0
0x909D 0x000A
0x909E 0x1FB1
0x909F 0x0004
0x90A0 0x0D30
0x90A1 0x1FB0
0x90A2 0x000C
0x90A3 0x0FB1
0x90A4 0x0000
0x90A5 0x0D2C
0x90A6 0x1FAC
0x90A7 0x0008
0x90A8 0x0B75
0x90A9 0x1FB5
0x90AA 0x0001
0x90AB 0x0D6C
0x90AC 0x0B48
0x90AD 0xCF88
0x90AE 0x0080
0x90AF 0xFFAC
0x90B0 0x000F
0x90B1 0x0D2C
0x90B2 0x1FAC
0x90B3 0x000C
0x90B4 0x0B40
0x90B5 0x1F80
0x90B6 0x0001
0x90B7 0x1208
0x90B8 0xCF88
0x90B9 0x0080
0x90BA 0xFFA4
0x90BB 0xFFF9
0x90BC 0x0D30
0x90BD 0x1FB0
0x90BE 0x000C
0x90BF 0x0031
0x90C0 0x0D30
0x90C1 0x1FB0
0x90C2 0x000C
0x90C3 0xCC7E
0x90C4 0x0000
0x90C5 0xFFAD
0x90C6 0x0019
0x90C7 0x0D2C
0x90C8 0x1FAC
0x90C9 0x000B
0x90CA 0x0B64
0x90CB 0x1724
0x90CC 0x0D2C
0x90CD 0x1FAC
0x90CE 0x0004
0x90CF 0x0B60
0x90D0 0x0D2C
0x90D1 0x1FAC
0x90D2 0x000C
0x90D3 0x0B68
0x90D4 0xFF90
0x90D5 0x8E4B
0x90D6 0x0724
0x90D7 0x3FA4
0x90D8 0x0001
0x90D9 0x0D60
0x90DA 0x0D2C
0x90DB 0x1FAC
0x90DC 0x000C
0x90DD 0x0B68
0x90DE 0xFF90
0x90DF 0x8E4B
0x90E0 0xB618
0x90E1 0x0D6C
0x90E2 0x0D30
0x90E3 0x1FB0
0x90E4 0x0002
0x90E5 0x0B71
0x90E6 0x0D2C
0x90E7 0x1FAC
0x90E8 0x0008
0x90E9 0x0B60
0x90EA 0x1FA0
0x90EB 0x0002
0x90EC 0x0D30
0x90ED 0x1FB0
0x90EE 0x0003
0x90EF 0x0871
0x90F0 0x0D2C
0x90F1 0x1FAC
0x90F2 0x0004
0x90F3 0x0D30
0x90F4 0x1FB0
0x90F5 0x0005
0x90F6 0x0B71
0x90F7 0x1FB1
0x90F8 0x0001
0x90F9 0x0D2C
0x90FA 0x1FAC
0x90FB 0x0004
0x90FC 0x0D30
0x90FD 0x1FB0
0x90FE 0x0006
0x90FF 0x0B71
0x9100 0x1FB1
0x9101 0x0002
0x9102 0x0D2C
0x9103 0x1FAC
0x9104 0x0002
0x9105 0x0D30
0x9106 0x1FB0
0x9107 0x000D
0x9108 0x0B71
0x9109 0x9FB8
0x910A 0xFFFD
0x910B 0x5FB1
0x910C 0x0008
0x910D 0x0D2C
0x910E 0x1FAC
0x910F 0x0004
0x9110 0x0B4C
0x9111 0x160C
0x9112 0x0375
0x9113 0x0D2C
0x9114 0x1FAC
0x9115 0x0005
0x9116 0x0B60
0x9117 0x1620
0x9118 0x0D30
0x9119 0x1FB0
0x911A 0x0007
0x911B 0x0871
0x911C 0x0D2C
0x911D 0x1FAC
0x911E 0x0006
0x911F 0x0B60
0x9120 0x1620
0x9121 0x0D30
0x9122 0x1FB0
0x9123 0x0009
0x9124 0x0871
0x9125 0x0D30
0x9126 0x1FB0
0x9127 0x0002
0x9128 0xCC75
0x9129 0xFFAB
0x912A 0x0008
0x912B 0x0F94
0x912C 0x0100
0x912D 0x0D2C
0x912E 0x1FAC
0x912F 0x0007
0x9130 0x0B40
0x9131 0xFFA0
0x9132 0x003B
0x9133 0x0D60
0x9134 0x9FB8
0x9135 0xFFFD
0x9136 0x5FA0
0x9137 0x0008
0x9138 0x0D2C
0x9139 0x1FAC
0x913A 0x0007
0x913B 0xAB60
0x913C 0x0FB0
0x913D 0xFF18
0x913E 0x0832
0x913F 0x0D2C
0x9140 0x1FAC
0x9141 0x0002
0x9142 0x0B72
0x9143 0x0FAC
0x9144 0xFF1C
0x9145 0x0FAD
0x9146 0x0002
0x9147 0x0C54
0x9148 0x0FB0
0x9149 0xFF18
0x914A 0x0832
0x914B 0x0D2C
0x914C 0x1FAC
0x914D 0x0002
0x914E 0x0B72
0x914F 0x0FAC
0x9150 0xFF1C
0x9151 0x0FAD
0x9152 0x0002
0x9153 0x0FB0
0x9154 0xFF1B
0x9155 0x0C40
0x9156 0x0FB0
0x9157 0xFF18
0x9158 0x0532
0x9159 0x0D2C
0x915A 0x1FAC
0x915B 0x0003
0x915C 0x0B72
0x915D 0x0FAC
0x915E 0xFF1C
0x915F 0x0FAD
0x9160 0x0000
0x9161 0x0C64
0x9162 0x0020
0x9163 0x9FB8
0x9164 0xFFFD
0x9165 0x5FA0
0x9166 0x0008
0x9167 0x0D2C
0x9168 0x1FAC
0x9169 0x0009
0x916A 0xAB60
0x916B 0xC920
0x916C 0xFFAC
0x916D 0x0028
0x916E 0x0004
0x916F 0x9FB8
0x9170 0xFFFD
0x9171 0x5F84
0x9172 0x0008
0x9173 0x0D2C
0x9174 0x1FAC
0x9175 0x0009
0x9176 0x0B48
0x9177 0x3F94
0x9178 0x0001
0x9179 0x0D2C
0x917A 0x1FAC
0x917B 0x0002
0x917C 0x1B40
0x917D 0x0D2C
0x917E 0x1FAC
0x917F 0x000D
0x9180 0x1B44
0x9181 0xCF80
0x9182 0x0100
0x9183 0xFFAC
0x9184 0x0011
0x9185 0x0FB0
0x9186 0xFF18
0x9187 0x0532
0x9188 0x0D2C
0x9189 0x1FAC
0x918A 0x0003
0x918B 0x0B72
0x918C 0x0FAC
0x918D 0xFF1C
0x918E 0x0FAD
0x918F 0x0000
0x9190 0x0C64
0x9191 0x0120
0x9192 0xA220
0x9193 0xC920
0x9194 0xFFA4
0x9195 0xFFE1
0x9196 0xB208
0x9197 0x0710
0x9198 0xC73E
0x9199 0x0000
0x919A 0xFFAD
0x919B 0x002D
0x919C 0x0300
0x919D 0x1400
0x919E 0x0D2C
0x919F 0x1FAC
0x91A0 0x0008
0x91A1 0x0B44
0x91A2 0x1404
0x91A3 0x0FB0
0x91A4 0xFF18
0x91A5 0x0172
0x91A6 0x0532
0x91A7 0x0FAC
0x91A8 0xFF1C
0x91A9 0x0FAD
0x91AA 0x0000
0x91AB 0x0C60
0x91AC 0x8820
0x91AD 0x1FA0
0x91AE 0x0001
0x91AF 0x1060
0x91B0 0x8208
0x91B1 0x1F88
0x91B2 0x0001
0x91B3 0x1808
0x91B4 0x0220
0x91B5 0x9FA0
0x91B6 0x00FF
0x91B7 0x0801
0x91B8 0x0220
0x91B9 0x9FB8
0x91BA 0xFFFB
0x91BB 0x6FA0
0x91BC 0x0008
0x91BD 0x8820
0x91BE 0x1FA0
0x91BF 0x0101
0x91C0 0x9FA0
0x91C1 0x00FF
0x91C2 0x0808
0x91C3 0x3F90
0x91C4 0x0001
0x91C5 0xC43E
0x91C6 0x0000
0x91C7 0xFFA5
0x91C8 0xFFD3
0x91C9 0x8208
0x91CA 0x1F88
0x91CB 0x0001
0x91CC 0x1348
0x91CD 0x0220
0x91CE 0x9FA0
0x91CF 0x00FF
0x91D0 0x080D
0x91D1 0x0220
0x91D2 0x9FB8
0x91D3 0xFFFB
0x91D4 0x6FA0
0x91D5 0x0008
0x91D6 0xFFA3
0x91D7 0x0025
0x91D8 0x3F94
0x91D9 0x0001
0x91DA 0xB208
0x91DB 0x0710
0x91DC 0xC73E
0x91DD 0x0000
0x91DE 0xFFAD
0x91DF 0x0018
0x91E0 0x0300
0x91E1 0x1400
0x91E2 0x0D2C
0x91E3 0x1FAC
0x91E4 0x0008
0x91E5 0x0B44
0x91E6 0x1404
0x91E7 0x0160
0x91E8 0x1060
0x91E9 0x1808
0x91EA 0x0220
0x91EB 0x9FA0
0x91EC 0x00FF
0x91ED 0x0801
0x91EE 0x9FB8
0x91EF 0xFFFB
0x91F0 0x6F88
0x91F1 0x0008
0x91F2 0x3F90
0x91F3 0x0001
0x91F4 0xC43E
0x91F5 0x0000
0x91F6 0xFFA5
0x91F7 0xFFE8
0x91F8 0x0360
0x91F9 0x1220
0x91FA 0x9FA0
0x91FB 0x00FF
0x91FC 0x080D
0x91FD 0x0D2C
0x91FE 0x1FAC
0x91FF 0x000A
0x9200 0x0B60
0x9201 0x1620
0x9202 0x0521
0x9203 0x1F98
0x9204 0x0001
0x9205 0x0D2C
0x9206 0x1FAC
0x9207 0x000B
0x9208 0xC62D
0x9209 0xFFAD
0x920A 0xFF02
0x920B 0x0D2C
0x920C 0x1FAC
0x920D 0x001F
0x920E 0xCFAD
0x920F 0x0000
0x9210 0xFFA3
0x9211 0x0073
0x9212 0x0D2C
0x9213 0x1FAC
0x9214 0x000C
0x9215 0xCFAD
0x9216 0x0000
0x9217 0xFFA3
0x9218 0x0048
0x9219 0x0D2C
0x921A 0x1FAC
0x921B 0x000B
0x921C 0x0B4C
0x921D 0x170C
0x921E 0x0D2C
0x921F 0x1FAC
0x9220 0x000B
0x9221 0xC32D
0x9222 0xFFAD
0x9223 0x0036
0x9224 0x0D2C
0x9225 0x1FAC
0x9226 0x0004
0x9227 0x0B75
0x9228 0x3FB5
0x9229 0x0001
0x922A 0x0D2C
0x922B 0x1FAC
0x922C 0x000C
0x922D 0x0B60
0x922E 0x8820
0x922F 0x1FA0
0x9230 0x0009
0x9231 0x0D30
0x9232 0x1FB0
0x9233 0x0002
0x9234 0x0831
0x9235 0x0D2C
0x9236 0x1FAC
0x9237 0x0002
0x9238 0x0B58
0x9239 0x0D2C
0x923A 0x1FAC
0x923B 0x000C
0x923C 0x0B54
0x923D 0x0D2C
0x923E 0x1FAC
0x923F 0x000B
0x9240 0x0B50
0x9241 0x0D48
0x9242 0x0D2C
0x9243 0x1FAC
0x9244 0x0004
0x9245 0x0B40
0x9246 0x1300
0x9247 0x0060
0x9248 0x9FB8
0x9249 0xFFFB
0x924A 0x6520
0x924B 0x0204
0x924C 0x1304
0x924D 0x0164
0x924E 0x9FB8
0x924F 0xFFFD
0x9250 0x5624
0x9251 0x9FA4
0x9252 0x00FF
0x9253 0x0901
0x9254 0xA801
0x9255 0x3F8C
0x9256 0x0001
0x9257 0xC310
0x9258 0xFFA5
0x9259 0xFFE8
0x925A 0x0D2C
0x925B 0x1FAC
0x925C 0x0004
0x925D 0x0B60
0x925E 0x1320
0x925F 0x0FA1
0x9260 0x0000
0x9261 0x0D2C
0x9262 0x1FAC
0x9263 0x000F
0x9264 0x0B60
0x9265 0x9FB8
0x9266 0xFFFD
0x9267 0x5FA0
0x9268 0x0008
0x9269 0x0D30
0x926A 0x1FB0
0x926B 0x0001
0x926C 0x0831
0x926D 0x0D2C
0x926E 0x1FAC
0x926F 0x0010
0x9270 0xAB71
0x9271 0x0D2C
0x9272 0x1FAC
0x9273 0x0011
0x9274 0x0B60
0x9275 0x9FB8
0x9276 0xFFFD
0x9277 0x5FA0
0x9278 0x0008
0x9279 0x0835
0x927A 0x0D2C
0x927B 0x1FAC
0x927C 0x0012
0x927D 0xAB75
0x927E 0x0D2C
0x927F 0x0D30
0x9280 0x1FB0
0x9281 0x001F
0x9282 0x0C70
0x9283 0x0BB2
0x9284 0x0BB2
0x9285 0x0D2C
0x9286 0x1FAC
0x9287 0x0019
0x9288 0x0B64
0x9289 0x9FB8
0x928A 0xFFFD
0x928B 0x5FA4
0x928C 0x0008
0x928D 0x0D2C
0x928E 0x1FAC
0x928F 0x001A
0x9290 0xAB64
0x9291 0x0D2C
0x9292 0x1FAC
0x9293 0x001B
0x9294 0x0B68
0x9295 0x9FB8
0x9296 0xFFFD
0x9297 0x5FA8
0x9298 0x0008
0x9299 0x0A20
0x929A 0x0D2C
0x929B 0x1FAC
0x929C 0x001C
0x929D 0xAB60
0x929E 0x1FB4
0x929F 0x001D
0x92A0 0xE100
0x92A1 0x0DBC
0x92A2 0x0000
0x92A3 0xE0C0
0x92A4 0x0800
0x92A5 0x0904
0x92A6 0x0FB7
0x92A7 0x0000
0x92A8 0x0D2C
0x92A9 0x1FAC
0x92AA 0x0003
0x92AB 0x0B77
0x92AC 0x0020
0x92AD 0x0124
0x92AE 0x0D2C
0x92AF 0x1FAC
0x92B0 0x0003
0x92B1 0x0B68
0x92B2 0xFF90
0x92B3 0x8E7C
0x92B4 0x1FB4
0x92B5 0x0002
0x92B6 0xE100
0x92B7 0x0DBC
0x92B8 0xE0C0
0x92B9 0x0804
0x92BA 0x0900
0x92BB 0x0D2C
0x92BC 0x1FAC
0x92BD 0x0002
0x92BE 0x0B54
0x92BF 0xB410
0x92C0 0x0020
0x92C1 0xFFAC
0x92C2 0x000E
0x92C3 0x0F90
0x92C4 0x0001
0x92C5 0x8104
0x92C6 0x1F84
0x92C7 0x0001
0x92C8 0x8000
0x92C9 0x1F80
0x92CA 0x0001
0x92CB 0xC13E
0x92CC 0x0000
0x92CD 0xFFAC
0x92CE 0x0002
0x92CF 0x3F80
0x92D0 0x0001
0x92D1 0x0520
0x92D2 0xFFAC
0x92D3 0x0014
0x92D4 0xBF90
0x92D5 0x0001
0x92D6 0x0D2C
0x92D7 0x1FAC
0x92D8 0x0001
0x92D9 0x8B6D
0x92DA 0x1FAD
0x92DB 0x0001
0x92DC 0x8514
0x92DD 0x1F94
0x92DE 0x0001
0x92DF 0x0D30
0x92E0 0x1FB0
0x92E1 0x0001
0x92E2 0xCC7E
0x92E3 0x0000
0x92E4 0xFFAC
0x92E5 0x0002
0x92E6 0x3F94
0x92E7 0x0001
0x92E8 0x0FB7
0x92E9 0x0000
0x92EA 0x0537
0x92EB 0x0120
0x92EC 0x0024
0x92ED 0x0D2C
0x92EE 0x1FAC
0x92EF 0x0003
0x92F0 0x0B68
0x92F1 0xFF90
0x92F2 0x8E7C
0x92F3 0x0818
0x92F4 0x091C
0x92F5 0x1FB4
0x92F6 0x0002
0x92F7 0xCF90
0x92F8 0x0000
0x92F9 0xFFA3
0x92FA 0x0006
0x92FB 0xB208
0x92FC 0xB30C
0x92FD 0x3608
0x92FE 0x470C
0x92FF 0xFFA0
0x9300 0x0002
0x9301 0x0608
0x9302 0x070C
0x9303 0x0220
0x9304 0x0324
0x9305 0xE100
0x9306 0x0DBC
0x9307 0xE0C0
0x9308 0x3FB4
0x9309 0x0002
0x930A 0x0800
0x930B 0x0904
0x930C 0x0D20
0x930D 0x0837
0x930E 0x0D2C
0x930F 0x1FAC
0x9310 0x0005
0x9311 0x0B77
0x9312 0x0020
0x9313 0x0124
0x9314 0x0D2C
0x9315 0x1FAC
0x9316 0x0005
0x9317 0x0B68
0x9318 0xFF90
0x9319 0x8E7C
0x931A 0x0D2C
0x931B 0x1FAC
0x931C 0x0002
0x931D 0x0BA0
0x931E 0x0BA4
0x931F 0x1FB4
0x9320 0x0004
0x9321 0xE100
0x9322 0x0DBC
0x9323 0xE0C0
0x9324 0x3FB4
0x9325 0x0002
0x9326 0x0804
0x9327 0x0900
0x9328 0x0D2C
0x9329 0x1FAC
0x932A 0x0003
0x932B 0x0B58
0x932C 0x0D2C
0x932D 0x1FAC
0x932E 0x0004
0x932F 0x0B50
0x9330 0x0020
0x9331 0xFFAC
0x9332 0x0010
0x9333 0x0F94
0x9334 0x0001
0x9335 0x8104
0x9336 0x1F84
0x9337 0x0001
0x9338 0x8000
0x9339 0x1F80
0x933A 0x0001
0x933B 0xC13E
0x933C 0x0000
0x933D 0xFFAC
0x933E 0x0005
0x933F 0x3F80
0x9340 0x0001
0x9341 0xFFA0
0x9342 0x0001
0x9343 0xB514
0x9344 0x0420
0x9345 0xFFAC
0x9346 0x000C
0x9347 0x8618
0x9348 0x1F98
0x9349 0x0001
0x934A 0x8410
0x934B 0x1F90
0x934C 0x0001
0x934D 0xC63E
0x934E 0x0000
0x934F 0xFFAC
0x9350 0x0002
0x9351 0x3F90
0x9352 0x0001
0x9353 0x0D20
0x9354 0x0837
0x9355 0x0437
0x9356 0x0120
0x9357 0x0024
0x9358 0x0628
0x9359 0xFF90
0x935A 0x8E7C
0x935B 0x1FB4
0x935C 0x0002
0x935D 0xCF94
0x935E 0x0000
0x935F 0xFFA3
0x9360 0x0007
0x9361 0xB208
0x9362 0xB30C
0x9363 0x0D2C
0x9364 0x3B88
0x9365 0x4B8C
0x9366 0xFFA0
0x9367 0x0003
0x9368 0x0D2C
0x9369 0x0B88
0x936A 0x0B8C
0x936B 0x0220
0x936C 0x0324
0x936D 0x1FB4
0x936E 0x0002
0x936F 0xE100
0x9370 0x0DBC
0x9371 0x0FA4
0x9372 0x89B7
0x9373 0x1824
0x9374 0x0964
0x9375 0x9FA4
0x9376 0x0001
0x9377 0xFFA3
0x9378 0x0005
0x9379 0x0824
0x937A 0x1FA4
0x937B 0x0020
0x937C 0xFFA0
0x937D 0x0001
0x937E 0x0824
0x937F 0x0920
0x9380 0x0DBC
0x9381 0xE0C0
0x9382 0x0808
0x9383 0x0900
0x9384 0x0A04
0x9385 0x0024
0x9386 0x0220
0x9387 0x0128
0x9388 0xFF90
0x9389 0x0036
0x938A 0x0D00
0x938B 0x0904
0x938C 0x0808
0x938D 0x0A0C
0x938E 0xC23E
0x938F 0x0000
0x9390 0xFFAB
0x9391 0x0004
0x9392 0x0F8D
0x9393 0x0000
0x9394 0xFFA0
0x9395 0x000E
0x9396 0x0920
0x9397 0xFF90
0x9398 0x876E
0x9399 0x080D
0x939A 0xC83E
0x939B 0x0000
0x939C 0xFFA3
0x939D 0x0006
0x939E 0x0110
0x939F 0x00A2
0x93A0 0x3F90
0x93A1 0x0001
0x93A2 0xFFAB
0x93A3 0xFFFB
0x93A4 0x0220
0x93A5 0x1134
0x93A6 0xE100
0x93A7 0x0DBC
0x93A8 0xE0C0
0x93A9 0x0800
0x93AA 0x0928
0x93AB 0x0020
0x93AC 0x0A24
0x93AD 0xFF90
0x93AE 0x0044
0x93AF 0x0920
0x93B0 0xE100
0x93B1 0x0DBC
0x93B2 0xE0C0
0x93B3 0x0800
0x93B4 0x0928
0x93B5 0x0020
0x93B6 0x0A24
0x93B7 0xFF90
0x93B8 0x0048
0x93B9 0x0920
0x93BA 0xE100
0x93BB 0x0DBC
0x93BC 0xE0C0
0x93BD 0x0800
0x93BE 0x0928
0x93BF 0x0020
0x93C0 0x0A24
0x93C1 0xBA28
0x93C2 0xFF90
0x93C3 0x004C
0x93C4 0x0920
0x93C5 0xE100
0x93C6 0x0DBC
0x93C7 0xE0C0
0x93C8 0x0800
0x93C9 0x0908
0x93CA 0x0A04
0x93CB 0x0D2C
0x93CC 0x1FAC
0x93CD 0x0001
0x93CE 0x0B77
0x93CF 0x0020
0x93D0 0x0224
0x93D1 0x0128
0x93D2 0xFF90
0x93D3 0x004A
0x93D4 0x0B20
0x93D5 0x0D64
0x93D6 0x0A25
0x93D7 0x1FB4
0x93D8 0x0001
0x93D9 0xE100
0x93DA 0x0DBC
0x93DB 0xE0C0
0x93DC 0x0800
0x93DD 0x0928
0x93DE 0x0020
0x93DF 0x0A24
0x93E0 0xFF90
0x93E1 0x004E
0x93E2 0xE100
0x93E3 0x0DBC
0x93E4 0xE0C0
0x93E5 0x0804
0x93E6 0x0908
0x93E7 0x0A00
0x93E8 0x0120
0x93E9 0x0224
0x93EA 0x0028
0x93EB 0xBB2C
0x93EC 0xFF90
0x93ED 0x0050
0x93EE 0x0A20
0x93EF 0xE100
0x93F0 0x0DBC
0x93F1 0xE0C0
0x93F2 0x0800
0x93F3 0x0928
0x93F4 0x0020
0x93F5 0x0A24
0x93F6 0x0900
0x93F7 0xFF90
0x93F8 0x0052
0x93F9 0x0901
0x93FA 0x0A20
0x93FB 0xE100
0x93FC 0x0DBC
0x93FD 0x0824
0x93FE 0x0D2C
0x93FF 0x1FAC
0x9400 0x0003
0x9401 0x0BF7
0x9402 0x0BF7
0x9403 0x0920
0x9404 0x0D2C
0x9405 0x0BA4
0x9406 0x0BA8
0x9407 0xFF90
0x9408 0x0054
0x9409 0x0920
0x940A 0x1FB4
0x940B 0x0002
0x940C 0x0DBC
0x940D 0xE0C0
0x940E 0x0800
0x940F 0x0D20
0x9410 0x1FA0
0x9411 0x0001
0x9412 0x0828
0x9413 0x0FAC
0x9414 0x9B90
0x9415 0x0B60
0x9416 0x0024
0x9417 0xFF90
0x9418 0x941B
0x9419 0xE100
0x941A 0x0DBC
0x941B 0xE0C0
0x941C 0x3FB4
0x941D 0x0024
0x941E 0x0D30
0x941F 0x1FB0
0x9420 0x0014
0x9421 0x0831
0x9422 0x0935
0x9423 0x0A14
0x9424 0xB618
0x9425 0x0D6C
0x9426 0xCFAD
0x9427 0x0000
0x9428 0xFFA3
0x9429 0x0591
0x942A 0x0D30
0x942B 0x1FB0
0x942C 0x0007
0x942D 0x0D2C
0x942E 0x1FAC
0x942F 0x0015
0x9430 0x0B31
0x9431 0x0D30
0x9432 0x1FB0
0x9433 0x0005
0x9434 0x0D2C
0x9435 0x1FAC
0x9436 0x000B
0x9437 0x0B31
0x9438 0x0D30
0x9439 0x1FB0
0x943A 0x0008
0x943B 0x0D2C
0x943C 0x1FAC
0x943D 0x0024
0x943E 0x0B31
0x943F 0x0D6C
0x9440 0x0D30
0x9441 0x1FB0
0x9442 0x0002
0x9443 0x0B71
0x9444 0x0D2C
0x9445 0x1FAC
0x9446 0x0002
0x9447 0xCFAD
0x9448 0x0025
0x9449 0xFFAB
0x944A 0x0556
0x944B 0x0D30
0x944C 0x1FB0
0x944D 0x000D
0x944E 0x0FB1
0x944F 0x0000
0x9450 0x0F9C
0x9451 0xFFFF
0x9452 0x0D30
0x9453 0x1FB0
0x9454 0x000E
0x9455 0x0FB1
0x9456 0x0000
0x9457 0x0F88
0x9458 0x0069
0x9459 0x0D2C
0x945A 0x1FAC
0x945B 0x0007
0x945C 0x0D30
0x945D 0x1FB0
0x945E 0x0006
0x945F 0x0B71
0x9460 0x0D30
0x9461 0x1FB0
0x9462 0x000F
0x9463 0x0FB1
0x9464 0x0000
0x9465 0xB30C
0x9466 0x0D50
0x9467 0x1F90
0x9468 0x0001
0x9469 0xFF90
0x946A 0x99F0
0x946B 0x0D30
0x946C 0x1FB0
0x946D 0x0003
0x946E 0x0831
0x946F 0x0D30
0x9470 0x1FB0
0x9471 0x0009
0x9472 0x0231
0x9473 0x0D30
0x9474 0x1FB0
0x9475 0x0002
0x9476 0x0431
0x9477 0x0F88
0x9478 0x99C2
0x9479 0x0D2C
0x947A 0x1FAC
0x947B 0x0002
0x947C 0x0B44
0x947D 0xBA28
0x947E 0x0D2C
0x947F 0x1FAC
0x9480 0x000E
0x9481 0x0B50
0x9482 0x0200
0x9483 0x1A00
0x9484 0xC141
0x9485 0xFFAB
0x9486 0x000C
0x9487 0x0A20
0x9488 0x0837
0x9489 0x0FA0
0x948A 0x0001
0x948B 0x9FB8
0x948C 0xFFFD
0x948D 0x5DA0
0x948E 0xA810
0x948F 0x1F84
0x9490 0x0001
0x9491 0xFFA0
0x9492 0x0006
0x9493 0x1FA8
0x9494 0x0001
0x9495 0xCFA8
0x9496 0x0005
0x9497 0xFFA4
0x9498 0xFFE9
0x9499 0x0D30
0x949A 0x1FB0
0x949B 0x000E
0x949C 0x0431
0x949D 0xCFA8
0x949E 0x0005
0x949F 0xFFA4
0x94A0 0xFFDC
0x94A1 0x0D30
0x94A2 0x1FB0
0x94A3 0x0002
0x94A4 0x0131
0x94A5 0x0D2C
0x94A6 0x1FAC
0x94A7 0x0002
0x94A8 0x0B50
0x94A9 0x0D2C
0x94AA 0x1FAC
0x94AB 0x0009
0x94AC 0x0B48
0x94AD 0x0460
0x94AE 0xCFA0
0x94AF 0x002A
0x94B0 0xFFAB
0x94B1 0x002B
0x94B2 0x1F90
0x94B3 0x0001
0x94B4 0x1F94
0x94B5 0x0001
0x94B6 0x0520
0x94B7 0x3FA0
0x94B8 0x0001
0x94B9 0x0D30
0x94BA 0x1FB0
0x94BB 0x0002
0x94BC 0x0871
0x94BD 0x0D2C
0x94BE 0x1FAC
0x94BF 0x0002
0x94C0 0xCFAD
0x94C1 0x0000
0x94C2 0xFFAD
0x94C3 0x0010
0x94C4 0x0D30
0x94C5 0x1FB0
0x94C6 0x000E
0x94C7 0xAFB1
0x94C8 0x0004
0x94C9 0xB820
0x94CA 0x0D2C
0x94CB 0x1FAC
0x94CC 0x0002
0x94CD 0x3B60
0x94CE 0x0D30
0x94CF 0x1FB0
0x94D0 0x000D
0x94D1 0x0831
0x94D2 0xFFA0
0x94D3 0x0031
0x94D4 0x0D2C
0x94D5 0x1FAC
0x94D6 0x0002
0x94D7 0x0D30
0x94D8 0x1FB0
0x94D9 0x000D
0x94DA 0x0B71
0x94DB 0xFFA0
0x94DC 0x0028
0x94DD 0x0460
0x94DE 0x1FA0
0x94DF 0x89B7
0x94E0 0x0860
0x94E1 0x9FA0
0x94E2 0x0004
0x94E3 0xFFA3
0x94E4 0x0020
0x94E5 0x0FA8
0x94E6 0x89B7
0x94E7 0x0D2C
0x94E8 0x1FAC
0x94E9 0x000D
0x94EA 0x0B40
0x94EB 0x0FB0
0x94EC 0xFF18
0x94ED 0x0032
0x94EE 0x0FB2
0x94EF 0x000A
0x94F0 0x0FAC
0x94F1 0xFF1C
0x94F2 0x0FAD
0x94F3 0x0000
0x94F4 0x0C60
0x94F5 0x04A4
0x94F6 0x3FA4
0x94F7 0x0030
0x94F8 0x0900
0x94F9 0x1800
0x94FA 0x0460
0x94FB 0x1A20
0x94FC 0x0860
0x94FD 0x9FA0
0x94FE 0x0004
0x94FF 0xFFAB
0x9500 0xFFEA
0x9501 0x0D30
0x9502 0x1FB0
0x9503 0x000D
0x9504 0x0031
0x9505 0x0D2C
0x9506 0x1FAC
0x9507 0x0003
0x9508 0x0B6C
0x9509 0x0B40
0x950A 0xC051
0x950B 0xFFAB
0x950C 0x0040
0x950D 0x1F90
0x950E 0x0001
0x950F 0x0460
0x9510 0xCFA0
0x9511 0x002A
0x9512 0xFFAB
0x9513 0x0018
0x9514 0x1F90
0x9515 0x0001
0x9516 0x1F94
0x9517 0x0001
0x9518 0x0520
0x9519 0x3FA0
0x951A 0x0001
0x951B 0x0D30
0x951C 0x1FB0
0x951D 0x0002
0x951E 0x0871
0x951F 0x0D2C
0x9520 0x1FAC
0x9521 0x0002
0x9522 0xCFAD
0x9523 0x0000
0x9524 0xFFA5
0x9525 0x0027
0x9526 0x0D2C
0x9527 0x1FAC
0x9528 0x0002
0x9529 0x0B5C
0x952A 0xFFA0
0x952B 0x0021
0x952C 0xB71C
0x952D 0x0460
0x952E 0x1FA0
0x952F 0x89B7
0x9530 0x0860
0x9531 0x9FA0
0x9532 0x0004
0x9533 0xFFA3
0x9534 0x0018
0x9535 0x0FA8
0x9536 0x89B7
0x9537 0x0FB0
0x9538 0xFF18
0x9539 0x0732
0x953A 0x0FB2
0x953B 0x000A
0x953C 0x0FAC
0x953D 0xFF1C
0x953E 0x0FAD
0x953F 0x0000
0x9540 0x0C60
0x9541 0x04A4
0x9542 0x3FA4
0x9543 0x0030
0x9544 0x091C
0x9545 0x181C
0x9546 0x0460
0x9547 0x1A20
0x9548 0x0860
0x9549 0x9FA0
0x954A 0x0004
0x954B 0xFFAB
0x954C 0xFFEA
0x954D 0x0D30
0x954E 0x1FB0
0x954F 0x0002
0x9550 0x0471
0x9551 0x0D2C
0x9552 0x1FAC
0x9553 0x0002
0x9554 0xCFAD
0x9555 0x0068
0x9556 0xFFA3
0x9557 0x0023
0x9558 0x0D2C
0x9559 0x1FAC
0x955A 0x0002
0x955B 0xCFAD
0x955C 0x006C
0x955D 0xFFA3
0x955E 0x001C
0x955F 0x0D2C
0x9560 0x1FAC
0x9561 0x0002
0x9562 0xCFAD
0x9563 0x004C
0x9564 0xFFA3
0x9565 0x0015
0x9566 0x0D2C
0x9567 0x1FAC
0x9568 0x0002
0x9569 0xCFAD
0x956A 0x006A
0x956B 0xFFA3
0x956C 0x000E
0x956D 0x0D2C
0x956E 0x1FAC
0x956F 0x0002
0x9570 0xCFAD
0x9571 0x007A
0x9572 0xFFA3
0x9573 0x0007
0x9574 0x0D2C
0x9575 0x1FAC
0x9576 0x0002
0x9577 0xCFAD
0x9578 0x0074
0x9579 0xFFAB
0x957A 0x0006
0x957B 0x0D2C
0x957C 0x1FAC
0x957D 0x0002
0x957E 0x0B48
0x957F 0x1F90
0x9580 0x0001
0x9581 0xCF88
0x9582 0x0068
0x9583 0xFFAB
0x9584 0x0009
0x9585 0x0460
0x9586 0xCFA0
0x9587 0x0068
0x9588 0xFFAB
0x9589 0x0004
0x958A 0x0F88
0x958B 0x0002
0x958C 0x1F90
0x958D 0x0001
0x958E 0xCF88
0x958F 0x006C
0x9590 0xFFAB
0x9591 0x0009
0x9592 0x0460
0x9593 0xCFA0
0x9594 0x006C
0x9595 0xFFAB
0x9596 0x0004
0x9597 0x0F88
0x9598 0x0001
0x9599 0x1F90
0x959A 0x0001
0x959B 0xCF88
0x959C 0x006A
0x959D 0xFFAB
0x959E 0x0002
0x959F 0x0F88
0x95A0 0x0001
0x95A1 0xCF88
0x95A2 0x007A
0x95A3 0xFFAB
0x95A4 0x0002
0x95A5 0x0F88
0x95A6 0x006C
0x95A7 0xCF88
0x95A8 0x0074
0x95A9 0xFFAB
0x95AA 0x0002
0x95AB 0x0F88
0x95AC 0x0069
0x95AD 0x04A8
0x95AE 0xCFA8
0x95AF 0x0025
0x95B0 0xFFA3
0x95B1 0x026F
0x95B2 0xCFA8
0x95B3 0x0058
0x95B4 0xFFA3
0x95B5 0x0023
0x95B6 0xCFA8
0x95B7 0x0063
0x95B8 0xFFA3
0x95B9 0x021F
0x95BA 0xCFA8
0x95BB 0x0064
0x95BC 0xFFA3
0x95BD 0x001B
0x95BE 0xCFA8
0x95BF 0x0069
0x95C0 0xFFA3
0x95C1 0x0017
0x95C2 0xCFA8
0x95C3 0x006E
0x95C4 0xFFA3
0x95C5 0x0265
0x95C6 0x0A20
0x95C7 0x3FA0
0x95C8 0x006F
0x95C9 0xC83E
0x95CA 0x0001
0x95CB 0xFFAC
0x95CC 0x000C
0x95CD 0xCFA8
0x95CE 0x0073
0x95CF 0xFFA3
0x95D0 0x0227
0x95D1 0xCFA8
0x95D2 0x0075
0x95D3 0xFFA3
0x95D4 0x0004
0x95D5 0xCFA8
0x95D6 0x0078
0x95D7 0xFFAB
0x95D8 0x0291
0x95D9 0x0A20
0x95DA 0xCFA0
0x95DB 0x0070
0x95DC 0xFFAB
0x95DD 0x0009
0x95DE 0x0F88
0x95DF 0x006C
0x95E0 0x0FA8
0x95E1 0x0078
0x95E2 0x0D30
0x95E3 0x1FB0
0x95E4 0x000E
0x95E5 0xAFB1
0x95E6 0x0001
0x95E7 0x0A00
0x95E8 0xCF80
0x95E9 0x0064
0x95EA 0xFFA3
0x95EB 0x0004
0x95EC 0xCF80
0x95ED 0x0069
0x95EE 0xFFAB
0x95EF 0x00A8
0x95F0 0xCF88
0x95F1 0x0001
0x95F2 0xFFAB
0x95F3 0x000A
0x95F4 0x1F94
0x95F5 0x0002
0x95F6 0x0520
0x95F7 0x3FA0
0x95F8 0x0002
0x95F9 0x0D30
0x95FA 0x08B2
0x95FB 0x08B2
0x95FC 0xFFA0
0x95FD 0x003B
0x95FE 0xCF88
0x95FF 0x006C
0x9600 0xFFAB
0x9601 0x000A
0x9602 0x1F94
0x9603 0x0002
0x9604 0x0520
0x9605 0x3FA0
0x9606 0x0002
0x9607 0x0D30
0x9608 0x08B2
0x9609 0x08B2
0x960A 0xFFA0
0x960B 0x002D
0x960C 0x1F94
0x960D 0x0001
0x960E 0x0520
0x960F 0x3FA0
0x9610 0x0001
0x9611 0x0D30
0x9612 0x086C
0x9613 0x0B32
0x9614 0x0FB1
0x9615 0x0000
0x9616 0x0B2C
0x9617 0xFFAC
0x9618 0x0002
0x9619 0x3FB1
0x961A 0x0001
0x961B 0xCF88
0x961C 0x0068
0x961D 0xFFAB
0x961E 0x000B
0x961F 0x0D2C
0x9620 0x0B60
0x9621 0x0D30
0x9622 0x0832
0x9623 0x0FB1
0x9624 0x0000
0x9625 0x0820
0x9626 0xFFAC
0x9627 0x0002
0x9628 0x3FB1
0x9629 0x0001
0x962A 0xCF88
0x962B 0x0002
0x962C 0xFFAB
0x962D 0x000B
0x962E 0x0D2C
0x962F 0x0B60
0x9630 0x0D30
0x9631 0x0832
0x9632 0x0FB1
0x9633 0x0000
0x9634 0x0820
0x9635 0xFFAC
0x9636 0x0002
0x9637 0x3FB1
0x9638 0x0001
0x9639 0x0D2C
0x963A 0x1FAC
0x963B 0x0001
0x963C 0xCFAD
0x963D 0x0000
0x963E 0xFFA5
0x963F 0x000A
0x9640 0xCFAD
0x9641 0x0000
0x9642 0xFFAB
0x9643 0x001D
0x9644 0x3FAC
0x9645 0x0001
0x9646 0xCFAD
0x9647 0x0000
0x9648 0xFFAC
0x9649 0x0017
0x964A 0x0D30
0x964B 0x1FB0
0x964C 0x000F
0x964D 0x0FB1
0x964E 0x0001
0x964F 0x0D30
0x9650 0x1FB0
0x9651 0x0005
0x9652 0x0C70
0x9653 0x0FB1
0x9654 0x002D
0x9655 0xB820
0x9656 0xB924
0x9657 0x0D2C
0x9658 0x3BA0
0x9659 0x4BA4
0x965A 0x0D30
0x965B 0x1FB0
0x965C 0x0003
0x965D 0x0832
0x965E 0x0932
0x965F 0xFFA0
0x9660 0x00D4
0x9661 0x0D2C
0x9662 0x1FAC
0x9663 0x000E
0x9664 0x0D30
0x9665 0x1FB0
0x9666 0x0002
0x9667 0x0B71
0x9668 0x0D2C
0x9669 0x1FAC
0x966A 0x0002
0x966B 0x0B60
0x966C 0x9FA0
0x966D 0x0010
0x966E 0xFFA3
0x966F 0x000D
0x9670 0x0D30
0x9671 0x1FB0
0x9672 0x000F
0x9673 0x0FB1
0x9674 0x0001
0x9675 0x0D30
0x9676 0x1FB0
0x9677 0x0005
0x9678 0x0C70
0x9679 0x0FB1
0x967A 0x002B
0x967B 0xFFA0
0x967C 0x0013
0x967D 0x0D2C
0x967E 0x1FAC
0x967F 0x0002
0x9680 0x0B60
0x9681 0x9FA0
0x9682 0x0008
0x9683 0xFFA3
0x9684 0x000B
0x9685 0x0D30
0x9686 0x1FB0
0x9687 0x000F
0x9688 0x0FB1
0x9689 0x0001
0x968A 0x0D30
0x968B 0x1FB0
0x968C 0x0005
0x968D 0x0C70
0x968E 0x0FB1
0x968F 0x0020
0x9690 0x0D2C
0x9691 0x0D30
0x9692 0x1FB0
0x9693 0x0003
0x9694 0x0BB2
0x9695 0x0BB2
0x9696 0xFFA0
0x9697 0x009D
0x9698 0xCF88
0x9699 0x0001
0x969A 0xFFAB
0x969B 0x000C
0x969C 0x1F94
0x969D 0x0002
0x969E 0x0520
0x969F 0x3FA0
0x96A0 0x0002
0x96A1 0x0D30
0x96A2 0x1FB0
0x96A3 0x0003
0x96A4 0x08B2
0x96A5 0x08B2
0x96A6 0xFFA0
0x96A7 0x001B
0x96A8 0xCF88
0x96A9 0x006C
0x96AA 0xFFAB
0x96AB 0x000C
0x96AC 0x1F94
0x96AD 0x0002
0x96AE 0x0520
0x96AF 0x3FA0
0x96B0 0x0002
0x96B1 0x0D30
0x96B2 0x1FB0
0x96B3 0x0003
0x96B4 0x08B2
0x96B5 0x08B2
0x96B6 0xFFA0
0x96B7 0x000B
0x96B8 0x1F94
0x96B9 0x0001
0x96BA 0x0520
0x96BB 0x3FA0
0x96BC 0x0001
0x96BD 0x0D30
0x96BE 0x1FB0
0x96BF 0x0003
0x96C0 0x0872
0x96C1 0x0FB1
0x96C2 0x0000
0x96C3 0xCF88
0x96C4 0x0068
0x96C5 0xFFAB
0x96C6 0x000A
0x96C7 0x0D2C
0x96C8 0x1FAC
0x96C9 0x0003
0x96CA 0x0B60
0x96CB 0x0D30
0x96CC 0x1FB0
0x96CD 0x0003
0x96CE 0x0832
0x96CF 0x0FB1
0x96D0 0x0000
0x96D1 0xCF88
0x96D2 0x0002
0x96D3 0xFFAB
0x96D4 0x000A
0x96D5 0x0D2C
0x96D6 0x1FAC
0x96D7 0x0003
0x96D8 0x0B60
0x96D9 0x0D30
0x96DA 0x1FB0
0x96DB 0x0003
0x96DC 0x0832
0x96DD 0x0FB1
0x96DE 0x0000
0x96DF 0x0D2C
0x96E0 0x1FAC
0x96E1 0x000E
0x96E2 0x0B60
0x96E3 0x9FA0
0x96E4 0x0001
0x96E5 0xFFA3
0x96E6 0x004E
0x96E7 0xCF80
0x96E8 0x006F
0x96E9 0xFFAB
0x96EA 0x001A
0x96EB 0xCF9C
0x96EC 0x0000
0x96ED 0xFFAB
0x96EE 0x000B
0x96EF 0x0D2C
0x96F0 0x1FAC
0x96F1 0x0003
0x96F2 0xCBBE
0x96F3 0x0000
0x96F4 0xFFAB
0x96F5 0x0004
0x96F6 0xCBBE
0x96F7 0x0000
0x96F8 0xFFA3
0x96F9 0x000B
0x96FA 0x0D30
0x96FB 0x1FB0
0x96FC 0x000F
0x96FD 0x0FB1
0x96FE 0x0001
0x96FF 0x0D30
0x9700 0x1FB0
0x9701 0x0005
0x9702 0x0C70
0x9703 0x0FB1
0x9704 0x0030
0x9705 0xCF80
0x9706 0x0078
0x9707 0xFFA3
0x9708 0x0004
0x9709 0xCF80
0x970A 0x0058
0x970B 0xFFAB
0x970C 0x0028
0x970D 0x0D2C
0x970E 0x1FAC
0x970F 0x0003
0x9710 0xCBBE
0x9711 0x0000
0x9712 0xFFAB
0x9713 0x0004
0x9714 0xCBBE
0x9715 0x0000
0x9716 0xFFA3
0x9717 0x001D
0x9718 0x0D2C
0x9719 0x1FAC
0x971A 0x0005
0x971B 0x0B60
0x971C 0x0D2C
0x971D 0x1FAC
0x971E 0x000F
0x971F 0x1B60
0x9720 0x0D30
0x9721 0x1FB0
0x9722 0x000F
0x9723 0x1FB1
0x9724 0x0001
0x9725 0x0FA1
0x9726 0x0030
0x9727 0x0D2C
0x9728 0x1FAC
0x9729 0x0005
0x972A 0x0B60
0x972B 0x0D2C
0x972C 0x1FAC
0x972D 0x000F
0x972E 0x1B60
0x972F 0x0D30
0x9730 0x1FB0
0x9731 0x000F
0x9732 0x1FB1
0x9733 0x0001
0x9734 0x0A21
0x9735 0x0D2C
0x9736 0x1FAC
0x9737 0x0008
0x9738 0x0D30
0x9739 0x1FB0
0x973A 0x0006
0x973B 0x0B71
0x973C 0xCF80
0x973D 0x0078
0x973E 0xFFA3
0x973F 0x0004
0x9740 0xCF80
0x9741 0x0058
0x9742 0xFFAB
0x9743 0x0007
0x9744 0x0D30
0x9745 0x1FB0
0x9746 0x0011
0x9747 0x0FB1
0x9748 0x0010
0x9749 0xFFA0
0x974A 0x000E
0x974B 0xCF80
0x974C 0x006F
0x974D 0xFFAB
0x974E 0x0004
0x974F 0x0FB5
0x9750 0x0008
0x9751 0xFFA0
0x9752 0x0002
0x9753 0x0FB5
0x9754 0x000A
0x9755 0x0D30
0x9756 0x1FB0
0x9757 0x0011
0x9758 0x0D71
0x9759 0xCF80
0x975A 0x0058
0x975B 0xFFA3
0x975C 0x0007
0x975D 0x0D30
0x975E 0x1FB0
0x975F 0x0009
0x9760 0x0FB1
0x9761 0x99C7
0x9762 0xFFA0
0x9763 0x0005
0x9764 0x0D30
0x9765 0x1FB0
0x9766 0x0009
0x9767 0x0FB1
0x9768 0x99D7
0x9769 0x0D2C
0x976A 0x1FAC
0x976B 0x0011
0x976C 0xB924
0x976D 0x0B60
0x976E 0xFFAC
0x976F 0x0002
0x9770 0x3FA4
0x9771 0x0001
0x9772 0x0D30
0x9773 0x1FB0
0x9774 0x0012
0x9775 0x0832
0x9776 0x0932
0x9777 0x0D30
0x9778 0x1FB0
0x9779 0x0010
0x977A 0x0331
0x977B 0x0D30
0x977C 0x1FB0
0x977D 0x0002
0x977E 0x0431
0x977F 0x0535
0x9780 0x0D30
0x9781 0x1FB0
0x9782 0x000A
0x9783 0x0631
0x9784 0x0D2C
0x9785 0x1FAC
0x9786 0x0003
0x9787 0x0B90
0x9788 0x0B94
0x9789 0x0D2C
0x978A 0x1FAC
0x978B 0x0006
0x978C 0x0B58
0x978D 0x0D2C
0x978E 0x1FAC
0x978F 0x0014
0x9790 0x0BF7
0x9791 0x0BF7
0x9792 0x0400
0x9793 0x0504
0x9794 0x0020
0x9795 0x0124
0x9796 0xFF90
0x9797 0x9307
0x9798 0x0808
0x9799 0x090C
0x979A 0x0D2C
0x979B 0x1FAC
0x979C 0x000B
0x979D 0x0B60
0x979E 0x1220
0x979F 0x085B
0x97A0 0x0D2C
0x97A1 0x1FAC
0x97A2 0x0016
0x97A3 0x0BF7
0x97A4 0x0BF7
0x97A5 0x0020
0x97A6 0x0124
0x97A7 0xFF90
0x97A8 0x92A3
0x97A9 0x0810
0x97AA 0x0914
0x97AB 0x0D30
0x97AC 0x1FB0
0x97AD 0x0014
0x97AE 0x1FB1
0x97AF 0x0001
0x97B0 0x1FB4
0x97B1 0x0004
0x97B2 0xC43E
0x97B3 0x0000
0x97B4 0xFFAB
0x97B5 0xFFD7
0x97B6 0xC53E
0x97B7 0x0000
0x97B8 0xFFAB
0x97B9 0xFFD3
0x97BA 0x0D30
0x97BB 0x1FB0
0x97BC 0x0006
0x97BD 0x0631
0x97BE 0x0D2C
0x97BF 0x1FAC
0x97C0 0x000A
0x97C1 0x0B58
0x97C2 0x0D54
0x97C3 0x0D2C
0x97C4 0x1FAC
0x97C5 0x0002
0x97C6 0x0B50
0x97C7 0x0D2C
0x97C8 0x1FAC
0x97C9 0x0010
0x97CA 0x0B4C
0x97CB 0xCF9C
0x97CC 0xFFFF
0x97CD 0xFFAB
0x97CE 0x0003
0x97CF 0xB71C
0x97D0 0xFFA0
0x97D1 0x00AB
0x97D2 0x0D30
0x97D3 0x1FB0
0x97D4 0x000E
0x97D5 0x9FB1
0x97D6 0xFFFD
0x97D7 0xFFA0
0x97D8 0x00A4
0x97D9 0xCF88
0x97DA 0x006C
0x97DB 0xFFAB
0x97DC 0x000C
0x97DD 0x1F94
0x97DE 0x0002
0x97DF 0x0520
0x97E0 0x3FA0
0x97E1 0x0002
0x97E2 0x0D30
0x97E3 0x1FB0
0x97E4 0x0007
0x97E5 0x0C70
0x97E6 0x0871
0x97E7 0xFFA0
0x97E8 0x000A
0x97E9 0x1F94
0x97EA 0x0001
0x97EB 0x0520
0x97EC 0x3FA0
0x97ED 0x0001
0x97EE 0x0D30
0x97EF 0x1FB0
0x97F0 0x0007
0x97F1 0x0C70
0x97F2 0x0871
0x97F3 0x0F8C
0x97F4 0x0001
0x97F5 0xB71C
0x97F6 0xFFA0
0x97F7 0x0085
0x97F8 0x1F94
0x97F9 0x0001
0x97FA 0x0520
0x97FB 0x3FA0
0x97FC 0x0001
0x97FD 0x0D30
0x97FE 0x1FB0
0x97FF 0x0006
0x9800 0x0871
0x9801 0x0D2C
0x9802 0x1FAC
0x9803 0x0006
0x9804 0x0B75
0x9805 0xB30C
0x9806 0x0D2C
0x9807 0x1FAC
0x9808 0x0006
0x9809 0x0B6C
0x980A 0xCFAD
0x980B 0x0000
0x980C 0xFFA3
0x980D 0x0010
0x980E 0x0D68
0x980F 0x1F8C
0x9810 0x0001
0x9811 0x1FA8
0x9812 0x0001
0x9813 0xC73E
0x9814 0x0000
0x9815 0xFFAC
0x9816 0x0003
0x9817 0xC70C
0x9818 0xFFAC
0x9819 0x0004
0x981A 0xCFA9
0x981B 0x0000
0x981C 0xFFAB
0x981D 0xFFF1
0x981E 0xB71C
0x981F 0xFFA0
0x9820 0x005C
0x9821 0x0D30
0x9822 0x1FB0
0x9823 0x0006
0x9824 0x0FB1
0x9825 0x99C0
0x9826 0x0F8C
0x9827 0x0001
0x9828 0xB71C
0x9829 0xFFA0
0x982A 0x0052
0x982B 0x1F94
0x982C 0x0001
0x982D 0xCF88
0x982E 0x0001
0x982F 0xFFAB
0x9830 0x0009
0x9831 0x0520
0x9832 0x3FA0
0x9833 0x0001
0x9834 0x0860
0x9835 0x0622
0x9836 0x0FA1
0x9837 0x0000
0x9838 0xFFA0
0x9839 0x0028
0x983A 0xCF88
0x983B 0x006C
0x983C 0xFFAB
0x983D 0x0009
0x983E 0x0520
0x983F 0x3FA0
0x9840 0x0001
0x9841 0x0860
0x9842 0x0622
0x9843 0x0FA1
0x9844 0x0000
0x9845 0xFFA0
0x9846 0x001B
0x9847 0xCF88
0x9848 0x0068
0x9849 0xFFAB
0x984A 0x0007
0x984B 0x0520
0x984C 0x3FA0
0x984D 0x0001
0x984E 0x0860
0x984F 0x0621
0x9850 0xFFA0
0x9851 0x0010
0x9852 0xCF88
0x9853 0x0002
0x9854 0xFFAB
0x9855 0x0007
0x9856 0x0520
0x9857 0x3FA0
0x9858 0x0001
0x9859 0x0860
0x985A 0x0621
0x985B 0xFFA0
0x985C 0x0005
0x985D 0x0520
0x985E 0x3FA0
0x985F 0x0001
0x9860 0x0860
0x9861 0x0621
0x9862 0xB71C
0x9863 0x0D30
0x9864 0x1FB0
0x9865 0x000D
0x9866 0x0FB1
0x9867 0x0000
0x9868 0xFFA0
0x9869 0x0013
0x986A 0xCFA8
0x986B 0x0000
0x986C 0xFFAB
0x986D 0x0002
0x986E 0x3F90
0x986F 0x0001
0x9870 0x0D30
0x9871 0x1FB0
0x9872 0x0006
0x9873 0x0D71
0x9874 0x0420
0x9875 0x3D60
0x9876 0x080C
0x9877 0xB71C
0x9878 0x0D30
0x9879 0x1FB0
0x987A 0x000D
0x987B 0x0FB1
0x987C 0x0000
0x987D 0xC70C
0x987E 0xFFA4
0x987F 0x0003
0x9880 0x0335
0x9881 0xFFA0
0x9882 0x0001
0x9883 0x0735
0x9884 0x0D30
0x9885 0x1FB0
0x9886 0x0002
0x9887 0x0D71
0x9888 0x0D2C
0x9889 0x1FAC
0x988A 0x000F
0x988B 0x1B71
0x988C 0x0D2C
0x988D 0x1FAC
0x988E 0x0002
0x988F 0x0D30
0x9890 0x1FB0
0x9891 0x000D
0x9892 0xCC6D
0x9893 0xFFA4
0x9894 0x0004
0x9895 0x0FB5
0x9896 0x0000
0x9897 0xFFA0
0x9898 0x0008
0x9899 0x0D2C
0x989A 0x1FAC
0x989B 0x000D
0x989C 0x0B75
0x989D 0x0D2C
0x989E 0x1FAC
0x989F 0x0002
0x98A0 0x3B75
0x98A1 0x0D2C
0x98A2 0x1FAC
0x98A3 0x000E
0x98A4 0x0D30
0x98A5 0x1FB0
0x98A6 0x0002
0x98A7 0x0B71
0x98A8 0x0D2C
0x98A9 0x1FAC
0x98AA 0x0002
0x98AB 0x0D30
0x98AC 0x1FB0
0x98AD 0x0003
0x98AE 0x0B71
0x98AF 0x9FB1
0x98B0 0x0002
0x98B1 0x0D2C
0x98B2 0x1FAC
0x98B3 0x0003
0x98B4 0xCFAD
0x98B5 0x0000
0x98B6 0xFFA3
0x98B7 0x0025
0x98B8 0xB104
0x98B9 0x0D30
0x98BA 0x1FB0
0x98BB 0x000F
0x98BC 0xCC7E
0x98BD 0x0000
0x98BE 0xFFAC
0x98BF 0x001D
0x98C0 0x0D2C
0x98C1 0x1FAC
0x98C2 0x0005
0x98C3 0x0B64
0x98C4 0x1124
0x98C5 0x0960
0x98C6 0x0D2C
0x98C7 0x1FAC
0x98C8 0x0014
0x98C9 0x0B64
0x98CA 0xFF90
0x98CB 0x99E7
0x98CC 0xCFA0
0x98CD 0xFFFF
0x98CE 0xFFAB
0x98CF 0x0003
0x98D0 0x0620
0x98D1 0xFFA0
0x98D2 0x00E9
0x98D3 0x1F98
0x98D4 0x0001
0x98D5 0x1F84
0x98D6 0x0001
0x98D7 0x0D30
0x98D8 0x1FB0
0x98D9 0x000F
0x98DA 0xCC44
0x98DB 0xFFA4
0x98DC 0xFFE3
0x98DD 0x0D2C
0x98DE 0x1FAC
0x98DF 0x0002
0x98E0 0x0D30
0x98E1 0x1FB0
0x98E2 0x0009
0x98E3 0x0B71
0x98E4 0x9FB1
0x98E5 0x0004
0x98E6 0x0D2C
0x98E7 0x1FAC
0x98E8 0x0009
0x98E9 0xCFAD
0x98EA 0x0000
0x98EB 0xFFAB
0x98EC 0x0027
0x98ED 0xB104
0x98EE 0xCD7E
0x98EF 0x0000
0x98F0 0xFFAC
0x98F1 0x0022
0x98F2 0x0D2C
0x98F3 0x1FAC
0x98F4 0x0003
0x98F5 0xCFAD
0x98F6 0x0000
0x98F7 0xFFA3
0x98F8 0x0004
0x98F9 0x0FA8
0x98FA 0x0030
0x98FB 0xFFA0
0x98FC 0x0002
0x98FD 0x0FA8
0x98FE 0x0020
0x98FF 0x0A20
0x9900 0x0D2C
0x9901 0x1FAC
0x9902 0x0014
0x9903 0x0B64
0x9904 0xFF90
0x9905 0x99E7
0x9906 0xCFA0
0x9907 0xFFFF
0x9908 0xFFAB
0x9909 0x0003
0x990A 0x0620
0x990B 0xFFA0
0x990C 0x00AF
0x990D 0x1F98
0x990E 0x0001
0x990F 0x1F84
0x9910 0x0001
0x9911 0xCD44
0x9912 0xFFA4
0x9913 0xFFDE
0x9914 0x0D2C
0x9915 0x1FAC
0x9916 0x0003
0x9917 0xCFAD
0x9918 0x0000
0x9919 0xFFAB
0x991A 0x0026
0x991B 0xB104
0x991C 0x0D30
0x991D 0x1FB0
0x991E 0x000F
0x991F 0xCC7E
0x9920 0x0000
0x9921 0xFFAC
0x9922 0x001E
0x9923 0x0D2C
0x9924 0x1FAC
0x9925 0x000F
0x9926 0x0B40
0x9927 0x0D2C
0x9928 0x1FAC
0x9929 0x0005
0x992A 0x0B64
0x992B 0x1124
0x992C 0x0960
0x992D 0x0D2C
0x992E 0x1FAC
0x992F 0x0014
0x9930 0x0B64
0x9931 0xFF90
0x9932 0x99E7
0x9933 0xCFA0
0x9934 0xFFFF
0x9935 0xFFAB
0x9936 0x0003
0x9937 0x0620
0x9938 0xFFA0
0x9939 0x0082
0x993A 0x1F98
0x993B 0x0001
0x993C 0x1F84
0x993D 0x0001
0x993E 0xC004
0x993F 0xFFA4
0x9940 0xFFE6
0x9941 0x0304
0x9942 0xC70C
0x9943 0xFFAC
0x9944 0x0016
0x9945 0x0FA0
0x9946 0x0030
0x9947 0x0D2C
0x9948 0x1FAC
0x9949 0x0014
0x994A 0x0B64
0x994B 0xFF90
0x994C 0x99E7
0x994D 0xCFA0
0x994E 0xFFFF
0x994F 0xFFAB
0x9950 0x0003
0x9951 0x0620
0x9952 0xFFA0
0x9953 0x0068
0x9954 0x1F98
0x9955 0x0001
0x9956 0x1F84
0x9957 0x0001
0x9958 0xC704
0x9959 0xFFA4
0x995A 0xFFEA
0x995B 0xB104
0x995C 0xC33E
0x995D 0x0000
0x995E 0xFFAC
0x995F 0x001B
0x9960 0x0D2C
0x9961 0x1FAC
0x9962 0x0006
0x9963 0x0B40
0x9964 0x0024
0x9965 0x1124
0x9966 0x0960
0x9967 0x0D2C
0x9968 0x1FAC
0x9969 0x0014
0x996A 0x0B64
0x996B 0xFF90
0x996C 0x99E7
0x996D 0xCFA0
0x996E 0xFFFF
0x996F 0xFFAB
0x9970 0x0003
0x9971 0x0620
0x9972 0xFFA0
0x9973 0x0048
0x9974 0x1F98
0x9975 0x0001
0x9976 0x1F84
0x9977 0x0001
0x9978 0xC304
0x9979 0xFFA4
0x997A 0xFFE9
0x997B 0x0D2C
0x997C 0x1FAC
0x997D 0x0009
0x997E 0xCFAD
0x997F 0x0000
0x9980 0xFFA3
0x9981 0x001C
0x9982 0xB104
0x9983 0xCD7E
0x9984 0x0000
0x9985 0xFFAC
0x9986 0x0017
0x9987 0x0D40
0x9988 0x0FA0
0x9989 0x0020
0x998A 0x0D2C
0x998B 0x1FAC
0x998C 0x0014
0x998D 0x0B64
0x998E 0xFF90
0x998F 0x99E7
0x9990 0xCFA0
0x9991 0xFFFF
0x9992 0xFFAB
0x9993 0x0003
0x9994 0x0620
0x9995 0xFFA0
0x9996 0x0025
0x9997 0x1F98
0x9998 0x0001
0x9999 0x1F84
0x999A 0x0001
0x999B 0xC004
0x999C 0xFFA4
0x999D 0xFFEA
0x999E 0x0435
0x999F 0xFFA0
0x99A0 0x0015
0x99A1 0x1FB5
0x99A2 0x0001
0x99A3 0x0D2C
0x99A4 0x1FAC
0x99A5 0x0002
0x99A6 0x0B60
0x99A7 0x0D2C
0x99A8 0x1FAC
0x99A9 0x0014
0x99AA 0x0B64
0x99AB 0xFF90
0x99AC 0x99E7
0x99AD 0xCFA0
0x99AE 0xFFFF
0x99AF 0xFFAB
0x99B0 0x0003
0x99B1 0x0620
0x99B2 0xFFA0
0x99B3 0x0008
0x99B4 0x1F98
0x99B5 0x0001
0x99B6 0x0D6C
0x99B7 0xCFAD
0x99B8 0x0000
0x99B9 0xFFAB
0x99BA 0xFA84
0x99BB 0x0620
0x99BC 0x1FB4
0x99BD 0x0024
0x99BE 0xE100
0x99BF 0x0DBC
0x99C0 0x0025
0x99C1 0x0000
0x99C2 0x0023
0x99C3 0x0030
0x99C4 0x002D
0x99C5 0x0020
0x99C6 0x002B
0x99C7 0x0030
0x99C8 0x0031
0x99C9 0x0032
0x99CA 0x0033
0x99CB 0x0034
0x99CC 0x0035
0x99CD 0x0036
0x99CE 0x0037
0x99CF 0x0038
0x99D0 0x0039
0x99D1 0x0061
0x99D2 0x0062
0x99D3 0x0063
0x99D4 0x0064
0x99D5 0x0065
0x99D6 0x0066
0x99D7 0x0030
0x99D8 0x0031
0x99D9 0x0032
0x99DA 0x0033
0x99DB 0x0034
0x99DC 0x0035
0x99DD 0x0036
0x99DE 0x0037
0x99DF 0x0038
0x99E0 0x0039
0x99E1 0x0041
0x99E2 0x0042
0x99E3 0x0043
0x99E4 0x0044
0x99E5 0x0045
0x99E6 0x0046
0x99E7 0xE0C0
0x99E8 0x0828
0x99E9 0x0900
0x99EA 0x0A20
0x99EB 0x0024
0x99EC 0xFF90
0x99ED 0x8ABA
0x99EE 0xE100
0x99EF 0x0DBC
0x99F0 0x0FA0
0x99F1 0x99F3
0x99F2 0x0DBC
0x99F3 0x9A05
0x99F4 0x9A07
0x99F5 0x9A08
0x99F6 0x9A09
0x99F7 0x9A0A
0x99F8 0x9A0B
0x99F9 0x9A0C
0x99FA 0x9A0D
0x99FB 0x9A0E
0x99FC 0x9A0F
0x99FD 0x7FFF
0x99FE 0x7FFF
0x99FF 0x7FFF
0x9A00 0x7FFF
0x9A01 0x7FFF
0x9A02 0x7FFF
0x9A03 0x7FFF
0x9A04 0x7FFF
0x9A05 0x002E
0x9A06 0x0000
0x9A07 0x0000
0x9A08 0x0000
0x9A09 0x0000
0x9A0A 0x0000
0x9A0B 0x0000
0x9A0C 0x0000
0x9A0D 0x0000
0x9A0E 0x0000
0x9A0F 0x0000
0x9A10 0x0828
0x9A11 0x0FAC
0x9A12 0x9B90
0x9A13 0x0B64
0x9A14 0x0A20
0x9A15 0xFF90
0x9A16 0x9A2F
0x9A17 0xCFA0
0x9A18 0xFFFF
0x9A19 0xFFAB
0x9A1A 0x0003
0x9A1B 0x0FA0
0x9A1C 0xFFFF
0x9A1D 0x0DBC
0x9A1E 0x0FAC
0x9A1F 0x9B90
0x9A20 0x0B64
0x9A21 0x0FA0
0x9A22 0x000A
0x9A23 0xFF90
0x9A24 0x99E7
0x9A25 0xCFA0
0x9A26 0xFFFF
0x9A27 0xFFAB
0x9A28 0x0003
0x9A29 0x0FA0
0x9A2A 0xFFFF
0x9A2B 0x0DBC
0x9A2C 0x0FA0
0x9A2D 0x0001
0x9A2E 0x0DBC
0x9A2F 0xE0C0
0x9A30 0x0800
0x9A31 0x0904
0x9A32 0xCF81
0x9A33 0x0000
0x9A34 0xFFA3
0x9A35 0x0012
0x9A36 0x0060
0x9A37 0x0124
0x9A38 0xFF90
0x9A39 0x8ABA
0x9A3A 0xCFA0
0x9A3B 0xFFFF
0x9A3C 0xFFAB
0x9A3D 0x0004
0x9A3E 0x0FA0
0x9A3F 0xFFFF
0x9A40 0xFFA0
0x9A41 0x0008
0x9A42 0x1F80
0x9A43 0x0001
0x9A44 0xCF81
0x9A45 0x0000
0x9A46 0xFFAB
0x9A47 0xFFEE
0x9A48 0x0FA0
0x9A49 0x0001
0x9A4A 0xE100
0x9A4B 0x0DBC
0x9A4C 0x0002
0x9A4D 0x0000
0x9A4E 0x0DE0
0x9A4F 0x0001
0x9A50 0x1950
0x9A51 0x0001
0x9A52 0x0000
0x9A53 0x0000
0x9A54 0x0001
0x9A55 0x0000
0x9A56 0x173C
0x9A57 0x0001
0x9A58 0x0000
0x9A59 0x0000
0x9A5A 0x0000
0x9A5B 0x0000
0x9A5C 0x9B93
0x9A5D 0x1000
0x9A5E 0x0000
0x9A5F 0x0000
0x9A60 0x0000
0x9A61 0x0000
0x9A62 0x0000
0x9A63 0x0000
0x9A64 0x0000
0x9A65 0x0000
0x9A66 0x0000
0x9A67 0x0000
0x9A68 0x0000
0x9A69 0x0000
0x9A6A 0x0000
0x9A6B 0x0000
0x9A6C 0x0000
0x9A6D 0x0000
0x9A6E 0x0000
0x9A6F 0x0000
0x9A70 0x0000
0x9A71 0x0000
0x9A72 0x0000
0x9A73 0x0000
0x9A74 0x0000
0x9A75 0x0000
0x9A76 0x0000
0x9A77 0x0000
0x9A78 0x0000
0x9A79 0x0000
0x9A7A 0x0000
0x9A7B 0x0000
0x9A7C 0x0000
0x9A7D 0x0000
0x9A7E 0x0000
0x9A7F 0x0000
0x9A80 0x0000
0x9A81 0x0000
0x9A82 0x0000
0x9A83 0x0000
0x9A84 0x0000
0x9A85 0x0000
0x9A86 0x0000
0x9A87 0x0000
0x9A88 0x0000
0x9A89 0x0000
0x9A8A 0x0000
0x9A8B 0x0000
0x9A8C 0x0000
0x9A8D 0x0000
0x9A8E 0x0000
0x9A8F 0x0000
0x9A90 0x0000
0x9A91 0x0000
0x9A92 0x0000
0x9A93 0x0000
0x9A94 0x0000
0x9A95 0x0000
0x9A96 0x0000
0x9A97 0x0000
0x9A98 0x0000
0x9A99 0x0000
0x9A9A 0x0000
0x9A9B 0x0000
0x9A9C 0x0000
0x9A9D 0x0000
0x9A9E 0x0000
0x9A9F 0x0000
0x9AA0 0x0000
0x9AA1 0x0000
0x9AA2 0x0000
0x9AA3 0x0000
0x9AA4 0x0000
0x9AA5 0x0000
0x9AA6 0x0000
0x9AA7 0x0000
0x9AA8 0x0000
0x9AA9 0x0000
0x9AAA 0x0000
0x9AAB 0x0000
0x9AAC 0x0000
0x9AAD 0x0000
0x9AAE 0x0000
0x9AAF 0x0000
0x9AB0 0x0000
0x9AB1 0x0000
0x9AB2 0x0000
0x9AB3 0x0000
0x9AB4 0x0000
0x9AB5 0x0000
0x9AB6 0x0000
0x9AB7 0x0000
0x9AB8 0x0000
0x9AB9 0x0000
0x9ABA 0x0000
0x9ABB 0x0000
0x9ABC 0x0000
0x9ABD 0x0000
0x9ABE 0x0000
0x9ABF 0x0000
0x9AC0 0x0000
0x9AC1 0x0000
0x9AC2 0x0000
0x9AC3 0x0000
0x9AC4 0x0000
0x9AC5 0x0000
0x9AC6 0x0000
0x9AC7 0x0000
0x9AC8 0x0000
0x9AC9 0x0000
0x9ACA 0x0000
0x9ACB 0x0000
0x9ACC 0x0000
0x9ACD 0x0000
0x9ACE 0x0000
0x9ACF 0x0000
0x9AD0 0x0000
0x9AD1 0x0000
0x9AD2 0x0000
0x9AD3 0x0000
0x9AD4 0x0000
0x9AD5 0x0000
0x9AD6 0x0000
0x9AD7 0x0000
0x9AD8 0x0000
0x9AD9 0x0000
0x9ADA 0x0000
0x9ADB 0x0000
0x9ADC 0x0000
0x9ADD 0x0000
0x9ADE 0x0000
0x9ADF 0x0000
0x9AE0 0x0000
0x9AE1 0x0000
0x9AE2 0x0000
0x9AE3 0x0000
0x9AE4 0x0000
0x9AE5 0x0000
0x9AE6 0x0000
0x9AE7 0x0000
0x9AE8 0x0000
0x9AE9 0x0000
0x9AEA 0x0000
0x9AEB 0x0000
0x9AEC 0x0000
0x9AED 0x0000
0x9AEE 0x0000
0x9AEF 0x0000
0x9AF0 0x0000
0x9AF1 0x0000
0x9AF2 0x0000
0x9AF3 0x0000
0x9AF4 0x0000
0x9AF5 0x0000
0x9AF6 0x0000
0x9AF7 0x0000
0x9AF8 0x0000
0x9AF9 0x0000
0x9AFA 0x0000
0x9AFB 0x0000
0x9AFC 0x0000
0x9AFD 0x0000
0x9AFE 0x0000
0x9AFF 0x0000
0x9B00 0x0000
0x9B01 0x0000
0x9B02 0x0000
0x9B03 0x0000
0x9B04 0x0000
0x9B05 0x0000
0x9B06 0x0000
0x9B07 0x0000
0x9B08 0x0000
0x9B09 0x0000
0x9B0A 0x0000
0x9B0B 0x0000
0x9B0C 0x0000
0x9B0D 0x0000
0x9B0E 0x0000
0x9B0F 0x0000
0x9B10 0x0000
0x9B11 0x0000
0x9B12 0x0000
0x9B13 0x0000
0x9B14 0x0000
0x9B15 0x0000
0x9B16 0x0000
0x9B17 0x0000
0x9B18 0x0000
0x9B19 0x0000
0x9B1A 0x0000
0x9B1B 0x0000
0x9B1C 0x0000
0x9B1D 0x0000
0x9B1E 0x0000
0x9B1F 0x0000
0x9B20 0x0000
0x9B21 0x0000
0x9B22 0x0000
0x9B23 0x0000
0x9B24 0x0000
0x9B25 0x0000
0x9B26 0x0000
0x9B27 0x0000
0x9B28 0x0000
0x9B29 0x0000
0x9B2A 0x0000
0x9B2B 0x0000
0x9B2C 0x0000
0x9B2D 0x0000
0x9B2E 0x0000
0x9B2F 0x0000
0x9B30 0x0000
0x9B31 0x0000
0x9B32 0x0000
0x9B33 0x0000
0x9B34 0x0000
0x9B35 0x0000
0x9B36 0x0000
0x9B37 0x0000
0x9B38 0x0000
0x9B39 0x0000
0x9B3A 0x0000
0x9B3B 0x0000
0x9B3C 0x0000
0x9B3D 0x0000
0x9B3E 0x0000
0x9B3F 0x0000
0x9B40 0x0000
0x9B41 0x0000
0x9B42 0x0000
0x9B43 0x0000
0x9B44 0x0000
0x9B45 0x0000
0x9B46 0x0000
0x9B47 0x0000
0x9B48 0x0000
0x9B49 0x0000
0x9B4A 0x0000
0x9B4B 0x0000
0x9B4C 0x0000
0x9B4D 0x0000
0x9B4E 0x0000
0x9B4F 0x0000
0x9B50 0x0000
0x9B51 0x0000
0x9B52 0x0000
0x9B53 0x0000
0x9B54 0x0000
0x9B55 0x0000
0x9B56 0x0000
0x9B57 0x0000
0x9B58 0x0000
0x9B59 0x0000
0x9B5A 0x0000
0x9B5B 0x0000
0x9B5C 0x0000
0x9B5D 0x0000
0x9B5E 0x0000
0x9B5F 0x0000
0x9B60 0x0000
0x9B61 0x0000
0x9B62 0x0000
0x9B63 0x0000
0x9B64 0x0000
0x9B65 0x0000
0x9B66 0x0000
0x9B67 0x0000
0x9B68 0x0000
0x9B69 0x0000
0x9B6A 0x0000
0x9B6B 0x0000
0x9B6C 0x0000
0x9B6D 0x0000
0x9B6E 0x0000
0x9B6F 0x0000
0x9B70 0x0000
0x9B71 0x0000
0x9B72 0x0000
0x9B73 0x0000
0x9B74 0x0000
0x9B75 0x0000
0x9B76 0x0000
0x9B77 0x0000
0x9B78 0x0000
0x9B79 0x0000
0x9B7A 0x0000
0x9B7B 0x0000
0x9B7C 0x0000
0x9B7D 0x0000
0x9B7E 0x0000
0x9B7F 0x0000
0x9B80 0x0000
0x9B81 0x0000
0x9B82 0x0000
0x9B83 0x0000
0x9B84 0x0000
0x9B85 0x0000
0x9B86 0x0000
0x9B87 0x0000
0x9B88 0x0000
0x9B89 0x0000
0x9B8A 0x0000
0x9B8B 0x0000
0x9B8C 0x0000
0x9B8D 0x0000
0x9B8E 0x0000
0x9B8F 0x0000
0x9B90 0x0000
0x9B91 0x0000
0x9B92 0xFFFF
