0x8000 0x0F80
0x8001 0x002C
0x8002 0xCF80
0x8003 0x000A
0x8004 0xFFA4
0x8005 0x0008
0x8006 0x0F80
0x8007 0x0024
0x8008 0xCF80
0x8009 0x000A
0x800A 0xFFA4
0x800B 0x0002
0x800C 0xFFA0
0x800D 0x0006
0x800E 0x0FA0
0x800F 0x829A
0x8010 0xFF90
0x8011 0x0008
0x8012 0xFF90
0x8013 0x0016
0x8014 0x0F80
0x8015 0x88B8
0x8016 0x0F81
0x8017 0x000A
0x8018 0x0F80
0x8019 0x88B9
0x801A 0x0F81
0x801B 0x000A
0x801C 0x0FA0
0x801D 0x0001
0x801E 0xFF90
0x801F 0x0064
0x8020 0xFF90
0x8021 0x0066
0x8022 0x0F80
0x8023 0x88C6
0x8024 0x0F84
0x8025 0x0100
0x8026 0x0F82
0x8027 0x0000
0x8028 0x3F84
0x8029 0x0001
0x802A 0xFFAB
0x802B 0xFFFA
0x802C 0x0F80
0x802D 0x88BB
0x802E 0x0F81
0x802F 0x0000
0x8030 0x0F80
0x8031 0x88BC
0x8032 0x0F81
0x8033 0x000C
0x8034 0x1F81
0x8035 0x0001
0x8036 0x0F80
0x8037 0x88BD
0x8038 0x0F81
0x8039 0x0002
0x803A 0x1F81
0x803B 0x0001
0x803C 0xFF90
0x803D 0x002A
0x803E 0xFFB0
0x803F 0x0808
0x8040 0x0FA0
0x8041 0x0000
0x8042 0xFFB0
0x8043 0x073D
0x8044 0x0F80
0x8045 0xFF31
0x8046 0x0F84
0x8047 0xFF32
0x8048 0x0F88
0x8049 0xFF33
0x804A 0xB30C
0x804B 0x0FA0
0x804C 0x88BE
0x804D 0x0850
0x804E 0x0FA0
0x804F 0x88BF
0x8050 0x0854
0x8051 0x0FA0
0x8052 0x88C2
0x8053 0x0858
0x8054 0x0FA0
0x8055 0x88C3
0x8056 0x085C
0x8057 0xCF8C
0x8058 0x0000
0x8059 0xFFA3
0x805A 0x0004
0x805B 0x0601
0x805C 0x0705
0x805D 0xFFA0
0x805E 0x000C
0x805F 0x0401
0x8060 0x0505
0x8061 0x0FA0
0x8062 0x88BA
0x8063 0x0261
0x8064 0x0F81
0x8065 0x000A
0x8066 0x0F85
0x8067 0x0025
0x8068 0x0849
0x8069 0x0401
0x806A 0x0505
0x806B 0xFFB0
0x806C 0x06BA
0x806D 0x0FAC
0x806E 0x88BB
0x806F 0x0B6C
0x8070 0xFFA3
0x8071 0x0010
0x8072 0xFFB0
0x8073 0x066E
0x8074 0xFFA2
0x8075 0xFFE1
0x8076 0xCFA0
0x8077 0x0300
0x8078 0xFFA3
0x8079 0xFFF1
0x807A 0xCFA0
0x807B 0x0900
0x807C 0xFFA3
0x807D 0xFFED
0x807E 0xCFA0
0x807F 0x0C00
0x8080 0xFFA3
0x8081 0xFFE9
0x8082 0xCFA0
0x8083 0x0100
0x8084 0xFFA3
0x8085 0x00D9
0x8086 0xCFA0
0x8087 0x0300
0x8088 0xFFA3
0x8089 0x0159
0x808A 0xCFA0
0x808B 0x0500
0x808C 0xFFA3
0x808D 0x00E9
0x808E 0xCFA0
0x808F 0x0700
0x8090 0xFFAB
0x8091 0x0025
0x8092 0x0FAC
0x8093 0x88BB
0x8094 0xCFAD
0x8095 0x0000
0x8096 0xFFA3
0x8097 0x0010
0x8098 0x0FAD
0x8099 0x0000
0x809A 0x0FA0
0x809B 0x82E9
0x809C 0x0FA4
0x809D 0x0000
0x809E 0x0FA8
0x809F 0x0027
0x80A0 0xFFB0
0x80A1 0x0777
0x80A2 0xFFB0
0x80A3 0x0603
0x80A4 0xFFB0
0x80A5 0x07A2
0x80A6 0xFFA0
0x80A7 0xFFAF
0x80A8 0xFFB0
0x80A9 0x0446
0x80AA 0x080C
0x80AB 0xCF8C
0x80AC 0x0001
0x80AD 0xFFA3
0x80AE 0xFFA8
0x80AF 0xFFB0
0x80B0 0x0797
0x80B1 0x0FA0
0x80B2 0x0000
0x80B3 0xFFB0
0x80B4 0x06CC
0x80B5 0xFFA0
0x80B6 0xFFA0
0x80B7 0xCFA0
0x80B8 0x0C00
0x80B9 0xFFA3
0x80BA 0x00D4
0x80BB 0xCFA0
0x80BC 0x0020
0x80BD 0xFFA3
0x80BE 0x00A9
0x80BF 0xCF8C
0x80C0 0x0000
0x80C1 0xFFA3
0x80C2 0x001A
0x80C3 0xCFA0
0x80C4 0x1000
0x80C5 0xFFA3
0x80C6 0x0064
0x80C7 0xCFA0
0x80C8 0x1100
0x80C9 0xFFA3
0x80CA 0x0069
0x80CB 0xCFA0
0x80CC 0x1200
0x80CD 0xFFA3
0x80CE 0x006E
0x80CF 0xCFA0
0x80D0 0x1300
0x80D1 0xFFA3
0x80D2 0x0073
0x80D3 0xCFA0
0x80D4 0x1600
0x80D5 0xFFA3
0x80D6 0x0078
0x80D7 0xCFA0
0x80D8 0x1700
0x80D9 0xFFA3
0x80DA 0x007C
0x80DB 0xFFA0
0x80DC 0xFF8E
0x80DD 0xCFA0
0x80DE 0x1000
0x80DF 0xFFA3
0x80E0 0x0016
0x80E1 0xCFA0
0x80E2 0x1100
0x80E3 0xFFA3
0x80E4 0x001B
0x80E5 0xCFA0
0x80E6 0x1200
0x80E7 0xFFA3
0x80E8 0x0020
0x80E9 0xCFA0
0x80EA 0x1300
0x80EB 0xFFA3
0x80EC 0x0025
0x80ED 0xCFA0
0x80EE 0x1600
0x80EF 0xFFA3
0x80F0 0x002A
0x80F1 0xCFA0
0x80F2 0x1700
0x80F3 0xFFA3
0x80F4 0x002E
0x80F5 0xFFA0
0x80F6 0xFF74
0x80F7 0x0FA0
0x80F8 0x88BF
0x80F9 0xC521
0x80FA 0xFFA3
0x80FB 0xFF6F
0x80FC 0x3F94
0x80FD 0x0002
0x80FE 0xFFA0
0x80FF 0xFF57
0x8100 0x0FA0
0x8101 0x88C1
0x8102 0xC521
0x8103 0xFFA3
0x8104 0xFF66
0x8105 0x1F94
0x8106 0x0002
0x8107 0xFFA0
0x8108 0xFF4E
0x8109 0x0FA0
0x810A 0x88BE
0x810B 0xC421
0x810C 0xFFA3
0x810D 0xFF5D
0x810E 0x3F90
0x810F 0x0002
0x8110 0xFFA0
0x8111 0xFF45
0x8112 0x0FA0
0x8113 0x88C0
0x8114 0xC421
0x8115 0xFFA3
0x8116 0xFF54
0x8117 0x1F90
0x8118 0x0002
0x8119 0xFFA0
0x811A 0xFF3C
0x811B 0x0FA0
0x811C 0x88BE
0x811D 0x0850
0x811E 0x0FA0
0x811F 0x88BF
0x8120 0x0854
0x8121 0xFFA0
0x8122 0xFF34
0x8123 0x0FA0
0x8124 0x88C0
0x8125 0x0850
0x8126 0x0FA0
0x8127 0x88C1
0x8128 0x0854
0x8129 0xFFA0
0x812A 0xFF2C
0x812B 0x0FA0
0x812C 0x88C3
0x812D 0xC85C
0x812E 0xFFA3
0x812F 0xFF3B
0x8130 0x3F9C
0x8131 0x0001
0x8132 0xFFA0
0x8133 0xFF23
0x8134 0x0FA0
0x8135 0x88C5
0x8136 0xC85C
0x8137 0xFFA3
0x8138 0xFF32
0x8139 0x1F9C
0x813A 0x0001
0x813B 0xFFA0
0x813C 0xFF1A
0x813D 0x0FA0
0x813E 0x88C2
0x813F 0xC858
0x8140 0xFFA3
0x8141 0xFF29
0x8142 0x3F98
0x8143 0x0001
0x8144 0xFFA0
0x8145 0xFF11
0x8146 0x0FA0
0x8147 0x88C4
0x8148 0xC858
0x8149 0xFFA3
0x814A 0xFF20
0x814B 0x1F98
0x814C 0x0001
0x814D 0xFFA0
0x814E 0xFF08
0x814F 0x0FA0
0x8150 0x88C2
0x8151 0x0858
0x8152 0x0FA0
0x8153 0x88C3
0x8154 0x085C
0x8155 0xFFA0
0x8156 0xFF00
0x8157 0x0FA0
0x8158 0x88C4
0x8159 0x0858
0x815A 0x0FA0
0x815B 0x88C5
0x815C 0x085C
0x815D 0xFFA0
0x815E 0xFEF8
0x815F 0xBF8C
0x8160 0x0001
0x8161 0x0FA0
0x8162 0x88BB
0x8163 0x0860
0x8164 0xFFA3
0x8165 0xFEF1
0x8166 0xFFA0
0x8167 0xFF40
0x8168 0x0601
0x8169 0x0705
0x816A 0x0FA0
0x816B 0x88BA
0x816C 0x0860
0x816D 0xC809
0x816E 0xFFAB
0x816F 0x0004
0x8170 0x0F89
0x8171 0x0020
0x8172 0xFFA0
0x8173 0xFEE3
0x8174 0x0809
0x8175 0xFFA0
0x8176 0xFEE0
0x8177 0x0FA4
0x8178 0x88C4
0x8179 0x0FA8
0x817A 0x88C5
0x817B 0x0FA0
0x817C 0x88C3
0x817D 0x0845
0x817E 0x0FA0
0x817F 0x88C2
0x8180 0x0841
0x8181 0x0F89
0x8182 0x0020
0x8183 0x1F81
0x8184 0x0001
0x8185 0xC065
0x8186 0xFFAC
0x8187 0xFFF9
0x8188 0x1F85
0x8189 0x0001
0x818A 0xC169
0x818B 0xFFAC
0x818C 0xFFF1
0x818D 0xFFA0
0x818E 0xFEC8
0x818F 0x0FA4
0x8190 0x88C4
0x8191 0x0FA8
0x8192 0x88C5
0x8193 0x0FA0
0x8194 0x88C3
0x8195 0x0845
0x8196 0x0FA0
0x8197 0x000D
0x8198 0xFFB0
0x8199 0x05DA
0x819A 0x0FA0
0x819B 0x000A
0x819C 0xFFB0
0x819D 0x05D6
0x819E 0x0FA0
0x819F 0x002E
0x81A0 0xFFB0
0x81A1 0x05D2
0x81A2 0x0FA0
0x81A3 0x0044
0x81A4 0xFFB0
0x81A5 0x05CE
0x81A6 0x0FA0
0x81A7 0x0057
0x81A8 0xFFB0
0x81A9 0x05CA
0x81AA 0x0FA0
0x81AB 0x0020
0x81AC 0xFFB0
0x81AD 0x05C6
0x81AE 0x0FA0
0x81AF 0x88C2
0x81B0 0x0841
0x81B1 0x0FA0
0x81B2 0x0030
0x81B3 0xFFB0
0x81B4 0x05BF
0x81B5 0x0FA0
0x81B6 0x0078
0x81B7 0xFFB0
0x81B8 0x05BB
0x81B9 0x0260
0x81BA 0x9FA0
0x81BB 0x00F0
0x81BC 0x6FA0
0x81BD 0x0004
0x81BE 0x0FAC
0x81BF 0x8247
0x81C0 0x182C
0x81C1 0x0B60
0x81C2 0xFFB0
0x81C3 0x05B0
0x81C4 0x0260
0x81C5 0x9FA0
0x81C6 0x000F
0x81C7 0x0FAC
0x81C8 0x8247
0x81C9 0x182C
0x81CA 0x0B60
0x81CB 0xFFB0
0x81CC 0x05A7
0x81CD 0x1F81
0x81CE 0x0001
0x81CF 0xC065
0x81D0 0xFFAC
0x81D1 0x0007
0x81D2 0x1F85
0x81D3 0x0001
0x81D4 0xC169
0x81D5 0xFFAC
0x81D6 0xFFBF
0x81D7 0xFFA0
0x81D8 0x0068
0x81D9 0x0FA0
0x81DA 0x002C
0x81DB 0xFFB0
0x81DC 0x0597
0x81DD 0x0FA0
0x81DE 0x0020
0x81DF 0xFFB0
0x81E0 0x0593
0x81E1 0xFFA0
0x81E2 0xFFCE
0x81E3 0x0FA8
0x81E4 0x0027
0x81E5 0x0FA4
0x81E6 0x0000
0x81E7 0x0FA0
0x81E8 0x843C
0x81E9 0xFFB0
0x81EA 0x062E
0x81EB 0x0FA0
0x81EC 0x848D
0x81ED 0xFFB0
0x81EE 0x062A
0x81EF 0x0B24
0x81F0 0x0FB0
0x81F1 0x88B8
0x81F2 0x0C60
0x81F3 0xFFB0
0x81F4 0x0541
0x81F5 0x0F80
0x81F6 0x002C
0x81F7 0xC800
0x81F8 0xFFAC
0x81F9 0x0002
0x81FA 0xFFA0
0x81FB 0xFFE7
0x81FC 0xCFA0
0x81FD 0x0001
0x81FE 0xFFA4
0x81FF 0xFFE3
0x8200 0x0804
0x8201 0x0FA8
0x8202 0x0027
0x8203 0x0FA4
0x8204 0x0000
0x8205 0x0FA0
0x8206 0x843C
0x8207 0xFFB0
0x8208 0x0610
0x8209 0x0FA0
0x820A 0x84A7
0x820B 0xFFB0
0x820C 0x060C
0x820D 0x0B24
0x820E 0x0FB0
0x820F 0x88B9
0x8210 0x0C60
0x8211 0xFFB0
0x8212 0x0523
0x8213 0x0F80
0x8214 0x0024
0x8215 0xC800
0x8216 0xFFAC
0x8217 0x0002
0x8218 0xFFA0
0x8219 0xFFE7
0x821A 0xCFA0
0x821B 0x0001
0x821C 0xFFA4
0x821D 0xFFE3
0x821E 0x0808
0x821F 0x0FB0
0x8220 0x88B8
0x8221 0xCC44
0x8222 0xFFA3
0x8223 0x0002
0x8224 0xFFA0
0x8225 0x0013
0x8226 0x0FB0
0x8227 0x88B9
0x8228 0xCC48
0x8229 0xFFAB
0x822A 0x000E
0x822B 0x0FA4
0x822C 0x0000
0x822D 0x0FA8
0x822E 0x0027
0x822F 0x0FA0
0x8230 0x843C
0x8231 0xFFB0
0x8232 0x05E6
0x8233 0x0FA0
0x8234 0x82E9
0x8235 0xFFB0
0x8236 0x05E2
0x8237 0xFFA0
0x8238 0xFE0B
0x8239 0x0FB0
0x823A 0x88B8
0x823B 0x0131
0x823C 0x0FB0
0x823D 0x88B9
0x823E 0x0231
0x823F 0xFFA0
0x8240 0xFDFB
0x8241 0xFF90
0x8242 0x005A
0x8243 0xFF90
0x8244 0x002A
0x8245 0xFF90
0x8246 0x0016
0x8247 0x0030
0x8248 0x0031
0x8249 0x0032
0x824A 0x0033
0x824B 0x0034
0x824C 0x0035
0x824D 0x0036
0x824E 0x0037
0x824F 0x0038
0x8250 0x0039
0x8251 0x0041
0x8252 0x0042
0x8253 0x0043
0x8254 0x0044
0x8255 0x0045
0x8256 0x0046
0x8257 0x0054
0x8258 0x0069
0x8259 0x006C
0x825A 0x0065
0x825B 0x0045
0x825C 0x0064
0x825D 0x0020
0x825E 0x002D
0x825F 0x0020
0x8260 0x0054
0x8261 0x0065
0x8262 0x0078
0x8263 0x0074
0x8264 0x006D
0x8265 0x006F
0x8266 0x0064
0x8267 0x0065
0x8268 0x0020
0x8269 0x0053
0x826A 0x0070
0x826B 0x0072
0x826C 0x0069
0x826D 0x0074
0x826E 0x0065
0x826F 0x0020
0x8270 0x0045
0x8271 0x0064
0x8272 0x0069
0x8273 0x0074
0x8274 0x006F
0x8275 0x0072
0x8276 0x0020
0x8277 0x0020
0x8278 0x0056
0x8279 0x0032
0x827A 0x002E
0x827B 0x0030
0x827C 0x0020
0x827D 0x0020
0x827E 0x0062
0x827F 0x0079
0x8280 0x0020
0x8281 0x0073
0x8282 0x0079
0x8283 0x0032
0x8284 0x0030
0x8285 0x0030
0x8286 0x0032
0x8287 0x0020
0x8288 0x0069
0x8289 0x006E
0x828A 0x0020
0x828B 0x0053
0x828C 0x0065
0x828D 0x0070
0x828E 0x0074
0x828F 0x0065
0x8290 0x006D
0x8291 0x0062
0x8292 0x0065
0x8293 0x0072
0x8294 0x0020
0x8295 0x0032
0x8296 0x0030
0x8297 0x0032
0x8298 0x0030
0x8299 0x0000
0x829A 0x0045
0x829B 0x0069
0x829C 0x0074
0x829D 0x0068
0x829E 0x0065
0x829F 0x0072
0x82A0 0x0020
0x82A1 0x0054
0x82A2 0x0049
0x82A3 0x004C
0x82A4 0x0045
0x82A5 0x005F
0x82A6 0x0044
0x82A7 0x0058
0x82A8 0x0020
0x82A9 0x006F
0x82AA 0x0072
0x82AB 0x0020
0x82AC 0x0054
0x82AD 0x0049
0x82AE 0x004C
0x82AF 0x0045
0x82B0 0x005F
0x82B1 0x0044
0x82B2 0x0059
0x82B3 0x0020
0x82B4 0x0069
0x82B5 0x0073
0x82B6 0x0020
0x82B7 0x006C
0x82B8 0x0061
0x82B9 0x0072
0x82BA 0x0067
0x82BB 0x0065
0x82BC 0x0072
0x82BD 0x0020
0x82BE 0x0074
0x82BF 0x0068
0x82C0 0x0061
0x82C1 0x006E
0x82C2 0x0020
0x82C3 0x0074
0x82C4 0x0068
0x82C5 0x0065
0x82C6 0x0020
0x82C7 0x0061
0x82C8 0x006C
0x82C9 0x006C
0x82CA 0x006F
0x82CB 0x0077
0x82CC 0x0065
0x82CD 0x0064
0x82CE 0x0020
0x82CF 0x006D
0x82D0 0x0061
0x82D1 0x0078
0x82D2 0x0069
0x82D3 0x006D
0x82D4 0x0075
0x82D5 0x006D
0x82D6 0x002E
0x82D7 0x0020
0x82D8 0x0054
0x82D9 0x0069
0x82DA 0x006C
0x82DB 0x0065
0x82DC 0x0045
0x82DD 0x0064
0x82DE 0x0020
0x82DF 0x0068
0x82E0 0x0061
0x82E1 0x006C
0x82E2 0x0074
0x82E3 0x0065
0x82E4 0x0064
0x82E5 0x002E
0x82E6 0x000D
0x82E7 0x000A
0x82E8 0x0000
0x82E9 0x0046
0x82EA 0x0031
0x82EB 0x003A
0x82EC 0x0020
0x82ED 0x0053
0x82EE 0x0070
0x82EF 0x0072
0x82F0 0x0069
0x82F1 0x0074
0x82F2 0x0065
0x82F3 0x0020
0x82F4 0x0046
0x82F5 0x0033
0x82F6 0x003A
0x82F7 0x0020
0x82F8 0x0053
0x82F9 0x0069
0x82FA 0x007A
0x82FB 0x0065
0x82FC 0x0020
0x82FD 0x0046
0x82FE 0x0035
0x82FF 0x003A
0x8300 0x0020
0x8301 0x0043
0x8302 0x006C
0x8303 0x0072
0x8304 0x0020
0x8305 0x0046
0x8306 0x0037
0x8307 0x003A
0x8308 0x0020
0x8309 0x0046
0x830A 0x006F
0x830B 0x006E
0x830C 0x0074
0x830D 0x0020
0x830E 0x0046
0x830F 0x0039
0x8310 0x003A
0x8311 0x0020
0x8312 0x0050
0x8313 0x0061
0x8314 0x006C
0x8315 0x0020
0x8316 0x0046
0x8317 0x0031
0x8318 0x0032
0x8319 0x003A
0x831A 0x0020
0x831B 0x004F
0x831C 0x0075
0x831D 0x0074
0x831E 0x0070
0x831F 0x0075
0x8320 0x0074
0x8321 0x0020
0x8322 0x0053
0x8323 0x0050
0x8324 0x0041
0x8325 0x0043
0x8326 0x0045
0x8327 0x003A
0x8328 0x0020
0x8329 0x0050
0x832A 0x0061
0x832B 0x0069
0x832C 0x006E
0x832D 0x0074
0x832E 0x0020
0x832F 0x0043
0x8330 0x0052
0x8331 0x0053
0x8332 0x0052
0x8333 0x003A
0x8334 0x0020
0x8335 0x004E
0x8336 0x0061
0x8337 0x0076
0x8338 0x0060
0x8339 0x0058
0x833A 0x0058
0x833B 0x0020
0x833C 0x0020
0x833D 0x0020
0x833E 0x0020
0x833F 0x0020
0x8340 0x0020
0x8341 0x0020
0x8342 0x0020
0x8343 0x0020
0x8344 0x0058
0x8345 0x0058
0x8346 0x0020
0x8347 0x0020
0x8348 0x0020
0x8349 0x0020
0x834A 0x0020
0x834B 0x0020
0x834C 0x0020
0x834D 0x0058
0x834E 0x0058
0x834F 0x0020
0x8350 0x0020
0x8351 0x0020
0x8352 0x0020
0x8353 0x0020
0x8354 0x0020
0x8355 0x0058
0x8356 0x0058
0x8357 0x0020
0x8358 0x0020
0x8359 0x0020
0x835A 0x0020
0x835B 0x0020
0x835C 0x0020
0x835D 0x0020
0x835E 0x0058
0x835F 0x0058
0x8360 0x0020
0x8361 0x0020
0x8362 0x0020
0x8363 0x0020
0x8364 0x0020
0x8365 0x0020
0x8366 0x0058
0x8367 0x0058
0x8368 0x0058
0x8369 0x0020
0x836A 0x0020
0x836B 0x0020
0x836C 0x0020
0x836D 0x0020
0x836E 0x0020
0x836F 0x0020
0x8370 0x0020
0x8371 0x0020
0x8372 0x0058
0x8373 0x0058
0x8374 0x0058
0x8375 0x0058
0x8376 0x0058
0x8377 0x0020
0x8378 0x0020
0x8379 0x0020
0x837A 0x0020
0x837B 0x0020
0x837C 0x0020
0x837D 0x0020
0x837E 0x0020
0x837F 0x0058
0x8380 0x0058
0x8381 0x0058
0x8382 0x0058
0x8383 0x0000
0x8384 0x0046
0x8385 0x0031
0x8386 0x003A
0x8387 0x0020
0x8388 0x0043
0x8389 0x0068
0x838A 0x0061
0x838B 0x0072
0x838C 0x002F
0x838D 0x0053
0x838E 0x0070
0x838F 0x0072
0x8390 0x0069
0x8391 0x0074
0x8392 0x0065
0x8393 0x0020
0x8394 0x0046
0x8395 0x0035
0x8396 0x003A
0x8397 0x0020
0x8398 0x0043
0x8399 0x006C
0x839A 0x0065
0x839B 0x0061
0x839C 0x0072
0x839D 0x0020
0x839E 0x0046
0x839F 0x0037
0x83A0 0x003A
0x83A1 0x0020
0x83A2 0x0042
0x83A3 0x0061
0x83A4 0x0063
0x83A5 0x006B
0x83A6 0x0020
0x83A7 0x0053
0x83A8 0x0050
0x83A9 0x0041
0x83AA 0x0043
0x83AB 0x0045
0x83AC 0x003A
0x83AD 0x0020
0x83AE 0x0050
0x83AF 0x0061
0x83B0 0x0069
0x83B1 0x006E
0x83B2 0x0074
0x83B3 0x0020
0x83B4 0x0043
0x83B5 0x0052
0x83B6 0x0053
0x83B7 0x0052
0x83B8 0x003A
0x83B9 0x0020
0x83BA 0x004E
0x83BB 0x0061
0x83BC 0x0076
0x83BD 0x0020
0x83BE 0x0061
0x83BF 0x002E
0x83C0 0x002E
0x83C1 0x0070
0x83C2 0x0020
0x83C3 0x0026
0x83C4 0x0020
0x83C5 0x0041
0x83C6 0x002E
0x83C7 0x002E
0x83C8 0x0050
0x83C9 0x003A
0x83CA 0x0020
0x83CB 0x0043
0x83CC 0x006F
0x83CD 0x006C
0x83CE 0x006F
0x83CF 0x0072
0x83D0 0x0020
0x83D1 0x0020
0x83D2 0x0020
0x83D3 0x0060
0x83D4 0x0058
0x83D5 0x0058
0x83D6 0x0020
0x83D7 0x0020
0x83D8 0x0020
0x83D9 0x0020
0x83DA 0x0020
0x83DB 0x0020
0x83DC 0x0020
0x83DD 0x0020
0x83DE 0x0020
0x83DF 0x0020
0x83E0 0x0020
0x83E1 0x0020
0x83E2 0x0020
0x83E3 0x0020
0x83E4 0x0058
0x83E5 0x0058
0x83E6 0x0020
0x83E7 0x0020
0x83E8 0x0020
0x83E9 0x0020
0x83EA 0x0020
0x83EB 0x0020
0x83EC 0x0020
0x83ED 0x0020
0x83EE 0x0058
0x83EF 0x0058
0x83F0 0x0020
0x83F1 0x0020
0x83F2 0x0020
0x83F3 0x0020
0x83F4 0x0020
0x83F5 0x0020
0x83F6 0x0020
0x83F7 0x0058
0x83F8 0x0058
0x83F9 0x0058
0x83FA 0x0058
0x83FB 0x0058
0x83FC 0x0020
0x83FD 0x0020
0x83FE 0x0020
0x83FF 0x0020
0x8400 0x0020
0x8401 0x0020
0x8402 0x0020
0x8403 0x0020
0x8404 0x0058
0x8405 0x0058
0x8406 0x0058
0x8407 0x0058
0x8408 0x0020
0x8409 0x0020
0x840A 0x0020
0x840B 0x0020
0x840C 0x0020
0x840D 0x0020
0x840E 0x0058
0x840F 0x0020
0x8410 0x0020
0x8411 0x0058
0x8412 0x0020
0x8413 0x0020
0x8414 0x0020
0x8415 0x0058
0x8416 0x0020
0x8417 0x0020
0x8418 0x0058
0x8419 0x0000
0x841A 0x0020
0x841B 0x0020
0x841C 0x0020
0x841D 0x0020
0x841E 0x0020
0x841F 0x0020
0x8420 0x0020
0x8421 0x0020
0x8422 0x0020
0x8423 0x0020
0x8424 0x0020
0x8425 0x0020
0x8426 0x0020
0x8427 0x0020
0x8428 0x0020
0x8429 0x0020
0x842A 0x0020
0x842B 0x0020
0x842C 0x0020
0x842D 0x0020
0x842E 0x0020
0x842F 0x0020
0x8430 0x0020
0x8431 0x0020
0x8432 0x0020
0x8433 0x0020
0x8434 0x0020
0x8435 0x0020
0x8436 0x0020
0x8437 0x0020
0x8438 0x0020
0x8439 0x0020
0x843A 0x0020
0x843B 0x0000
0x843C 0x0020
0x843D 0x0020
0x843E 0x0020
0x843F 0x0020
0x8440 0x0020
0x8441 0x0020
0x8442 0x0020
0x8443 0x0020
0x8444 0x0020
0x8445 0x0020
0x8446 0x0020
0x8447 0x0020
0x8448 0x0020
0x8449 0x0020
0x844A 0x0020
0x844B 0x0020
0x844C 0x0020
0x844D 0x0020
0x844E 0x0020
0x844F 0x0020
0x8450 0x0020
0x8451 0x0020
0x8452 0x0020
0x8453 0x0020
0x8454 0x0020
0x8455 0x0020
0x8456 0x0020
0x8457 0x0020
0x8458 0x0020
0x8459 0x0020
0x845A 0x0020
0x845B 0x0020
0x845C 0x0020
0x845D 0x0020
0x845E 0x0020
0x845F 0x0020
0x8460 0x0020
0x8461 0x0020
0x8462 0x0020
0x8463 0x0020
0x8464 0x0020
0x8465 0x0020
0x8466 0x0020
0x8467 0x0020
0x8468 0x0020
0x8469 0x0020
0x846A 0x0020
0x846B 0x0020
0x846C 0x0020
0x846D 0x0020
0x846E 0x0020
0x846F 0x0020
0x8470 0x0020
0x8471 0x0020
0x8472 0x0020
0x8473 0x0020
0x8474 0x0020
0x8475 0x0020
0x8476 0x0020
0x8477 0x0020
0x8478 0x0020
0x8479 0x0020
0x847A 0x0020
0x847B 0x0020
0x847C 0x0020
0x847D 0x0020
0x847E 0x0020
0x847F 0x0020
0x8480 0x0020
0x8481 0x0020
0x8482 0x0020
0x8483 0x0020
0x8484 0x0020
0x8485 0x0020
0x8486 0x0020
0x8487 0x0020
0x8488 0x0020
0x8489 0x0020
0x848A 0x0020
0x848B 0x0020
0x848C 0x0000
0x848D 0x0045
0x848E 0x006E
0x848F 0x0074
0x8490 0x0065
0x8491 0x0072
0x8492 0x0020
0x8493 0x006E
0x8494 0x0065
0x8495 0x0077
0x8496 0x0020
0x8497 0x0077
0x8498 0x0069
0x8499 0x0064
0x849A 0x0074
0x849B 0x0068
0x849C 0x0020
0x849D 0x0028
0x849E 0x0031
0x849F 0x002E
0x84A0 0x002E
0x84A1 0x0034
0x84A2 0x0034
0x84A3 0x0029
0x84A4 0x003A
0x84A5 0x0020
0x84A6 0x0000
0x84A7 0x0045
0x84A8 0x006E
0x84A9 0x0074
0x84AA 0x0065
0x84AB 0x0072
0x84AC 0x0020
0x84AD 0x006E
0x84AE 0x0065
0x84AF 0x0077
0x84B0 0x0020
0x84B1 0x0068
0x84B2 0x0065
0x84B3 0x0069
0x84B4 0x0067
0x84B5 0x0068
0x84B6 0x0074
0x84B7 0x0020
0x84B8 0x0028
0x84B9 0x0031
0x84BA 0x002E
0x84BB 0x002E
0x84BC 0x0033
0x84BD 0x0036
0x84BE 0x0029
0x84BF 0x003A
0x84C0 0x0020
0x84C1 0x0000
0x84C2 0x0053
0x84C3 0x0045
0x84C4 0x004C
0x84C5 0x0045
0x84C6 0x0043
0x84C7 0x0054
0x84C8 0x0045
0x84C9 0x0044
0x84CA 0x003A
0x84CB 0x0000
0x84CC 0x0046
0x84CD 0x006F
0x84CE 0x0072
0x84CF 0x0065
0x84D0 0x0067
0x84D1 0x0072
0x84D2 0x006F
0x84D3 0x0075
0x84D4 0x006E
0x84D5 0x0064
0x84D6 0x0020
0x84D7 0x0063
0x84D8 0x006F
0x84D9 0x006C
0x84DA 0x006F
0x84DB 0x0072
0x84DC 0x003A
0x84DD 0x0000
0x84DE 0x0042
0x84DF 0x0061
0x84E0 0x0063
0x84E1 0x006B
0x84E2 0x0067
0x84E3 0x0072
0x84E4 0x006F
0x84E5 0x0075
0x84E6 0x006E
0x84E7 0x0064
0x84E8 0x0020
0x84E9 0x0063
0x84EA 0x006F
0x84EB 0x006C
0x84EC 0x006F
0x84ED 0x0072
0x84EE 0x003A
0x84EF 0x0000
0x84F0 0xE0C0
0x84F1 0x0904
0x84F2 0x0A08
0x84F3 0x0B0C
0x84F4 0x0C10
0x84F5 0x0F94
0x84F6 0xFF31
0x84F7 0x0554
0x84F8 0x0F98
0x84F9 0xFF32
0x84FA 0x0658
0x84FB 0xE0C0
0x84FC 0x0F80
0x84FD 0x88B8
0x84FE 0x0040
0x84FF 0x0F84
0x8500 0x88B9
0x8501 0x0144
0x8502 0xE0C0
0x8503 0xFFB0
0x8504 0x0102
0x8505 0x0F80
0x8506 0xFF31
0x8507 0x0F84
0x8508 0xFF32
0x8509 0x0F88
0x850A 0xFF33
0x850B 0x0F8C
0x850C 0x88BA
0x850D 0x034C
0x850E 0x9F8C
0x850F 0x00FF
0x8510 0x0FB0
0x8511 0x88C6
0x8512 0x1330
0x8513 0x0C70
0x8514 0xFFB0
0x8515 0x0211
0x8516 0xFFB0
0x8517 0x01CA
0x8518 0xFFA2
0x8519 0xFFFA
0x851A 0xCFA0
0x851B 0x1300
0x851C 0xFFAB
0x851D 0x0010
0x851E 0x0064
0x851F 0x1FA4
0x8520 0x0001
0x8521 0x3FA4
0x8522 0x000C
0x8523 0xC93E
0x8524 0x0008
0x8525 0xFFA4
0x8526 0xFFED
0x8527 0x1F81
0x8528 0x0001
0x8529 0x0FA0
0x852A 0x88BC
0x852B 0x0061
0x852C 0xFFA0
0x852D 0xFFE6
0x852E 0xCFA0
0x852F 0x1200
0x8530 0xFFAB
0x8531 0x000D
0x8532 0x0064
0x8533 0x3FA4
0x8534 0x0001
0x8535 0xC93E
0x8536 0x000C
0x8537 0xFFAC
0x8538 0xFFDB
0x8539 0x0901
0x853A 0x0FA0
0x853B 0x88BC
0x853C 0x0921
0x853D 0xFFA0
0x853E 0xFFD5
0x853F 0xCFA0
0x8540 0x1100
0x8541 0xFFAB
0x8542 0x0010
0x8543 0x0164
0x8544 0x1FA4
0x8545 0x0001
0x8546 0x3FA4
0x8547 0x0002
0x8548 0xC93E
0x8549 0x000C
0x854A 0xFFA4
0x854B 0xFFC8
0x854C 0x1F85
0x854D 0x0001
0x854E 0x0FA0
0x854F 0x88BD
0x8550 0x0161
0x8551 0xFFA0
0x8552 0xFFC1
0x8553 0xCFA0
0x8554 0x1000
0x8555 0xFFAB
0x8556 0x000D
0x8557 0x0164
0x8558 0x3FA4
0x8559 0x0001
0x855A 0xC93E
0x855B 0x0002
0x855C 0xFFAC
0x855D 0xFFB6
0x855E 0x0905
0x855F 0x0FA0
0x8560 0x88BD
0x8561 0x0921
0x8562 0xFFA0
0x8563 0xFFB0
0x8564 0xCFA0
0x8565 0x0020
0x8566 0xFFAB
0x8567 0x0045
0x8568 0x0260
0x8569 0x9FA0
0x856A 0x00FF
0x856B 0xC83E
0x856C 0x0010
0x856D 0xFFA3
0x856E 0x0004
0x856F 0x0F89
0x8570 0x0010
0x8571 0xFFA0
0x8572 0x0002
0x8573 0x0F89
0x8574 0x0020
0x8575 0x0FB0
0x8576 0x88BA
0x8577 0x0C70
0x8578 0x9FB0
0x8579 0xFF00
0x857A 0x1C09
0x857B 0xBC30
0x857C 0x0FA4
0x857D 0x0008
0x857E 0x005C
0x857F 0x0F81
0x8580 0x000C
0x8581 0x1F81
0x8582 0x0001
0x8583 0x0260
0x8584 0x9FA0
0x8585 0x00FF
0x8586 0xC83E
0x8587 0x0010
0x8588 0xFFAB
0x8589 0x0004
0x858A 0xAFB8
0x858B 0x0002
0x858C 0xFFA0
0x858D 0x0002
0x858E 0x9FB8
0x858F 0xFFFD
0x8590 0x5FB0
0x8591 0x0001
0x8592 0x3FA4
0x8593 0x0001
0x8594 0xFFAB
0x8595 0xFFEB
0x8596 0x0FA0
0x8597 0x88BA
0x8598 0x0860
0x8599 0x9FA0
0x859A 0x00FF
0x859B 0x0FA4
0x859C 0x000C
0x859D 0xFF90
0x859E 0x0028
0x859F 0x1168
0x85A0 0x3FA8
0x85A1 0x0002
0x85A2 0x3FA8
0x85A3 0x0001
0x85A4 0x1FA8
0x85A5 0x1000
0x85A6 0x0FA0
0x85A7 0xFF37
0x85A8 0x0A22
0x85A9 0x0C21
0x85AA 0x0701
0x85AB 0xFFA0
0x85AC 0xFF67
0x85AD 0xCFA0
0x85AE 0x0100
0x85AF 0xFFAB
0x85B0 0x0008
0x85B1 0x0F80
0x85B2 0x88BB
0x85B3 0x0F81
0x85B4 0x0001
0x85B5 0x0FA0
0x85B6 0x0001
0x85B7 0xFFA0
0x85B8 0x002C
0x85B9 0xCFA0
0x85BA 0x0500
0x85BB 0xFFAB
0x85BC 0x001A
0x85BD 0x0FA0
0x85BE 0x88BA
0x85BF 0x0860
0x85C0 0x0FA4
0x85C1 0x000C
0x85C2 0xFF90
0x85C3 0x0028
0x85C4 0x1FA8
0x85C5 0x1000
0x85C6 0x0FA0
0x85C7 0xFF37
0x85C8 0x0A22
0x85C9 0x0FA1
0x85CA 0x0000
0x85CB 0x3FA0
0x85CC 0x0001
0x85CD 0x1FA2
0x85CE 0x0001
0x85CF 0x3FA4
0x85D0 0x0001
0x85D1 0xFFAB
0x85D2 0xFFF6
0x85D3 0xFFB0
0x85D4 0x0032
0x85D5 0xFFA0
0x85D6 0xFF3D
0x85D7 0xCFA0
0x85D8 0x0700
0x85D9 0xFFAB
0x85DA 0xFF39
0x85DB 0xFFB0
0x85DC 0x00CA
0x85DD 0x0F80
0x85DE 0x88BB
0x85DF 0x0F81
0x85E0 0x0000
0x85E1 0x0FA0
0x85E2 0x0000
0x85E3 0xFFA0
0x85E4 0x0000
0x85E5 0x0FA4
0x85E6 0x88BB
0x85E7 0xCFA5
0x85E8 0x0001
0x85E9 0xFFA3
0x85EA 0x000A
0x85EB 0x0800
0x85EC 0x0FA0
0x85ED 0x82E9
0x85EE 0x0FA4
0x85EF 0x0000
0x85F0 0x0FA8
0x85F1 0x0027
0x85F2 0xFFB0
0x85F3 0x0225
0x85F4 0x0020
0x85F5 0xE100
0x85F6 0x0F88
0x85F7 0x88B8
0x85F8 0x0009
0x85F9 0x0F88
0x85FA 0x88B9
0x85FB 0x0109
0x85FC 0xE100
0x85FD 0x0124
0x85FE 0x0228
0x85FF 0x032C
0x8600 0x0430
0x8601 0x0F9C
0x8602 0xFF31
0x8603 0x051E
0x8604 0x061D
0x8605 0xE100
0x8606 0x0DBC
0x8607 0xFF90
0x8608 0x0060
0x8609 0xFFB0
0x860A 0x009C
0x860B 0x0F80
0x860C 0x88B8
0x860D 0x0F81
0x860E 0x0008
0x860F 0x0F80
0x8610 0x88B9
0x8611 0x0F81
0x8612 0x000C
0x8613 0x0FA0
0x8614 0x0001
0x8615 0xFFB0
0x8616 0x016A
0x8617 0x0F80
0x8618 0xFF31
0x8619 0x0F84
0x861A 0xFF32
0x861B 0x0F88
0x861C 0xFF33
0x861D 0x0F8C
0x861E 0x88BA
0x861F 0x034C
0x8620 0x9F8C
0x8621 0x00FF
0x8622 0x0FB0
0x8623 0x88C6
0x8624 0x1330
0x8625 0x0C70
0x8626 0x0F81
0x8627 0x000A
0x8628 0x0F85
0x8629 0x0025
0x862A 0x0328
0x862B 0x9FA8
0x862C 0x00FF
0x862D 0x1C28
0x862E 0x0A09
0x862F 0x0F90
0x8630 0x000C
0x8631 0x1F90
0x8632 0x0001
0x8633 0x0401
0x8634 0x0F85
0x8635 0x0002
0x8636 0x1F85
0x8637 0x0001
0x8638 0x0320
0x8639 0x0FA4
0x863A 0x000C
0x863B 0xFF90
0x863C 0x0028
0x863D 0x1FA8
0x863E 0x1000
0x863F 0x0F98
0x8640 0xFF37
0x8641 0x0A14
0x8642 0x0519
0x8643 0x0FA4
0x8644 0xFF38
0x8645 0x0FA0
0x8646 0x000C
0x8647 0x0954
0x8648 0x0F9C
0x8649 0x0009
0x864A 0x9FB8
0x864B 0xFFFD
0x864C 0x5F94
0x864D 0x0008
0x864E 0x3F9C
0x864F 0x0001
0x8650 0xFFA3
0x8651 0x0016
0x8652 0x9FB8
0x8653 0xFFFD
0x8654 0x5F94
0x8655 0x0001
0x8656 0xFFAA
0x8657 0x0008
0x8658 0x0FAC
0x8659 0x0010
0x865A 0x1C2C
0x865B 0x0B09
0x865C 0x1F81
0x865D 0x0001
0x865E 0xFFA0
0x865F 0xFFEE
0x8660 0x0FAC
0x8661 0x0020
0x8662 0x1C2C
0x8663 0x0B09
0x8664 0x1F81
0x8665 0x0001
0x8666 0xFFAB
0x8667 0xFFE6
0x8668 0x0401
0x8669 0x1F85
0x866A 0x0001
0x866B 0x1F99
0x866C 0x0001
0x866D 0x3FA0
0x866E 0x0001
0x866F 0xFFAB
0x8670 0xFFD6
0x8671 0x0FA0
0x8672 0x84CC
0x8673 0x0FA4
0x8674 0x0002
0x8675 0x0FA8
0x8676 0x0011
0x8677 0xFFB0
0x8678 0x01A0
0x8679 0x0F81
0x867A 0x0002
0x867B 0x0F85
0x867C 0x0011
0x867D 0x1F85
0x867E 0x0002
0x867F 0xB30C
0x8680 0x0F90
0x8681 0x0010
0x8682 0x0FAC
0x8683 0x0011
0x8684 0x0FB0
0x8685 0x0061
0x8686 0xFFB0
0x8687 0x0039
0x8688 0x1F85
0x8689 0x0003
0x868A 0x0FA0
0x868B 0x84DE
0x868C 0x0FA4
0x868D 0x0002
0x868E 0x0168
0x868F 0xFFB0
0x8690 0x0188
0x8691 0x0F81
0x8692 0x0002
0x8693 0x1F85
0x8694 0x0002
0x8695 0xB30C
0x8696 0x0F90
0x8697 0x0010
0x8698 0x0FAC
0x8699 0x0020
0x869A 0x0FB0
0x869B 0x0041
0x869C 0xFFB0
0x869D 0x0023
0x869E 0x0FA0
0x869F 0x88BC
0x86A0 0x0841
0x86A1 0x0FA0
0x86A2 0x88BD
0x86A3 0x0845
0x86A4 0xFF90
0x86A5 0x0062
0x86A6 0x0DBC
0x86A7 0xE0C0
0x86A8 0x0800
0x86A9 0x0904
0x86AA 0x0A08
0x86AB 0x0B0C
0x86AC 0xE0C0
0x86AD 0x0FA0
0x86AE 0x841A
0x86AF 0xB924
0x86B0 0x0FA8
0x86B1 0x0002
0x86B2 0xFFB0
0x86B3 0x0165
0x86B4 0x1FA8
0x86B5 0x0001
0x86B6 0xCFA8
0x86B7 0x0025
0x86B8 0xFFAB
0x86B9 0xFFF8
0x86BA 0xE100
0x86BB 0x0020
0x86BC 0x0124
0x86BD 0x0228
0x86BE 0x032C
0x86BF 0xE100
0x86C0 0x0DBC
0x86C1 0x0C14
0x86C2 0x0509
0x86C3 0x0B14
0x86C4 0x9FB8
0x86C5 0xFFFD
0x86C6 0x031C
0x86C7 0xCFAC
0x86C8 0x0011
0x86C9 0xFFA3
0x86CA 0x0004
0x86CB 0x5F9C
0x86CC 0x000C
0x86CD 0xFFA0
0x86CE 0x0002
0x86CF 0x5F9C
0x86D0 0x0008
0x86D1 0x1714
0x86D2 0x1F85
0x86D3 0x0001
0x86D4 0x0509
0x86D5 0x3F85
0x86D6 0x0001
0x86D7 0x1FB0
0x86D8 0x0001
0x86D9 0x1F81
0x86DA 0x0002
0x86DB 0x1F8C
0x86DC 0x0001
0x86DD 0x3F90
0x86DE 0x0001
0x86DF 0xFFAB
0x86E0 0xFFE0
0x86E1 0x0DBC
0x86E2 0xFF90
0x86E3 0x0060
0x86E4 0x9FB8
0x86E5 0xFFFB
0x86E6 0x0FA4
0x86E7 0x0061
0x86E8 0x0928
0x86E9 0x1FA8
0x86EA 0x0010
0x86EB 0xFF90
0x86EC 0x005C
0x86ED 0xFFAA
0x86EE 0x0017
0x86EF 0x3FA0
0x86F0 0x0061
0x86F1 0x9FB8
0x86F2 0xFFFD
0x86F3 0x5FA0
0x86F4 0x0008
0x86F5 0x0FA4
0x86F6 0x88C6
0x86F7 0x0FA8
0x86F8 0x88BA
0x86F9 0x9FA9
0x86FA 0x00FF
0x86FB 0x1A64
0x86FC 0x9FA5
0x86FD 0xF000
0x86FE 0x1825
0x86FF 0x1969
0x8700 0xFFB0
0x8701 0xFF05
0x8702 0xAFB8
0x8703 0x0004
0x8704 0xFFA0
0x8705 0x001E
0x8706 0x0FA4
0x8707 0x0041
0x8708 0x0928
0x8709 0x1FA8
0x870A 0x0010
0x870B 0xFF90
0x870C 0x005C
0x870D 0xFFAA
0x870E 0x0015
0x870F 0x3FA0
0x8710 0x0041
0x8711 0x9FB8
0x8712 0xFFFD
0x8713 0x5FA0
0x8714 0x000C
0x8715 0x0FA4
0x8716 0x88C6
0x8717 0x0FA8
0x8718 0x88BA
0x8719 0x9FA9
0x871A 0x00FF
0x871B 0x1A64
0x871C 0x9FA5
0x871D 0x0F00
0x871E 0x1825
0x871F 0x1969
0x8720 0xFFB0
0x8721 0xFEE5
0x8722 0xAFB8
0x8723 0x0004
0x8724 0xFF90
0x8725 0x0062
0x8726 0x0DBC
0x8727 0xE0C0
0x8728 0x0F80
0x8729 0xFF04
0x872A 0x0F84
0x872B 0xFF05
0x872C 0x0048
0x872D 0x9F88
0x872E 0x0003
0x872F 0xFFA3
0x8730 0xFFFB
0x8731 0x0160
0x8732 0xE100
0x8733 0x0DBC
0x8734 0x000A
0x8735 0x0001
0x8736 0xE0C0
0x8737 0x0818
0x8738 0x0F80
0x8739 0xFF31
0x873A 0x0F84
0x873B 0xFF32
0x873C 0x0F88
0x873D 0xFF33
0x873E 0x0901
0x873F 0x0A05
0x8740 0xB30C
0x8741 0xB410
0x8742 0xFFB0
0x8743 0xFFE3
0x8744 0xCFA0
0x8745 0x000D
0x8746 0xFFAB
0x8747 0x0003
0x8748 0x0710
0x8749 0xFFA0
0x874A 0x0026
0x874B 0xCFA0
0x874C 0x001B
0x874D 0xFFAB
0x874E 0x0003
0x874F 0x0610
0x8750 0xFFA0
0x8751 0x001F
0x8752 0xCFA0
0x8753 0x002F
0x8754 0xFFA4
0x8755 0xFFEC
0x8756 0xCFA0
0x8757 0x002F
0x8758 0xFFA3
0x8759 0xFFE8
0x875A 0xCFA0
0x875B 0x003A
0x875C 0xFFAC
0x875D 0xFFE4
0x875E 0x0809
0x875F 0x1F81
0x8760 0x0001
0x8761 0x0F94
0x8762 0x8734
0x8763 0x1314
0x8764 0x3FA0
0x8765 0x0030
0x8766 0x081C
0x8767 0x0564
0x8768 0xFF90
0x8769 0x0028
0x876A 0x1A10
0x876B 0x1F8C
0x876C 0x0001
0x876D 0xCF8C
0x876E 0x0002
0x876F 0xFFAB
0x8770 0xFFD1
0x8771 0x0420
0x8772 0xE100
0x8773 0x0DBC
0x8774 0xE0C0
0x8775 0x0F80
0x8776 0xFF11
0x8777 0x0F84
0x8778 0xFF13
0x8779 0x0048
0x877A 0x9F88
0x877B 0x0002
0x877C 0xFFA3
0x877D 0xFFFB
0x877E 0x0805
0x877F 0xE100
0x8780 0x0DBC
0x8781 0xE0C0
0x8782 0x081C
0x8783 0x0FA0
0x8784 0x8257
0x8785 0xB924
0x8786 0xBA28
0x8787 0xFFB0
0x8788 0x0090
0x8789 0x0FA0
0x878A 0x84C2
0x878B 0x0FA8
0x878C 0x0025
0x878D 0xFFB0
0x878E 0x008A
0x878F 0xCF9C
0x8790 0x0001
0x8791 0xFFAB
0x8792 0x0004
0x8793 0x0FA0
0x8794 0x8384
0x8795 0xFFA0
0x8796 0x0002
0x8797 0x0FA0
0x8798 0x82E9
0x8799 0x0FA8
0x879A 0x0027
0x879B 0xFFB0
0x879C 0x007C
0x879D 0x0F80
0x879E 0xFF31
0x879F 0x0F84
0x87A0 0xFF32
0x87A1 0x0F88
0x87A2 0xFF33
0x87A3 0xCF9C
0x87A4 0x0000
0x87A5 0xFFA3
0x87A6 0x0006
0x87A7 0x0F81
0x87A8 0x000C
0x87A9 0x0F85
0x87AA 0x0002
0x87AB 0xFFA0
0x87AC 0x002C
0x87AD 0x0FB0
0x87AE 0x88B8
0x87AF 0x0C4C
0x87B0 0x6F8C
0x87B1 0x0001
0x87B2 0x0F90
0x87B3 0x0039
0x87B4 0x3310
0x87B5 0x0401
0x87B6 0x0F94
0x87B7 0x88C2
0x87B8 0x0415
0x87B9 0x0FB0
0x87BA 0x88B8
0x87BB 0x1C50
0x87BC 0x3F90
0x87BD 0x0001
0x87BE 0x0F94
0x87BF 0x88C4
0x87C0 0x0415
0x87C1 0x3F81
0x87C2 0x0001
0x87C3 0x0FB0
0x87C4 0x88B9
0x87C5 0x0C4C
0x87C6 0x6F8C
0x87C7 0x0001
0x87C8 0x0F90
0x87C9 0x0014
0x87CA 0x3310
0x87CB 0x0405
0x87CC 0x0F94
0x87CD 0x88C3
0x87CE 0x0415
0x87CF 0x0FB0
0x87D0 0x88B9
0x87D1 0x1C50
0x87D2 0x3F90
0x87D3 0x0001
0x87D4 0x0F94
0x87D5 0x88C5
0x87D6 0x0415
0x87D7 0x3F85
0x87D8 0x0001
0x87D9 0x0FB0
0x87DA 0x88B9
0x87DB 0x0C4C
0x87DC 0x1F8C
0x87DD 0x0001
0x87DE 0x0F89
0x87DF 0x0086
0x87E0 0x1305
0x87E1 0x0F89
0x87E2 0x0083
0x87E3 0x0FB0
0x87E4 0x88B8
0x87E5 0x0C54
0x87E6 0x1F81
0x87E7 0x0001
0x87E8 0x3305
0x87E9 0x0F89
0x87EA 0x008A
0x87EB 0x1305
0x87EC 0x0F89
0x87ED 0x008A
0x87EE 0x3F94
0x87EF 0x0001
0x87F0 0xFFAB
0x87F1 0xFFF4
0x87F2 0x1F81
0x87F3 0x0001
0x87F4 0x0F89
0x87F5 0x0089
0x87F6 0x3305
0x87F7 0x0F89
0x87F8 0x008C
0x87F9 0x0FB0
0x87FA 0x88B8
0x87FB 0x3C41
0x87FC 0x3F81
0x87FD 0x0001
0x87FE 0x1F85
0x87FF 0x0001
0x8800 0x0FB0
0x8801 0x88B9
0x8802 0x0C54
0x8803 0x0F89
0x8804 0x0085
0x8805 0x0FB0
0x8806 0x88B8
0x8807 0x1C41
0x8808 0x1F81
0x8809 0x0001
0x880A 0x0F89
0x880B 0x0085
0x880C 0x0FB0
0x880D 0x88B8
0x880E 0x3C41
0x880F 0x3F81
0x8810 0x0001
0x8811 0x1F85
0x8812 0x0001
0x8813 0x3F94
0x8814 0x0001
0x8815 0xFFAB
0x8816 0xFFEC
0x8817 0xE100
0x8818 0x0DBC
0x8819 0xE0C0
0x881A 0x0F80
0x881B 0xFF32
0x881C 0x0A01
0x881D 0x0F80
0x881E 0xFF31
0x881F 0x0F84
0x8820 0xFF33
0x8821 0x080C
0x8822 0x0910
0x8823 0x0414
0x8824 0x0401
0x8825 0xCF8D
0x8826 0x0060
0x8827 0xFFA3
0x8828 0x000B
0x8829 0x0345
0x882A 0x1F90
0x882B 0x0001
0x882C 0x1F8C
0x882D 0x0001
0x882E 0xCF8D
0x882F 0x0000
0x8830 0xFFAB
0x8831 0xFFF2
0x8832 0xFFA0
0x8833 0x0011
0x8834 0x1F8C
0x8835 0x0001
0x8836 0x0501
0x8837 0xCF8D
0x8838 0x0058
0x8839 0xFFAB
0x883A 0x0002
0x883B 0x1F85
0x883C 0x8800
0x883D 0x1F8C
0x883E 0x0001
0x883F 0x1F94
0x8840 0x0001
0x8841 0xCF8D
0x8842 0x0000
0x8843 0xFFAB
0x8844 0xFFF1
0x8845 0x042C
0x8846 0xE100
0x8847 0x0DBC
0x8848 0xE0C0
0x8849 0x0F9C
0x884A 0x88C6
0x884B 0x0F80
0x884C 0xFF32
0x884D 0x0F84
0x884E 0xFF31
0x884F 0x0F88
0x8850 0xFF33
0x8851 0x0F8C
0x8852 0x0005
0x8853 0x0F90
0x8854 0x0002
0x8855 0x3F90
0x8856 0x0002
0x8857 0xFFB0
0x8858 0x0044
0x8859 0x0F80
0x885A 0xFF31
0x885B 0x0F84
0x885C 0xFF32
0x885D 0x0F88
0x885E 0xFF33
0x885F 0x0F8C
0x8860 0x0002
0x8861 0x0F90
0x8862 0x0005
0x8863 0x3F90
0x8864 0x0002
0x8865 0xFFB0
0x8866 0x0036
0x8867 0xB820
0x8868 0x0F90
0x8869 0x0005
0x886A 0x0F8C
0x886B 0x0002
0x886C 0xB924
0x886D 0x0301
0x886E 0x0405
0x886F 0x0809
0x8870 0x0718
0x8871 0x1818
0x8872 0x9F89
0x8873 0x00FF
0x8874 0x1649
0x8875 0x1F8C
0x8876 0x0002
0x8877 0x1FA0
0x8878 0x0001
0x8879 0x1FA4
0x887A 0x0001
0x887B 0xCFA4
0x887C 0x0010
0x887D 0xFFAB
0x887E 0xFFEE
0x887F 0x1F90
0x8880 0x0002
0x8881 0xCFA0
0x8882 0x0100
0x8883 0xFFAB
0x8884 0xFFE5
0x8885 0x0F80
0x8886 0x88BE
0x8887 0x0F81
0x8888 0x0002
0x8889 0x0F80
0x888A 0x88C0
0x888B 0x0F84
0x888C 0x001E
0x888D 0x1F84
0x888E 0x0002
0x888F 0x0101
0x8890 0x0F80
0x8891 0x88BF
0x8892 0x0F81
0x8893 0x0005
0x8894 0x0F80
0x8895 0x88C1
0x8896 0x0F84
0x8897 0x001E
0x8898 0x1F84
0x8899 0x0005
0x889A 0x0101
0x889B 0xE100
0x889C 0x0DBC
0x889D 0xB820
0x889E 0xFFB0
0x889F 0x000C
0x88A0 0x0301
0x88A1 0x0405
0x88A2 0x0909
0x88A3 0x1FA0
0x88A4 0x0001
0x88A5 0x1F8C
0x88A6 0x0002
0x88A7 0xCFA0
0x88A8 0x0010
0x88A9 0xFFAB
0x88AA 0xFFF3
0x88AB 0x0DBC
0x88AC 0xCFA0
0x88AD 0x000A
0x88AE 0xFFA4
0x88AF 0x0004
0x88B0 0x0FA4
0x88B1 0x0037
0x88B2 0x1824
0x88B3 0x0DBC
0x88B4 0x0FA4
0x88B5 0x0030
0x88B6 0x1824
0x88B7 0x0DBC
0x88B8 0x0000
0x88B9 0x0000
0x88BA 0x0000
0x88BB 0x0000
0x88BC 0x0000
0x88BD 0x0000
0x88BE 0x0000
0x88BF 0x0000
0x88C0 0x0000
0x88C1 0x0000
0x88C2 0x0000
0x88C3 0x0000
0x88C4 0x0000
0x88C5 0x0000
0x88C6 0x0000
0x88C7 0x0000
0x88C8 0x0000
0x88C9 0x0000
0x88CA 0x0000
0x88CB 0x0000
0x88CC 0x0000
0x88CD 0x0000
0x88CE 0x0000
0x88CF 0x0000
0x88D0 0x0000
0x88D1 0x0000
0x88D2 0x0000
0x88D3 0x0000
0x88D4 0x0000
0x88D5 0x0000
0x88D6 0x0000
0x88D7 0x0000
0x88D8 0x0000
0x88D9 0x0000
0x88DA 0x0000
0x88DB 0x0000
0x88DC 0x0000
0x88DD 0x0000
0x88DE 0x0000
0x88DF 0x0000
0x88E0 0x0000
0x88E1 0x0000
0x88E2 0x0000
0x88E3 0x0000
0x88E4 0x0000
0x88E5 0x0000
0x88E6 0x0000
0x88E7 0x0000
0x88E8 0x0000
0x88E9 0x0000
0x88EA 0x0000
0x88EB 0x0000
0x88EC 0x0000
0x88ED 0x0000
0x88EE 0x0000
0x88EF 0x0000
0x88F0 0x0000
0x88F1 0x0000
0x88F2 0x0000
0x88F3 0x0000
0x88F4 0x0000
0x88F5 0x0000
0x88F6 0x0000
0x88F7 0x0000
0x88F8 0x0000
0x88F9 0x0000
0x88FA 0x0000
0x88FB 0x0000
0x88FC 0x0000
0x88FD 0x0000
0x88FE 0x0000
0x88FF 0x0000
0x8900 0x0000
0x8901 0x0000
0x8902 0x0000
0x8903 0x0000
0x8904 0x0000
0x8905 0x0000
0x8906 0x0000
0x8907 0x0000
0x8908 0x0000
0x8909 0x0000
0x890A 0x0000
0x890B 0x0000
0x890C 0x0000
0x890D 0x0000
0x890E 0x0000
0x890F 0x0000
0x8910 0x0000
0x8911 0x0000
0x8912 0x0000
0x8913 0x0000
0x8914 0x0000
0x8915 0x0000
0x8916 0x0000
0x8917 0x0000
0x8918 0x0000
0x8919 0x0000
0x891A 0x0000
0x891B 0x0000
0x891C 0x0000
0x891D 0x0000
0x891E 0x0000
0x891F 0x0000
0x8920 0x0000
0x8921 0x0000
0x8922 0x0000
0x8923 0x0000
0x8924 0x0000
0x8925 0x0000
0x8926 0x0000
0x8927 0x0000
0x8928 0x0000
0x8929 0x0000
0x892A 0x0000
0x892B 0x0000
0x892C 0x0000
0x892D 0x0000
0x892E 0x0000
0x892F 0x0000
0x8930 0x0000
0x8931 0x0000
0x8932 0x0000
0x8933 0x0000
0x8934 0x0000
0x8935 0x0000
0x8936 0x0000
0x8937 0x0000
0x8938 0x0000
0x8939 0x0000
0x893A 0x0000
0x893B 0x0000
0x893C 0x0000
0x893D 0x0000
0x893E 0x0000
0x893F 0x0000
0x8940 0x0000
0x8941 0x0000
0x8942 0x0000
0x8943 0x0000
0x8944 0x0000
0x8945 0x0000
0x8946 0x0000
0x8947 0x0000
0x8948 0x0000
0x8949 0x0000
0x894A 0x0000
0x894B 0x0000
0x894C 0x0000
0x894D 0x0000
0x894E 0x0000
0x894F 0x0000
0x8950 0x0000
0x8951 0x0000
0x8952 0x0000
0x8953 0x0000
0x8954 0x0000
0x8955 0x0000
0x8956 0x0000
0x8957 0x0000
0x8958 0x0000
0x8959 0x0000
0x895A 0x0000
0x895B 0x0000
0x895C 0x0000
0x895D 0x0000
0x895E 0x0000
0x895F 0x0000
0x8960 0x0000
0x8961 0x0000
0x8962 0x0000
0x8963 0x0000
0x8964 0x0000
0x8965 0x0000
0x8966 0x0000
0x8967 0x0000
0x8968 0x0000
0x8969 0x0000
0x896A 0x0000
0x896B 0x0000
0x896C 0x0000
0x896D 0x0000
0x896E 0x0000
0x896F 0x0000
0x8970 0x0000
0x8971 0x0000
0x8972 0x0000
0x8973 0x0000
0x8974 0x0000
0x8975 0x0000
0x8976 0x0000
0x8977 0x0000
0x8978 0x0000
0x8979 0x0000
0x897A 0x0000
0x897B 0x0000
0x897C 0x0000
0x897D 0x0000
0x897E 0x0000
0x897F 0x0000
0x8980 0x0000
0x8981 0x0000
0x8982 0x0000
0x8983 0x0000
0x8984 0x0000
0x8985 0x0000
0x8986 0x0000
0x8987 0x0000
0x8988 0x0000
0x8989 0x0000
0x898A 0x0000
0x898B 0x0000
0x898C 0x0000
0x898D 0x0000
0x898E 0x0000
0x898F 0x0000
0x8990 0x0000
0x8991 0x0000
0x8992 0x0000
0x8993 0x0000
0x8994 0x0000
0x8995 0x0000
0x8996 0x0000
0x8997 0x0000
0x8998 0x0000
0x8999 0x0000
0x899A 0x0000
0x899B 0x0000
0x899C 0x0000
0x899D 0x0000
0x899E 0x0000
0x899F 0x0000
0x89A0 0x0000
0x89A1 0x0000
0x89A2 0x0000
0x89A3 0x0000
0x89A4 0x0000
0x89A5 0x0000
0x89A6 0x0000
0x89A7 0x0000
0x89A8 0x0000
0x89A9 0x0000
0x89AA 0x0000
0x89AB 0x0000
0x89AC 0x0000
0x89AD 0x0000
0x89AE 0x0000
0x89AF 0x0000
0x89B0 0x0000
0x89B1 0x0000
0x89B2 0x0000
0x89B3 0x0000
0x89B4 0x0000
0x89B5 0x0000
0x89B6 0x0000
0x89B7 0x0000
0x89B8 0x0000
0x89B9 0x0000
0x89BA 0x0000
0x89BB 0x0000
0x89BC 0x0000
0x89BD 0x0000
0x89BE 0x0000
0x89BF 0x0000
0x89C0 0x0000
0x89C1 0x0000
0x89C2 0x0000
0x89C3 0x0000
0x89C4 0x0000
0x89C5 0x0000
