0x8000 0xFF90
0x8001 0x8065
0x8002 0xFF80
0x8003 0x0016
0x8004 0xE000
0x8005 0x1FB8
0x8006 0x0100
0x8007 0x080C
0x8008 0x0F88
0x8009 0x844E
0x800A 0xFFA3
0x800B 0x0031
0x800C 0x0F84
0x800D 0x0001
0x800E 0x0FAC
0x800F 0x8450
0x8010 0xCBBE
0x8011 0x0000
0x8012 0xFFAB
0x8013 0x0004
0x8014 0xCBBE
0x8015 0x0000
0x8016 0xFFA3
0x8017 0x000E
0x8018 0x1F84
0x8019 0x0001
0x801A 0x0120
0x801B 0x1120
0x801C 0x1220
0x801D 0x082C
0x801E 0xCBBE
0x801F 0x0000
0x8020 0xFFAB
0x8021 0xFFF6
0x8022 0xCBBE
0x8023 0x0000
0x8024 0xFFAB
0x8025 0xFFF2
0x8026 0x3F84
0x8027 0x0001
0x8028 0xFFA3
0x8029 0x0013
0x802A 0x0128
0x802B 0x1128
0x802C 0x1228
0x802D 0x0AA0
0x802E 0x0AA4
0x802F 0x6FA0
0x8030 0x0001
0x8031 0x9FA4
0x8032 0x0001
0x8033 0xFFA3
0x8034 0x0001
0x8035 0xAFA0
0x8036 0x8000
0x8037 0x0800
0x8038 0xF010
0x8039 0x3F84
0x803A 0x0001
0x803B 0xFFAB
0x803C 0xFFED
0x803D 0x0320
0x803E 0xFF90
0x803F 0x8002
0x8040 0x3FB8
0x8041 0x0100
0x8042 0x0DBC
0x8043 0x1FB8
0x8044 0x0100
0x8045 0x0808
0x8046 0x0FAC
0x8047 0x8456
0x8048 0xCFAD
0x8049 0x0000
0x804A 0xFFAB
0x804B 0x0016
0x804C 0x0FAC
0x804D 0x845A
0x804E 0x0B44
0x804F 0x0FB0
0x8050 0x8456
0x8051 0x0FB1
0x8052 0x0001
0x8053 0xCF84
0x8054 0x0000
0x8055 0xFFA3
0x8056 0x0008
0x8057 0x0100
0x8058 0x1F80
0x8059 0x0001
0x805A 0x0040
0x805B 0xF010
0x805C 0x0144
0x805D 0xFFAB
0x805E 0xFFF8
0x805F 0x0220
0x8060 0xFF90
0x8061 0x8005
0x8062 0x3FB8
0x8063 0x0100
0x8064 0x0DBC
0x8065 0x1FB8
0x8066 0x0100
0x8067 0x080C
0x8068 0x0908
0x8069 0x0F84
0x806A 0x8454
0x806B 0xCFBE
0x806C 0x8452
0x806D 0x0000
0x806E 0xFFA3
0x806F 0x0023
0x8070 0x0FAC
0x8071 0x8454
0x8072 0xCBBE
0x8073 0x0000
0x8074 0xFFAB
0x8075 0x0004
0x8076 0xCBBE
0x8077 0x0000
0x8078 0xFFA3
0x8079 0x0019
0x807A 0x01A0
0x807B 0x01A4
0x807C 0x3F84
0x807D 0x0002
0x807E 0x6FA0
0x807F 0x0001
0x8080 0x9FA4
0x8081 0x0001
0x8082 0xFFA3
0x8083 0x0001
0x8084 0xAFA0
0x8085 0x8000
0x8086 0x0800
0x8087 0xF010
0x8088 0x1F84
0x8089 0x0002
0x808A 0x012C
0x808B 0xCBBE
0x808C 0x0000
0x808D 0xFFAB
0x808E 0xFFEB
0x808F 0xCBBE
0x8090 0x0000
0x8091 0xFFAB
0x8092 0xFFE7
0x8093 0x0320
0x8094 0x0224
0x8095 0xFF90
0x8096 0x80CB
0x8097 0xFF90
0x8098 0x8043
0x8099 0x3FB8
0x809A 0x0100
0x809B 0x0DBC
0x809C 0x0037
0x809D 0x0137
0x809E 0x0804
0x809F 0xFF90
0x80A0 0x0008
0x80A1 0x0800
0x80A2 0x0FA0
0x80A3 0x80AA
0x80A4 0xFF90
0x80A5 0x0008
0x80A6 0x0800
0x80A7 0x0D84
0x80A8 0x0D80
0x80A9 0x0DBC
0x80AA 0x000A
0x80AB 0x000D
0x80AC 0x0000
0x80AD 0x0037
0x80AE 0x0137
0x80AF 0x3FB4
0x80B0 0x0003
0x80B1 0x0804
0x80B2 0x0D30
0x80B3 0x1FB0
0x80B4 0x0001
0x80B5 0x0FB1
0x80B6 0x0000
0x80B7 0x0D30
0x80B8 0x1FB0
0x80B9 0x0002
0x80BA 0x0FB1
0x80BB 0x0000
0x80BC 0x0D30
0x80BD 0x1FB0
0x80BE 0x0001
0x80BF 0x0131
0x80C0 0x0D20
0x80C1 0x1FA0
0x80C2 0x0001
0x80C3 0xFF90
0x80C4 0x0008
0x80C5 0x0800
0x80C6 0x1FB4
0x80C7 0x0003
0x80C8 0x0D84
0x80C9 0x0D80
0x80CA 0x0DBC
0x80CB 0x1FB8
0x80CC 0x0100
0x80CD 0xB514
0x80CE 0xB208
0x80CF 0xFFA0
0x80D0 0x0015
0x80D1 0xB104
0x80D2 0xFFA0
0x80D3 0x000C
0x80D4 0x0220
0x80D5 0xCD34
0x80D6 0x5FA0
0x80D7 0x0002
0x80D8 0x0FA4
0x80D9 0x845B
0x80DA 0x1824
0x80DB 0x1124
0x80DC 0x0FA5
0x80DD 0x0000
0x80DE 0x1F84
0x80DF 0x0001
0x80E0 0xCF84
0x80E1 0x0003
0x80E2 0xFFA5
0x80E3 0xFFF0
0x80E4 0x1F88
0x80E5 0x0001
0x80E6 0xCF88
0x80E7 0x0003
0x80E8 0xFFA5
0x80E9 0xFFE7
0x80EA 0x0FA0
0x80EB 0x8279
0x80EC 0xFF90
0x80ED 0x0008
0x80EE 0x0800
0x80EF 0xFFA0
0x80F0 0x0003
0x80F1 0xFF90
0x80F2 0x0002
0x80F3 0x0814
0x80F4 0xCF94
0x80F5 0x006A
0x80F6 0xFFA3
0x80F7 0x0004
0x80F8 0xCF94
0x80F9 0x006E
0x80FA 0xFFAB
0x80FB 0xFFF5
0x80FC 0x0520
0x80FD 0xFF90
0x80FE 0x80AD
0x80FF 0xCF94
0x8100 0x006A
0x8101 0xFFAB
0x8102 0x0004
0x8103 0x0F98
0x8104 0x0001
0x8105 0xFFA0
0x8106 0x0001
0x8107 0xB618
0x8108 0x0FA0
0x8109 0x8293
0x810A 0xFF90
0x810B 0x809C
0x810C 0xB410
0x810D 0xFF90
0x810E 0x83FA
0x810F 0x0FB0
0x8110 0x846C
0x8111 0x0FB1
0x8112 0x0004
0x8113 0x0FAC
0x8114 0x846C
0x8115 0x0FB0
0x8116 0x846B
0x8117 0x0B71
0x8118 0xFF90
0x8119 0x831B
0x811A 0x080C
0x811B 0xFFA3
0x811C 0x0016
0x811D 0xC33E
0x811E 0x0000
0x811F 0xFFAD
0x8120 0x000A
0x8121 0x0FA0
0x8122 0x820C
0x8123 0xFF90
0x8124 0x809C
0x8125 0xB820
0x8126 0xFF90
0x8127 0x0016
0x8128 0x0800
0x8129 0xFFA0
0x812A 0x0008
0x812B 0x0FA0
0x812C 0x821E
0x812D 0xFF90
0x812E 0x809C
0x812F 0xB820
0x8130 0xFF90
0x8131 0x0016
0x8132 0x0800
0x8133 0x1F90
0x8134 0x0001
0x8135 0xC43E
0x8136 0x0009
0x8137 0xFFAD
0x8138 0x0008
0x8139 0x0FA0
0x813A 0x8247
0x813B 0xFF90
0x813C 0x809C
0x813D 0xB820
0x813E 0xFF90
0x813F 0x0016
0x8140 0x0800
0x8141 0xCF98
0x8142 0x0000
0x8143 0xFFA3
0x8144 0x0031
0x8145 0xC43E
0x8146 0x0001
0x8147 0xFFAD
0x8148 0x0007
0x8149 0xB820
0x814A 0xFF90
0x814B 0x8294
0x814C 0x0800
0x814D 0x000C
0x814E 0xFFA0
0x814F 0x000A
0x8150 0xB30C
0x8151 0x0FB0
0x8152 0x846C
0x8153 0x0FB1
0x8154 0x0001
0x8155 0x0FAC
0x8156 0x846C
0x8157 0x0FB0
0x8158 0x846B
0x8159 0x0B71
0x815A 0x0FAC
0x815B 0x846B
0x815C 0x0B60
0x815D 0xCD34
0x815E 0x5FA0
0x815F 0x0002
0x8160 0x0FA4
0x8161 0x845B
0x8162 0x1824
0x8163 0x0FAC
0x8164 0x846C
0x8165 0x1B64
0x8166 0x0FA5
0x8167 0x0001
0x8168 0xCF8C
0x8169 0x0000
0x816A 0xFFA3
0x816B 0x0008
0x816C 0xCF90
0x816D 0x0009
0x816E 0xFFAD
0x816F 0x0004
0x8170 0x0FA0
0x8171 0x8255
0x8172 0xFF90
0x8173 0x809C
0x8174 0xFFA0
0x8175 0x008C
0x8176 0xFFA0
0x8177 0x004A
0x8178 0x0FA0
0x8179 0x8268
0x817A 0xFF90
0x817B 0x0008
0x817C 0x0800
0x817D 0x0FB0
0x817E 0x846B
0x817F 0x0FB1
0x8180 0x0000
0x8181 0x0FAC
0x8182 0x846B
0x8183 0x0FB0
0x8184 0x846C
0x8185 0x0B71
0x8186 0xFFA0
0x8187 0x0005
0x8188 0xFF90
0x8189 0x0002
0x818A 0x0FB0
0x818B 0x846C
0x818C 0x0831
0x818D 0x0FAC
0x818E 0x846C
0x818F 0xCFAD
0x8190 0x0031
0x8191 0xFFA5
0x8192 0xFFF5
0x8193 0x0FB0
0x8194 0x846C
0x8195 0xCC7E
0x8196 0x0033
0x8197 0xFFA5
0x8198 0xFFEF
0x8199 0x0FAC
0x819A 0x846C
0x819B 0x0B60
0x819C 0xFF90
0x819D 0x80AD
0x819E 0xFFA0
0x819F 0x0005
0x81A0 0xFF90
0x81A1 0x0002
0x81A2 0x0FB0
0x81A3 0x846B
0x81A4 0x0831
0x81A5 0x0FAC
0x81A6 0x846B
0x81A7 0xCFAD
0x81A8 0x0031
0x81A9 0xFFA5
0x81AA 0xFFF5
0x81AB 0x0FB0
0x81AC 0x846B
0x81AD 0xCC7E
0x81AE 0x0033
0x81AF 0xFFA5
0x81B0 0xFFEF
0x81B1 0x0FAC
0x81B2 0x846B
0x81B3 0x0B60
0x81B4 0xFF90
0x81B5 0x80AD
0x81B6 0x0FB0
0x81B7 0x846B
0x81B8 0x3FB1
0x81B9 0x0030
0x81BA 0x0FB0
0x81BB 0x846C
0x81BC 0x3FB1
0x81BD 0x0030
0x81BE 0x0FA0
0x81BF 0x8278
0x81C0 0xFF90
0x81C1 0x809C
0x81C2 0x0FAC
0x81C3 0x846B
0x81C4 0xCFAD
0x81C5 0x0001
0x81C6 0xFFA5
0x81C7 0xFFB0
0x81C8 0x0FB0
0x81C9 0x846B
0x81CA 0xCC7E
0x81CB 0x0003
0x81CC 0xFFA5
0x81CD 0xFFAA
0x81CE 0x0FAC
0x81CF 0x846C
0x81D0 0xCFAD
0x81D1 0x0001
0x81D2 0xFFA5
0x81D3 0xFFA4
0x81D4 0x0FB0
0x81D5 0x846C
0x81D6 0xCC7E
0x81D7 0x0003
0x81D8 0xFFA5
0x81D9 0xFF9E
0x81DA 0x0FAC
0x81DB 0x846B
0x81DC 0x0B60
0x81DD 0x3FA0
0x81DE 0x0001
0x81DF 0xCD34
0x81E0 0x5FA0
0x81E1 0x0002
0x81E2 0x0FA4
0x81E3 0x845B
0x81E4 0x1824
0x81E5 0x0FAC
0x81E6 0x846C
0x81E7 0x0B60
0x81E8 0x3FA0
0x81E9 0x0001
0x81EA 0x1824
0x81EB 0xCFA5
0x81EC 0x0000
0x81ED 0xFFAB
0x81EE 0xFF89
0x81EF 0x0FAC
0x81F0 0x846B
0x81F1 0x0B60
0x81F2 0x3FA0
0x81F3 0x0001
0x81F4 0xCD34
0x81F5 0x5FA0
0x81F6 0x0002
0x81F7 0x0FA4
0x81F8 0x845B
0x81F9 0x1824
0x81FA 0x0FAC
0x81FB 0x846C
0x81FC 0x0B60
0x81FD 0x3FA0
0x81FE 0x0001
0x81FF 0x1824
0x8200 0x0FA5
0x8201 0xFFFF
0x8202 0xFF90
0x8203 0x83FA
0x8204 0x8618
0x8205 0x1F98
0x8206 0x0002
0x8207 0xFFA0
0x8208 0xFF06
0x8209 0x3FB8
0x820A 0x0100
0x820B 0x0DBC
0x820C 0x0049
0x820D 0x0063
0x820E 0x0068
0x820F 0x0020
0x8210 0x0068
0x8211 0x0061
0x8212 0x0062
0x8213 0x0065
0x8214 0x0020
0x8215 0x0067
0x8216 0x0065
0x8217 0x0077
0x8218 0x006F
0x8219 0x006E
0x821A 0x006E
0x821B 0x0065
0x821C 0x006E
0x821D 0x0000
0x821E 0x0053
0x821F 0x0069
0x8220 0x0065
0x8221 0x0020
0x8222 0x0068
0x8223 0x0061
0x8224 0x0062
0x8225 0x0065
0x8226 0x006E
0x8227 0x0020
0x8228 0x0067
0x8229 0x0065
0x822A 0x0077
0x822B 0x006F
0x822C 0x006E
0x822D 0x006E
0x822E 0x0065
0x822F 0x006E
0x8230 0x002C
0x8231 0x0020
0x8232 0x0064
0x8233 0x0061
0x8234 0x0073
0x8235 0x0020
0x8236 0x0064
0x8237 0x0061
0x8238 0x0072
0x8239 0x0066
0x823A 0x0020
0x823B 0x006E
0x823C 0x0069
0x823D 0x0063
0x823E 0x0068
0x823F 0x0074
0x8240 0x0020
0x8241 0x0073
0x8242 0x0065
0x8243 0x0069
0x8244 0x006E
0x8245 0x0021
0x8246 0x0000
0x8247 0x0055
0x8248 0x006E
0x8249 0x0065
0x824A 0x006E
0x824B 0x0074
0x824C 0x0073
0x824D 0x0063
0x824E 0x0068
0x824F 0x0069
0x8250 0x0065
0x8251 0x0064
0x8252 0x0065
0x8253 0x006E
0x8254 0x0000
0x8255 0x0049
0x8256 0x0063
0x8257 0x0068
0x8258 0x0020
0x8259 0x0077
0x825A 0x0065
0x825B 0x0072
0x825C 0x0064
0x825D 0x0065
0x825E 0x0020
0x825F 0x0067
0x8260 0x0065
0x8261 0x0077
0x8262 0x0069
0x8263 0x006E
0x8264 0x006E
0x8265 0x0065
0x8266 0x006E
0x8267 0x0000
0x8268 0x0049
0x8269 0x0068
0x826A 0x0072
0x826B 0x0020
0x826C 0x005A
0x826D 0x0075
0x826E 0x0067
0x826F 0x0020
0x8270 0x0028
0x8271 0x0078
0x8272 0x002C
0x8273 0x0079
0x8274 0x0029
0x8275 0x003A
0x8276 0x0020
0x8277 0x0000
0x8278 0x0000
0x8279 0x0044
0x827A 0x0061
0x827B 0x0072
0x827C 0x0066
0x827D 0x0020
0x827E 0x0069
0x827F 0x0063
0x8280 0x0068
0x8281 0x0020
0x8282 0x0061
0x8283 0x006E
0x8284 0x0066
0x8285 0x0061
0x8286 0x006E
0x8287 0x0067
0x8288 0x0065
0x8289 0x006E
0x828A 0x0020
0x828B 0x0028
0x828C 0x006A
0x828D 0x002F
0x828E 0x006E
0x828F 0x0029
0x8290 0x003F
0x8291 0x0020
0x8292 0x0000
0x8293 0x0000
0x8294 0x1FB8
0x8295 0x0100
0x8296 0x0818
0x8297 0xB71C
0x8298 0xFF90
0x8299 0x831B
0x829A 0x0810
0x829B 0xFFA3
0x829C 0x0003
0x829D 0x0420
0x829E 0xFFA0
0x829F 0x0078
0x82A0 0x0620
0x82A1 0x9FA0
0x82A2 0x0001
0x82A3 0xFFA3
0x82A4 0x0004
0x82A5 0x0F94
0x82A6 0xFFFF
0x82A7 0xFFA0
0x82A8 0x0002
0x82A9 0x0F94
0x82AA 0x0001
0x82AB 0xB30C
0x82AC 0x350C
0x82AD 0xB208
0x82AE 0xFFA0
0x82AF 0x005C
0x82B0 0xB104
0x82B1 0xFFA0
0x82B2 0x0053
0x82B3 0x0220
0x82B4 0xCD34
0x82B5 0x5FA0
0x82B6 0x0002
0x82B7 0x0FA4
0x82B8 0x845B
0x82B9 0x1824
0x82BA 0x1124
0x82BB 0xCFA5
0x82BC 0x0000
0x82BD 0xFFAB
0x82BE 0x0045
0x82BF 0x0F9C
0x82C0 0x0001
0x82C1 0x0220
0x82C2 0xCD34
0x82C3 0x5FA0
0x82C4 0x0002
0x82C5 0x0FA4
0x82C6 0x845B
0x82C7 0x1824
0x82C8 0x1124
0x82C9 0x0525
0x82CA 0x0620
0x82CB 0x1FA0
0x82CC 0x0001
0x82CD 0xFF90
0x82CE 0x8294
0x82CF 0x0800
0x82D0 0x0010
0x82D1 0xC310
0x82D2 0xFFA5
0x82D3 0x0004
0x82D4 0xCF94
0x82D5 0x0001
0x82D6 0xFFA3
0x82D7 0x0007
0x82D8 0xC40C
0x82D9 0xFFA5
0x82DA 0x001F
0x82DB 0xCF94
0x82DC 0xFFFF
0x82DD 0xFFAB
0x82DE 0x001B
0x82DF 0x040C
0x82E0 0xCF98
0x82E1 0x0000
0x82E2 0xFFAB
0x82E3 0x0006
0x82E4 0x0FB0
0x82E5 0x846B
0x82E6 0x0231
0x82E7 0x0FB0
0x82E8 0x846C
0x82E9 0x0131
0x82EA 0xC50C
0x82EB 0xFFAB
0x82EC 0x000D
0x82ED 0x0220
0x82EE 0xCD34
0x82EF 0x5FA0
0x82F0 0x0002
0x82F1 0x0FA4
0x82F2 0x845B
0x82F3 0x1824
0x82F4 0x1124
0x82F5 0x0FA5
0x82F6 0x0000
0x82F7 0x0320
0x82F8 0xFFA0
0x82F9 0x001E
0x82FA 0x0220
0x82FB 0xCD34
0x82FC 0x5FA0
0x82FD 0x0002
0x82FE 0x0FA4
0x82FF 0x845B
0x8300 0x1824
0x8301 0x1124
0x8302 0x0FA5
0x8303 0x0000
0x8304 0x1F84
0x8305 0x0001
0x8306 0xCF84
0x8307 0x0003
0x8308 0xFFA5
0x8309 0xFFA9
0x830A 0x1F88
0x830B 0x0001
0x830C 0xCF88
0x830D 0x0003
0x830E 0xFFA5
0x830F 0xFFA0
0x8310 0xCF9C
0x8311 0x0000
0x8312 0xFFAB
0x8313 0x0003
0x8314 0xFF90
0x8315 0x831B
0x8316 0x080C
0x8317 0x0320
0x8318 0x3FB8
0x8319 0x0100
0x831A 0x0DBC
0x831B 0xBA28
0x831C 0xFFA0
0x831D 0x0082
0x831E 0x0A20
0x831F 0xCD34
0x8320 0x5FA0
0x8321 0x0002
0x8322 0x0FA4
0x8323 0x845B
0x8324 0x1824
0x8325 0xCFA5
0x8326 0x0001
0x8327 0xFFAB
0x8328 0x001D
0x8329 0x0A20
0x832A 0xCD34
0x832B 0x5FA0
0x832C 0x0002
0x832D 0x0FA4
0x832E 0x845B
0x832F 0x1824
0x8330 0x1FA4
0x8331 0x0001
0x8332 0xCFA5
0x8333 0x0001
0x8334 0xFFAB
0x8335 0x0010
0x8336 0x0A20
0x8337 0xCD34
0x8338 0x5FA0
0x8339 0x0002
0x833A 0x0FA4
0x833B 0x845B
0x833C 0x1824
0x833D 0x1FA4
0x833E 0x0002
0x833F 0xCFA5
0x8340 0x0001
0x8341 0xFFAB
0x8342 0x0003
0x8343 0x0FA0
0x8344 0x0001
0x8345 0x0DBC
0x8346 0x0A20
0x8347 0xCD34
0x8348 0x5FA0
0x8349 0x0002
0x834A 0x0FA4
0x834B 0x845B
0x834C 0x1824
0x834D 0xCFA5
0x834E 0xFFFF
0x834F 0xFFAB
0x8350 0x001D
0x8351 0x0A20
0x8352 0xCD34
0x8353 0x5FA0
0x8354 0x0002
0x8355 0x0FA4
0x8356 0x845B
0x8357 0x1824
0x8358 0x1FA4
0x8359 0x0001
0x835A 0xCFA5
0x835B 0xFFFF
0x835C 0xFFAB
0x835D 0x0010
0x835E 0x0A20
0x835F 0xCD34
0x8360 0x5FA0
0x8361 0x0002
0x8362 0x0FA4
0x8363 0x845B
0x8364 0x1824
0x8365 0x1FA4
0x8366 0x0002
0x8367 0xCFA5
0x8368 0xFFFF
0x8369 0xFFAB
0x836A 0x0003
0x836B 0x0FA0
0x836C 0xFFFF
0x836D 0x0DBC
0x836E 0x0FA0
0x836F 0x845B
0x8370 0x1A20
0x8371 0xCFA1
0x8372 0x0001
0x8373 0xFFAB
0x8374 0x0011
0x8375 0x0FA0
0x8376 0x845F
0x8377 0x1A20
0x8378 0xCFA1
0x8379 0x0001
0x837A 0xFFAB
0x837B 0x000A
0x837C 0x0FA0
0x837D 0x8463
0x837E 0x1A20
0x837F 0xCFA1
0x8380 0x0001
0x8381 0xFFAB
0x8382 0x0003
0x8383 0x0FA0
0x8384 0x0001
0x8385 0x0DBC
0x8386 0x0FA0
0x8387 0x845B
0x8388 0x1A20
0x8389 0xCFA1
0x838A 0xFFFF
0x838B 0xFFAB
0x838C 0x0011
0x838D 0x0FA0
0x838E 0x845F
0x838F 0x1A20
0x8390 0xCFA1
0x8391 0xFFFF
0x8392 0xFFAB
0x8393 0x000A
0x8394 0x0FA0
0x8395 0x8463
0x8396 0x1A20
0x8397 0xCFA1
0x8398 0xFFFF
0x8399 0xFFAB
0x839A 0x0003
0x839B 0x0FA0
0x839C 0xFFFF
0x839D 0x0DBC
0x839E 0x1FA8
0x839F 0x0001
0x83A0 0xCFA8
0x83A1 0x0003
0x83A2 0xFFA5
0x83A3 0xFF7A
0x83A4 0x0FAC
0x83A5 0x845B
0x83A6 0xCFAD
0x83A7 0x0001
0x83A8 0xFFAB
0x83A9 0x000F
0x83AA 0x0FAC
0x83AB 0x8460
0x83AC 0xCFAD
0x83AD 0x0001
0x83AE 0xFFAB
0x83AF 0x0009
0x83B0 0x0FAC
0x83B1 0x8465
0x83B2 0xCFAD
0x83B3 0x0001
0x83B4 0xFFAB
0x83B5 0x0003
0x83B6 0x0FA0
0x83B7 0x0001
0x83B8 0x0DBC
0x83B9 0x0FAC
0x83BA 0x845B
0x83BB 0xCFAD
0x83BC 0xFFFF
0x83BD 0xFFAB
0x83BE 0x000F
0x83BF 0x0FAC
0x83C0 0x8460
0x83C1 0xCFAD
0x83C2 0xFFFF
0x83C3 0xFFAB
0x83C4 0x0009
0x83C5 0x0FAC
0x83C6 0x8465
0x83C7 0xCFAD
0x83C8 0xFFFF
0x83C9 0xFFAB
0x83CA 0x0003
0x83CB 0x0FA0
0x83CC 0xFFFF
0x83CD 0x0DBC
0x83CE 0x0FAC
0x83CF 0x845D
0x83D0 0xCFAD
0x83D1 0x0001
0x83D2 0xFFAB
0x83D3 0x000F
0x83D4 0x0FAC
0x83D5 0x8460
0x83D6 0xCFAD
0x83D7 0x0001
0x83D8 0xFFAB
0x83D9 0x0009
0x83DA 0x0FAC
0x83DB 0x8463
0x83DC 0xCFAD
0x83DD 0x0001
0x83DE 0xFFAB
0x83DF 0x0003
0x83E0 0x0FA0
0x83E1 0x0001
0x83E2 0x0DBC
0x83E3 0x0FAC
0x83E4 0x845D
0x83E5 0xCFAD
0x83E6 0xFFFF
0x83E7 0xFFAB
0x83E8 0x000F
0x83E9 0x0FAC
0x83EA 0x8460
0x83EB 0xCFAD
0x83EC 0xFFFF
0x83ED 0xFFAB
0x83EE 0x0009
0x83EF 0x0FAC
0x83F0 0x8463
0x83F1 0xCFAD
0x83F2 0xFFFF
0x83F3 0xFFAB
0x83F4 0x0003
0x83F5 0x0FA0
0x83F6 0xFFFF
0x83F7 0x0DBC
0x83F8 0xB820
0x83F9 0x0DBC
0x83FA 0x1FB8
0x83FB 0x0100
0x83FC 0xB208
0x83FD 0xFFA0
0x83FE 0x0030
0x83FF 0x0220
0x8400 0x1FA0
0x8401 0x0031
0x8402 0xFF90
0x8403 0x0004
0x8404 0x0800
0x8405 0xB104
0x8406 0xFFA0
0x8407 0x0019
0x8408 0x0FA0
0x8409 0x007C
0x840A 0xFF90
0x840B 0x0004
0x840C 0x0800
0x840D 0x0220
0x840E 0xCD34
0x840F 0x5FA0
0x8410 0x0002
0x8411 0x0FA4
0x8412 0x845B
0x8413 0x1824
0x8414 0x1124
0x8415 0x0964
0x8416 0x1FA4
0x8417 0x0001
0x8418 0x0FA0
0x8419 0x8457
0x841A 0x1920
0x841B 0x0860
0x841C 0xFF90
0x841D 0x0004
0x841E 0x0800
0x841F 0x1F84
0x8420 0x0001
0x8421 0xCF84
0x8422 0x0003
0x8423 0xFFA5
0x8424 0xFFE3
0x8425 0x0FA0
0x8426 0x843A
0x8427 0xFF90
0x8428 0x809C
0x8429 0x0FA0
0x842A 0x843C
0x842B 0xFF90
0x842C 0x809C
0x842D 0x1F88
0x842E 0x0001
0x842F 0xCF88
0x8430 0x0003
0x8431 0xFFA5
0x8432 0xFFCC
0x8433 0x0FA0
0x8434 0x8445
0x8435 0xFF90
0x8436 0x809C
0x8437 0x3FB8
0x8438 0x0100
0x8439 0x0DBC
0x843A 0x007C
0x843B 0x0000
0x843C 0x0020
0x843D 0x002D
0x843E 0x002D
0x843F 0x002D
0x8440 0x002D
0x8441 0x002D
0x8442 0x002D
0x8443 0x002D
0x8444 0x0000
0x8445 0x0020
0x8446 0x0020
0x8447 0x0031
0x8448 0x0020
0x8449 0x0032
0x844A 0x0020
0x844B 0x0033
0x844C 0x0000
0x844D 0x0000
0x844E 0x0000
0x844F 0x0000
0x8450 0x0000
0x8451 0x0000
0x8452 0x0000
0x8453 0x0000
0x8454 0x0000
0x8455 0x0000
0x8456 0x0000
0x8457 0x004F
0x8458 0x0020
0x8459 0x0058
0x845A 0x0000
0x845B 0x0000
0x845C 0x0000
0x845D 0x0000
0x845E 0x0000
0x845F 0x0000
0x8460 0x0000
0x8461 0x0000
0x8462 0x0000
0x8463 0x0000
0x8464 0x0000
0x8465 0x0000
0x8466 0x0000
0x8467 0x0000
0x8468 0x0000
0x8469 0x0000
0x846A 0x0000
0x846B 0x0000
0x846C 0x0000
0x846D 0xFFFF
