0x8000 0xFF90
0x8001 0x8061
0x8002 0xFF80
0x8003 0x0016
0x8004 0xE000
0x8005 0xE0C0
0x8006 0x080C
0x8007 0x0F88
0x8008 0x8778
0x8009 0xFFA3
0x800A 0x0031
0x800B 0x0F84
0x800C 0x0001
0x800D 0x0FAC
0x800E 0x877A
0x800F 0xCBBE
0x8010 0x0000
0x8011 0xFFAB
0x8012 0x0004
0x8013 0xCBBE
0x8014 0x0000
0x8015 0xFFA3
0x8016 0x000E
0x8017 0x1F84
0x8018 0x0001
0x8019 0x0124
0x801A 0x1124
0x801B 0x1224
0x801C 0x092C
0x801D 0xCBBE
0x801E 0x0000
0x801F 0xFFAB
0x8020 0xFFF6
0x8021 0xCBBE
0x8022 0x0000
0x8023 0xFFAB
0x8024 0xFFF2
0x8025 0x3F84
0x8026 0x0001
0x8027 0xFFA3
0x8028 0x0013
0x8029 0x0128
0x802A 0x1128
0x802B 0x1228
0x802C 0x0AA0
0x802D 0x0AA4
0x802E 0x6FA0
0x802F 0x0001
0x8030 0x9FA4
0x8031 0x0001
0x8032 0xFFA3
0x8033 0x0001
0x8034 0xAFA0
0x8035 0x8000
0x8036 0x0800
0x8037 0xF010
0x8038 0x3F84
0x8039 0x0001
0x803A 0xFFAB
0x803B 0xFFED
0x803C 0x0320
0x803D 0xFF90
0x803E 0x8002
0x803F 0xE100
0x8040 0x0DBC
0x8041 0xE0C0
0x8042 0x0808
0x8043 0x0FAC
0x8044 0x8786
0x8045 0xCFAD
0x8046 0x0000
0x8047 0xFFAB
0x8048 0x0016
0x8049 0x0FAC
0x804A 0x8789
0x804B 0x0B44
0x804C 0x0FB0
0x804D 0x8786
0x804E 0x0FB1
0x804F 0x0001
0x8050 0xCF84
0x8051 0x0000
0x8052 0xFFA3
0x8053 0x0008
0x8054 0x0100
0x8055 0x1F80
0x8056 0x0001
0x8057 0x0040
0x8058 0xF010
0x8059 0x0144
0x805A 0xFFAB
0x805B 0xFFF8
0x805C 0x0220
0x805D 0xFF90
0x805E 0x8005
0x805F 0xE100
0x8060 0x0DBC
0x8061 0xE0C0
0x8062 0x080C
0x8063 0x0908
0x8064 0x0F84
0x8065 0x8782
0x8066 0xCFBE
0x8067 0x8780
0x8068 0x0000
0x8069 0xFFA3
0x806A 0x0023
0x806B 0x0FAC
0x806C 0x8782
0x806D 0xCBBE
0x806E 0x0000
0x806F 0xFFAB
0x8070 0x0004
0x8071 0xCBBE
0x8072 0x0000
0x8073 0xFFA3
0x8074 0x0019
0x8075 0x01A0
0x8076 0x01A4
0x8077 0x3F84
0x8078 0x0002
0x8079 0x6FA0
0x807A 0x0001
0x807B 0x9FA4
0x807C 0x0001
0x807D 0xFFA3
0x807E 0x0001
0x807F 0xAFA0
0x8080 0x8000
0x8081 0x0800
0x8082 0xF010
0x8083 0x1F84
0x8084 0x0002
0x8085 0x012C
0x8086 0xCBBE
0x8087 0x0000
0x8088 0xFFAB
0x8089 0xFFEB
0x808A 0xCBBE
0x808B 0x0000
0x808C 0xFFAB
0x808D 0xFFE7
0x808E 0x0320
0x808F 0x0224
0x8090 0xFF90
0x8091 0x81F7
0x8092 0xFF90
0x8093 0x8041
0x8094 0xE100
0x8095 0x0DBC
0x8096 0x0FB0
0x8097 0xFEEC
0x8098 0x0831
0x8099 0x0FB0
0x809A 0xFEED
0x809B 0x0931
0x809C 0x0FB0
0x809D 0xFF31
0x809E 0x0831
0x809F 0x0FB0
0x80A0 0xFF32
0x80A1 0x0931
0x80A2 0x0DBC
0x80A3 0x0FA0
0x80A4 0x0005
0x80A5 0x0FA4
0x80A6 0x0004
0x80A7 0xFF90
0x80A8 0x8096
0x80A9 0x0FA0
0x80AA 0x80C1
0x80AB 0xFF90
0x80AC 0x8211
0x80AD 0x0FA0
0x80AE 0x0005
0x80AF 0x0FA4
0x80B0 0x0007
0x80B1 0xFF90
0x80B2 0x8096
0x80B3 0x0FA0
0x80B4 0x8103
0x80B5 0xFF90
0x80B6 0x8211
0x80B7 0x0FA0
0x80B8 0x0005
0x80B9 0x0FA4
0x80BA 0x0009
0x80BB 0xFF90
0x80BC 0x8096
0x80BD 0x0FA0
0x80BE 0x813B
0x80BF 0xFF80
0x80C0 0x8211
0x80C1 0x0051
0x80C2 0x004E
0x80C3 0x0049
0x80C4 0x0043
0x80C5 0x0045
0x80C6 0x0020
0x80C7 0x0056
0x80C8 0x0047
0x80C9 0x0041
0x80CA 0x0020
0x80CB 0x004D
0x80CC 0x006F
0x80CD 0x006E
0x80CE 0x0069
0x80CF 0x0074
0x80D0 0x006F
0x80D1 0x0072
0x80D2 0x0020
0x80D3 0x0043
0x80D4 0x0061
0x80D5 0x006C
0x80D6 0x0069
0x80D7 0x0062
0x80D8 0x0072
0x80D9 0x0061
0x80DA 0x0074
0x80DB 0x0069
0x80DC 0x006F
0x80DD 0x006E
0x80DE 0x0020
0x80DF 0x0054
0x80E0 0x006F
0x80E1 0x006F
0x80E2 0x006C
0x80E3 0x0020
0x80E4 0x002D
0x80E5 0x0020
0x80E6 0x0064
0x80E7 0x006F
0x80E8 0x006E
0x80E9 0x0065
0x80EA 0x0020
0x80EB 0x0062
0x80EC 0x0079
0x80ED 0x0020
0x80EE 0x0073
0x80EF 0x0079
0x80F0 0x0032
0x80F1 0x0030
0x80F2 0x0030
0x80F3 0x0032
0x80F4 0x0020
0x80F5 0x0069
0x80F6 0x006E
0x80F7 0x0020
0x80F8 0x004A
0x80F9 0x0075
0x80FA 0x006E
0x80FB 0x0065
0x80FC 0x0020
0x80FD 0x0032
0x80FE 0x0030
0x80FF 0x0032
0x8100 0x0030
0x8101 0x000A
0x8102 0x0000
0x8103 0x0041
0x8104 0x0063
0x8105 0x0074
0x8106 0x0069
0x8107 0x0076
0x8108 0x0061
0x8109 0x0074
0x810A 0x0065
0x810B 0x0020
0x810C 0x0079
0x810D 0x006F
0x810E 0x0075
0x810F 0x0072
0x8110 0x0020
0x8111 0x006D
0x8112 0x006F
0x8113 0x006E
0x8114 0x0069
0x8115 0x0074
0x8116 0x006F
0x8117 0x0072
0x8118 0x0027
0x8119 0x0073
0x811A 0x0020
0x811B 0x0061
0x811C 0x0075
0x811D 0x0074
0x811E 0x006F
0x811F 0x0020
0x8120 0x0063
0x8121 0x0061
0x8122 0x006C
0x8123 0x0069
0x8124 0x0062
0x8125 0x0072
0x8126 0x0061
0x8127 0x0074
0x8128 0x0069
0x8129 0x006F
0x812A 0x006E
0x812B 0x0020
0x812C 0x0066
0x812D 0x0075
0x812E 0x006E
0x812F 0x0063
0x8130 0x0074
0x8131 0x0069
0x8132 0x006F
0x8133 0x006E
0x8134 0x0020
0x8135 0x006E
0x8136 0x006F
0x8137 0x0077
0x8138 0x002E
0x8139 0x000A
0x813A 0x0000
0x813B 0x0057
0x813C 0x0068
0x813D 0x0065
0x813E 0x006E
0x813F 0x0020
0x8140 0x0064
0x8141 0x006F
0x8142 0x006E
0x8143 0x0065
0x8144 0x002C
0x8145 0x0020
0x8146 0x0070
0x8147 0x0072
0x8148 0x0065
0x8149 0x0073
0x814A 0x0073
0x814B 0x0020
0x814C 0x0061
0x814D 0x006E
0x814E 0x0079
0x814F 0x0020
0x8150 0x006B
0x8151 0x0065
0x8152 0x0079
0x8153 0x002E
0x8154 0x000A
0x8155 0x0000
0x8156 0xE0C0
0x8157 0x3FB4
0x8158 0x0001
0x8159 0x0F9C
0x815A 0xFF33
0x815B 0xB208
0x815C 0x0F84
0x815D 0x0001
0x815E 0x0F80
0x815F 0x0058
0x8160 0xFF90
0x8161 0x002A
0x8162 0x0224
0x8163 0x0F94
0x8164 0xFF32
0x8165 0x0F90
0x8166 0x0027
0x8167 0x0FB0
0x8168 0xFF31
0x8169 0x0931
0x816A 0x0215
0x816B 0x001D
0x816C 0x0415
0x816D 0x001D
0x816E 0xC908
0x816F 0xFFA5
0x8170 0x0003
0x8171 0x020C
0x8172 0xFFA0
0x8173 0x0001
0x8174 0x010C
0x8175 0xCFA4
0x8176 0x004F
0x8177 0xFFA5
0x8178 0x0003
0x8179 0x0228
0x817A 0xFFA0
0x817B 0x0001
0x817C 0x0128
0x817D 0x0A20
0x817E 0x9320
0x817F 0xFFA3
0x8180 0x0011
0x8181 0x0115
0x8182 0x0FB0
0x8183 0xFF18
0x8184 0x0932
0x8185 0x0FB2
0x8186 0x000A
0x8187 0x0FAC
0x8188 0xFF1C
0x8189 0x0FAD
0x818A 0x0003
0x818B 0x0FB0
0x818C 0xFF1B
0x818D 0x0C60
0x818E 0x0835
0x818F 0x0D5D
0x8190 0x1F9D
0x8191 0x0030
0x8192 0x1124
0x8193 0xCFA4
0x8194 0x0050
0x8195 0xFFA5
0x8196 0xFFD0
0x8197 0x0128
0x8198 0x0F94
0x8199 0xFF31
0x819A 0x0F90
0x819B 0x004F
0x819C 0x0FB0
0x819D 0xFF32
0x819E 0x0A31
0x819F 0x0215
0x81A0 0x001D
0x81A1 0x0415
0x81A2 0x001D
0x81A3 0xCA04
0x81A4 0xFFA5
0x81A5 0x0003
0x81A6 0x0224
0x81A7 0xFFA0
0x81A8 0x0001
0x81A9 0x0124
0x81AA 0xCFA8
0x81AB 0x0027
0x81AC 0xFFA5
0x81AD 0x0003
0x81AE 0x020C
0x81AF 0xFFA0
0x81B0 0x0001
0x81B1 0x010C
0x81B2 0x0320
0x81B3 0x9920
0x81B4 0xFFA3
0x81B5 0x0011
0x81B6 0x0115
0x81B7 0x0FB0
0x81B8 0xFF18
0x81B9 0x0A32
0x81BA 0x0FB2
0x81BB 0x000A
0x81BC 0x0FAC
0x81BD 0xFF1C
0x81BE 0x0FAD
0x81BF 0x0003
0x81C0 0x0FB0
0x81C1 0xFF1B
0x81C2 0x0C60
0x81C3 0x0835
0x81C4 0x0D5D
0x81C5 0x1F9D
0x81C6 0x0030
0x81C7 0x1128
0x81C8 0xCFA8
0x81C9 0x0027
0x81CA 0xFFA5
0x81CB 0xFFD0
0x81CC 0x1FB4
0x81CD 0x0001
0x81CE 0xE100
0x81CF 0x0DBC
0x81D0 0xE0C0
0x81D1 0x0804
0x81D2 0x0FAC
0x81D3 0xFF04
0x81D4 0x0B68
0x81D5 0x9FA8
0x81D6 0x0003
0x81D7 0x0A20
0x81D8 0xFFA3
0x81D9 0xFFF8
0x81DA 0x0FAC
0x81DB 0xFF05
0x81DC 0x0B40
0x81DD 0xCFA0
0x81DE 0x0002
0x81DF 0xFFAB
0x81E0 0x0006
0x81E1 0x0028
0x81E2 0x9FA8
0x81E3 0xFF00
0x81E4 0x0A08
0x81E5 0xFFA0
0x81E6 0x0001
0x81E7 0xB208
0x81E8 0x0205
0x81E9 0xCFA0
0x81EA 0x0001
0x81EB 0xFFAB
0x81EC 0x0006
0x81ED 0x0028
0x81EE 0x9FA8
0x81EF 0x00FF
0x81F0 0x0A0C
0x81F1 0xFFA0
0x81F2 0x0001
0x81F3 0xB30C
0x81F4 0x0325
0x81F5 0xE100
0x81F6 0x0DBC
0x81F7 0x3FB4
0x81F8 0x0002
0x81F9 0x0FB0
0x81FA 0xFF30
0x81FB 0x9FB1
0x81FC 0xFFBF
0x81FD 0xFF90
0x81FE 0x8156
0x81FF 0xFF90
0x8200 0x80A3
0x8201 0x0D24
0x8202 0x0D20
0x8203 0x1FA0
0x8204 0x0001
0x8205 0xFF90
0x8206 0x81D0
0x8207 0x0FB0
0x8208 0xFF30
0x8209 0xAFB1
0x820A 0x0040
0x820B 0xFF90
0x820C 0x002A
0x820D 0xB820
0x820E 0x1FB4
0x820F 0x0002
0x8210 0x0DBC
0x8211 0xE0C0
0x8212 0x0800
0x8213 0xB104
0x8214 0xCF81
0x8215 0x0000
0x8216 0xFFA3
0x8217 0x0016
0x8218 0x0FAC
0x8219 0x8790
0x821A 0x0B64
0x821B 0x0060
0x821C 0xFF90
0x821D 0x8231
0x821E 0xCFA0
0x821F 0xFFFF
0x8220 0xFFAB
0x8221 0x0004
0x8222 0x0FA0
0x8223 0xFFFF
0x8224 0xFFA0
0x8225 0x0009
0x8226 0x1F80
0x8227 0x0001
0x8228 0x1F84
0x8229 0x0001
0x822A 0xCF81
0x822B 0x0000
0x822C 0xFFAB
0x822D 0xFFEA
0x822E 0x0120
0x822F 0xE100
0x8230 0x0DBC
0x8231 0xE0C0
0x8232 0x0810
0x8233 0x0904
0x8234 0xCF90
0x8235 0x000A
0x8236 0xFFAB
0x8237 0x0020
0x8238 0x010C
0x8239 0x1F8C
0x823A 0x0006
0x823B 0x0368
0x823C 0x9FA8
0x823D 0x4000
0x823E 0xFFA3
0x823F 0x0018
0x8240 0xAF8D
0x8241 0x0002
0x8242 0x0100
0x8243 0x1F80
0x8244 0x0005
0x8245 0x3F81
0x8246 0x0001
0x8247 0xFFA4
0x8248 0x000A
0x8249 0x0100
0x824A 0x1F80
0x824B 0x0001
0x824C 0x0068
0x824D 0x1F81
0x824E 0x0001
0x824F 0x0FA9
0x8250 0x000D
0x8251 0xFFA0
0x8252 0x0005
0x8253 0x0FA0
0x8254 0x000D
0x8255 0x0124
0x8256 0xFF90
0x8257 0x8280
0x8258 0x0108
0x8259 0x1F88
0x825A 0x0006
0x825B 0xAF89
0x825C 0x0002
0x825D 0x0100
0x825E 0x1F80
0x825F 0x0005
0x8260 0x3F81
0x8261 0x0001
0x8262 0xFFA4
0x8263 0x0014
0x8264 0xCF90
0x8265 0x000A
0x8266 0xFFAB
0x8267 0x0005
0x8268 0x0268
0x8269 0x9FA8
0x826A 0x0080
0x826B 0xFFAB
0x826C 0x000B
0x826D 0x0100
0x826E 0x1F80
0x826F 0x0001
0x8270 0x0068
0x8271 0x1F81
0x8272 0x0001
0x8273 0x0429
0x8274 0x0A68
0x8275 0x0A14
0x8276 0xFFA0
0x8277 0x0005
0x8278 0x0420
0x8279 0x0124
0x827A 0xFF90
0x827B 0x8280
0x827C 0x0814
0x827D 0x0520
0x827E 0xE100
0x827F 0x0DBC
0x8280 0xE0C0
0x8281 0x0814
0x8282 0x090C
0x8283 0xFF90
0x8284 0x8634
0x8285 0xCF8C
0x8286 0x0000
0x8287 0xFFAB
0x8288 0x0004
0x8289 0x0FA0
0x828A 0xFFFF
0x828B 0xFFA0
0x828C 0x0086
0x828D 0x0304
0x828E 0x1F84
0x828F 0x0006
0x8290 0x0140
0x8291 0x0020
0x8292 0x9FA0
0x8293 0x0049
0x8294 0xCFA0
0x8295 0x0040
0x8296 0xFFA3
0x8297 0x0004
0x8298 0x0FA0
0x8299 0xFFFF
0x829A 0xFFA0
0x829B 0x0077
0x829C 0x0310
0x829D 0x1F90
0x829E 0x0007
0x829F 0xCF91
0x82A0 0x0000
0x82A1 0xFFAB
0x82A2 0x000B
0x82A3 0x0020
0x82A4 0x9FA0
0x82A5 0x0004
0x82A6 0xFFA3
0x82A7 0x0004
0x82A8 0x0F91
0x82A9 0x0001
0x82AA 0xFFA0
0x82AB 0x0002
0x82AC 0x0F91
0x82AD 0x0040
0x82AE 0x0308
0x82AF 0x1F88
0x82B0 0x0002
0x82B1 0xCF89
0x82B2 0x0000
0x82B3 0xFFAB
0x82B4 0x001C
0x82B5 0x0160
0x82B6 0x9FA0
0x82B7 0x0080
0x82B8 0xFFA3
0x82B9 0x0004
0x82BA 0x0F9C
0x82BB 0x0002
0x82BC 0xFFA0
0x82BD 0x0002
0x82BE 0x0F9C
0x82BF 0x0001
0x82C0 0x0464
0x82C1 0x1724
0x82C2 0x0920
0x82C3 0xFF90
0x82C4 0x840C
0x82C5 0x0818
0x82C6 0xFFAB
0x82C7 0x0004
0x82C8 0x0FA0
0x82C9 0xFFFF
0x82CA 0xFFA0
0x82CB 0x0047
0x82CC 0x0609
0x82CD 0x1F89
0x82CE 0x0001
0x82CF 0xFFA0
0x82D0 0x002F
0x82D1 0xCF8D
0x82D2 0x0000
0x82D3 0xFFA3
0x82D4 0x0028
0x82D5 0x0160
0x82D6 0x9FA0
0x82D7 0x0080
0x82D8 0xFFA3
0x82D9 0x0010
0x82DA 0xCF94
0x82DB 0x000A
0x82DC 0xFFAB
0x82DD 0x000C
0x82DE 0x0300
0x82DF 0x1F80
0x82E0 0x0001
0x82E1 0x0060
0x82E2 0x1F81
0x82E3 0x0001
0x82E4 0x0521
0x82E5 0x0320
0x82E6 0xFF90
0x82E7 0x8337
0x82E8 0xFFA0
0x82E9 0x0029
0x82EA 0x0300
0x82EB 0x1F80
0x82EC 0x0001
0x82ED 0x0040
0x82EE 0x3240
0x82EF 0x0264
0x82F0 0x0360
0x82F1 0x0028
0x82F2 0xFF90
0x82F3 0x8315
0x82F4 0xC020
0x82F5 0xFFA3
0x82F6 0x0009
0x82F7 0xAF85
0x82F8 0x0010
0x82F9 0x0FA0
0x82FA 0xFFFF
0x82FB 0xFFA0
0x82FC 0x0016
0x82FD 0xB820
0x82FE 0xFFA0
0x82FF 0x0013
0x8300 0xAF85
0x8301 0x0002
0x8302 0x0260
0x8303 0x0521
0x8304 0x0264
0x8305 0x1FA4
0x8306 0x0001
0x8307 0x0320
0x8308 0x1FA0
0x8309 0x0001
0x830A 0x0921
0x830B 0x0464
0x830C 0x3FA4
0x830D 0x0001
0x830E 0x0320
0x830F 0x1FA0
0x8310 0x0005
0x8311 0x0921
0x8312 0xB820
0x8313 0xE100
0x8314 0x0DBC
0x8315 0xE0C0
0x8316 0x0900
0x8317 0x0A08
0x8318 0x0824
0x8319 0xCFA4
0x831A 0x0001
0x831B 0xFFA3
0x831C 0x0004
0x831D 0xCFA4
0x831E 0x0002
0x831F 0xFFAB
0x8320 0x000F
0x8321 0x0204
0x8322 0xCF88
0x8323 0x0000
0x8324 0xFFA3
0x8325 0x0007
0x8326 0x00A0
0x8327 0xFF90
0x8328 0x0004
0x8329 0x3F84
0x832A 0x0001
0x832B 0xFFAB
0x832C 0xFFF9
0x832D 0x0220
0x832E 0xFFA0
0x832F 0x0005
0x8330 0xCFA4
0x8331 0x0000
0x8332 0xFFAB
0x8333 0x0001
0x8334 0xB820
0x8335 0xE100
0x8336 0x0DBC
0x8337 0xE0C0
0x8338 0x0808
0x8339 0xFF90
0x833A 0x8634
0x833B 0xCF88
0x833C 0x0000
0x833D 0xFFAB
0x833E 0x0004
0x833F 0x0FA0
0x8340 0xFFFF
0x8341 0xFFA0
0x8342 0x0049
0x8343 0x0210
0x8344 0x1F90
0x8345 0x0007
0x8346 0xCF91
0x8347 0x0000
0x8348 0xFFAB
0x8349 0x000E
0x834A 0x0220
0x834B 0x1FA0
0x834C 0x0006
0x834D 0x0860
0x834E 0x9FA0
0x834F 0x0004
0x8350 0xFFA3
0x8351 0x0004
0x8352 0x0F91
0x8353 0x0001
0x8354 0xFFA0
0x8355 0x0002
0x8356 0x0F91
0x8357 0x0040
0x8358 0x020C
0x8359 0x1F8C
0x835A 0x0002
0x835B 0xCF8D
0x835C 0x0000
0x835D 0xFFAB
0x835E 0x0003
0x835F 0xB820
0x8360 0xFFA0
0x8361 0x002A
0x8362 0x0204
0x8363 0x1F84
0x8364 0x0006
0x8365 0x0160
0x8366 0x9FA0
0x8367 0x0002
0x8368 0xFFA3
0x8369 0x001F
0x836A 0xCF89
0x836B 0x0000
0x836C 0xFFA3
0x836D 0x0013
0x836E 0x0214
0x836F 0x1F94
0x8370 0x0001
0x8371 0x0540
0x8372 0x3340
0x8373 0x0364
0x8374 0x0260
0x8375 0x0028
0x8376 0xFF90
0x8377 0x8315
0x8378 0xC020
0x8379 0xFFA3
0x837A 0x0009
0x837B 0xAF85
0x837C 0x0010
0x837D 0x0FA0
0x837E 0xFFFF
0x837F 0xFFA0
0x8380 0x000B
0x8381 0xB820
0x8382 0xFFA0
0x8383 0x0008
0x8384 0x0355
0x8385 0x0220
0x8386 0x1FA0
0x8387 0x0005
0x8388 0x0461
0x8389 0x9F85
0x838A 0xFFFC
0x838B 0xB820
0x838C 0xE100
0x838D 0x0DBC
0x838E 0xE0C0
0x838F 0x0FAC
0x8390 0x878D
0x8391 0x0B68
0x8392 0xFFA3
0x8393 0x0016
0x8394 0x0A00
0x8395 0x1F80
0x8396 0x0002
0x8397 0x0040
0x8398 0x0A04
0x8399 0x1F84
0x839A 0x0001
0x839B 0x0164
0x839C 0x1FA4
0x839D 0x0002
0x839E 0x9FB8
0x839F 0xFFFD
0x83A0 0x5FA4
0x83A1 0x0002
0x83A2 0x0A20
0x83A3 0xFF90
0x83A4 0x8633
0x83A5 0x0028
0x83A6 0xCF80
0x83A7 0x0000
0x83A8 0xFFAB
0x83A9 0xFFEA
0x83AA 0xE100
0x83AB 0x0DBC
0x83AC 0xE0C0
0x83AD 0x0800
0x83AE 0xB104
0x83AF 0x0024
0x83B0 0x1FA4
0x83B1 0x0002
0x83B2 0x0920
0x83B3 0x9FB8
0x83B4 0xFFFD
0x83B5 0x5FA0
0x83B6 0x0002
0x83B7 0xFF90
0x83B8 0x861E
0x83B9 0x0828
0x83BA 0xFFAB
0x83BB 0x0003
0x83BC 0x0120
0x83BD 0xFFA0
0x83BE 0x004B
0x83BF 0x0A24
0x83C0 0x1FA4
0x83C1 0x0002
0x83C2 0x0125
0x83C3 0x0FAC
0x83C4 0x878D
0x83C5 0xCFAD
0x83C6 0x0000
0x83C7 0xFFAB
0x83C8 0x0005
0x83C9 0x0FB0
0x83CA 0x878D
0x83CB 0x0A31
0x83CC 0xFFA0
0x83CD 0x0006
0x83CE 0x0FAC
0x83CF 0x878E
0x83D0 0x0B64
0x83D1 0x1FA4
0x83D2 0x0002
0x83D3 0x0A25
0x83D4 0x0A24
0x83D5 0x1FA4
0x83D6 0x0003
0x83D7 0x0FAC
0x83D8 0x878E
0x83D9 0x0B65
0x83DA 0x0FB0
0x83DB 0x878E
0x83DC 0x0A31
0x83DD 0x0A24
0x83DE 0x1FA4
0x83DF 0x0001
0x83E0 0x0025
0x83E1 0x1FA8
0x83E2 0x0004
0x83E3 0x0A24
0x83E4 0x1FA4
0x83E5 0x0001
0x83E6 0x0025
0x83E7 0xCF80
0x83E8 0x03FE
0x83E9 0xFFAB
0x83EA 0x001E
0x83EB 0x0A24
0x83EC 0x1FA4
0x83ED 0x0002
0x83EE 0x0125
0x83EF 0x0FAC
0x83F0 0x878A
0x83F1 0xCFAD
0x83F2 0x0000
0x83F3 0xFFAB
0x83F4 0x0005
0x83F5 0x0FB0
0x83F6 0x878A
0x83F7 0x0A31
0x83F8 0xFFA0
0x83F9 0x0006
0x83FA 0x0FAC
0x83FB 0x878B
0x83FC 0x0B64
0x83FD 0x1FA4
0x83FE 0x0002
0x83FF 0x0A25
0x8400 0x0A24
0x8401 0x1FA4
0x8402 0x0003
0x8403 0x0FAC
0x8404 0x878B
0x8405 0x0B65
0x8406 0x0FB0
0x8407 0x878B
0x8408 0x0A31
0x8409 0x0A20
0x840A 0xE100
0x840B 0x0DBC
0x840C 0xE0C0
0x840D 0x0808
0x840E 0x0F98
0x840F 0x0001
0x8410 0x0224
0x8411 0x1FA4
0x8412 0x0003
0x8413 0x0908
0x8414 0x9FB8
0x8415 0xFFFB
0x8416 0x6F88
0x8417 0x0002
0x8418 0xC23E
0x8419 0x03FE
0x841A 0xFFAC
0x841B 0x000F
0x841C 0x0220
0x841D 0xFF90
0x841E 0x83AC
0x841F 0x0804
0x8420 0xFFAB
0x8421 0x0003
0x8422 0xB820
0x8423 0xFFA0
0x8424 0x0086
0x8425 0x0605
0x8426 0x0120
0x8427 0x1FA0
0x8428 0x0004
0x8429 0xFFA0
0x842A 0x0080
0x842B 0x0FAC
0x842C 0x878C
0x842D 0x0B68
0x842E 0x0A04
0x842F 0xCFA8
0x8430 0x0000
0x8431 0xFFAB
0x8432 0x000A
0x8433 0x0FA0
0x8434 0x03FE
0x8435 0xFF90
0x8436 0x83AC
0x8437 0x0804
0x8438 0xFFAB
0x8439 0x0032
0x843A 0xB820
0x843B 0xFFA0
0x843C 0x006E
0x843D 0x0FAC
0x843E 0x878C
0x843F 0x0B6C
0x8440 0xCFAD
0x8441 0x0000
0x8442 0xFFAB
0x8443 0x0005
0x8444 0x0A00
0x8445 0x1600
0x8446 0xC201
0x8447 0xFFAC
0x8448 0x0023
0x8449 0x0124
0x844A 0x1FA4
0x844B 0x0002
0x844C 0x0944
0x844D 0xFFAB
0x844E 0x0003
0x844F 0x0FAC
0x8450 0x878A
0x8451 0x0B44
0x8452 0xCF84
0x8453 0x0000
0x8454 0xFFA3
0x8455 0x0003
0x8456 0xCA04
0x8457 0xFFAB
0x8458 0x000A
0x8459 0x0FA0
0x845A 0x03FE
0x845B 0xFF90
0x845C 0x83AC
0x845D 0x0804
0x845E 0xFFAB
0x845F 0x000C
0x8460 0xB820
0x8461 0xFFA0
0x8462 0x0048
0x8463 0xCF85
0x8464 0x0000
0x8465 0xFFAB
0x8466 0xFFE2
0x8467 0x0100
0x8468 0x1600
0x8469 0xC201
0x846A 0xFFA4
0x846B 0xFFDD
0x846C 0x0FB0
0x846D 0x878C
0x846E 0x0131
0x846F 0x010C
0x8470 0x160C
0x8471 0x0364
0x8472 0x3224
0x8473 0xCFA4
0x8474 0x0002
0x8475 0xFFAC
0x8476 0x0003
0x8477 0x0605
0x8478 0xFFA0
0x8479 0x002E
0x847A 0x0128
0x847B 0x1FA8
0x847C 0x0004
0x847D 0x0224
0x847E 0x9FB8
0x847F 0xFFFD
0x8480 0x5FA4
0x8481 0x0002
0x8482 0x0A00
0x8483 0x1900
0x8484 0x0F81
0x8485 0x0000
0x8486 0x0368
0x8487 0x3628
0x8488 0x3228
0x8489 0x0024
0x848A 0x1624
0x848B 0x0A25
0x848C 0x0024
0x848D 0x1FA4
0x848E 0x0003
0x848F 0x0125
0x8490 0x0114
0x8491 0x1F94
0x8492 0x0002
0x8493 0x0010
0x8494 0x1F90
0x8495 0x0002
0x8496 0x0551
0x8497 0xFFA3
0x8498 0x0004
0x8499 0x0464
0x849A 0x1FA4
0x849B 0x0003
0x849C 0x0025
0x849D 0x0015
0x849E 0x020D
0x849F 0x0605
0x84A0 0x0FAC
0x84A1 0x878B
0x84A2 0xC12D
0x84A3 0xFFAB
0x84A4 0x0003
0x84A5 0x0FB0
0x84A6 0x878B
0x84A7 0x0031
0x84A8 0x0120
0x84A9 0x1FA0
0x84AA 0x0004
0x84AB 0xE100
0x84AC 0x0DBC
0x84AD 0xE0C0
0x84AE 0x0828
0x84AF 0xFFA3
0x84B0 0x00B3
0x84B1 0x0A04
0x84B2 0x3F84
0x84B3 0x0004
0x84B4 0xCF85
0x84B5 0x0001
0x84B6 0xFFA3
0x84B7 0x0004
0x84B8 0x0FA0
0x84B9 0x0001
0x84BA 0xFF90
0x84BB 0x8041
0x84BC 0x010C
0x84BD 0x1F8C
0x84BE 0x0001
0x84BF 0xC37E
0x84C0 0x03FE
0x84C1 0xFFAC
0x84C2 0x0031
0x84C3 0x3F84
0x84C4 0x0004
0x84C5 0x0114
0x84C6 0x1F94
0x84C7 0x0003
0x84C8 0x0100
0x84C9 0x1F80
0x84CA 0x0002
0x84CB 0xCF95
0x84CC 0x0000
0x84CD 0xFFA3
0x84CE 0x0006
0x84CF 0x0568
0x84D0 0x1FA8
0x84D1 0x0002
0x84D2 0x0069
0x84D3 0xFFA0
0x84D4 0x0003
0x84D5 0x0FB0
0x84D6 0x878D
0x84D7 0x0071
0x84D8 0xCF81
0x84D9 0x0000
0x84DA 0xFFA3
0x84DB 0x0006
0x84DC 0x0068
0x84DD 0x1FA8
0x84DE 0x0003
0x84DF 0x0569
0x84E0 0xFFA0
0x84E1 0x0003
0x84E2 0x0FB0
0x84E3 0x878E
0x84E4 0x0571
0x84E5 0x0100
0x84E6 0x1F80
0x84E7 0x0001
0x84E8 0x0064
0x84E9 0x1FA4
0x84EA 0x0002
0x84EB 0x9FB8
0x84EC 0xFFFD
0x84ED 0x5FA4
0x84EE 0x0002
0x84EF 0x0120
0x84F0 0xFF90
0x84F1 0x8633
0x84F2 0xFFA0
0x84F3 0x0070
0x84F4 0x0110
0x84F5 0x1F90
0x84F6 0x0002
0x84F7 0x0448
0x84F8 0xFFA3
0x84F9 0x0030
0x84FA 0x0120
0x84FB 0x1FA0
0x84FC 0x0004
0x84FD 0x0368
0x84FE 0x9FB8
0x84FF 0xFFFD
0x8500 0x5FA8
0x8501 0x0002
0x8502 0x1828
0x8503 0xCA08
0x8504 0xFFAB
0x8505 0x0024
0x8506 0xCF89
0x8507 0x0000
0x8508 0xFFAB
0x8509 0x0020
0x850A 0x0200
0x850B 0x1F80
0x850C 0x0001
0x850D 0x0068
0x850E 0x1FA8
0x850F 0x0001
0x8510 0x1A0D
0x8511 0x021C
0x8512 0x1F9C
0x8513 0x0002
0x8514 0xCF9D
0x8515 0x0000
0x8516 0xFFA3
0x8517 0x0006
0x8518 0x0768
0x8519 0x1FA8
0x851A 0x0003
0x851B 0x0129
0x851C 0xFFA0
0x851D 0x0003
0x851E 0x0FB0
0x851F 0x878B
0x8520 0x0131
0x8521 0x0751
0x8522 0x0FAC
0x8523 0x878C
0x8524 0xC22D
0x8525 0xFFAB
0x8526 0x0003
0x8527 0x0FB0
0x8528 0x878C
0x8529 0x0131
0x852A 0x0128
0x852B 0x1FA8
0x852C 0x0003
0x852D 0x0A48
0x852E 0xFFA3
0x852F 0x0032
0x8530 0x0220
0x8531 0x1FA0
0x8532 0x0004
0x8533 0x0218
0x8534 0x1F98
0x8535 0x0001
0x8536 0x0668
0x8537 0x9FB8
0x8538 0xFFFD
0x8539 0x5FA8
0x853A 0x0002
0x853B 0x1828
0x853C 0xCA04
0x853D 0xFFAB
0x853E 0x0023
0x853F 0xCF89
0x8540 0x0000
0x8541 0xFFAB
0x8542 0x001F
0x8543 0x0368
0x8544 0x1FA8
0x8545 0x0001
0x8546 0x1A19
0x8547 0xCF91
0x8548 0x0000
0x8549 0xFFA3
0x854A 0x0006
0x854B 0x0468
0x854C 0x1FA8
0x854D 0x0003
0x854E 0x0229
0x854F 0xFFA0
0x8550 0x0003
0x8551 0x0FB0
0x8552 0x878B
0x8553 0x0231
0x8554 0x0228
0x8555 0x1FA8
0x8556 0x0002
0x8557 0x0469
0x8558 0x0FAC
0x8559 0x878C
0x855A 0xC12D
0x855B 0xFFAB
0x855C 0x0007
0x855D 0x0FB0
0x855E 0x878C
0x855F 0x0231
0x8560 0xFFA0
0x8561 0x0002
0x8562 0x0F85
0x8563 0x0000
0x8564 0xE100
0x8565 0x0DBC
0x8566 0xE0C0
0x8567 0x3FB4
0x8568 0x0003
0x8569 0x0810
0x856A 0x0904
0x856B 0xCF90
0x856C 0x0000
0x856D 0xFFAB
0x856E 0x0005
0x856F 0x0120
0x8570 0xFF90
0x8571 0x840C
0x8572 0xFFA0
0x8573 0x0093
0x8574 0x0120
0x8575 0x1FA0
0x8576 0x0003
0x8577 0x0804
0x8578 0x9FB8
0x8579 0xFFFB
0x857A 0x6F84
0x857B 0x0002
0x857C 0x040C
0x857D 0x3F8C
0x857E 0x0004
0x857F 0x0400
0x8580 0x3F80
0x8581 0x0003
0x8582 0xC101
0x8583 0xFFA4
0x8584 0x0003
0x8585 0x0420
0x8586 0xFFA0
0x8587 0x007F
0x8588 0x031C
0x8589 0x1F9C
0x858A 0x0002
0x858B 0x0748
0x858C 0x0300
0x858D 0x1F80
0x858E 0x0001
0x858F 0xC07E
0x8590 0x03FE
0x8591 0xFFA4
0x8592 0x003E
0x8593 0xCF88
0x8594 0x0000
0x8595 0xFFA3
0x8596 0x003A
0x8597 0x0060
0x8598 0x1FA0
0x8599 0x0001
0x859A 0x0218
0x859B 0x1F98
0x859C 0x0001
0x859D 0x1660
0x859E 0xC120
0x859F 0xFFA4
0x85A0 0x0030
0x85A1 0x0324
0x85A2 0x1FA4
0x85A3 0x0004
0x85A4 0x0060
0x85A5 0x9FB8
0x85A6 0xFFFD
0x85A7 0x5FA0
0x85A8 0x0002
0x85A9 0x1920
0x85AA 0xC808
0x85AB 0xFFAB
0x85AC 0x0024
0x85AD 0xCF89
0x85AE 0x0000
0x85AF 0xFFAB
0x85B0 0x0020
0x85B1 0x0660
0x85B2 0x1FA0
0x85B3 0x0001
0x85B4 0x1801
0x85B5 0x0214
0x85B6 0x1F94
0x85B7 0x0002
0x85B8 0xCF95
0x85B9 0x0000
0x85BA 0xFFA3
0x85BB 0x0006
0x85BC 0x0560
0x85BD 0x1FA0
0x85BE 0x0003
0x85BF 0x0321
0x85C0 0xFFA0
0x85C1 0x0003
0x85C2 0x0FB0
0x85C3 0x878B
0x85C4 0x0331
0x85C5 0x055D
0x85C6 0x0FAC
0x85C7 0x878C
0x85C8 0xC22D
0x85C9 0xFFAB
0x85CA 0x0003
0x85CB 0x0FB0
0x85CC 0x878C
0x85CD 0x0331
0x85CE 0x0420
0x85CF 0xFFA0
0x85D0 0x0036
0x85D1 0x9FB8
0x85D2 0xFFFD
0x85D3 0x5F84
0x85D4 0x0002
0x85D5 0x0075
0x85D6 0x9FB8
0x85D7 0xFFFD
0x85D8 0x5FB5
0x85D9 0x0002
0x85DA 0x0120
0x85DB 0xFF90
0x85DC 0x840C
0x85DD 0x0D30
0x85DE 0x1FB0
0x85DF 0x0001
0x85E0 0x0831
0x85E1 0x0D2C
0x85E2 0x1FAC
0x85E3 0x0001
0x85E4 0xCFAD
0x85E5 0x0000
0x85E6 0xFFA3
0x85E7 0x001B
0x85E8 0xCD44
0x85E9 0xFFAC
0x85EA 0x0006
0x85EB 0x0D30
0x85EC 0x1FB0
0x85ED 0x0002
0x85EE 0x0131
0x85EF 0xFFA0
0x85F0 0x0004
0x85F1 0x0D30
0x85F2 0x1FB0
0x85F3 0x0002
0x85F4 0x0D71
0x85F5 0x0D2C
0x85F6 0x1FAC
0x85F7 0x0001
0x85F8 0x0B60
0x85F9 0x0424
0x85FA 0x0D2C
0x85FB 0x1FAC
0x85FC 0x0002
0x85FD 0x0B68
0x85FE 0xFF90
0x85FF 0x860B
0x8600 0x0420
0x8601 0xFF90
0x8602 0x84AD
0x8603 0x0D20
0x8604 0x1FA0
0x8605 0x0001
0x8606 0x0860
0x8607 0x1FB4
0x8608 0x0003
0x8609 0xE100
0x860A 0x0DBC
0x860B 0xE0C0
0x860C 0x0800
0x860D 0x0904
0x860E 0x0020
0x860F 0x0124
0x8610 0xCFA8
0x8611 0x0000
0x8612 0xFFA3
0x8613 0x0007
0x8614 0x3FA8
0x8615 0x0001
0x8616 0x09A2
0x8617 0xCFA8
0x8618 0x0000
0x8619 0xFFAB
0x861A 0xFFF9
0x861B 0x0020
0x861C 0xE100
0x861D 0x0DBC
0x861E 0x0824
0x861F 0x0FAC
0x8620 0x8788
0x8621 0x0B68
0x8622 0xC928
0x8623 0xFFAC
0x8624 0x0002
0x8625 0xB820
0x8626 0x0DBC
0x8627 0x0FAC
0x8628 0x8787
0x8629 0x0B60
0x862A 0x0FB0
0x862B 0x8787
0x862C 0x0831
0x862D 0x1931
0x862E 0x0FB0
0x862F 0x8788
0x8630 0x0A31
0x8631 0x3931
0x8632 0x0DBC
0x8633 0x0DBC
0x8634 0x0DBC
0x8635 0xE0C0
0x8636 0x0F94
0x8637 0x4040
0x8638 0x0F90
0x8639 0xFFFF
0x863A 0xB30C
0x863B 0xB208
0x863C 0x0FA0
0x863D 0x0009
0x863E 0xFF90
0x863F 0x840C
0x8640 0x0FB0
0x8641 0x878F
0x8642 0x0831
0x8643 0x0FA0
0x8644 0x0009
0x8645 0xFF90
0x8646 0x840C
0x8647 0x0FB0
0x8648 0x8790
0x8649 0x0831
0x864A 0x0FA0
0x864B 0x0009
0x864C 0xFF90
0x864D 0x840C
0x864E 0x0FB0
0x864F 0x8791
0x8650 0x0831
0x8651 0x0FAC
0x8652 0x878F
0x8653 0xCFAD
0x8654 0x0000
0x8655 0xFFA3
0x8656 0x000C
0x8657 0x0FAC
0x8658 0x8790
0x8659 0xCFAD
0x865A 0x0000
0x865B 0xFFA3
0x865C 0x0006
0x865D 0x0FAC
0x865E 0x8791
0x865F 0xCFAD
0x8660 0x0000
0x8661 0xFFAB
0x8662 0x0004
0x8663 0x0FA0
0x8664 0x0001
0x8665 0xFF90
0x8666 0x8041
0x8667 0x0FB0
0x8668 0x878F
0x8669 0x0C70
0x866A 0x0331
0x866B 0x0FB0
0x866C 0x8790
0x866D 0x0C70
0x866E 0x0FB1
0x866F 0x0001
0x8670 0x0FB0
0x8671 0x8791
0x8672 0x0C70
0x8673 0x0FB1
0x8674 0x0002
0x8675 0x0FAC
0x8676 0x878F
0x8677 0x0B60
0x8678 0x0824
0x8679 0x1FA4
0x867A 0x0006
0x867B 0x0FA5
0x867C 0x4020
0x867D 0x0FAC
0x867E 0x8790
0x867F 0x0B68
0x8680 0x0A24
0x8681 0x1FA4
0x8682 0x0006
0x8683 0x0525
0x8684 0x0FAC
0x8685 0x8791
0x8686 0x0B64
0x8687 0x0900
0x8688 0x1F80
0x8689 0x0006
0x868A 0x0501
0x868B 0x1FA0
0x868C 0x0008
0x868D 0x0421
0x868E 0x1FA8
0x868F 0x0008
0x8690 0x0429
0x8691 0x1FA4
0x8692 0x0008
0x8693 0x0425
0x8694 0x0FAC
0x8695 0x878F
0x8696 0x0B6C
0x8697 0x0B60
0x8698 0xFF90
0x8699 0x8764
0x869A 0xCFA0
0x869B 0x0000
0x869C 0xFFA3
0x869D 0x0007
0x869E 0x0FAC
0x869F 0x878F
0x86A0 0x0B40
0x86A1 0x1F80
0x86A2 0x0006
0x86A3 0xAF81
0x86A4 0x0204
0x86A5 0x0FAC
0x86A6 0x8790
0x86A7 0x0B6C
0x86A8 0x0B60
0x86A9 0xFF90
0x86AA 0x8764
0x86AB 0xCFA0
0x86AC 0x0000
0x86AD 0xFFA3
0x86AE 0x0007
0x86AF 0x0FAC
0x86B0 0x8790
0x86B1 0x0B40
0x86B2 0x1F80
0x86B3 0x0006
0x86B4 0xAF81
0x86B5 0x0280
0x86B6 0x0FAC
0x86B7 0x8791
0x86B8 0x0B6C
0x86B9 0x0B60
0x86BA 0xFF90
0x86BB 0x8764
0x86BC 0xCFA0
0x86BD 0x0000
0x86BE 0xFFA3
0x86BF 0x0007
0x86C0 0x0FAC
0x86C1 0x8791
0x86C2 0x0B40
0x86C3 0x1F80
0x86C4 0x0006
0x86C5 0xAF81
0x86C6 0x0280
0x86C7 0x0FAC
0x86C8 0x8791
0x86C9 0x0B64
0x86CA 0x1FA4
0x86CB 0x0001
0x86CC 0x0225
0x86CD 0x0FAC
0x86CE 0x8790
0x86CF 0x0B68
0x86D0 0x1FA8
0x86D1 0x0001
0x86D2 0x0969
0x86D3 0x0FAC
0x86D4 0x878F
0x86D5 0x0B64
0x86D6 0x1FA4
0x86D7 0x0001
0x86D8 0x0A65
0x86D9 0x0FAC
0x86DA 0x8791
0x86DB 0x0B64
0x86DC 0x1FA4
0x86DD 0x0002
0x86DE 0x0225
0x86DF 0x0FAC
0x86E0 0x8790
0x86E1 0x0B68
0x86E2 0x1FA8
0x86E3 0x0002
0x86E4 0x0969
0x86E5 0x0FAC
0x86E6 0x878F
0x86E7 0x0B64
0x86E8 0x1FA4
0x86E9 0x0002
0x86EA 0x0A65
0x86EB 0x0FAC
0x86EC 0x8791
0x86ED 0x0B68
0x86EE 0x0A24
0x86EF 0x1FA4
0x86F0 0x0005
0x86F1 0x0325
0x86F2 0x0FAC
0x86F3 0x8790
0x86F4 0x0B60
0x86F5 0x0804
0x86F6 0x1F84
0x86F7 0x0005
0x86F8 0x0945
0x86F9 0x0FAC
0x86FA 0x878F
0x86FB 0x0B64
0x86FC 0x0900
0x86FD 0x1F80
0x86FE 0x0005
0x86FF 0x0141
0x8700 0x1FA8
0x8701 0x0007
0x8702 0x0329
0x8703 0x1FA0
0x8704 0x0007
0x8705 0x0A61
0x8706 0x0928
0x8707 0x1FA8
0x8708 0x0007
0x8709 0x0869
0x870A 0x1FA4
0x870B 0x0004
0x870C 0x0225
0x870D 0x0FAC
0x870E 0x878F
0x870F 0x0B64
0x8710 0x1FA4
0x8711 0x0003
0x8712 0x0FAC
0x8713 0x8790
0x8714 0x0B65
0x8715 0x0FAC
0x8716 0x8790
0x8717 0x0B64
0x8718 0x1FA4
0x8719 0x0004
0x871A 0x0FAC
0x871B 0x878F
0x871C 0x0B65
0x871D 0x0FAC
0x871E 0x8790
0x871F 0x0B64
0x8720 0x1FA4
0x8721 0x0003
0x8722 0x0FAC
0x8723 0x8791
0x8724 0x0B65
0x8725 0x0FAC
0x8726 0x8791
0x8727 0x0B64
0x8728 0x1FA4
0x8729 0x0004
0x872A 0x0FAC
0x872B 0x8790
0x872C 0x0B65
0x872D 0x0FAC
0x872E 0x8791
0x872F 0x0B64
0x8730 0x1FA4
0x8731 0x0003
0x8732 0x0225
0x8733 0x0FAC
0x8734 0x878F
0x8735 0x0FB0
0x8736 0x8792
0x8737 0x0B71
0x8738 0x0FAC
0x8739 0x8791
0x873A 0x0FB0
0x873B 0x8793
0x873C 0x0B71
0x873D 0xE100
0x873E 0x0DBC
0x873F 0xB820
0x8740 0xFF80
0x8741 0x8742
0x8742 0xE0C0
0x8743 0x0800
0x8744 0xFFA3
0x8745 0x0005
0x8746 0x0020
0x8747 0xFF90
0x8748 0x8337
0x8749 0xFFA0
0x874A 0x0016
0x874B 0x0FAC
0x874C 0x8792
0x874D 0x0B40
0x874E 0xFFA3
0x874F 0x0011
0x8750 0x0024
0x8751 0x1FA4
0x8752 0x0006
0x8753 0x0964
0x8754 0x9FA4
0x8755 0x0002
0x8756 0xFFA3
0x8757 0x0003
0x8758 0x0020
0x8759 0xFF90
0x875A 0x8337
0x875B 0x0024
0x875C 0x1FA4
0x875D 0x0003
0x875E 0x0940
0x875F 0xFFAB
0x8760 0xFFEF
0x8761 0xB820
0x8762 0xE100
0x8763 0x0DBC
0x8764 0xCFA0
0x8765 0x0001
0x8766 0xFFA3
0x8767 0x0008
0x8768 0xCFA0
0x8769 0x0000
0x876A 0xFFA3
0x876B 0x0004
0x876C 0xCFA0
0x876D 0x0002
0x876E 0xFFAB
0x876F 0x0004
0x8770 0x0FA4
0x8771 0x0001
0x8772 0xFFA0
0x8773 0x0001
0x8774 0xB924
0x8775 0x0920
0x8776 0x0DBC
0x8777 0x0000
0x8778 0x0002
0x8779 0x0000
0x877A 0x071C
0x877B 0x0001
0x877C 0x0E7E
0x877D 0x0001
0x877E 0x0000
0x877F 0x0000
0x8780 0x0001
0x8781 0x0000
0x8782 0x0C6A
0x8783 0x0001
0x8784 0x0000
0x8785 0x0000
0x8786 0x0000
0x8787 0x8795
0x8788 0x1000
0x8789 0x0000
0x878A 0x0000
0x878B 0x0000
0x878C 0x0000
0x878D 0x0000
0x878E 0x0000
0x878F 0x0000
0x8790 0x0000
0x8791 0x0000
0x8792 0x0000
0x8793 0x0000
0x8794 0xFFFF
